Node: 2945  TN_FF_SOURCE Block #8 (n3711)
Pin: ff.Q[0] pb (top^FF_NODE~2395)
T_arr: 4.243e-11  T_req: -1.02949e-08  Tdel: 1.24e-10
Internal Net: #131 (top^FF_NODE~2395).  Pins on net: 10.

Node: 2944  TN_FF_OPIN Block #8 (n3711)
Pin: ff.Q[0] pb (top^FF_NODE~2395)
T_arr: 1.6643e-10  T_req: -1.01709e-08  Tdel: 4.5e-11
Internal Net: #131 (top^FF_NODE~2395).  Pins on net: 10.

Node: 2928  TN_INTERMEDIATE_NODE Block #8 (n3711)
Pin: ble5.out[0] pb (n700)
T_arr: 2.1143e-10  T_req: -1.01259e-08  Tdel: 0
Internal Net: #131 (top^FF_NODE~2395).  Pins on net: 10.

Node: 2921  TN_INTERMEDIATE_NODE Block #8 (n3711)
Pin: lut5inter.out[1] pb (n700)
T_arr: 2.1143e-10  T_req: -1.01259e-08  Tdel: 0
Internal Net: #131 (top^FF_NODE~2395).  Pins on net: 10.

Node: 2914  TN_INTERMEDIATE_NODE Block #8 (n3711)
Pin: fle.out[1] pb (n700)
T_arr: 2.1143e-10  T_req: -1.01259e-08  Tdel: 0
Internal Net: #131 (top^FF_NODE~2395).  Pins on net: 10.

Node: 2878  TN_CB_OPIN Block #8 (n3711)
Pin: clb.O[11] pb (n3711)
T_arr: 2.1143e-10  T_req: -1.01259e-08  Tdel: 3.42421e-10
External-to-Block Net: #74 (top^FF_NODE~2395).  Pins on net: 5.

Node: 1367  TN_CB_IPIN Block #4 (n3794)
Pin: clb.I[3] pb (n3794)
T_arr: 5.53851e-10  T_req: -9.78351e-09  Tdel: 9.5e-11
Internal Net: #131 (top^FF_NODE~2395).  Pins on net: 10.

Node: 1564  TN_INTERMEDIATE_NODE Block #4 (n3794)
Pin: fle.in[4] pb (n3758)
T_arr: 6.48851e-10  T_req: -9.68851e-09  Tdel: 0
Internal Net: #131 (top^FF_NODE~2395).  Pins on net: 10.

Node: 1571  TN_INTERMEDIATE_NODE Block #4 (n3794)
Pin: lut5inter.in[4] pb (n3758)
T_arr: 6.48851e-10  T_req: -9.68851e-09  Tdel: 0
Internal Net: #131 (top^FF_NODE~2395).  Pins on net: 10.

Node: 1575  TN_INTERMEDIATE_NODE Block #4 (n3794)
Pin: ble5.in[4] pb (n3646)
T_arr: 6.48851e-10  T_req: -9.68851e-09  Tdel: 0
Internal Net: #131 (top^FF_NODE~2395).  Pins on net: 10.

Node: 1578  TN_INTERMEDIATE_NODE Block #4 (n3794)
Pin: lut5.in[4] pb (n3646)
T_arr: 6.48851e-10  T_req: -9.68851e-09  Tdel: 0
Internal Net: #131 (top^FF_NODE~2395).  Pins on net: 10.

Node: 1581  TN_PRIMITIVE_IPIN Block #4 (n3794)
Pin: lut.in[4] pb (n3646)
T_arr: 6.48851e-10  T_req: -9.68851e-09  Tdel: 2.35e-10
Internal Net: #131 (top^FF_NODE~2395).  Pins on net: 10.

Node: 1582  TN_PRIMITIVE_OPIN Block #4 (n3794)
Pin: lut.out[0] pb (n3646)
T_arr: 8.83851e-10  T_req: -9.45351e-09  Tdel: 0
Internal Net: #1509 (n3646).  Pins on net: 5.

Node: 1579  TN_INTERMEDIATE_NODE Block #4 (n3794)
Pin: lut5.out[0] pb (n3646)
T_arr: 8.83851e-10  T_req: -9.45351e-09  Tdel: 2.5e-11
Internal Net: #1509 (n3646).  Pins on net: 5.

Node: 1576  TN_INTERMEDIATE_NODE Block #4 (n3794)
Pin: ble5.out[0] pb (n3646)
T_arr: 9.08851e-10  T_req: -9.42851e-09  Tdel: 0
Internal Net: #1509 (n3646).  Pins on net: 5.

Node: 1572  TN_INTERMEDIATE_NODE Block #4 (n3794)
Pin: lut5inter.out[0] pb (n3758)
T_arr: 9.08851e-10  T_req: -9.42851e-09  Tdel: 0
Internal Net: #1509 (n3646).  Pins on net: 5.

Node: 1565  TN_INTERMEDIATE_NODE Block #4 (n3794)
Pin: fle.out[0] pb (n3758)
T_arr: 9.08851e-10  T_req: -9.42851e-09  Tdel: 0
Internal Net: #1509 (n3646).  Pins on net: 5.

Node: 1392  TN_CB_OPIN Block #4 (n3794)
Pin: clb.O[5] pb (n3794)
T_arr: 9.08851e-10  T_req: -9.42851e-09  Tdel: 3.42421e-10
External-to-Block Net: #94 (n3646).  Pins on net: 3.

Node: 2851  TN_CB_IPIN Block #8 (n3711)
Pin: clb.I[12] pb (n3711)
T_arr: 1.25127e-09  T_req: -9.08609e-09  Tdel: 9.5e-11
Internal Net: #1509 (n3646).  Pins on net: 5.

Node: 2886  TN_INTERMEDIATE_NODE Block #8 (n3711)
Pin: fle.in[2] pb (n3651)
T_arr: 1.34627e-09  T_req: -8.99109e-09  Tdel: 0
Internal Net: #1509 (n3646).  Pins on net: 5.

Node: 2891  TN_INTERMEDIATE_NODE Block #8 (n3711)
Pin: lut5inter.in[2] pb (n3651)
T_arr: 1.34627e-09  T_req: -8.99109e-09  Tdel: 0
Internal Net: #1509 (n3646).  Pins on net: 5.

Node: 2896  TN_INTERMEDIATE_NODE Block #8 (n3711)
Pin: ble5.in[2] pb (n3651)
T_arr: 1.34627e-09  T_req: -8.99109e-09  Tdel: 0
Internal Net: #1509 (n3646).  Pins on net: 5.

Node: 2901  TN_INTERMEDIATE_NODE Block #8 (n3711)
Pin: lut5.in[2] pb (n3651)
T_arr: 1.34627e-09  T_req: -8.99109e-09  Tdel: 0
Internal Net: #1509 (n3646).  Pins on net: 5.

Node: 2906  TN_PRIMITIVE_IPIN Block #8 (n3711)
Pin: lut.in[2] pb (n3651)
T_arr: 1.34627e-09  T_req: -8.99109e-09  Tdel: 2.35e-10
Internal Net: #1509 (n3646).  Pins on net: 5.

Node: 2908  TN_PRIMITIVE_OPIN Block #8 (n3711)
Pin: lut.out[0] pb (n3651)
T_arr: 1.58127e-09  T_req: -8.75609e-09  Tdel: 0
Internal Net: #1513 (n3651).  Pins on net: 4.

Node: 2903  TN_INTERMEDIATE_NODE Block #8 (n3711)
Pin: lut5.out[0] pb (n3651)
T_arr: 1.58127e-09  T_req: -8.75609e-09  Tdel: 2.5e-11
Internal Net: #1513 (n3651).  Pins on net: 4.

Node: 2898  TN_INTERMEDIATE_NODE Block #8 (n3711)
Pin: ble5.out[0] pb (n3651)
T_arr: 1.60627e-09  T_req: -8.73109e-09  Tdel: 0
Internal Net: #1513 (n3651).  Pins on net: 4.

Node: 2893  TN_INTERMEDIATE_NODE Block #8 (n3711)
Pin: lut5inter.out[1] pb (n3651)
T_arr: 1.60627e-09  T_req: -8.73109e-09  Tdel: 0
Internal Net: #1513 (n3651).  Pins on net: 4.

Node: 2888  TN_INTERMEDIATE_NODE Block #8 (n3711)
Pin: fle.out[1] pb (n3651)
T_arr: 1.60627e-09  T_req: -8.73109e-09  Tdel: 0
Internal Net: #1513 (n3651).  Pins on net: 4.

Node: 2877  TN_CB_OPIN Block #8 (n3711)
Pin: clb.O[10] pb (n3711)
T_arr: 1.60627e-09  T_req: -8.73109e-09  Tdel: 2.06892e-10
External-to-Block Net: #158 (n3651).  Pins on net: 2.

Node: 3998  TN_CB_IPIN Block #11 (n3647)
Pin: clb.I[18] pb (n3647)
T_arr: 1.81316e-09  T_req: -8.5242e-09  Tdel: 9.49999e-11
Internal Net: #1513 (n3651).  Pins on net: 4.

Node: 4112  TN_INTERMEDIATE_NODE Block #11 (n3647)
Pin: fle.in[4] pb (n3649)
T_arr: 1.90816e-09  T_req: -8.4292e-09  Tdel: 0
Internal Net: #1513 (n3651).  Pins on net: 4.

Node: 4119  TN_INTERMEDIATE_NODE Block #11 (n3647)
Pin: ble6.in[4] pb (n3649)
T_arr: 1.90816e-09  T_req: -8.4292e-09  Tdel: 0
Internal Net: #1513 (n3651).  Pins on net: 4.

Node: 4126  TN_INTERMEDIATE_NODE Block #11 (n3647)
Pin: lut6.in[4] pb (n3649)
T_arr: 1.90816e-09  T_req: -8.4292e-09  Tdel: 0
Internal Net: #1513 (n3651).  Pins on net: 4.

Node: 4133  TN_PRIMITIVE_IPIN Block #11 (n3647)
Pin: lut.in[4] pb (n3649)
T_arr: 1.90816e-09  T_req: -8.4292e-09  Tdel: 2.61e-10
Internal Net: #1513 (n3651).  Pins on net: 4.

Node: 4135  TN_PRIMITIVE_OPIN Block #11 (n3647)
Pin: lut.out[0] pb (n3649)
T_arr: 2.16916e-09  T_req: -8.1682e-09  Tdel: 0
Internal Net: #1516 (n3649).  Pins on net: 6.

Node: 4128  TN_INTERMEDIATE_NODE Block #11 (n3647)
Pin: lut6.out[0] pb (n3649)
T_arr: 2.16916e-09  T_req: -8.1682e-09  Tdel: 2.5e-11
Internal Net: #1516 (n3649).  Pins on net: 6.

Node: 4121  TN_INTERMEDIATE_NODE Block #11 (n3647)
Pin: ble6.out[0] pb (n3649)
T_arr: 2.19416e-09  T_req: -8.1432e-09  Tdel: 0
Internal Net: #1516 (n3649).  Pins on net: 6.

Node: 4114  TN_INTERMEDIATE_NODE Block #11 (n3647)
Pin: fle.out[0] pb (n3649)
T_arr: 2.19416e-09  T_req: -8.1432e-09  Tdel: 0
Internal Net: #1516 (n3649).  Pins on net: 6.

Node: 4011  TN_CB_OPIN Block #11 (n3647)
Pin: clb.O[3] pb (n3647)
T_arr: 2.19416e-09  T_req: -8.1432e-09  Tdel: 3.42421e-10
External-to-Block Net: #126 (n3649).  Pins on net: 3.

Node: 2084  TN_CB_IPIN Block #6 (n3682)
Pin: clb.I[15] pb (n3682)
T_arr: 2.53658e-09  T_req: -7.80078e-09  Tdel: 9.5e-11
Internal Net: #1516 (n3649).  Pins on net: 6.

Node: 2114  TN_INTERMEDIATE_NODE Block #6 (n3682)
Pin: fle.in[4] pb (n3663)
T_arr: 2.63158e-09  T_req: -7.70578e-09  Tdel: 0
Internal Net: #1516 (n3649).  Pins on net: 6.

Node: 2120  TN_INTERMEDIATE_NODE Block #6 (n3682)
Pin: lut5inter.in[4] pb (n3663)
T_arr: 2.63158e-09  T_req: -7.70578e-09  Tdel: 0
Internal Net: #1516 (n3649).  Pins on net: 6.

Node: 2126  TN_INTERMEDIATE_NODE Block #6 (n3682)
Pin: ble5.in[4] pb (n3663)
T_arr: 2.63158e-09  T_req: -7.70578e-09  Tdel: 0
Internal Net: #1516 (n3649).  Pins on net: 6.

Node: 2132  TN_INTERMEDIATE_NODE Block #6 (n3682)
Pin: lut5.in[4] pb (n3663)
T_arr: 2.63158e-09  T_req: -7.70578e-09  Tdel: 0
Internal Net: #1516 (n3649).  Pins on net: 6.

Node: 2138  TN_PRIMITIVE_IPIN Block #6 (n3682)
Pin: lut.in[4] pb (n3663)
T_arr: 2.63158e-09  T_req: -7.70578e-09  Tdel: 2.35e-10
Internal Net: #1516 (n3649).  Pins on net: 6.

Node: 2139  TN_PRIMITIVE_OPIN Block #6 (n3682)
Pin: lut.out[0] pb (n3663)
T_arr: 2.86658e-09  T_req: -7.47078e-09  Tdel: 0
Internal Net: #1525 (n3663).  Pins on net: 5.

Node: 2133  TN_INTERMEDIATE_NODE Block #6 (n3682)
Pin: lut5.out[0] pb (n3663)
T_arr: 2.86658e-09  T_req: -7.47078e-09  Tdel: 2.5e-11
Internal Net: #1525 (n3663).  Pins on net: 5.

Node: 2127  TN_INTERMEDIATE_NODE Block #6 (n3682)
Pin: ble5.out[0] pb (n3663)
T_arr: 2.89158e-09  T_req: -7.44578e-09  Tdel: 0
Internal Net: #1525 (n3663).  Pins on net: 5.

Node: 2121  TN_INTERMEDIATE_NODE Block #6 (n3682)
Pin: lut5inter.out[1] pb (n3663)
T_arr: 2.89158e-09  T_req: -7.44578e-09  Tdel: 0
Internal Net: #1525 (n3663).  Pins on net: 5.

Node: 2115  TN_INTERMEDIATE_NODE Block #6 (n3682)
Pin: fle.out[1] pb (n3663)
T_arr: 2.89158e-09  T_req: -7.44578e-09  Tdel: 7.5e-11
Internal Net: #1525 (n3663).  Pins on net: 5.

Node: 2144  TN_INTERMEDIATE_NODE Block #6 (n3682)
Pin: fle.in[4] pb (n3660_1)
T_arr: 2.96658e-09  T_req: -7.37078e-09  Tdel: 0
Internal Net: #1525 (n3663).  Pins on net: 5.

Node: 2151  TN_INTERMEDIATE_NODE Block #6 (n3682)
Pin: lut5inter.in[4] pb (n3660_1)
T_arr: 2.96658e-09  T_req: -7.37078e-09  Tdel: 0
Internal Net: #1525 (n3663).  Pins on net: 5.

Node: 2176  TN_INTERMEDIATE_NODE Block #6 (n3682)
Pin: ble5.in[4] pb (n3660_1)
T_arr: 2.96658e-09  T_req: -7.37078e-09  Tdel: 0
Internal Net: #1525 (n3663).  Pins on net: 5.

Node: 2182  TN_INTERMEDIATE_NODE Block #6 (n3682)
Pin: lut5.in[4] pb (n3660_1)
T_arr: 2.96658e-09  T_req: -7.37078e-09  Tdel: 0
Internal Net: #1525 (n3663).  Pins on net: 5.

Node: 2188  TN_PRIMITIVE_IPIN Block #6 (n3682)
Pin: lut.in[4] pb (n3660_1)
T_arr: 2.96658e-09  T_req: -7.37078e-09  Tdel: 2.35e-10
Internal Net: #1525 (n3663).  Pins on net: 5.

Node: 2189  TN_PRIMITIVE_OPIN Block #6 (n3682)
Pin: lut.out[0] pb (n3660_1)
T_arr: 3.20158e-09  T_req: -7.13578e-09  Tdel: 0
Internal Net: #1520 (n3660_1).  Pins on net: 9.

Node: 2183  TN_INTERMEDIATE_NODE Block #6 (n3682)
Pin: lut5.out[0] pb (n3660_1)
T_arr: 3.20158e-09  T_req: -7.13578e-09  Tdel: 2.5e-11
Internal Net: #1520 (n3660_1).  Pins on net: 9.

Node: 2177  TN_INTERMEDIATE_NODE Block #6 (n3682)
Pin: ble5.out[0] pb (n3660_1)
T_arr: 3.22658e-09  T_req: -7.11078e-09  Tdel: 0
Internal Net: #1520 (n3660_1).  Pins on net: 9.

Node: 2153  TN_INTERMEDIATE_NODE Block #6 (n3682)
Pin: lut5inter.out[1] pb (n3660_1)
T_arr: 3.22658e-09  T_req: -7.11078e-09  Tdel: 0
Internal Net: #1520 (n3660_1).  Pins on net: 9.

Node: 2146  TN_INTERMEDIATE_NODE Block #6 (n3682)
Pin: fle.out[1] pb (n3660_1)
T_arr: 3.22658e-09  T_req: -7.11078e-09  Tdel: 0
Internal Net: #1520 (n3660_1).  Pins on net: 9.

Node: 2106  TN_CB_OPIN Block #6 (n3682)
Pin: clb.O[11] pb (n3682)
T_arr: 3.22658e-09  T_req: -7.11078e-09  Tdel: 2.07999e-10
External-to-Block Net: #108 (n3660_1).  Pins on net: 4.

Node: 5570  TN_CB_IPIN Block #15 (n3668)
Pin: clb.I[36] pb (n3668)
T_arr: 3.43458e-09  T_req: -6.90278e-09  Tdel: 9.5e-11
Internal Net: #1520 (n3660_1).  Pins on net: 9.

Node: 5882  TN_INTERMEDIATE_NODE Block #15 (n3668)
Pin: fle.in[4] pb (n3668)
T_arr: 3.52958e-09  T_req: -6.80778e-09  Tdel: 0
Internal Net: #1520 (n3660_1).  Pins on net: 9.

Node: 5889  TN_INTERMEDIATE_NODE Block #15 (n3668)
Pin: ble6.in[4] pb (n3668)
T_arr: 3.52958e-09  T_req: -6.80778e-09  Tdel: 0
Internal Net: #1520 (n3660_1).  Pins on net: 9.

Node: 5896  TN_INTERMEDIATE_NODE Block #15 (n3668)
Pin: lut6.in[4] pb (n3668)
T_arr: 3.52958e-09  T_req: -6.80778e-09  Tdel: 0
Internal Net: #1520 (n3660_1).  Pins on net: 9.

Node: 5903  TN_PRIMITIVE_IPIN Block #15 (n3668)
Pin: lut.in[4] pb (n3668)
T_arr: 3.52958e-09  T_req: -6.80778e-09  Tdel: 2.61e-10
Internal Net: #1520 (n3660_1).  Pins on net: 9.

Node: 5905  TN_PRIMITIVE_OPIN Block #15 (n3668)
Pin: lut.out[0] pb (n3668)
T_arr: 3.79058e-09  T_req: -6.54678e-09  Tdel: 0
Internal Net: #1530 (n3668).  Pins on net: 5.

Node: 5898  TN_INTERMEDIATE_NODE Block #15 (n3668)
Pin: lut6.out[0] pb (n3668)
T_arr: 3.79058e-09  T_req: -6.54678e-09  Tdel: 2.5e-11
Internal Net: #1530 (n3668).  Pins on net: 5.

Node: 5891  TN_INTERMEDIATE_NODE Block #15 (n3668)
Pin: ble6.out[0] pb (n3668)
T_arr: 3.81558e-09  T_req: -6.52178e-09  Tdel: 0
Internal Net: #1530 (n3668).  Pins on net: 5.

Node: 5884  TN_INTERMEDIATE_NODE Block #15 (n3668)
Pin: fle.out[0] pb (n3668)
T_arr: 3.81558e-09  T_req: -6.52178e-09  Tdel: 0
Internal Net: #1530 (n3668).  Pins on net: 5.

Node: 5581  TN_CB_OPIN Block #15 (n3668)
Pin: clb.O[9] pb (n3668)
T_arr: 3.81558e-09  T_req: -6.52178e-09  Tdel: 3.43528e-10
External-to-Block Net: #102 (n3668).  Pins on net: 2.

Node: 1742  TN_CB_IPIN Block #5 (n3701)
Pin: clb.I[3] pb (n3701)
T_arr: 4.15911e-09  T_req: -6.17825e-09  Tdel: 9.5e-11
Internal Net: #1530 (n3668).  Pins on net: 5.

Node: 1922  TN_INTERMEDIATE_NODE Block #5 (n3701)
Pin: fle.in[3] pb (n3667)
T_arr: 4.25411e-09  T_req: -6.08325e-09  Tdel: 0
Internal Net: #1530 (n3668).  Pins on net: 5.

Node: 1929  TN_INTERMEDIATE_NODE Block #5 (n3701)
Pin: ble6.in[3] pb (n3667)
T_arr: 4.25411e-09  T_req: -6.08325e-09  Tdel: 0
Internal Net: #1530 (n3668).  Pins on net: 5.

Node: 1936  TN_INTERMEDIATE_NODE Block #5 (n3701)
Pin: lut6.in[3] pb (n3667)
T_arr: 4.25411e-09  T_req: -6.08325e-09  Tdel: 0
Internal Net: #1530 (n3668).  Pins on net: 5.

Node: 1943  TN_PRIMITIVE_IPIN Block #5 (n3701)
Pin: lut.in[3] pb (n3667)
T_arr: 4.25411e-09  T_req: -6.08325e-09  Tdel: 2.61e-10
Internal Net: #1530 (n3668).  Pins on net: 5.

Node: 1946  TN_PRIMITIVE_OPIN Block #5 (n3701)
Pin: lut.out[0] pb (n3667)
T_arr: 4.51511e-09  T_req: -5.82225e-09  Tdel: 0
Internal Net: #1527 (n3667).  Pins on net: 4.

Node: 1939  TN_INTERMEDIATE_NODE Block #5 (n3701)
Pin: lut6.out[0] pb (n3667)
T_arr: 4.51511e-09  T_req: -5.82225e-09  Tdel: 2.5e-11
Internal Net: #1527 (n3667).  Pins on net: 4.

Node: 1932  TN_INTERMEDIATE_NODE Block #5 (n3701)
Pin: ble6.out[0] pb (n3667)
T_arr: 4.54011e-09  T_req: -5.79725e-09  Tdel: 0
Internal Net: #1527 (n3667).  Pins on net: 4.

Node: 1925  TN_INTERMEDIATE_NODE Block #5 (n3701)
Pin: fle.out[0] pb (n3667)
T_arr: 4.54011e-09  T_req: -5.79725e-09  Tdel: 0
Internal Net: #1527 (n3667).  Pins on net: 4.

Node: 1760  TN_CB_OPIN Block #5 (n3701)
Pin: clb.O[5] pb (n3701)
T_arr: 4.54011e-09  T_req: -5.79725e-09  Tdel: 3.42421e-10
External-to-Block Net: #116 (n3667).  Pins on net: 2.

Node: 2092  TN_CB_IPIN Block #6 (n3682)
Pin: clb.I[34] pb (n3682)
T_arr: 4.88253e-09  T_req: -5.45483e-09  Tdel: 9.5e-11
Internal Net: #1527 (n3667).  Pins on net: 4.

Node: 2219  TN_INTERMEDIATE_NODE Block #6 (n3682)
Pin: fle.in[1] pb (n3686)
T_arr: 4.97753e-09  T_req: -5.35983e-09  Tdel: 0
Internal Net: #1527 (n3667).  Pins on net: 4.

Node: 2226  TN_INTERMEDIATE_NODE Block #6 (n3682)
Pin: ble6.in[1] pb (n3686)
T_arr: 4.97753e-09  T_req: -5.35983e-09  Tdel: 0
Internal Net: #1527 (n3667).  Pins on net: 4.

Node: 2233  TN_INTERMEDIATE_NODE Block #6 (n3682)
Pin: lut6.in[1] pb (n3686)
T_arr: 4.97753e-09  T_req: -5.35983e-09  Tdel: 0
Internal Net: #1527 (n3667).  Pins on net: 4.

Node: 2240  TN_PRIMITIVE_IPIN Block #6 (n3682)
Pin: lut.in[1] pb (n3686)
T_arr: 4.97753e-09  T_req: -5.35983e-09  Tdel: 2.61e-10
Internal Net: #1527 (n3667).  Pins on net: 4.

Node: 2245  TN_PRIMITIVE_OPIN Block #6 (n3682)
Pin: lut.out[0] pb (n3686)
T_arr: 5.23853e-09  T_req: -5.09883e-09  Tdel: 0
Internal Net: #1546 (n3686).  Pins on net: 4.

Node: 2238  TN_INTERMEDIATE_NODE Block #6 (n3682)
Pin: lut6.out[0] pb (n3686)
T_arr: 5.23853e-09  T_req: -5.09883e-09  Tdel: 2.5e-11
Internal Net: #1546 (n3686).  Pins on net: 4.

Node: 2231  TN_INTERMEDIATE_NODE Block #6 (n3682)
Pin: ble6.out[0] pb (n3686)
T_arr: 5.26353e-09  T_req: -5.07383e-09  Tdel: 0
Internal Net: #1546 (n3686).  Pins on net: 4.

Node: 2224  TN_INTERMEDIATE_NODE Block #6 (n3682)
Pin: fle.out[0] pb (n3686)
T_arr: 5.26353e-09  T_req: -5.07383e-09  Tdel: 7.5e-11
Internal Net: #1546 (n3686).  Pins on net: 4.

Node: 2433  TN_INTERMEDIATE_NODE Block #6 (n3682)
Pin: fle.in[4] pb (n3682)
T_arr: 5.33853e-09  T_req: -4.99883e-09  Tdel: 0
Internal Net: #1546 (n3686).  Pins on net: 4.

Node: 2440  TN_INTERMEDIATE_NODE Block #6 (n3682)
Pin: ble6.in[4] pb (n3682)
T_arr: 5.33853e-09  T_req: -4.99883e-09  Tdel: 0
Internal Net: #1546 (n3686).  Pins on net: 4.

Node: 2447  TN_INTERMEDIATE_NODE Block #6 (n3682)
Pin: lut6.in[4] pb (n3682)
T_arr: 5.33853e-09  T_req: -4.99883e-09  Tdel: 0
Internal Net: #1546 (n3686).  Pins on net: 4.

Node: 2454  TN_PRIMITIVE_IPIN Block #6 (n3682)
Pin: lut.in[4] pb (n3682)
T_arr: 5.33853e-09  T_req: -4.99883e-09  Tdel: 2.61e-10
Internal Net: #1546 (n3686).  Pins on net: 4.

Node: 2456  TN_PRIMITIVE_OPIN Block #6 (n3682)
Pin: lut.out[0] pb (n3682)
T_arr: 5.59953e-09  T_req: -4.73783e-09  Tdel: 0
Internal Net: #1539 (n3682).  Pins on net: 5.

Node: 2449  TN_INTERMEDIATE_NODE Block #6 (n3682)
Pin: lut6.out[0] pb (n3682)
T_arr: 5.59953e-09  T_req: -4.73783e-09  Tdel: 2.5e-11
Internal Net: #1539 (n3682).  Pins on net: 5.

Node: 2442  TN_INTERMEDIATE_NODE Block #6 (n3682)
Pin: ble6.out[0] pb (n3682)
T_arr: 5.62453e-09  T_req: -4.71283e-09  Tdel: 0
Internal Net: #1539 (n3682).  Pins on net: 5.

Node: 2435  TN_INTERMEDIATE_NODE Block #6 (n3682)
Pin: fle.out[0] pb (n3682)
T_arr: 5.62453e-09  T_req: -4.71283e-09  Tdel: 0
Internal Net: #1539 (n3682).  Pins on net: 5.

Node: 2104  TN_CB_OPIN Block #6 (n3682)
Pin: clb.O[9] pb (n3682)
T_arr: 5.62453e-09  T_req: -4.71283e-09  Tdel: 3.43528e-10
External-to-Block Net: #105 (n3682).  Pins on net: 4.

Node: 1747  TN_CB_IPIN Block #5 (n3701)
Pin: clb.I[16] pb (n3701)
T_arr: 5.96806e-09  T_req: -4.3693e-09  Tdel: 9.5e-11
Internal Net: #1539 (n3682).  Pins on net: 5.

Node: 2023  TN_INTERMEDIATE_NODE Block #5 (n3701)
Pin: fle.in[2] pb (n3677)
T_arr: 6.06306e-09  T_req: -4.2743e-09  Tdel: 0
Internal Net: #1539 (n3682).  Pins on net: 5.

Node: 2030  TN_INTERMEDIATE_NODE Block #5 (n3701)
Pin: ble6.in[2] pb (n3677)
T_arr: 6.06306e-09  T_req: -4.2743e-09  Tdel: 0
Internal Net: #1539 (n3682).  Pins on net: 5.

Node: 2037  TN_INTERMEDIATE_NODE Block #5 (n3701)
Pin: lut6.in[2] pb (n3677)
T_arr: 6.06306e-09  T_req: -4.2743e-09  Tdel: 0
Internal Net: #1539 (n3682).  Pins on net: 5.

Node: 2044  TN_PRIMITIVE_IPIN Block #5 (n3701)
Pin: lut.in[2] pb (n3677)
T_arr: 6.06306e-09  T_req: -4.2743e-09  Tdel: 2.61e-10
Internal Net: #1539 (n3682).  Pins on net: 5.

Node: 2048  TN_PRIMITIVE_OPIN Block #5 (n3701)
Pin: lut.out[0] pb (n3677)
T_arr: 6.32406e-09  T_req: -4.0133e-09  Tdel: 0
Internal Net: #1542 (n3677).  Pins on net: 10.

Node: 2041  TN_INTERMEDIATE_NODE Block #5 (n3701)
Pin: lut6.out[0] pb (n3677)
T_arr: 6.32406e-09  T_req: -4.0133e-09  Tdel: 2.5e-11
Internal Net: #1542 (n3677).  Pins on net: 10.

Node: 2034  TN_INTERMEDIATE_NODE Block #5 (n3701)
Pin: ble6.out[0] pb (n3677)
T_arr: 6.34906e-09  T_req: -3.9883e-09  Tdel: 0
Internal Net: #1542 (n3677).  Pins on net: 10.

Node: 2027  TN_INTERMEDIATE_NODE Block #5 (n3701)
Pin: fle.out[0] pb (n3677)
T_arr: 6.34906e-09  T_req: -3.9883e-09  Tdel: 0
Internal Net: #1542 (n3677).  Pins on net: 10.

Node: 1763  TN_CB_OPIN Block #5 (n3701)
Pin: clb.O[8] pb (n3701)
T_arr: 6.34906e-09  T_req: -3.9883e-09  Tdel: 2.06892e-10
External-to-Block Net: #60 (n3677).  Pins on net: 6.

Node: 4341  TN_CB_IPIN Block #12 (n3700_1)
Pin: clb.I[19] pb (n3700_1)
T_arr: 6.55595e-09  T_req: -3.78141e-09  Tdel: 9.5e-11
Internal Net: #1542 (n3677).  Pins on net: 10.

Node: 4635  TN_INTERMEDIATE_NODE Block #12 (n3700_1)
Pin: fle.in[3] pb (n3699)
T_arr: 6.65095e-09  T_req: -3.68641e-09  Tdel: 0
Internal Net: #1542 (n3677).  Pins on net: 10.

Node: 4642  TN_INTERMEDIATE_NODE Block #12 (n3700_1)
Pin: lut5inter.in[3] pb (n3699)
T_arr: 6.65095e-09  T_req: -3.68641e-09  Tdel: 0
Internal Net: #1542 (n3677).  Pins on net: 10.

Node: 4664  TN_INTERMEDIATE_NODE Block #12 (n3700_1)
Pin: ble5.in[3] pb (n3699)
T_arr: 6.65095e-09  T_req: -3.68641e-09  Tdel: 0
Internal Net: #1542 (n3677).  Pins on net: 10.

Node: 4670  TN_INTERMEDIATE_NODE Block #12 (n3700_1)
Pin: lut5.in[3] pb (n3699)
T_arr: 6.65095e-09  T_req: -3.68641e-09  Tdel: 0
Internal Net: #1542 (n3677).  Pins on net: 10.

Node: 4676  TN_PRIMITIVE_IPIN Block #12 (n3700_1)
Pin: lut.in[3] pb (n3699)
T_arr: 6.65095e-09  T_req: -3.68641e-09  Tdel: 2.35e-10
Internal Net: #1542 (n3677).  Pins on net: 10.

Node: 4678  TN_PRIMITIVE_OPIN Block #12 (n3700_1)
Pin: lut.out[0] pb (n3699)
T_arr: 6.88595e-09  T_req: -3.45141e-09  Tdel: 0
Internal Net: #1558 (n3699).  Pins on net: 5.

Node: 4672  TN_INTERMEDIATE_NODE Block #12 (n3700_1)
Pin: lut5.out[0] pb (n3699)
T_arr: 6.88595e-09  T_req: -3.45141e-09  Tdel: 2.5e-11
Internal Net: #1558 (n3699).  Pins on net: 5.

Node: 4666  TN_INTERMEDIATE_NODE Block #12 (n3700_1)
Pin: ble5.out[0] pb (n3699)
T_arr: 6.91095e-09  T_req: -3.42641e-09  Tdel: 0
Internal Net: #1558 (n3699).  Pins on net: 5.

Node: 4645  TN_INTERMEDIATE_NODE Block #12 (n3700_1)
Pin: lut5inter.out[1] pb (n3699)
T_arr: 6.91095e-09  T_req: -3.42641e-09  Tdel: 0
Internal Net: #1558 (n3699).  Pins on net: 5.

Node: 4638  TN_INTERMEDIATE_NODE Block #12 (n3700_1)
Pin: fle.out[1] pb (n3699)
T_arr: 6.91095e-09  T_req: -3.42641e-09  Tdel: 0
Internal Net: #1558 (n3699).  Pins on net: 5.

Node: 4368  TN_CB_OPIN Block #12 (n3700_1)
Pin: clb.O[17] pb (n3700_1)
T_arr: 6.91095e-09  T_req: -3.42641e-09  Tdel: 3.42421e-10
External-to-Block Net: #64 (n3699).  Pins on net: 2.

Node: 1033  TN_CB_IPIN Block #3 (n3712)
Pin: clb.I[18] pb (n3712)
T_arr: 7.25337e-09  T_req: -3.08399e-09  Tdel: 9.5e-11
Internal Net: #1558 (n3699).  Pins on net: 5.

Node: 1132  TN_INTERMEDIATE_NODE Block #3 (n3712)
Pin: fle.in[3] pb (n3719)
T_arr: 7.34837e-09  T_req: -2.98899e-09  Tdel: 0
Internal Net: #1558 (n3699).  Pins on net: 5.

Node: 1139  TN_INTERMEDIATE_NODE Block #3 (n3712)
Pin: lut5inter.in[3] pb (n3719)
T_arr: 7.34837e-09  T_req: -2.98899e-09  Tdel: 0
Internal Net: #1558 (n3699).  Pins on net: 5.

Node: 1146  TN_INTERMEDIATE_NODE Block #3 (n3712)
Pin: ble5.in[3] pb (n3696)
T_arr: 7.34837e-09  T_req: -2.98899e-09  Tdel: 0
Internal Net: #1558 (n3699).  Pins on net: 5.

Node: 1152  TN_INTERMEDIATE_NODE Block #3 (n3712)
Pin: lut5.in[3] pb (n3696)
T_arr: 7.34837e-09  T_req: -2.98899e-09  Tdel: 0
Internal Net: #1558 (n3699).  Pins on net: 5.

Node: 1158  TN_PRIMITIVE_IPIN Block #3 (n3712)
Pin: lut.in[3] pb (n3696)
T_arr: 7.34837e-09  T_req: -2.98899e-09  Tdel: 2.35e-10
Internal Net: #1558 (n3699).  Pins on net: 5.

Node: 1160  TN_PRIMITIVE_OPIN Block #3 (n3712)
Pin: lut.out[0] pb (n3696)
T_arr: 7.58337e-09  T_req: -2.75399e-09  Tdel: 0
Internal Net: #1551 (n3696).  Pins on net: 9.

Node: 1154  TN_INTERMEDIATE_NODE Block #3 (n3712)
Pin: lut5.out[0] pb (n3696)
T_arr: 7.58337e-09  T_req: -2.75399e-09  Tdel: 2.49996e-11
Internal Net: #1551 (n3696).  Pins on net: 9.

Node: 1148  TN_INTERMEDIATE_NODE Block #3 (n3712)
Pin: ble5.out[0] pb (n3696)
T_arr: 7.60837e-09  T_req: -2.72899e-09  Tdel: 0
Internal Net: #1551 (n3696).  Pins on net: 9.

Node: 1141  TN_INTERMEDIATE_NODE Block #3 (n3712)
Pin: lut5inter.out[0] pb (n3719)
T_arr: 7.60837e-09  T_req: -2.72899e-09  Tdel: 0
Internal Net: #1551 (n3696).  Pins on net: 9.

Node: 1134  TN_INTERMEDIATE_NODE Block #3 (n3712)
Pin: fle.out[0] pb (n3719)
T_arr: 7.60837e-09  T_req: -2.72899e-09  Tdel: 0
Internal Net: #1551 (n3696).  Pins on net: 9.

Node: 1043  TN_CB_OPIN Block #3 (n3712)
Pin: clb.O[3] pb (n3712)
T_arr: 7.60837e-09  T_req: -2.72899e-09  Tdel: 2.07999e-10
External-to-Block Net: #70 (n3696).  Pins on net: 3.

Node: 2867  TN_CB_IPIN Block #8 (n3711)
Pin: clb.I[38] pb (n3711)
T_arr: 7.81637e-09  T_req: -2.52099e-09  Tdel: 9.49996e-11
Internal Net: #1551 (n3696).  Pins on net: 9.

Node: 3226  TN_INTERMEDIATE_NODE Block #8 (n3711)
Pin: fle.in[3] pb (n3711)
T_arr: 7.91137e-09  T_req: -2.42599e-09  Tdel: 0
Internal Net: #1551 (n3696).  Pins on net: 9.

Node: 3233  TN_INTERMEDIATE_NODE Block #8 (n3711)
Pin: ble6.in[3] pb (n3711)
T_arr: 7.91137e-09  T_req: -2.42599e-09  Tdel: 0
Internal Net: #1551 (n3696).  Pins on net: 9.

Node: 3240  TN_INTERMEDIATE_NODE Block #8 (n3711)
Pin: lut6.in[3] pb (n3711)
T_arr: 7.91137e-09  T_req: -2.42599e-09  Tdel: 0
Internal Net: #1551 (n3696).  Pins on net: 9.

Node: 3247  TN_PRIMITIVE_IPIN Block #8 (n3711)
Pin: lut.in[3] pb (n3711)
T_arr: 7.91137e-09  T_req: -2.42599e-09  Tdel: 2.61e-10
Internal Net: #1551 (n3696).  Pins on net: 9.

Node: 3250  TN_PRIMITIVE_OPIN Block #8 (n3711)
Pin: lut.out[0] pb (n3711)
T_arr: 8.17237e-09  T_req: -2.16499e-09  Tdel: 0
Internal Net: #1568 (n3711).  Pins on net: 4.

Node: 3243  TN_INTERMEDIATE_NODE Block #8 (n3711)
Pin: lut6.out[0] pb (n3711)
T_arr: 8.17237e-09  T_req: -2.16499e-09  Tdel: 2.49996e-11
Internal Net: #1568 (n3711).  Pins on net: 4.

Node: 3236  TN_INTERMEDIATE_NODE Block #8 (n3711)
Pin: ble6.out[0] pb (n3711)
T_arr: 8.19737e-09  T_req: -2.13999e-09  Tdel: 0
Internal Net: #1568 (n3711).  Pins on net: 4.

Node: 3229  TN_INTERMEDIATE_NODE Block #8 (n3711)
Pin: fle.out[0] pb (n3711)
T_arr: 8.19737e-09  T_req: -2.13999e-09  Tdel: 0
Internal Net: #1568 (n3711).  Pins on net: 4.

Node: 2876  TN_CB_OPIN Block #8 (n3711)
Pin: clb.O[9] pb (n3711)
T_arr: 8.19737e-09  T_req: -2.13999e-09  Tdel: 3.42421e-10
External-to-Block Net: #27 (n3711).  Pins on net: 2.

Node: 353  TN_CB_IPIN Block #1 (n3703)
Pin: clb.I[6] pb (n3703)
T_arr: 8.53979e-09  T_req: -1.79757e-09  Tdel: 9.49996e-11
Internal Net: #1568 (n3711).  Pins on net: 4.

Node: 376  TN_INTERMEDIATE_NODE Block #1 (n3703)
Pin: fle.in[4] pb (n3706)
T_arr: 8.63479e-09  T_req: -1.70257e-09  Tdel: 0
Internal Net: #1568 (n3711).  Pins on net: 4.

Node: 383  TN_INTERMEDIATE_NODE Block #1 (n3703)
Pin: ble6.in[4] pb (n3706)
T_arr: 8.63479e-09  T_req: -1.70257e-09  Tdel: 0
Internal Net: #1568 (n3711).  Pins on net: 4.

Node: 390  TN_INTERMEDIATE_NODE Block #1 (n3703)
Pin: lut6.in[4] pb (n3706)
T_arr: 8.63479e-09  T_req: -1.70257e-09  Tdel: 0
Internal Net: #1568 (n3711).  Pins on net: 4.

Node: 397  TN_PRIMITIVE_IPIN Block #1 (n3703)
Pin: lut.in[4] pb (n3706)
T_arr: 8.63479e-09  T_req: -1.70257e-09  Tdel: 2.61e-10
Internal Net: #1568 (n3711).  Pins on net: 4.

Node: 399  TN_PRIMITIVE_OPIN Block #1 (n3703)
Pin: lut.out[0] pb (n3706)
T_arr: 8.89579e-09  T_req: -1.44157e-09  Tdel: 0
Internal Net: #1563 (n3706).  Pins on net: 4.

Node: 392  TN_INTERMEDIATE_NODE Block #1 (n3703)
Pin: lut6.out[0] pb (n3706)
T_arr: 8.89579e-09  T_req: -1.44157e-09  Tdel: 2.49996e-11
Internal Net: #1563 (n3706).  Pins on net: 4.

Node: 385  TN_INTERMEDIATE_NODE Block #1 (n3703)
Pin: ble6.out[0] pb (n3706)
T_arr: 8.92079e-09  T_req: -1.41657e-09  Tdel: 0
Internal Net: #1563 (n3706).  Pins on net: 4.

Node: 378  TN_INTERMEDIATE_NODE Block #1 (n3703)
Pin: fle.out[0] pb (n3706)
T_arr: 8.92079e-09  T_req: -1.41657e-09  Tdel: 7.49996e-11
Internal Net: #1563 (n3706).  Pins on net: 4.

Node: 662  TN_INTERMEDIATE_NODE Block #1 (n3703)
Pin: fle.in[5] pb (n3703)
T_arr: 8.99579e-09  T_req: -1.34157e-09  Tdel: 0
Internal Net: #1563 (n3706).  Pins on net: 4.

Node: 669  TN_INTERMEDIATE_NODE Block #1 (n3703)
Pin: ble6.in[5] pb (n3703)
T_arr: 8.99579e-09  T_req: -1.34157e-09  Tdel: 0
Internal Net: #1563 (n3706).  Pins on net: 4.

Node: 676  TN_INTERMEDIATE_NODE Block #1 (n3703)
Pin: lut6.in[5] pb (n3703)
T_arr: 8.99579e-09  T_req: -1.34157e-09  Tdel: 0
Internal Net: #1563 (n3706).  Pins on net: 4.

Node: 683  TN_PRIMITIVE_IPIN Block #1 (n3703)
Pin: lut.in[5] pb (n3703)
T_arr: 8.99579e-09  T_req: -1.34157e-09  Tdel: 2.61e-10
Internal Net: #1563 (n3706).  Pins on net: 4.

Node: 684  TN_PRIMITIVE_OPIN Block #1 (n3703)
Pin: lut.out[0] pb (n3703)
T_arr: 9.25679e-09  T_req: -1.08057e-09  Tdel: 0
Internal Net: #1566 (n3703).  Pins on net: 6.

Node: 677  TN_INTERMEDIATE_NODE Block #1 (n3703)
Pin: lut6.out[0] pb (n3703)
T_arr: 9.25679e-09  T_req: -1.08057e-09  Tdel: 2.49996e-11
Internal Net: #1566 (n3703).  Pins on net: 6.

Node: 670  TN_INTERMEDIATE_NODE Block #1 (n3703)
Pin: ble6.out[0] pb (n3703)
T_arr: 9.28179e-09  T_req: -1.05557e-09  Tdel: 0
Internal Net: #1566 (n3703).  Pins on net: 6.

Node: 663  TN_INTERMEDIATE_NODE Block #1 (n3703)
Pin: fle.out[0] pb (n3703)
T_arr: 9.28179e-09  T_req: -1.05557e-09  Tdel: 7.49996e-11
Internal Net: #1566 (n3703).  Pins on net: 6.

Node: 400  TN_INTERMEDIATE_NODE Block #1 (n3703)
Pin: fle.in[0] pb (n3728)
T_arr: 9.35679e-09  T_req: -9.8057e-10  Tdel: 0
Internal Net: #1566 (n3703).  Pins on net: 6.

Node: 407  TN_INTERMEDIATE_NODE Block #1 (n3703)
Pin: lut5inter.in[0] pb (n3728)
T_arr: 9.35679e-09  T_req: -9.8057e-10  Tdel: 0
Internal Net: #1566 (n3703).  Pins on net: 6.

Node: 414  TN_INTERMEDIATE_NODE Block #1 (n3703)
Pin: ble5.in[0] pb (n3729)
T_arr: 9.35679e-09  T_req: -9.8057e-10  Tdel: 0
Internal Net: #1566 (n3703).  Pins on net: 6.

Node: 420  TN_INTERMEDIATE_NODE Block #1 (n3703)
Pin: lut5.in[0] pb (n3729)
T_arr: 9.35679e-09  T_req: -9.8057e-10  Tdel: 0
Internal Net: #1566 (n3703).  Pins on net: 6.

Node: 426  TN_PRIMITIVE_IPIN Block #1 (n3703)
Pin: lut.in[0] pb (n3729)
T_arr: 9.35679e-09  T_req: -9.8057e-10  Tdel: 2.35e-10
Internal Net: #1566 (n3703).  Pins on net: 6.

Node: 431  TN_PRIMITIVE_OPIN Block #1 (n3703)
Pin: lut.out[0] pb (n3729)
T_arr: 9.59179e-09  T_req: -7.4557e-10  Tdel: 0
Internal Net: #1585 (n3729).  Pins on net: 2.

Node: 425  TN_INTERMEDIATE_NODE Block #1 (n3703)
Pin: lut5.out[0] pb (n3729)
T_arr: 9.59179e-09  T_req: -7.4557e-10  Tdel: 2.49996e-11
Internal Net: #1585 (n3729).  Pins on net: 2.

Node: 419  TN_INTERMEDIATE_NODE Block #1 (n3703)
Pin: ble5.out[0] pb (n3729)
T_arr: 9.61679e-09  T_req: -7.2057e-10  Tdel: 0
Internal Net: #1585 (n3729).  Pins on net: 2.

Node: 412  TN_INTERMEDIATE_NODE Block #1 (n3703)
Pin: lut5inter.out[0] pb (n3728)
T_arr: 9.61679e-09  T_req: -7.2057e-10  Tdel: 0
Internal Net: #1585 (n3729).  Pins on net: 2.

Node: 405  TN_INTERMEDIATE_NODE Block #1 (n3703)
Pin: fle.out[0] pb (n3728)
T_arr: 9.61679e-09  T_req: -7.2057e-10  Tdel: 7.49996e-11
Internal Net: #1585 (n3729).  Pins on net: 2.

Node: 451  TN_INTERMEDIATE_NODE Block #1 (n3703)
Pin: fle.in[4] pb (n3726)
T_arr: 9.69179e-09  T_req: -6.4557e-10  Tdel: 0
Internal Net: #1585 (n3729).  Pins on net: 2.

Node: 458  TN_INTERMEDIATE_NODE Block #1 (n3703)
Pin: ble6.in[4] pb (n3726)
T_arr: 9.69179e-09  T_req: -6.4557e-10  Tdel: 0
Internal Net: #1585 (n3729).  Pins on net: 2.

Node: 465  TN_INTERMEDIATE_NODE Block #1 (n3703)
Pin: lut6.in[4] pb (n3726)
T_arr: 9.69179e-09  T_req: -6.4557e-10  Tdel: 0
Internal Net: #1585 (n3729).  Pins on net: 2.

Node: 472  TN_PRIMITIVE_IPIN Block #1 (n3703)
Pin: lut.in[4] pb (n3726)
T_arr: 9.69179e-09  T_req: -6.4557e-10  Tdel: 2.61e-10
Internal Net: #1585 (n3729).  Pins on net: 2.

Node: 474  TN_PRIMITIVE_OPIN Block #1 (n3703)
Pin: lut.out[0] pb (n3726)
T_arr: 9.95279e-09  T_req: -3.8457e-10  Tdel: 0
Internal Net: #1587 (n3726).  Pins on net: 2.

Node: 467  TN_INTERMEDIATE_NODE Block #1 (n3703)
Pin: lut6.out[0] pb (n3726)
T_arr: 9.95279e-09  T_req: -3.8457e-10  Tdel: 2.49996e-11
Internal Net: #1587 (n3726).  Pins on net: 2.

Node: 460  TN_INTERMEDIATE_NODE Block #1 (n3703)
Pin: ble6.out[0] pb (n3726)
T_arr: 9.97779e-09  T_req: -3.5957e-10  Tdel: 0
Internal Net: #1587 (n3726).  Pins on net: 2.

Node: 453  TN_INTERMEDIATE_NODE Block #1 (n3703)
Pin: fle.out[0] pb (n3726)
T_arr: 9.97779e-09  T_req: -3.5957e-10  Tdel: 7.49996e-11
Internal Net: #1587 (n3726).  Pins on net: 2.

Node: 556  TN_INTERMEDIATE_NODE Block #1 (n3703)
Pin: fle.in[3] pb (n500)
T_arr: 1.00528e-08  T_req: -2.8457e-10  Tdel: 0
Internal Net: #1587 (n3726).  Pins on net: 2.

Node: 564  TN_INTERMEDIATE_NODE Block #1 (n3703)
Pin: ble6.in[3] pb (n500)
T_arr: 1.00528e-08  T_req: -2.8457e-10  Tdel: 0
Internal Net: #1587 (n3726).  Pins on net: 2.

Node: 572  TN_INTERMEDIATE_NODE Block #1 (n3703)
Pin: lut6.in[3] pb (n500)
T_arr: 1.00528e-08  T_req: -2.8457e-10  Tdel: 0
Internal Net: #1587 (n3726).  Pins on net: 2.

Node: 579  TN_PRIMITIVE_IPIN Block #1 (n3703)
Pin: lut.in[3] pb (n500)
T_arr: 1.00528e-08  T_req: -2.8457e-10  Tdel: 2.61e-10
Internal Net: #1587 (n3726).  Pins on net: 2.

Node: 582  TN_PRIMITIVE_OPIN Block #1 (n3703)
Pin: lut.out[0] pb (n500)
T_arr: 1.03138e-08  T_req: -2.357e-11  Tdel: 0
Internal Net: #50 (n500).  Pins on net: 2.

Node: 575  TN_INTERMEDIATE_NODE Block #1 (n3703)
Pin: lut6.out[0] pb (n500)
T_arr: 1.03138e-08  T_req: -2.357e-11  Tdel: 0
Internal Net: #50 (n500).  Pins on net: 2.

Node: 583  TN_FF_IPIN Block #1 (n3703)
Pin: ff.D[0] pb (top^FF_NODE~3276)
T_arr: 1.03138e-08  T_req: -2.357e-11  Tdel: 6.59997e-11
Internal Net: #50 (n500).  Pins on net: 2.

Node: 584  TN_FF_SINK Block #1 (n3703)
Pin: ff.D[0] pb (top^FF_NODE~3276)
T_arr: 1.03798e-08  T_req: 4.243e-11  
Internal Net: #50 (n500).  Pins on net: 2.


Tnodes on critical path: 187  Non-global nets on critical path: 12.
Global nets on critical path: 0.
Total logic delay: 6.76599e-09 (s)  Total net delay: 3.57136e-09 (s)
