Timing criticalities have been normalized to be non-negative by relaxing the required times to the maximum arrival time.

Largest timing criticality in design: 1.99254
Smallest timing criticality in design: 0
Total timing criticality in design: 6103.09

Range		0.0e+00 to 4.0e-01	4.0e-01 to 8.0e-01	8.0e-01 to 1.2e+00	1.2e+00 to 1.6e+00	1.6e+00 to 2.0e+00	
Timing criticalities in range		324			0			429			1969			1664			



Net #	Driver_tnode	 to_node	Timing criticality

    0	14150		    0		1.227587
    1	59026		    1		1.548693
			 6618		1.779250
    2	11506		    2		1.652251
			 6620		1.763120
			 8517		1.414124
			 9249		1.560380
			12279		1.315137
			21274		1.854603
			27436		1.461782
			31012		1.639610
			59021		1.239468
			65443		1.425367
    3	 1105		    3		1.925819
    4	14151		    4		1.286487
    5	 8149		    5		1.203953
			 2792		1.366661
			 9980		1.338966
			12253		1.532174
			13359		1.461147
			15232		1.289981
			15617		1.266152
			16328		1.164115
			16735		1.266334
			20076		1.313615
			27073		1.270109
			44749		1.310266
			47746		1.289981
			53661		1.303218
			65753		1.313615
    6	16341		    6		1.886177
    7	 3134		    7		1.576095
    8	 9276		    8		1.726207
			 6624		1.877034
			 9623		1.813313
			10334		1.813313
			10727		1.730778
			11496		1.778047
			12278		1.730778
			12654		1.813313
			13368		1.754607
			15249		1.813313
			15613		1.789678
			15960		1.789678
			16717		1.813313
			17073		1.730778
			22503		1.754413
			27074		1.829766
			31868		1.801876
			35963		1.836947
			47730		1.754413
			59016		1.778047
    9	 9988		    9		1.286931
   10	46648		   10		1.671314
			 7774		1.683616
   11	66060		   11		1.229522
			  380		1.177908
			  729		1.221401
			 1077		1.205693
			 2793		1.205693
			 3130		1.198068
			 4406		1.201542
			 4763		1.218736
			 5145		1.181865
			 5521		1.194907
			 5886		1.218736
			 6241		1.158425
			 6605		1.253157
			 6997		1.225552
			 7363		1.284466
			 7783		1.264594
			 8141		1.205693
			 8518		1.240959
			 8864		1.158230
			 9267		1.182059
			 9647		1.158230
			 9972		1.182059
			10339		1.158230
			10717		1.158230
			11097		1.201931
			11503		1.395455
			11894		1.229328
			12254		1.158230
			12666		1.182059
			13021		1.229328
			13370		1.205499
			13743		1.205693
			14131		1.229328
			14510		1.182059
			14887		1.178102
			15252		1.158230
			15622		1.205693
			15972		1.205693
			16325		1.178102
			16734		1.276985
			17070		1.158230
			17437		1.218736
			17800		1.173336
			18293		1.221401
			18643		1.221206
			18992		1.194907
			19357		1.181865
			19706		1.351754
			20081		1.130025
			20471		1.266199
			20882		1.153464
			21284		1.253157
			21639		1.245035
			22076		1.242370
			22495		1.205499
			22846		1.320297
			23183		1.276791
			23518		1.221206
			23982		1.134401
			24421		1.158230
			24841		1.300620
			25247		1.273015
			25578		1.197572
			25960		1.201542
			26334		1.225552
			26711		1.220994
			27093		1.182059
			27419		1.225371
			27795		1.249005
			28165		1.304486
			28586		1.266199
			28910		1.158036
			29407		1.300425
			29753		1.245230
			30158		1.221401
			30594		1.242370
			31017		1.158036
			31465		1.276791
			31841		1.218736
			32247		1.296468
			32623		1.276791
			32955		1.296650
			33286		1.276791
			33628		1.296468
			33970		1.273015
			34301		1.273015
			34622		1.296650
			34959		1.229328
			35316		1.296468
			35635		1.300425
			35953		1.253157
			36355		1.252962
			36690		1.252962
			37012		1.276791
			37363		1.320297
			37707		1.296048
			38074		1.221401
			38431		1.276791
			38839		1.273015
			39234		1.221206
			39667		1.218736
			40104		1.234443
			40534		1.197572
			40972		1.194907
			41390		1.171273
			41868		1.300620
			42180		1.252962
			42567		1.356520
			42929		1.229328
			43300		1.265515
			43660		1.252962
			44020		1.249187
			44378		1.252962
			44741		1.201737
			45105		1.273015
			45491		1.260442
			45884		1.296048
			46259		1.173336
			46630		1.266199
			46997		1.242370
			47352		1.229328
			47733		1.158230
			48097		1.240765
			48442		1.280106
			48788		1.253807
			49180		1.216936
			49512		1.256472
			49875		1.232838
			50214		1.217130
			50558		1.341357
			50923		1.217130
			51300		1.288033
			51632		1.201542
			52051		1.229133
			52511		1.240765
			52875		1.304486
			53278		1.266199
			53666		1.130025
			54064		1.197572
			54435		1.158230
			54813		1.252962
			55194		1.232838
			55516		1.201542
			55889		1.171273
			56306		1.249187
			56667		1.276700
			57037		1.252962
			58647		1.229328
			59000		1.266199
			59372		1.273015
			59693		1.229133
			60135		1.205499
			60852		1.221206
			61292		1.341552
			61719		1.201737
			63352		1.292498
   12	 7786		   12		1.703386
			 1095		1.747795
			 2789		1.806945
			 3127		1.826428
			 6237		1.775098
			 6610		1.679502
			 6970		1.703137
			 7368		1.679502
			 8130		1.755810
			 8503		1.751044
			 8876		1.731786
			 9261		1.644236
			 9625		1.731981
			 9977		1.755810
			10331		1.668065
			10715		1.644236
			11092		1.698565
			11890		1.679502
			12659		1.758330
			13017		1.616031
			13739		1.674931
			14133		1.674931
			14509		1.738458
			14884		1.718243
			15235		1.663914
			15621		1.806945
			15969		1.698565
			16323		1.746892
			16723		1.620602
			17098		1.731981
			25234		1.771429
			26344		1.635094
			26712		1.616031
			44754		1.644431
			47358		1.639665
			47736		1.727830
			52504		1.746473
			56316		1.679752
			59355		1.639665
			60511		1.576194
   13	 1104		   13		1.949648
   14	 1102		   14		1.865597
			 6622		1.544685
			 8498		1.818328
			 8866		1.690941
			 9265		1.695707
			 9620		1.719091
			10316		1.714520
			10708		1.730973
			11495		1.568320
			12644		1.710550
			14141		1.726402
			15238		1.769713
			15954		1.686120
			16719		1.671628
			17085		1.714575
			19724		1.667112
			20483		1.762233
			27065		1.758984
			31845		1.674683
			34952		1.608157
			35957		1.686120
			44768		1.603585
   15	 1103		   15		1.992540
			 2790		1.834142
			 6623		1.607962
			 8139		1.806642
			 8499		1.881800
			 8873		1.778047
			 9266		1.877034
			 9621		1.758734
			 9983		1.806642
			10338		1.754163
			10726		1.794250
			11099		1.749591
			11505		1.631791
			12258		1.797693
			12664		1.789678
			13015		1.666862
			13734		1.749591
			14130		1.789678
			14496		1.813313
			14879		1.749591
			15253		1.809356
			15950		1.725762
			16327		1.778047
			16720		1.758734
			17093		1.801681
			19703		1.754218
			20477		1.905434
			21285		1.896698
			27069		1.822455
			31861		1.738154
			34961		1.695263
			35958		1.750443
			42185		1.801876
			42569		1.758984
			44763		1.695263
			58252		1.655620
			60134		1.730778
   16	 3523		   16		1.401484
			 6614		1.505043
			 9251		1.533443
			 9622		1.441321
			10327		1.465150
			10723		1.382421
			11491		1.382227
			12662		1.464956
			15248		1.441321
			15601		1.465150
			15959		1.465150
			16716		1.441321
			22502		1.382421
			27079		1.481408
			29399		1.528427
			35956		1.441321
			59002		1.406055
			63702		1.596156
   17	   17		66918		1.159677
   18	   18		 1091		1.291308
			 2783		1.390295
			 8143		1.338966
			 9976		1.339160
			16324		1.310566
			44753		1.774678
			46628		1.659787
   19	   19		 1082		1.291308
			 2796		1.366661
			 8134		1.315332
			 9981		1.315332
			16334		1.310371
			44757		1.774873
			46638		1.683616
   20	   20		66957		1.136896
   21	   21		 1096		1.949648
			 2791		1.985164
			 6617		1.881356
			 6986		1.904990
			 7376		1.904990
			 7762		1.881356
			 8131		1.933834
			 8504		1.905434
			 8877		1.886177
			 9262		1.794055
			 9627		1.886566
			 9973		1.933834
			10323		1.798627
			10721		1.798627
			11500		1.758789
			11886		1.822455
			12660		1.817884
			14145		1.881800
			15250		1.849248
			15597		1.985164
			15971		1.817884
			16330		1.905240
			16706		1.798627
			17095		1.905240
			19710		1.857582
			20473		1.952703
			27064		1.886177
			31840		1.841518
			34948		1.817884
			44764		1.822455
			47737		1.882414
			59011		1.754218
   22	   22		 9978		1.881356
   23	   23		 9979		1.817884
			16336		1.817884
   24	   24		 3128		1.881356
			 5901		1.865736
			 6239		1.992540
			 8500		1.857721
			 9259		1.857721
			 9633		1.881356
			10319		1.881356
			10710		1.857721
			12277		1.857721
			12657		1.881550
			13360		1.881356
			15230		1.881356
			15611		1.857721
			16721		1.881356
			17083		1.921637
			19719		1.817884
			20077		1.876784
			20468		1.865347
			28153		1.817884
			34939		1.818079
			44745		1.818079
			48079		1.841713
			49197		1.817884
			49528		1.865736
			49877		1.865736
			50231		1.818079
			52508		1.841713
			52878		1.841713
			53272		1.841518
			54073		1.865542
			54442		1.841908
			54810		1.888981
			55189		1.865736
			55518		1.865736
   25	67740		   25		0.000000
			  387		0.000000
			  737		0.000000
			 1108		0.000000
			 1549		0.000000
			 2805		0.000000
			 3138		0.000000
			 3553		0.000000
			 4427		0.000000
			 4788		0.000000
			 5156		0.000000
			 5548		0.000000
			 5913		0.000000
			 6255		0.000000
			 6634		0.000000
			 7008		0.000000
			 7386		0.000000
			 7790		0.000000
			 8154		0.000000
			 8528		0.000000
			 8892		0.000000
			 9277		0.000000
			 9653		0.000000
			 9990		0.000000
			10350		0.000000
			10738		0.000000
			11110		0.000000
			11518		0.000000
			11904		0.000000
			12294		0.000000
			12675		0.000000
			13029		0.000000
			13401		0.000000
			13751		0.000000
			14154		0.000000
			14520		0.000000
			14894		0.000000
			15261		0.000000
			15630		0.000000
			15981		0.000000
			16344		0.000000
			16741		0.000000
			17108		0.000000
			17453		0.000000
			17837		0.000000
			18315		0.000000
			18665		0.000000
			19013		0.000000
			19380		0.000000
			19735		0.000000
			20094		0.000000
			20493		0.000000
			20893		0.000000
			21299		0.000000
			21658		0.000000
			22095		0.000000
			22512		0.000000
			22864		0.000000
			23200		0.000000
			23539		0.000000
			24001		0.000000
			24442		0.000000
			24861		0.000000
			25262		0.000000
			25594		0.000000
			25975		0.000000
			26358		0.000000
			26721		0.000000
			27101		0.000000
			27451		0.000000
			27817		0.000000
			28180		0.000000
			28594		0.000000
			28935		0.000000
			29417		0.000000
			29772		0.000000
			30177		0.000000
			30613		0.000000
			31034		0.000000
			31476		0.000000
			31878		0.000000
			32257		0.000000
			32631		0.000000
			32963		0.000000
			33292		0.000000
			33634		0.000000
			33976		0.000000
			34317		0.000000
			34638		0.000000
			34971		0.000000
			35333		0.000000
			35650		0.000000
			35973		0.000000
			36360		0.000000
			36695		0.000000
			37033		0.000000
			37378		0.000000
			37726		0.000000
			38082		0.000000
			38446		0.000000
			38855		0.000000
			39253		0.000000
			39693		0.000000
			40123		0.000000
			40551		0.000000
			40993		0.000000
			41411		0.000000
			41874		0.000000
			42209		0.000000
			42587		0.000000
			42944		0.000000
			43317		0.000000
			43675		0.000000
			44040		0.000000
			44396		0.000000
			44775		0.000000
			45131		0.000000
			45513		0.000000
			45900		0.000000
			46289		0.000000
			46650		0.000000
			47022		0.000000
			47375		0.000000
			47753		0.000000
			48102		0.000000
			48450		0.000000
			48813		0.000000
			49203		0.000000
			49533		0.000000
			49882		0.000000
			50237		0.000000
			50564		0.000000
			50931		0.000000
			51308		0.000000
			51666		0.000000
			52071		0.000000
			52525		0.000000
			52904		0.000000
			53295		0.000000
			53673		0.000000
			54091		0.000000
			54454		0.000000
			54821		0.000000
			55198		0.000000
			55544		0.000000
			55917		0.000000
			56329		0.000000
			56684		0.000000
			57066		0.000000
			57518		0.000000
			58270		0.000000
			58661		0.000000
			59030		0.000000
			59384		0.000000
			59711		0.000000
			60151		0.000000
			60539		0.000000
			60871		0.000000
			61312		0.000000
			61739		0.000000
			62239		0.000000
			63360		0.000000
			64644		0.000000
			66116		0.000000
			66606		0.000000
   26	41405		  352		1.413430
   27	30607		  353		1.354530
   28	 4425		  354		1.829321
			  701		1.829321
			 4758		1.794055
			 5115		1.853150
			 5517		1.794055
			 5882		1.817884
			17812		1.956958
			18295		1.845649
			18645		1.852955
			19005		1.852955
			19373		1.829321
			20861		1.853150
			38067		1.789484
			46258		1.789678
			48096		1.730584
			48431		1.730584
			48785		1.789484
			49172		1.789484
			49519		1.723278
			49858		1.789678
			50206		1.789484
			50546		1.813313
			50906		1.789678
			51278		1.813313
			51633		1.829571
			55184		1.785107
			55895		1.912550
   29	 4426		  355		1.770226
			  702		1.770226
			 4760		1.857527
			 5538		1.833698
			 5905		1.833698
			17803		1.952192
			18289		1.789484
			18639		1.789484
			18988		1.765655
			19353		1.789484
			31859		1.789734
			38049		1.730584
			39674		1.730584
			44761		1.881411
			47014		1.789484
			48074		1.789484
			48424		1.789484
			48793		1.730584
			49191		1.730584
			49510		1.789484
			49866		1.730584
			50225		1.730389
			50538		1.730584
			50917		1.730584
			51286		1.730389
			51651		1.794305
			52880		1.794305
			53276		1.857831
			54076		1.785958
			55182		1.726012
			55532		1.817939
   30	17445		  356		1.660386
			  703		1.707460
			 4399		1.636557
			 4755		1.695707
			 5129		1.596525
			 5514		1.636362
			 5879		1.612728
			18285		1.651650
			18635		1.651650
			18985		1.608157
			19350		1.655425
			20868		1.659997
			31871		1.612978
			38071		1.572891
			39669		1.549257
			40981		1.632041
			45500		1.802125
			46277		1.655675
			47001		1.549257
			48064		1.596525
			48445		1.616384
			48807		1.549257
			49200		1.596525
			49530		1.592750
			49879		1.616384
			50234		1.596525
			50534		1.549257
			50926		1.596525
			51303		1.549257
			51637		1.636612
			54069		1.656860
			55164		1.596525
			56673		1.591954
			57041		1.509419
   31	  734		  357		1.956958
			 5120		1.730528
			17810		1.853594
			18287		1.725957
			18637		1.725957
			18986		1.702128
			19351		1.702128
			20878		1.730528
			28150		1.773920
			38068		1.667057
			46260		1.667057
			46637		1.528872
			47010		1.667057
			48078		1.584328
			48781		1.643228
			49173		1.667057
			49853		1.667057
			50207		1.667057
			50550		1.666862
			50902		1.667057
			51273		1.667057
			51642		1.730778
			55177		1.662486
			55887		1.789928
   32	 5543		  358		1.608407
			  705		1.608407
			 4415		1.695707
			 4775		1.695707
			 5900		1.695707
			17444		1.691136
			18306		1.695707
			18656		1.695707
			19004		1.671878
			19371		1.671878
			20877		1.759178
			38061		1.695707
			39678		1.695707
			48429		1.695707
			48792		1.671878
			49531		1.695707
			49880		1.695707
			50539		1.671878
			51285		1.671878
   33	22093		  359		1.441830
   34	 4785		  360		1.730778
			  707		1.730778
			 5887		1.794250
			18297		1.726207
			18647		1.726402
			18997		1.726207
			19362		1.726207
			44760		1.857971
			46994		1.789678
			48082		1.730778
			48433		1.730973
			48797		1.730778
			49189		1.754413
			49520		1.730778
			49868		1.730778
			50223		1.754413
			50916		1.754802
			51290		1.730778
			51650		1.794694
			52510		1.858166
			52891		1.857971
			53277		1.834392
			54443		1.878274
			54808		1.818328
			55172		1.730778
			55536		1.834781
   35	 5546		  361		1.793805
			  719		1.793805
			 5895		1.730334
			17817		1.853400
			18286		1.784662
			18636		1.761028
			18983		1.784662
			19348		1.784662
			38050		1.706700
			44762		1.817884
			47003		1.725762
			48094		1.666862
			48420		1.730334
			48783		1.730334
			49192		1.690497
			49506		1.730334
			49854		1.730334
			50226		1.690497
			50560		1.730334
			50919		1.690497
			51274		1.730334
			51652		1.730584
			52053		1.818328
			52499		1.818079
			52882		1.794055
			53263		1.794110
			55188		1.666862
			55533		1.730584
			63346		1.838382
   36	25967		  362		1.413430
			54446		1.164115
			65433		1.258336
   37	  736		  363		1.833892
			 4411		1.706949
			 4771		1.824999
			 5123		1.706949
			 5525		1.706949
			 5891		1.706949
			20874		1.667307
			40963		1.707199
			46250		1.667307
			46990		1.726207
			49183		1.667307
			50217		1.667501
			50911		1.667307
			51626		1.789928
			56305		1.948326
   38	  732		  364		1.833892
			 4402		1.794250
			 4757		1.794250
			 5138		1.857721
			 5516		1.770421
			 5881		1.794250
			11497		1.623093
			17808		1.917316
			18309		1.853150
			18659		1.853150
			18995		1.829321
			19360		1.829321
			20872		1.789678
			27784		1.623093
			29406		1.646727
			40967		1.810313
			46274		1.794250
			47004		1.789678
			48069		1.706949
			48436		1.730778
			48800		1.706949
			49182		1.794250
			49522		1.730778
			49870		1.730778
			50216		1.794250
			50904		1.794250
			51293		1.730584
			51644		1.857971
			54437		1.854640
			54801		1.818134
			55174		1.730778
			55521		1.858415
			57052		1.622898
			61285		1.599264
			61711		1.646727
			63320		1.622898
   39	50562		  365		1.341357
			  712		1.317528
   40	23999		  366		1.441830
   41	27812		  367		1.397671
			  714		1.374232
			 4776		1.473024
			 5147		1.374037
			 5536		1.584153
			11493		1.282360
			17435		1.310760
			38075		1.310760
			39671		1.310760
			45501		1.579637
			46261		1.457016
			46998		1.374037
			48065		1.334394
			48438		1.358418
			48801		1.334589
			49193		1.310566
			49526		1.334394
			49874		1.334589
			50227		1.334200
			50547		1.358029
			50921		1.310566
			51294		1.358029
			55169		1.334394
			56670		1.393489
   42	55540		  368		1.291058
   43	 4787		  369		1.730778
			  716		1.730778
			 5124		1.754607
			 5535		1.766044
			 5892		1.766044
			18291		1.789678
			18641		1.789678
			19009		1.766044
			19377		1.789678
			19716		1.813952
			20867		1.690941
			31849		1.731028
			34945		1.877478
			38072		1.643672
			39670		1.667307
			46276		1.749841
			46991		1.702573
			48076		1.690941
			48428		1.660001
			48791		1.643672
			49186		1.749841
			49507		1.667307
			49855		1.683635
			50220		1.749841
			50537		1.667307
			51284		1.667307
			51656		1.731223
			52509		1.853594
			54070		1.727253
			55180		1.691136
   44	63358		  370		1.417807
   45	 5547		  371		1.956764
			 4408		1.956958
			 5880		1.730334
			20880		1.666862
			38069		1.666862
			48098		1.607962
			48786		1.643034
			49861		1.666862
			50556		1.643034
			51288		1.643034
			55191		1.662291
			55893		1.789734
   46	 4422		  372		1.970195
			 5529		1.743765
			 5894		1.719937
			20862		1.661036
			46634		1.541914
			46988		1.621394
   47	46285		  373		1.413430
			24424		1.675390
   48	 4421		  374		1.852955
			  721		1.829321
			 4764		1.912105
			 5119		1.794250
			 5515		1.852955
			 5877		1.852955
			18292		1.789678
			18642		1.789484
			18990		1.789484
			19355		1.789484
			20860		1.794250
			31860		1.789734
			38052		1.730584
			39675		1.730584
			40969		1.770476
			46252		1.754607
			46992		1.730584
			48075		1.789484
			48419		1.789484
			48794		1.730584
			49176		1.754607
			49505		1.789678
			49867		1.730778
			50210		1.754412
			50542		1.730584
			50913		1.754607
			51287		1.730584
			51641		1.770671
			54077		1.786153
			55166		1.726207
   49	 5155		  375		1.888666
			  710		1.948326
			 4769		1.878274
			17806		1.829960
			18301		1.725957
			18651		1.725957
			19000		1.749786
			19365		1.702323
			20866		1.706894
			46266		1.667252
			46995		1.690886
			49177		1.667057
			50211		1.667057
			50910		1.667057
			51643		1.730778
			55890		1.770671
   50	17448		  376		1.211578
			  723		1.164115
			 4419		1.227587
			 4782		1.251221
			 5128		1.275050
			 5541		1.227587
			 5908		1.227587
			18311		1.275050
			18661		1.247446
			19008		1.227587
			19376		1.251221
			20881		1.163921
			27792		1.619085
			38064		1.207803
			39681		1.164115
			45490		1.432992
			46278		1.187750
			47013		1.140286
			48068		1.235213
			48444		1.207803
			48806		1.164115
			49199		1.163921
			49529		1.235213
			49878		1.235213
			50233		1.187750
			50545		1.164115
			50925		1.163921
			51302		1.164115
			51627		1.135715
			55165		1.187750
			56678		1.235407
   51	17447		  377		1.573086
			  725		1.573086
			 4401		1.485785
			 4778		1.671878
			 5122		1.573086
			 5542		1.759179
			 5909		1.485785
			11501		1.528677
			18288		1.533248
			18638		1.533248
			18987		1.509614
			19352		1.509614
			27785		1.505043
			29401		1.528872
			38057		1.509614
			39672		1.485785
			40964		1.632236
			45502		1.802320
			46265		1.632236
			46983		1.573086
			48086		1.533248
			48435		1.533248
			48798		1.509614
			49190		1.557077
			49523		1.533443
			49871		1.557077
			50224		1.533248
			50557		1.509614
			50918		1.509614
			51291		1.533248
			54438		1.528872
			54811		1.481214
			55170		1.533248
			55531		1.481214
			56669		1.592343
			57038		1.509614
			61294		1.481214
			61714		1.528872
			63337		1.481214
   52	28927		  378		1.418001
   53	31021		  379		1.394367
   54	17449		  381		1.227587
			  730		1.227587
			 4418		1.227781
			 4781		1.227587
			 5540		1.203953
			 5907		1.203953
			18310		1.291573
			18660		1.223811
			19007		1.203953
			19375		1.227587
			20884		1.187944
			27791		1.595451
			38063		1.155769
			39680		1.159544
			45493		1.433187
			46269		1.207007
			46999		1.135910
			48067		1.183373
			48443		1.155769
			48805		1.135910
			49194		1.230836
			49516		1.179403
			49848		1.179403
			50228		1.207007
			50549		1.310566
			50924		1.207007
			51301		1.183373
			51625		1.159739
			55168		1.179403
			56671		1.246650
   55	28171		  382		1.291253
			19717		1.616797
			28588		1.314887
			55519		1.235407
   56	  383		  704		1.847129
			 4417		1.870958
			 4780		1.925537
			 5126		1.807487
			 5518		1.847129
			 5883		1.870958
			18294		1.802915
			18644		1.802915
			18991		1.802721
			19356		1.779087
			38055		1.807487
			40978		1.760079
			46254		1.744015
			48088		1.720186
			48427		1.807487
			48790		1.807487
			49185		1.744015
			49515		1.807487
			49864		1.807487
			50219		1.720186
			50544		1.807292
			50914		1.744015
			51281		1.807292
			51657		1.807737
			52048		1.871263
			55178		1.744015
			63344		1.915146
   57	  384		  706		1.810063
			 5112		1.833892
			 5897		1.770421
			17811		1.956958
			18308		1.829321
			18658		1.829321
			18994		1.829321
			19359		1.805492
			20865		1.706949
			40975		1.786484
			46272		1.770421
			48430		1.706949
			49175		1.770421
			49518		1.706949
			50209		1.746592
			50898		1.770421
			51631		1.834142
			52495		1.858166
			52884		1.857971
			53268		1.834142
			55891		1.770671
   58	  385		67050		1.136896
   59	  386		  717		1.847129
			 5125		1.847129
			17822		1.970195
			18290		1.802915
			18640		1.802915
			18989		1.802915
			19354		1.802915
			40977		1.847379
			46273		1.783658
			48066		1.744015
			48434		1.744015
			48799		1.744015
			49181		1.807487
			49521		1.744015
			49869		1.744015
			50215		1.783658
			50903		1.807487
			51292		1.743821
			51638		1.871208
			54433		1.867877
			54798		1.831371
			55173		1.744015
			55526		1.871653
			55898		1.831565
   60	41397		  699		1.413430
			65416		1.258531
   61	30601		  700		1.378359
			65418		1.305994
   62	22085		  708		1.418001
			64268		1.258531
   63	25965		  709		1.389796
			54071		1.187944
   64	41398		  711		1.394172
   65	23991		  713		1.441635
			65444		1.353847
   66	55538		  715		1.291058
   67	29415		  718		1.441830
			28567		1.489604
			37362		1.347305
			37702		1.331145
			45888		1.350823
   68	24428		  720		1.437064
			46262		1.194810
   69	 1541		  722		1.933129
			 4412		1.933324
			 4773		1.755653
			 5530		1.794500
			46625		1.528482
			63676		1.572327
   70	 1540		  724		1.956958
			 4413		1.933324
			 4774		1.731824
			 5532		1.794694
			46629		1.528677
			63677		1.572521
   71	 1539		  726		1.956764
			 4400		1.970195
			 4766		1.751683
			 5533		1.784102
			46627		1.548536
			63710		1.655852
   72	28920		  727		1.418001
			65415		1.234508
   73	31020		  728		1.418196
   74	28169		  731		1.338521
			19707		1.616797
			45878		1.354779
			55534		1.187944
   75	  733		 4416		1.834087
			 4772		1.857721
			 5539		1.857721
			 5906		1.857721
			38054		1.794250
			48077		1.730778
			48421		1.794250
			48789		1.794250
			49513		1.770616
			49863		1.794250
			50543		1.818079
			51275		1.817884
			52047		1.881855
			55190		1.730778
			63325		1.901909
   76	  735		67056		1.136896
   77	 3552		 1066		1.968906
			10326		1.441127
			21278		1.358592
			28568		1.549257
			64248		1.666493
   78	 3534		 1067		1.909811
			21272		1.358398
			35955		1.441127
			45879		1.592763
			59371		1.631421
   79	 3532		 1068		1.968711
			 9642		1.440932
			22501		1.358398
			41862		1.650040
			45887		1.549062
   80	 3531		 1069		1.909811
			12661		1.441127
			22491		1.358398
			37711		1.548867
			41863		1.650040
   81	15628		 1070		1.330951
			 2795		1.286487
			 6626		1.286487
			 6999		1.286487
			 7367		1.286487
			 7760		1.286487
			 8140		1.286487
			11896		1.227587
   82	 3529		 1071		1.992540
			15247		1.441127
			22492		1.382227
			37699		1.548867
			59013		1.591779
   83	 3524		 1072		1.968711
			16715		1.417493
			29390		1.485341
			63682		1.548692
   84	 3133		 1073		1.675691
			 6244		1.315137
			 7775		1.560800
			 9639		1.386338
			10324		1.457211
			12261		1.461587
			13375		1.275244
			20082		1.199381
			27072		1.286487
   85	 3527		 1074		1.910006
			15968		1.441127
			22506		1.358592
			37708		1.549257
			59019		1.626850
   86	 3526		 1075		1.910006
			15595		1.441127
			21279		1.358592
			37373		1.565417
			64272		1.749416
   87	60858		 1076		1.278494
   88	13396		 1078		1.545888
			 6990		1.569717
			 7372		1.682946
			 7772		1.565146
			11084		1.588780
			11873		1.668510
			13013		1.545694
			13724		1.564951
			14140		1.541317
			14503		1.541317
			15955		1.564757
			17092		1.692144
			19718		1.521865
			20466		1.593157
			25248		1.545694
			26325		1.692144
			26700		1.715533
			27425		1.521865
			28163		1.692144
			31843		1.569328
			34958		1.522059
			44766		1.521865
			47008		1.569328
			47361		1.692144
			48099		1.569717
			49196		1.545888
			49527		1.593351
			49876		1.613210
			50230		1.569717
			52498		1.691949
			52892		1.668315
			53269		1.545694
			54065		1.569523
			54436		1.569717
			54803		1.569523
			55193		1.593351
			55522		1.545694
			56299		1.623851
			58636		1.569523
			60529		1.692339
   89	 3533		 1079		1.968711
			 9255		1.441321
			22496		1.358398
			28580		1.525428
			63680		1.572327
   90	 3530		 1080		1.945077
			 8508		1.358398
			22493		1.334764
			28573		1.485535
			63679		1.572521
   91	21297		 1081		1.854603
   92	60534		 1083		1.520487
			 6996		1.496853
			 7366		1.496853
			 7770		1.496853
			11091		1.496853
			11880		1.496853
			13729		1.496853
			26343		1.473024
			26708		1.473024
			56312		1.496853
   93	 3132		 1084		1.668411
			 6235		1.328374
			 7779		1.577154
			 9640		1.358553
			10325		1.449541
			12270		1.454113
			13376		1.223630
			20079		1.188789
			27076		1.279012
   94	44774		 1085		1.774873
   95	61722		 1086		1.576583
   96	25261		 1087		1.541122
			13389		1.541122
			20469		1.791326
			27428		1.711401
			28569		1.731981
			29393		1.703581
			31451		1.687323
			31857		1.751239
			32244		1.727604
			32620		1.663494
			32952		1.687323
			33283		1.663494
			33625		1.663494
			33967		1.663688
			34308		1.663688
			34629		1.687323
			35325		1.687323
			35643		1.663688
			36354		1.711152
			36689		1.663494
			37021		1.687323
			37365		1.764495
			37700		1.732176
			38421		1.743668
			38821		1.762926
			45889		1.779700
			47364		1.600022
			56301		1.536551
			58648		1.663744
			59365		1.600217
			63706		1.739607
   97	28179		 1088		1.652094
			17091		1.774521
			17440		1.647523
			17809		1.647523
			19369		1.675923
			19704		1.798350
			20876		1.647523
			25579		1.675923
			25962		1.652094
			27433		1.652094
			38051		1.675923
			44744		1.628266
			47012		1.652094
			48080		1.675923
			49195		1.652094
			49525		1.675923
			49873		1.699752
			50229		1.675923
			51295		1.675729
			51653		1.652094
			52054		1.671157
			52506		1.687166
			52876		1.750887
			53270		1.628266
			54072		1.675923
			54441		1.675923
			54799		1.675729
			55192		1.675923
			55530		1.652094
			59361		1.675729
			60136		1.652094
			63326		1.675729
   98	59704		 1089		1.254470
   99	 3528		 1090		1.992540
			22498		1.382227
			27078		1.441127
			37697		1.549062
			64274		1.749222
  100	14147		 1092		1.453961
  101	 3525		 1093		1.968906
			16733		1.358592
			27090		1.481214
			37705		1.549257
			59346		1.626850
  102	56324		 1094		1.679752
			 6995		1.655923
			 7365		1.655923
			 7764		1.679752
			11090		1.679558
			11879		1.679752
			13728		1.655923
			26342		1.655923
			26688		1.655923
  103	 6629		 1097		1.854408
			 8507		1.512722
			 9256		1.635344
			11489		1.536551
			12280		1.413929
			27437		1.560380
			59005		1.409358
  104	 1098		11892		1.286682
			25249		1.354974
			59363		1.520487
			65440		1.473344
  105	 1099		 7353		1.763752
			26690		1.648493
			52507		1.388723
			56307		1.342902
			59366		1.520293
			63691		1.362795
  106	 1100		 5114		1.291253
  107	 1101		40980		1.315137
  108	 1106		16329		1.905434
  109	 1107		 7359		1.787386
			11893		1.286682
			13019		1.644959
			25236		1.354974
			26689		1.664821
			52505		1.365089
			59364		1.223210
			63708		1.315332
  110	66096		 1439		1.269942
			62141		1.259350
  111	66594		 1440		1.273912
			62142		1.255885
  112	66602		 1441		1.250083
			62143		1.228086
  113	66593		 1442		1.250083
			62144		1.250083
  114	66601		 1443		1.259545
			62145		1.215173
  115	66592		 1444		1.242777
			62146		1.208396
  116	66106		 1445		1.250083
			62147		1.269955
  117	66600		 1446		1.226254
			62148		1.195146
  118	66591		 1447		1.226254
			62149		1.195146
  119	66599		 1448		1.266167
			62150		1.215896
  120	66590		 1449		1.250083
			62151		1.218975
  121	66605		 1450		1.259545
			62152		1.211474
  122	66069		 1451		1.220564
			57045		1.367014
  123	66063		 1452		1.257475
			57044		1.342991
  124	67380		 1453		1.189429
  125	67620		 1454		1.205563
  126	67731		 1455		1.226301
  127	67734		 1456		1.244393
  128	67377		 1457		1.240047
  129	67350		 1458		1.216594
  130	67362		 1459		1.213063
  131	67374		 1460		1.189429
  132	67386		 1461		1.205563
  133	67395		 1462		1.213258
  134	67410		 1463		1.149272
  135	67434		 1464		1.236724
  136	67479		 1465		1.213063
  137	67524		 1466		1.213063
  138	67572		 1467		1.186338
  139	67617		 1468		1.205563
  140	67665		 1469		1.165600
  141	67689		 1470		1.244588
  142	67710		 1471		1.216594
  143	67728		 1472		1.233801
  144	67353		 1473		1.213063
  145	67365		 1474		1.243068
  146	67398		 1475		1.169131
  147	67413		 1476		1.169131
  148	67338		 1477		1.149272
  149	67344		 1478		1.237087
  150	67347		 1479		1.220564
  151	67356		 1480		1.213063
  152	67359		 1481		1.173101
  153	67527		 1482		1.205563
  154	66597		 1483		0.000000
			 1484		0.000000
			 1485		0.000000
			 1486		0.000000
			 1487		0.000000
			 1488		0.000000
			 1489		0.000000
			 1490		0.000000
			 1491		0.000000
			 1492		0.000000
			 1493		0.000000
			 1494		0.000000
			 1495		0.000000
			 1496		0.000000
			 1497		0.000000
			 1498		0.000000
			 1499		0.000000
			 1500		0.000000
			 1501		0.000000
			 1502		0.000000
			 1503		0.000000
			 1504		0.000000
			 1505		0.000000
			 1506		0.000000
			 1507		0.000000
			 1508		0.000000
			 1509		0.000000
			 1510		0.000000
			 1511		0.000000
			 1512		0.000000
			 1513		0.000000
			 1514		0.000000
			 1516		0.000000
			 3487		0.000000
			 3488		0.000000
			 3489		0.000000
			 3490		0.000000
			 3491		0.000000
			 3492		0.000000
			 3493		0.000000
			 3494		0.000000
			 3495		0.000000
			 3496		0.000000
			 3497		0.000000
			 3498		0.000000
			 3499		0.000000
			 3500		0.000000
			 3501		0.000000
			 3502		0.000000
			 3503		0.000000
			 3504		0.000000
			 3505		0.000000
			 3506		0.000000
			 3507		0.000000
			 3508		0.000000
			 3509		0.000000
			 3510		0.000000
			 3511		0.000000
			 3512		0.000000
			 3513		0.000000
			 3514		0.000000
			 3515		0.000000
			 3516		0.000000
			 3517		0.000000
			 3518		0.000000
			 3520		0.000000
			57452		0.000000
			57453		0.000000
			57454		0.000000
			57455		0.000000
			57456		0.000000
			57457		0.000000
			57458		0.000000
			57459		0.000000
			57460		0.000000
			57461		0.000000
			57462		0.000000
			57463		0.000000
			57464		0.000000
			57465		0.000000
			57466		0.000000
			57467		0.000000
			57468		0.000000
			57469		0.000000
			57470		0.000000
			57471		0.000000
			57472		0.000000
			57473		0.000000
			57474		0.000000
			57475		0.000000
			57476		0.000000
			57477		0.000000
			57478		0.000000
			57479		0.000000
			57480		0.000000
			57481		0.000000
			57482		0.000000
			57483		0.000000
			57485		0.000000
			62181		0.000000
			62182		0.000000
			62183		0.000000
			62184		0.000000
			62185		0.000000
			62186		0.000000
			62187		0.000000
			62188		0.000000
			62189		0.000000
			62190		0.000000
			62191		0.000000
			62192		0.000000
			62193		0.000000
			62194		0.000000
			62195		0.000000
			62196		0.000000
			62197		0.000000
			62198		0.000000
			62199		0.000000
			62200		0.000000
			62201		0.000000
			62202		0.000000
			62203		0.000000
			62204		0.000000
			62205		0.000000
			62206		0.000000
			62207		0.000000
			62208		0.000000
			62210		0.000000
			64584		0.000000
			64585		0.000000
			64586		0.000000
			64587		0.000000
			64588		0.000000
			64589		0.000000
			64590		0.000000
			64591		0.000000
			64592		0.000000
			64593		0.000000
			64594		0.000000
			64595		0.000000
			64596		0.000000
			64597		0.000000
			64598		0.000000
			64599		0.000000
			64600		0.000000
			64601		0.000000
			64602		0.000000
			64603		0.000000
			64604		0.000000
			64605		0.000000
			64606		0.000000
			64607		0.000000
			64608		0.000000
			64609		0.000000
			64610		0.000000
			64611		0.000000
			64612		0.000000
			64614		0.000000
  155	57059		 1515		1.367014
			62209		1.356462
  156	 1517		17434		1.802320
			27789		1.778297
			63966		1.674119
  157	 1518		17442		1.795014
			27788		1.794820
			63683		1.735050
  158	 1519		17433		1.798545
			27801		1.798350
			63681		1.793950
  159	 1520		63678		1.753598
  160	 1521		63323		1.714150
  161	 1522		59350		1.773495
  162	 1523		63978		1.709579
  163	 1524		63961		1.674313
  164	 1525		63704		1.652321
  165	 1526		63695		1.753793
  166	 1527		63987		1.817514
  167	 1528		63345		1.718527
  168	 1529		63343		1.718527
  169	 1530		63685		1.718527
  170	 1531		63960		1.674119
  171	 1532		63965		1.733019
  172	 1533		63955		1.670343
  173	 1534		64250		1.626850
  174	 1535		63989		1.817514
  175	 1536		 5135		1.948131
			 5522		1.933324
			64241		1.591779
  176	 1537		 5134		1.948326
			 5520		1.933324
			63968		1.817904
  177	 1538		 5133		1.948131
			 5519		1.933324
			63333		1.718722
  178	 1542		 5146		1.948131
			 5528		1.956958
			63340		1.718527
  179	 1543		49524		1.353826
			63977		1.709190
  180	 1544		49872		1.349856
			63332		1.718916
  181	 1545		18300		1.322692
			63342		1.655056
  182	 1546		57036		1.420954
			63957		1.670149
  183	 1547		18650		1.346520
			63338		1.676345
  184	 1548		 5144		1.948326
			 5527		1.933324
			64243		1.567950
  185	 7006		 2781		1.286682
			13020		1.581487
			14499		1.135910
			26694		1.581051
  186	26717		 2782		1.286487
			11078		1.767527
			11885		1.164115
			13022		1.581293
			60527		1.262908
  187	 9651		 2784		1.310316
			28147		1.163921
  188	 6630		 2785		1.286487
			 5899		1.259236
			 6985		1.286487
			 7370		1.286487
			 7761		1.286487
			 8138		1.286487
			 8509		1.251416
			 8871		1.333950
			 9245		1.286737
			 9637		1.275050
			10341		1.275050
			11494		1.373842
			11878		1.203953
			12645		1.334200
			14138		1.453767
			15244		1.381858
			15603		1.413929
			15967		1.286931
			16724		1.251416
			27067		1.314942
			28164		1.164115
			34957		1.350208
			44751		1.199381
			52493		1.140481
			52887		1.187944
  189	 9985		 2786		1.881605
			 6612		1.881605
			 6982		1.857776
			 7357		1.857776
			 7776		1.857776
			 8145		1.857776
			11079		1.857776
			11876		1.881605
			13009		1.881605
			13727		1.877635
			14136		1.886177
			14495		1.881605
			14881		1.881605
			15961		1.881605
			16326		1.857776
			48092		1.933834
  190	12671		 2787		1.286487
  191	15624		 2788		1.984969
			 8147		1.881605
  192	 8152		 2794		1.862348
			 6613		1.886371
			 6994		1.886177
			 7782		1.862542
			 9975		1.862348
			11094		1.886177
			11895		1.862542
			12276		1.910006
			13018		1.862542
			13740		1.886371
			14142		1.862542
			14508		1.862348
			14874		1.862348
			15970		1.886371
			16333		1.862348
			44746		1.910006
  193	 8148		 2797		1.881605
			 6606		1.881605
			 6972		1.857776
			 7364		1.857776
			 7777		1.857776
			 9982		1.862348
			11087		1.857776
			11874		1.857776
			13010		1.881605
			13731		1.857776
			14137		1.886177
			14497		1.881605
			14882		1.881605
			15957		1.881605
			16337		1.857776
			48090		1.933834
  194	15625		 2798		1.985164
			 8146		1.857971
  195	 2799		 8136		1.985164
  196	 2800		67329		1.163816
  197	 2801		 6621		1.862348
			 6993		1.886177
			 7374		1.886177
			 7781		1.886177
			 8137		1.886177
			11076		1.886177
			11877		1.945077
			12269		1.945077
			13008		1.921248
			13738		1.886177
			14144		1.921248
			14511		1.921248
			14876		1.921248
			15953		1.862348
			16331		1.886177
			44747		1.886177
  198	 2802		67332		1.113261
  199	 2803		 6608		1.945077
			 6974		1.921443
			 7354		1.945077
			 7763		1.945077
			 8133		1.921443
			11085		1.945077
			11891		1.886177
			12257		1.886177
			12653		1.985164
			13012		1.886177
			13726		1.945077
			14143		1.945077
			14502		1.984969
			14880		1.945077
			15963		1.921443
  200	 2804		 8144		1.984969
  201	47748		 3120		1.882414
  202	 9650		 3121		1.342734
			27070		1.350208
			47744		1.386338
  203	19734		 3122		1.247264
  204	19733		 3123		1.857582
  205	12287		 3124		1.350403
			 9628		1.390490
			13377		1.350403
			20088		1.335240
			27094		1.263102
			47747		1.386338
  206	 7001		 3125		1.703386
			 6232		1.652057
			 7767		1.826428
			 8514		1.647680
			 8870		1.604594
			 9252		1.540872
			 9643		1.604788
			10335		1.540872
			10729		1.540872
			12651		1.517044
			15234		1.540872
			15604		1.517044
			16714		1.540872
			17078		1.604788
			47731		1.600637
  207	20491		 3126		1.952703
  208	12286		 3129		1.286931
			 6240		1.461782
			 8513		1.433576
			 8869		1.390490
			 9268		1.326769
			 9645		1.350403
			10330		1.350597
			10720		1.326769
			12667		1.350597
			15233		1.350403
			15623		1.326769
			16736		1.350403
			17094		1.390684
  209	20492		 3131		1.275050
  210	 3135		65739		1.258483
  211	 3136		53665		1.225486
  212	 3137		 6236		1.712667
			 8510		1.786535
			 9638		1.758749
			10332		1.786535
			12266		1.775943
			13392		1.786535
			15600		1.786535
			16709		1.810364
			20086		1.747738
			27086		1.826428
			48070		1.770721
  213	60148		 3449		1.250278
			58247		1.377481
			64549		1.250278
  214	60144		 3450		1.226449
			58251		1.353847
			64550		1.235716
  215	58261		 3451		1.273717
			64551		1.273912
  216	24432		 3452		1.273912
			58255		1.306383
			64552		1.287149
  217	58266		 3453		1.226254
			64553		1.309905
  218	58265		 3454		1.337340
			64554		1.317600
  219	58625		 3455		1.264070
			12263		1.750207
  220	58628		 3456		1.355090
			24416		1.658914
  221	66798		 3457		1.244393
			24427		1.177488
  222	58604		 3458		1.236529
			23985		1.686680
  223	58607		 3459		1.260358
			58257		1.726572
  224	58230		 3460		1.244393
			24415		1.731144
  225	58601		 3461		1.263876
			23984		1.686680
  226	58610		 3462		1.264070
			58259		1.713335
  227	58613		 3463		1.260527
			58250		1.713335
  228	58233		 3464		1.260527
			24422		1.734430
  229	58236		 3465		1.284382
			24426		1.731338
  230	58239		 3466		1.257630
			24417		1.731338
  231	58616		 3467		1.236918
			23979		1.686680
  232	58242		 3468		1.287510
			24425		1.731144
  233	67485		 3469		1.257630
  234	67491		 3470		1.236529
  235	67494		 3471		1.240423
  236	67503		 3472		1.220564
  237	67506		 3473		1.220369
  238	67512		 3474		1.216789
  239	67515		 3475		1.240241
  240	67530		 3476		1.213258
  241	67533		 3477		1.233801
  242	67539		 3478		1.213258
  243	67542		 3479		1.220564
  244	67551		 3480		1.216594
  245	67554		 3481		1.240436
  246	67560		 3482		1.216594
  247	67563		 3483		1.213258
  248	67575		 3484		1.240423
  249	67578		 3485		1.257435
  250	58598		 3486		1.304704
			58258		1.726572
  251	12289		 3519		1.356617
			 5136		1.337564
			17801		1.559173
			23975		1.774230
			24418		1.770487
			46263		1.436552
			58245		1.412528
			60843		1.380863
			64613		1.404080
  252	 3521		23181		1.469527
			41843		1.650234
  253	 3522		25237		1.620549
			59351		1.674313
  254	 3535		35322		1.499832
			42197		1.441127
			59373		1.655056
  255	 3536		32616		1.528232
			43310		1.504848
			44030		1.406055
			59357		1.655056
  256	 3537		38414		1.603641
			59375		1.773495
  257	 3538		32948		1.504404
			42183		1.417298
			44029		1.358398
			45115		1.650679
  258	 3539		34631		1.523856
			42186		1.417493
			43667		1.382421
			59349		1.725837
  259	 3540		37028		1.504404
			44033		1.460986
			59344		1.725837
  260	 3541		38831		1.604030
			43659		1.382227
			63341		1.655445
  261	 3542		31461		1.528427
			44031		1.481214
			44381		1.382227
			63329		1.679079
  262	 3543		34310		1.523661
			41861		1.650234
			42198		1.464956
			43662		1.429690
  263	 3544		38829		1.544685
			44377		1.358592
			63348		1.679079
  264	 3545		38823		1.539919
			59354		1.650484
  265	 3546		33279		1.504404
			44023		1.441127
			59362		1.650484
  266	 3547		33968		1.500027
			43655		1.441127
			64259		1.591779
  267	 3548		36679		1.528232
			44390		1.441127
			64258		1.567950
  268	 3549		38420		1.563554
			43668		1.382227
			64255		1.607398
  269	 3550		36681		1.552256
			44389		1.488590
			64247		1.666298
  270	 3551		33626		1.524050
			43658		1.465150
			64245		1.666493
  271	28930		 4395		1.413430
			65420		1.234508
  272	41408		 4396		1.354530
			65411		1.305994
  273	24437		 4397		1.437453
			46281		1.266296
  274	11513		 4398		1.378359
			27803		1.687992
  275	52523		 4403		1.853594
  276	40987		 4404		1.453517
  277	28175		 4405		1.394367
			25953		1.699556
			54068		1.164310
			65414		1.239274
  278	39690		 4407		1.453322
  279	31030		 4409		1.418001
  280	24854		 4410		1.314692
  281	30610		 4414		1.418001
			65447		1.282165
  282	52521		 4420		1.858166
  283	 4423		67062		1.160530
  284	 4424		 4759		1.829321
  285	25974		 4751		1.418001
			60129		1.305550
  286	41401		 4752		1.378164
			55901		1.242273
  287	30612		 4753		1.441830
			53280		1.218444
  288	61731		 4754		1.378359
  289	31033		 4756		1.418001
			61298		1.305994
  290	31031		 4761		1.472580
			65441		1.298174
  291	24438		 4762		1.472775
  292	17829		 4765		1.970195
  293	52896		 4767		1.291253
			19715		1.640431
			37361		1.370939
  294	53288		 4768		1.834142
  295	34963		 4770		1.496409
			55520		1.187944
  296	55537		 4777		1.385474
  297	27809		 4779		1.374037
			 5130		1.346536
			11492		1.159544
			56672		1.318136
  298	56328		 4783		1.948326
  299	 4784		17438		1.970195
  300	 4786		67038		1.139366
  301	17823		 5113		1.413430
			25955		1.699556
			27422		1.235407
			55195		1.164115
			65421		1.263103
  302	45506		 5116		1.632236
			17443		1.627664
			48083		1.714770
			48414		1.738599
			48776		1.714770
			49178		1.690941
			49500		1.714965
			49852		1.714965
			50212		1.714770
			50540		1.714770
			50901		1.714770
			51268		1.691136
			55179		1.714965
			56675		1.802320
			61274		1.755052
  303	45512		 5117		1.632236
			48084		1.691136
			48418		1.710994
			48780		1.691136
			49179		1.690941
			49504		1.710994
			49859		1.710994
			50213		1.714770
			50548		1.691136
			50907		1.690941
			51272		1.691136
			55175		1.714770
			56668		1.778491
			61275		1.731028
  304	44769		 5118		1.881411
  305	27815		 5121		1.442025
  306	60864		 5127		1.207007
  307	44770		 5131		1.338521
			19708		1.675502
  308	31023		 5132		1.354724
			65438		1.298174
  309	58268		 5137		1.380958
			17814		1.626395
  310	24440		 5139		1.265689
			46282		1.364870
			58249		1.341042
  311	56681		 5140		1.164310
  312	41404		 5141		1.282165
			17819		1.503969
			65740		1.452250
  313	28933		 5142		1.218444
			17816		1.440053
			65756		1.364700
  314	61724		 5143		1.159544
  315	 5148		17815		1.333495
			28906		1.682502
  316	 5149		50899		1.251416
  317	 5150		49170		1.227781
  318	 5151		67077		1.143531
  319	 5152		17818		1.357713
			41388		1.635039
  320	 5153		24413		1.675585
  321	 5154		17799		1.381153
			23972		1.702962
  322	40992		 5510		1.389796
  323	55906		 5511		1.354530
			41382		1.512472
  324	39689		 5512		1.413430
			31863		1.159544
			39237		1.338081
  325	57060		 5513		1.354530
  326	60141		 5523		1.441830
			25954		1.596442
  327	52070		 5524		1.441830
			29752		1.345582
  328	52901		 5526		1.857971
  329	59707		 5531		1.418001
			30161		1.321808
  330	52900		 5534		1.349958
			19712		1.675697
  331	22083		 5537		1.183178
			20465		1.306189
			22847		1.227587
			23188		1.751044
			24842		1.203758
			28583		1.291308
			29402		1.262635
			31466		1.286737
			31870		1.227587
			32248		1.227587
			32624		1.251416
			32956		1.227587
			33287		1.251416
			33629		1.247264
			33971		1.227587
			34311		1.262908
			34632		1.279068
			35318		1.279682
			35641		1.267479
			36341		1.227587
			36676		1.251416
			37016		1.227587
			37357		1.283834
			37712		1.243845
			41392		1.658478
			66081		1.251887
  332	 5544		50204		1.251221
  333	 5545		67023		1.140182
  334	39686		 5875		1.389601
  335	55908		 5876		1.354530
			41393		1.512472
  336	61303		 5878		1.330895
  337	52058		 5884		1.354724
			21644		1.385724
  338	60866		 5885		1.401993
			23520		1.386075
			48802		1.265907
  339	60146		 5888		1.441830
			25964		1.596442
  340	61301		 5889		1.394367
			31016		1.472775
  341	28921		 5890		1.314692
  342	54090		 5893		1.354724
  343	53284		 5896		1.418196
			30595		1.473024
  344	16739		 5898		1.211578
			 6984		1.310121
  345	17106		 5902		1.905240
			28166		1.881605
			31846		1.905240
			34960		1.881800
			44752		1.881800
			47011		1.905240
			52497		1.881800
			52885		1.881605
  346	52895		 5903		1.750887
  347	40991		 5904		1.515721
  348	 5910		19702		1.723160
			29391		1.314887
			54081		1.164115
  349	 5911		40976		1.449140
  350	 5912		67032		1.140182
  351	 8525		 6233		1.862348
			 8875		1.838714
			 9250		1.834142
			 9624		1.857776
			10321		1.857776
			10713		1.834142
			11488		1.885982
			12649		1.857971
			15241		1.857776
			15609		1.834142
			15964		1.834142
			16711		1.857776
			19722		1.857776
			20481		1.905434
			53660		1.857776
  352	13400		 6234		1.306790
  353	12292		 6238		1.347437
  354	27099		 6242		1.881605
			 9629		1.886177
  355	15259		 6243		1.849248
  356	 6245		20085		1.212618
  357	 6246		20084		1.199381
  358	 6247		20078		1.212618
  359	 6248		20087		1.199381
  360	 6249		20080		1.212618
  361	 6250		12256		1.177352
  362	 6251		13385		1.159964
  363	 6252		 8506		1.940506
			 8882		1.945077
			 9257		1.940506
			 9632		1.940506
			10328		1.940506
			10718		1.940506
			11487		1.992540
			12655		1.940506
			15242		1.940506
			15610		1.940506
			15965		1.940506
			16718		1.964140
			19723		1.964140
			20482		1.987774
  364	 6253		15236		1.220281
  365	 6254		 9646		1.240824
  366	 8522		 6607		1.512722
  367	11507		 6609		1.326574
			 9263		1.453572
			13379		1.326379
			17079		1.350208
			31847		1.326574
			44756		1.326574
			47732		1.350208
			59008		1.302745
  368	22511		 6611		1.795453
			16727		1.286487
			21276		1.600412
			35949		1.321753
			60133		1.302940
  369	13749		 6615		1.262853
			 6991		1.723665
			26337		1.402459
			26696		1.239875
  370	15627		 6616		1.286487
			52886		1.211578
  371	21298		 6619		1.854408
  372	21294		 6625		1.854408
			16726		1.321808
			22497		1.326379
			60138		1.361895
  373	 6627		 8519		1.286737
			11490		1.413929
			12264		1.164115
			31019		1.583904
			65442		1.345442
  374	 6628		44748		1.751044
  375	 6631		 8516		1.877034
			21275		1.853400
			22499		1.853205
  376	 6632		67314		1.143517
  377	 6633		 9248		1.576194
			13373		1.472830
			17076		1.472635
			21283		1.821631
			31869		1.496658
			47735		1.472635
			59014		1.449001
  378	47369		 6971		1.692144
  379	60538		 6973		1.692339
  380	13745		 6975		1.739127
			47357		1.297979
  381	56326		 6976		1.727635
			26345		1.521300
			26695		1.295245
			60509		1.357199
  382	26354		 6977		1.640335
  383	11100		 6978		1.826428
  384	 7377		 6979		1.822652
  385	56322		 6980		1.703806
			13737		1.135715
			26346		1.382600
			26697		1.243650
			60518		1.439734
  386	 7379		 6981		1.668510
			11096		1.668510
  387	11897		 6983		1.159739
			 7358		1.159739
			11095		1.159739
			13744		1.159739
			26333		1.159739
			26687		1.159739
			56296		1.286931
			60515		1.369466
  388	26353		 6987		1.640529
			56310		1.413680
			60512		1.399966
  389	13393		 6988		1.501424
			 7373		1.591019
			11098		1.501424
			11882		1.576583
			25238		1.501424
			26350		1.623851
			26703		1.536690
			27426		1.477596
			47351		1.624046
			52512		1.619475
			56302		1.532119
			58631		1.477596
			61717		1.576583
  390	60535		 6989		1.668510
  391	28168		 6992		1.692144
  392	56327		 6998		1.703806
			 8132		1.286487
			11074		1.258337
			13742		1.312415
			26335		1.504972
			26705		1.302550
  393	 7000		26704		1.581051
			56304		1.409710
			60516		1.365301
  394	 7002		26328		1.282517
			56308		1.346238
			60525		1.360730
  395	 7003		60521		1.341667
  396	 7004		60523		1.317838
  397	 7005		67308		1.132926
  398	 7007		13725		1.155574
			26327		1.258883
  399	11903		 7355		1.763752
			13006		1.621130
			26699		1.624859
			63697		1.338966
  400	11899		 7356		1.787581
			26709		1.648687
			56300		1.409303
			59370		1.520293
			63698		1.338771
  401	34968		 7360		1.310316
  402	26720		 7361		1.822652
			26326		1.462400
			56298		1.406179
			60508		1.361771
  403	66849		 7362		1.126055
  404	 9986		 7369		1.287126
			 7784		1.263297
			16335		1.263102
  405	26352		 7371		1.604029
			60519		1.664821
  406	16343		 7375		1.905240
			 7780		1.905240
  407	 7378		13386		1.461587
			34944		1.187944
  408	 7380		26713		1.318033
  409	 7381		67311		1.096054
  410	 7382		11073		1.434842
			15615		1.390101
			26341		1.446072
			26698		1.361451
			60532		1.239274
  411	 7383		58639		1.668510
  412	 7384		26331		1.262658
			56318		1.385279
			60528		1.340871
  413	 7385		13736		1.214474
			26330		1.282517
			60531		1.282767
  414	10345		 7765		1.286487
			52496		1.187944
  415	56325		 7766		1.536971
  416	27811		 7768		1.746892
			13361		1.647240
			25235		1.723228
			56309		1.496658
  417	15976		 7769		1.286487
  418	52522		 7771		1.746473
  419	59377		 7773		1.159544
			11889		1.286487
			25245		1.330951
			65425		1.473344
  420	13748		 7778		1.286487
			15952		1.159544
			26347		1.382600
			26706		1.243650
  421	 7785		66915		1.139818
  422	 7787		67317		1.167346
  423	 7788		11077		1.743699
			26692		1.644523
			52501		1.388723
			56317		1.405138
			59367		1.520293
			63688		1.338966
  424	 7789		11088		1.767527
			11875		1.286487
			13016		1.644764
			25250		1.378608
			26691		1.624859
			52515		1.388723
			59358		1.211773
			63692		1.362600
  425	27098		 8135		1.310316
			28144		1.211773
  426	66894		 8142		1.143067
  427	 8150		67320		1.119689
  428	 8151		67326		1.123659
  429	 8153		67323		1.136896
  430	15255		 8496		1.291253
			10707		1.394811
			14504		1.322003
			14886		1.164310
			27091		1.331145
  431	10344		 8497		1.457211
			 8879		1.414124
			 9260		1.350597
			 9644		1.326769
			10719		1.350597
			12658		1.326769
			15231		1.326769
			15612		1.350403
			16722		1.374232
			17097		1.414319
			27081		1.350597
  432	12669		 8501		1.291058
			 9619		1.287101
			10340		1.537110
			10712		1.409303
			27085		1.227587
  433	12668		 8502		1.267424
			10320		1.430133
			10706		1.394811
			14506		1.199381
			15239		1.318046
			27084		1.203953
  434	 9270		 8505		1.794055
			 9631		1.817884
			10317		1.794055
			12643		1.817884
			15254		1.794055
			15602		1.817884
			15973		1.817884
			16729		1.794055
			27071		1.817884
			34941		1.817884
			35948		1.817884
  435	 9273		 8511		1.390045
			10714		1.508096
			12648		1.263102
  436	12293		 8512		1.414319
			 8872		1.374232
			17087		1.326769
			47742		1.374232
  437	 9649		 8515		1.886566
			 8881		1.886566
			 9264		1.862737
			10336		1.882414
			10725		1.862737
			12259		1.862737
			12663		1.882414
			13391		1.886566
			15229		1.858586
			15620		1.886566
			15966		1.886566
			16730		1.886566
			17074		1.886566
			20083		1.854014
			27082		1.862737
			47727		1.886566
			53662		1.877843
  438	15629		 8520		1.481019
			 9246		1.481019
			 9618		1.504653
			10315		1.504848
			12646		1.504653
			15240		1.504653
			15962		1.481019
			16728		1.504653
			27077		1.481019
			34956		1.504653
			35962		1.528482
  439	 8521		15616		1.390101
			28143		1.187750
  440	 8523		 9247		1.862348
			 9641		1.862542
			10337		1.838714
			10728		1.862542
			12647		1.838714
			15246		1.862542
			15599		1.838519
			15974		1.838519
			16708		1.838519
  441	 8524		53664		1.155587
  442	 8526		65735		1.258483
  443	 8527		 8878		1.857971
			 9634		1.881800
			10333		1.817884
			15605		1.794250
			16710		1.817884
			17077		1.794250
			27066		1.857971
			47745		1.877648
  444	17107		 8865		1.286737
  445	59025		 8867		1.350403
  446	12283		 8868		1.302940
			13378		1.306790
			17081		1.350208
			19709		1.286542
			20472		1.429321
			31842		1.294307
			47739		1.286737
  447	47752		 8874		1.263103
			17080		1.286737
  448	35967		 8880		1.333950
			34949		1.246844
  449	17103		 8883		1.286737
			47741		1.350208
  450	 8884		12260		1.886177
			13363		1.886177
			17075		1.862348
			47728		1.862348
			53663		1.857776
  451	 8885		65747		1.265957
  452	 8886		17088		1.310566
			47729		1.350403
  453	 8887		17071		1.140481
  454	 8888		47738		1.140286
  455	 8889		47743		1.140286
  456	 8890		12267		1.881605
  457	 8891		47740		1.164115
  458	10342		 9244		1.508096
			 9626		1.291058
			12665		1.286487
			13014		1.246650
			27088		1.227587
  459	21293		 9253		1.821631
			12262		1.742096
			14507		1.781544
			20479		1.802373
			35960		1.671211
			42193		1.698815
			42573		1.679557
			58256		1.600022
			60127		1.627718
  460	12284		 9254		1.532174
  461	10349		 9258		1.508096
			 9635		1.291058
			14132		1.345832
			27089		1.227587
  462	 9269		 9636		1.267229
			10329		1.541067
			14498		1.281916
			27087		1.203758
  463	 9271		10322		1.813313
			10724		1.789678
			12650		1.813313
			14885		1.813313
			15243		1.813313
			27083		1.789678
			44755		1.813507
  464	 9272		11887		1.251610
  465	 9274		19713		1.286737
  466	 9275		65752		1.238806
  467	11516		 9630		1.532399
			10318		1.536551
			15598		1.536551
			16704		1.512722
			27092		1.512722
			35952		1.512722
  468	 9648		65736		1.215171
  469	 9652		65754		1.218689
  470	14512		 9974		1.227587
  471	 9984		44742		1.188139
  472	 9987		66960		1.123659
  473	 9989		65758		1.266152
  474	10343		14888		1.263103
			27075		1.453767
  475	10346		12656		1.385474
  476	10347		65746		1.214537
  477	10348		10716		1.541067
			15245		1.440667
  478	14890		10709		1.418446
			15251		1.341680
			27063		1.354779
  479	27096		10711		1.394811
			11086		1.305744
  480	34970		10722		1.350208
  481	10730		16713		1.541067
  482	10731		14134		1.281916
			16707		1.291058
			34951		1.251416
			44767		1.187944
  483	10732		14875		1.305550
			16705		1.267229
			34947		1.227587
  484	10733		15949		1.281916
			34953		1.227587
  485	10734		15951		1.508096
			34940		1.429938
  486	10735		15596		1.794250
  487	10736		65750		1.258483
  488	10737		44743		1.473024
  489	60537		11075		1.458671
			14501		1.321808
  490	60536		11080		1.668704
  491	52518		11081		1.691949
  492	26718		11082		1.767527
			56320		1.401608
			60510		1.369271
  493	26357		11083		1.802793
  494	13027		11089		1.644959
			60524		1.345832
  495	26356		11093		1.826428
			56311		1.389851
			60513		1.399771
  496	11101		26340		1.442296
			26702		1.381310
			56315		1.346238
			60520		1.395996
  497	11102		60533		1.294398
  498	11103		15956		1.503719
  499	11104		26349		1.337095
  500	11105		66933		1.132926
  501	11106		14883		1.223015
  502	11107		15606		1.390295
			26339		1.442296
			26701		1.381310
  503	11108		13730		1.644959
  504	11109		13732		1.356103
  505	62212		11485		1.401289
			63982		1.685750
  506	27816		11486		1.854603
			28167		1.432992
			28917		1.183373
			46626		1.286737
  507	62213		11498		1.425118
			63339		1.714765
  508	62214		11499		1.425118
			63686		1.742161
  509	46643		11502		1.135715
  510	46642		11504		1.159739
  511	11508		27095		1.251221
			44765		1.223015
  512	11509		27802		1.746892
  513	11510		27068		1.310316
  514	11511		28157		1.432992
			28907		1.159544
			46631		1.286542
  515	11512		28156		1.432992
			28918		1.159544
			46635		1.286737
  516	11514		27787		1.687992
			50208		1.401993
  517	11515		17820		1.501424
			27806		1.711627
  518	11517		27080		1.373842
  519	61723		11881		1.286737
			13371		1.414124
			19705		1.164115
  520	19732		11883		1.798350
			13365		1.751082
			20475		1.798350
			34950		1.751082
  521	25259		11884		1.771429
  522	63713		11888		1.362795
  523	11898		59369		1.520487
			65426		1.449710
  524	11900		60522		1.452000
  525	11901		25232		1.668510
  526	11902		67335		1.100024
  527	31874		12255		1.347437
  528	35968		12265		1.531980
			13366		1.461147
			21280		1.429023
			42188		1.310566
			42931		1.218676
  529	48101		12268		1.247039
  530	58262		12271		1.310566
  531	58622		12272		1.774230
			64582		1.247038
  532	58619		12273		1.750207
			64555		1.236724
  533	28934		12274		1.766683
			66083		1.341206
			67068		1.234913
  534	28926		12275		1.766683
			66094		1.337249
  535	27810		12281		1.539940
			20480		1.576583
			58246		1.397866
			60125		1.345637
  536	12282		28904		1.749841
			61278		1.773475
  537	12285		65759		1.238806
  538	12288		66966		1.160725
  539	12290		28913		1.749841
			61297		1.797693
  540	12291		27796		1.576388
			44758		1.750849
			59010		1.683196
  541	13026		12652		1.345832
  542	12670		14878		1.985164
  543	12672		34938		1.334200
  544	12673		65737		1.255755
  545	12674		14889		1.722055
  546	63716		13007		1.353263
  547	14519		13011		1.581293
  548	13023		14500		1.345832
  549	13024		14505		1.281916
			63700		1.305800
  550	13025		66948		1.113261
  551	13028		14135		1.199187
			63699		1.305800
  552	61727		13362		1.140481
  553	27447		13364		1.715533
			25233		1.791326
			28574		1.743989
  554	52519		13367		1.164310
  555	25260		13369		1.623851
  556	64618		13372		1.358203
			34313		1.480575
			64260		1.631032
  557	61728		13374		1.501230
  558	61738		13380		1.437758
			25243		1.211578
			26693		1.246844
			28149		1.199187
  559	27450		13381		1.624046
  560	28176		13382		1.560380
  561	52902		13383		1.501230
			52503		1.263102
  562	52903		13384		1.501230
  563	61300		13387		1.525059
			19697		1.187944
			47356		1.329768
  564	52524		13388		1.623851
  565	61732		13390		1.437758
			34946		1.164115
  566	13394		25246		1.536940
			27435		1.310566
			28571		1.489409
			58637		1.600412
  567	13395		25244		1.560769
			27445		1.358223
			28570		1.537067
			58641		1.600412
  568	13397		34300		1.310316
			39666		1.299073
			54809		1.259431
  569	13398		26336		1.628423
			47355		1.687323
  570	13399		65748		1.279389
  571	44772		13733		1.329379
			16712		1.314887
  572	47371		13735		1.739127
			26348		1.398928
			26707		1.243650
			56295		1.389851
			60526		1.364505
  573	15980		13741		1.336244
  574	13746		14877		1.305550
  575	13747		66921		1.096054
  576	13750		14146		1.281916
  577	35969		14139		1.453961
			34942		1.223210
  578	14148		66954		1.143531
  579	14149		35959		1.706755
  580	14152		66924		1.113261
  581	14153		15237		1.881800
  582	14513		66942		1.099830
  583	14514		16731		1.789484
			21270		1.754413
			22505		1.794055
  584	14515		35951		1.813313
  585	14516		66951		1.123659
  586	14517		16332		1.984969
  587	14518		16322		1.702378
  588	14891		66936		1.119702
  589	14892		66927		1.132926
  590	14893		66945		1.132939
  591	15256		15607		1.366661
  592	15257		19721		1.381858
  593	15258		65738		1.238548
  594	15260		66571		1.289981
  595	64624		15608		1.528482
			32238		1.528427
			59345		1.591779
  596	64627		15614		1.528482
			32237		1.568320
			59352		1.591584
  597	64625		15618		1.528482
			31866		1.568320
			59347		1.591584
  598	64626		15619		1.528482
			32241		1.504404
			59018		1.626850
  599	15626		66544		1.266152
  600	17105		15958		1.921637
  601	15975		65751		1.242323
  602	15977		19699		1.286931
  603	15978		66930		1.160725
  604	15979		17096		1.291697
  605	16338		66963		1.128969
  606	16339		66969		1.116184
  607	16340		65755		1.258678
  608	16342		66939		1.136030
  609	21291		16725		1.247039
			60120		1.361840
  610	60149		16732		1.730584
  611	16737		21267		1.854408
			60124		1.361645
  612	16738		66538		1.266334
  613	16740		21277		1.854408
			60126		1.361645
  614	64617		17072		1.406055
			37356		1.528427
			64273		1.773051
  615	28173		17082		1.687166
  616	59024		17084		1.350014
  617	28177		17086		1.687166
  618	28174		17089		1.710994
  619	28178		17090		1.710994
  620	17099		35315		1.333755
			48416		1.298879
			54444		1.187944
  621	17100		19006		1.373787
			34621		1.333755
			54814		1.258847
  622	17101		45881		1.402109
			50536		1.275050
			54806		1.211578
  623	17102		37358		1.373939
			48778		1.299073
			54802		1.259236
  624	17104		65749		1.242323
  625	27808		17436		1.529473
			28158		1.798350
			46636		1.529473
			57039		1.529473
  626	46640		17439		1.548536
  627	62238		17441		1.798545
			27800		1.778102
			63973		1.643010
  628	17446		27797		1.595451
  629	17450		27794		1.536551
  630	17451		27804		1.619280
  631	17452		67071		1.143517
  632	23198		17802		1.358029
			22072		1.751044
			30592		1.663494
			59691		1.310760
			64271		1.444624
			65410		1.515721
  633	64279		17804		1.453059
  634	24859		17805		1.242078
			30593		1.595396
			64256		1.317431
			65413		1.423600
  635	22091		17807		1.794325
			50221		1.338327
			64265		1.258531
  636	22084		17813		1.794520
			52513		1.418446
			64266		1.234897
  637	27448		17821		1.687767
			19370		1.692338
			20869		1.663938
			25582		1.692144
			25956		1.668315
			28162		1.668510
			38062		1.692144
			51297		1.692144
			51649		1.668315
			52050		1.711401
			60128		1.668315
			63335		1.692144
  638	17824		41383		1.409553
			65423		1.503969
  639	17825		28915		1.345832
			65432		1.440053
  640	17826		23978		1.531785
			65435		1.626395
  641	17827		30598		1.595396
			44759		1.418251
			65429		1.317431
  642	17828		44750		1.418446
			64263		1.365089
  643	17830		22069		1.794520
  644	17831		25957		1.723190
			27432		1.187944
			54067		1.140481
			65424		1.263103
  645	17832		41381		1.611015
  646	17833		28908		1.682502
  647	17834		23974		1.703157
  648	17835		30591		1.619225
			65430		1.317431
  649	17836		64264		1.341066
  650	25588		18281		1.385030
  651	30175		18282		1.369817
  652	21657		18283		1.428523
  653	40117		18284		1.345989
  654	54088		18296		1.282517
  655	54089		18298		1.326129
  656	29770		18299		1.345989
  657	23538		18302		1.402838
  658	40544		18303		1.140286
			55888		1.469054
  659	40549		18304		1.187944
			18652		1.409654
  660	40543		18305		1.136511
			48095		1.287088
  661	40550		18307		1.658673
  662	39251		18312		1.366481
  663	18313		40537		1.199187
  664	18314		66984		1.129395
  665	25589		18631		1.404889
  666	30169		18632		1.345989
  667	21649		18633		1.428523
  668	40118		18634		1.350153
  669	54086		18646		1.282517
  670	54087		18648		1.345989
  671	29765		18649		1.345989
  672	23530		18653		1.160340
			55183		1.369411
  673	23536		18654		1.140286
			19367		1.413430
  674	23529		18655		1.200302
			55892		1.465084
  675	23535		18657		1.774230
  676	39245		18662		1.326129
  677	18663		23525		1.203758
  678	18664		66990		1.092524
  679	25590		18981		1.408859
			38059		1.321808
  680	30172		18982		1.349958
			59690		1.140286
  681	40119		18984		1.349958
			60844		1.187944
  682	62232		18993		1.401484
			63967		1.650874
  683	54820		18996		1.286487
  684	48447		18998		1.349958
			29758		1.286487
  685	39248		18999		1.349958
			60853		1.156809
  686	40547		19001		1.437259
			61720		1.207998
  687	60870		19002		1.729061
  688	59710		19003		1.794520
  689	19010		21640		1.291058
			59689		1.159544
  690	19011		67008		1.113261
  691	19012		23522		1.370067
			60845		1.183178
  692	21655		19346		1.408664
  693	30171		19347		1.373787
  694	40122		19349		1.350153
  695	62236		19358		1.397125
			64257		1.680439
  696	54084		19361		1.262853
  697	29767		19363		1.349958
  698	39247		19364		1.373593
  699	40545		19366		1.429953
  700	38078		19368		1.183974
			25575		1.282517
			55185		1.287088
  701	38081		19372		1.723190
  702	54085		19374		1.409975
  703	19378		25580		1.262658
  704	19379		66996		1.140182
  705	28172		19696		1.699331
			20886		1.227587
			37698		1.330756
			52881		1.140286
  706	47017		19698		1.699331
			54800		1.140286
  707	59022		19700		1.286542
  708	34969		19701		1.758231
  709	61726		19711		1.164115
  710	66861		19714		1.173531
  711	52520		19720		1.616797
			28582		1.354779
  712	19725		28581		1.331145
			49198		1.286682
  713	19726		37704		1.354585
			52877		1.164115
  714	19727		28576		1.758231
			29398		1.595007
			32235		1.578943
			45874		1.643279
  715	19728		50912		1.813952
  716	19729		37709		1.354779
			51655		1.315137
			55517		1.188139
  717	19730		52492		1.623851
			58635		1.187750
  718	19731		35640		1.334145
			51270		1.346731
			54804		1.235602
  719	20089		66532		1.299700
  720	20090		66526		1.313615
  721	20091		66520		1.259712
  722	20092		66508		1.259712
  723	20093		66514		1.283540
  724	59023		20467		1.310566
  725	64622		20470		1.504598
			41860		1.674063
			58999		1.382227
  726	61725		20474		1.187944
  727	24856		20476		1.306414
			22071		1.262908
			22843		1.258951
			23190		1.369886
			28585		1.286737
			29392		1.306414
			31452		1.306414
			31865		1.262908
			32242		1.350208
			32608		1.310566
			32940		1.299108
			33270		1.310566
			33612		1.306609
			33954		1.330243
			34312		1.330243
			34633		1.282780
			35328		1.282780
			35642		1.286737
			36342		1.262908
			36677		1.310566
			37018		1.346251
			37360		1.282780
  728	27814		20478		1.414319
			25231		1.402437
			28572		1.330951
			29396		1.302745
			31462		1.286682
			31848		1.350403
			32243		1.322617
			32619		1.286682
			32951		1.306359
			33282		1.286682
			33624		1.306359
			33966		1.286487
			34307		1.286682
			34628		1.306359
			35319		1.282530
			35638		1.262853
			36353		1.286682
			36688		1.310510
			37017		1.286682
			37364		1.343348
			37714		1.331340
			38413		1.366661
			38837		1.409747
			45876		1.378864
			49174		1.378164
  729	20484		28578		1.832376
			29389		1.808741
			31464		1.832376
			31853		1.832376
			32234		1.832376
			32609		1.832376
			32941		1.832376
			33272		1.832376
			33614		1.832376
			33956		1.832376
			34298		1.808741
			34619		1.832376
			35326		1.832376
			35644		1.832376
			36347		1.832376
			36682		1.832376
			37014		1.836947
			37370		1.832570
			37703		1.832376
			38428		1.832376
			38828		1.808741
			41850		1.837142
			45875		1.832570
			47015		1.832376
  730	20485		22849		1.243915
			23193		1.727215
			24840		1.369886
			27790		1.659756
			28577		1.291503
			29404		1.227781
			31467		1.262908
			31856		1.275439
			32240		1.350208
			32625		1.227587
			32957		1.227587
			33288		1.227587
			33630		1.227587
			33972		1.203953
			34305		1.239079
			34626		1.255407
			35324		1.276333
			35631		1.267479
			36352		1.251416
			36687		1.227587
			37027		1.227587
			37369		1.303511
			37713		1.267674
  731	20486		66095		1.214977
  732	20487		38058		1.275244
			54440		1.211578
  733	20488		22080		1.778241
			22848		1.841518
			23182		1.877034
			24844		1.841518
			28584		1.905434
			29403		1.841713
			31459		1.876839
			31844		1.865347
			32232		1.841518
			32614		1.841518
			32946		1.841518
			33277		1.841518
			33619		1.841518
			33961		1.817884
			34296		1.853010
			34617		1.876839
			35312		1.873936
			35645		1.881411
			36348		1.865347
			36683		1.841518
			37025		1.817689
			37367		1.897765
			37701		1.881605
  734	20489		28579		1.808741
			29397		1.808741
			31453		1.832376
			31854		1.832570
			32233		1.832570
			32612		1.832570
			32944		1.856399
			33274		1.832570
			33616		1.848730
			33958		1.808741
			34297		1.808741
			34618		1.856399
			35317		1.856399
			35639		1.832570
			36356		1.832376
			36691		1.832570
			37022		1.832376
			37371		1.848730
			37715		1.832376
			38419		1.832376
			38824		1.808741
			41851		1.837142
			45880		1.832570
			46987		1.832570
  735	20490		22852		1.227587
			23189		1.751044
			24846		1.369886
			27786		1.683196
			28587		1.267479
			29394		1.203758
			31460		1.286737
			31855		1.251221
			32239		1.326379
			32615		1.227587
			32947		1.227587
			33278		1.227587
			33620		1.227587
			33962		1.227587
			34304		1.262908
			34625		1.255239
			35320		1.252336
			35637		1.243650
			36349		1.227587
			36684		1.227587
			37026		1.203758
			37359		1.283834
			37716		1.267674
  736	51658		20859		1.413625
			41387		1.575944
  737	46283		20863		1.655675
  738	24000		20864		1.291058
			53266		1.329434
  739	65452		20870		1.409358
			51639		1.390295
  740	63359		20871		1.397421
  741	46287		20873		1.436552
  742	52898		20875		1.794500
  743	51659		20879		1.326129
			28911		1.599773
  744	61308		20883		1.755052
  745	65450		20885		1.385918
			31013		1.366661
  746	20887		24420		1.616685
			50905		1.291253
  747	20888		31014		1.512222
			50927		1.291058
  748	20889		61288		1.334394
			67044		1.119883
  749	20890		25958		1.635890
			51654		1.140286
  750	20891		24414		1.616490
  751	20892		31015		1.512417
  752	35965		21266		1.239468
			42561		1.390295
			42932		1.263102
			43306		1.263102
			43654		1.263102
			44028		1.263102
			44386		1.263102
			45112		1.263102
			59374		1.310566
  753	46644		21268		1.750849
			67194		1.147487
  754	46647		21269		1.750849
  755	22507		21271		1.854408
			60123		1.361645
  756	64643		21273		1.513870
			35632		1.520927
			43302		1.350897
			57054		1.789184
  757	64628		21281		1.481214
			32613		1.500027
			42563		1.358592
			59353		1.567950
  758	59029		21282		1.683196
  759	60145		21286		1.361895
  760	21287		60122		1.361840
  761	21288		60121		1.361840
  762	21289		45489		1.813313
  763	21290		35947		1.390295
			42192		1.310566
			42562		1.291308
  764	21292		43303		1.806007
  765	21295		38426		1.896698
			38833		1.853205
			42187		1.789484
			42936		1.877034
			43307		1.829376
			43661		1.789484
			44027		1.829571
			44380		1.789484
			45108		1.877034
  766	21296		35946		1.390101
			42191		1.381663
			42568		1.362405
  767	59708		21636		1.267424
			50552		1.354530
  768	59703		21637		1.267424
			51267		1.354530
  769	52066		21638		1.385724
			47002		1.349958
  770	52059		21641		1.409358
			52893		1.441885
  771	52067		21642		1.385724
  772	59709		21643		1.291058
			38070		1.378164
  773	52060		21645		1.385724
			48777		1.354530
  774	22089		21646		1.794520
			52055		1.579582
  775	21647		59697		1.794520
  776	21648		52057		1.394811
			59696		1.258531
  777	21650		63330		1.414920
  778	21651		55186		1.314887
  779	21652		48415		1.350560
  780	21653		49849		1.374194
  781	21654		49501		1.374194
  782	21656		48091		1.354850
  783	64277		22065		1.523201
  784	53286		22066		1.560574
  785	64278		22067		1.468678
  786	66900		22068		1.170182
  787	29413		22070		1.659312
  788	22863		22073		1.770916
			64251		1.523201
  789	28592		22074		1.659312
			66078		1.259556
  790	53293		22075		1.560574
  791	29411		22077		1.659312
  792	28591		22078		1.905434
  793	51661		22079		1.584403
			53273		1.159739
  794	24858		22081		1.682946
			64253		1.435231
  795	22082		66090		1.235883
  796	22086		55523		1.378608
  797	22087		50909		1.338716
			53274		1.282165
  798	22088		53264		1.556003
  799	22090		64262		1.451684
  800	22092		49187		1.362350
			64267		1.234897
  801	22094		52879		1.378608
			53275		1.282165
  802	65778		22494		1.421306
  803	60147		22500		1.730584
  804	60150		22504		1.730778
  805	22508		60137		1.239468
  806	22509		65757		1.421306
  807	22510		65745		1.397477
  808	37374		22842		1.897765
  809	37724		22844		1.223630
  810	37721		22845		1.731981
  811	47020		22850		1.223435
  812	37720		22851		1.731981
  813	45898		22853		1.199801
  814	45890		22854		1.751853
  815	24860		22855		1.770916
			64242		1.282555
  816	37718		22856		1.731981
			47009		1.663938
  817	37725		22857		1.227587
  818	22858		66089		1.207502
  819	22859		66075		1.191342
  820	22860		66080		1.207502
  821	22861		66088		1.215171
  822	22862		66082		1.211899
  823	25258		23180		1.687128
			41838		1.623851
  824	41871		23184		1.140481
  825	32253		23185		1.350208
			37029		1.326574
  826	41873		23186		1.140481
  827	41872		23187		1.164115
  828	64642		23191		1.421869
			41869		1.382227
			59003		1.706580
  829	64615		23192		1.469722
			41867		1.674258
  830	23194		32622		1.877034
			32954		1.853205
			33276		1.876839
			33618		1.877034
			33960		1.853010
			34303		1.853010
			34624		1.853205
			35314		1.877034
			37024		1.853205
			38422		1.853010
			38834		1.876839
  831	23195		66092		1.259556
  832	23196		66086		1.259556
  833	23197		66091		1.255160
  834	23199		32245		1.876839
			32621		1.853010
			32953		1.853010
			33275		1.853010
			33617		1.853010
			33959		1.853010
			34302		1.853010
			34623		1.876839
			35327		1.876839
			37023		1.876839
			38416		1.876839
			38836		1.853010
  835	48812		23516		1.386270
  836	48809		23517		1.405934
			52894		1.442080
  837	60869		23519		1.322604
			38066		1.349958
  838	23995		23521		1.774230
			48804		1.562911
			60841		1.523870
  839	60861		23523		1.386270
			48803		1.234967
			55904		1.378803
  840	48810		23524		1.386270
			55894		1.496658
  841	23526		50555		1.350153
			60847		1.248134
  842	23527		60854		1.729061
  843	23528		55903		1.437509
			60855		1.247939
  844	23531		48422		1.267229
  845	23532		49857		1.363001
  846	23533		49508		1.304490
  847	23534		51277		1.349958
			60856		1.247939
  848	23537		48087		1.315082
  849	65458		23973		1.626395
  850	53291		23976		1.586989
  851	24441		23977		1.135910
			58253		1.258726
  852	24434		23980		1.734430
			58248		1.617970
  853	58269		23981		1.726572
  854	53294		23983		1.604225
  855	24433		23986		1.702962
			58254		1.258531
  856	53287		23987		1.604225
			40966		1.418056
  857	23988		56319		1.532435
  858	23989		51629		1.442080
			53283		1.207396
  859	23990		52514		1.442275
			65422		1.282165
  860	23992		46270		1.330895
  861	23993		50896		1.354724
			53265		1.329434
  862	23994		53267		1.586989
  863	23996		58260		1.626395
  864	23997		50203		1.354530
			65445		1.329823
  865	23998		49169		1.354724
			65446		1.306189
  866	58267		24419		1.416224
  867	46288		24423		1.651756
  868	24429		46280		1.242273
			50235		1.291058
  869	24430		46267		1.471234
  870	24431		39673		1.770487
  871	24435		46251		1.194810
			49201		1.314887
  872	24436		46256		1.381153
  873	24439		46264		1.405176
  874	45899		24837		1.227781
  875	37723		24838		1.227587
  876	45895		24839		1.203953
  877	25257		24843		1.715723
			45882		1.623851
  878	37719		24845		1.731981
  879	37722		24847		1.881605
  880	45891		24848		1.742071
  881	29409		24849		1.159739
			66084		1.215171
  882	64280		24850		1.488130
  883	24851		66077		1.211020
  884	24852		66076		1.234849
  885	24853		66079		1.187191
  886	24855		66085		1.247930
  887	24857		64246		1.282555
  888	58659		25239		1.639915
  889	61733		25240		1.188139
			28160		1.536746
			34943		1.140481
  890	27813		25241		1.683196
  891	28170		25242		1.187944
			26710		1.265907
  892	58652		25251		1.639915
  893	25252		58650		1.791326
  894	25253		58633		1.791326
  895	25254		58632		1.639665
  896	25255		58649		1.791326
  897	25256		27421		1.723033
			58642		1.600412
  898	63354		25573		1.492494
			48775		1.354530
			51282		1.310566
  899	52068		25574		1.492689
			51299		1.223210
			60132		1.259625
  900	60140		25576		1.516323
			50551		1.425627
			51298		1.235213
  901	51306		25577		1.488719
  902	38080		25581		1.262658
			48413		1.350560
  903	52065		25583		1.492689
			51283		1.286737
			63334		1.140286
  904	25971		25584		1.723190
			51296		1.612359
			52056		1.484972
			63336		1.513372
  905	38077		25585		1.262658
  906	25586		38053		1.723190
  907	25587		49499		1.350560
  908	25591		49847		1.350754
  909	25592		48085		1.310917
  910	25593		63350		1.462383
  911	27449		25952		1.699556
			28145		1.164115
			50202		1.397811
			54066		1.188139
			65408		1.262908
  912	51660		25959		1.636084
  913	60142		25961		1.596247
			46996		1.373593
  914	65453		25963		1.262908
  915	25966		50900		1.349958
			65434		1.258336
  916	25968		65437		1.409358
  917	25969		55899		1.453767
			60130		1.282110
  918	25970		60131		1.496214
  919	25972		49168		1.349764
			54447		1.211384
  920	25973		46253		1.445079
			54432		1.187944
			65436		1.282165
  921	26719		26329		1.664821
			60514		1.458023
  922	61299		26332		1.353864
			27443		1.600217
			47006		1.140286
  923	56323		26338		1.441500
			47362		1.281916
  924	26351		47363		1.544934
  925	26355		47365		1.692144
  926	26714		56313		1.673081
  927	26715		56303		1.715533
  928	26716		60530		1.382600
  929	27097		34954		1.829766
  930	27100		66577		1.270109
  931	66834		27418		1.173518
  932	58655		27420		1.664328
  933	58656		27423		1.687767
  934	58653		27424		1.687767
			47359		1.414124
  935	63712		27427		1.739607
  936	58654		27429		1.664133
			47360		1.414319
  937	58657		27430		1.791326
  938	66831		27431		1.201122
  939	66819		27434		1.173518
  940	66816		27438		1.166701
  941	47370		27439		1.723228
			58646		1.286931
			63701		1.374958
  942	52516		27440		1.723033
			63705		1.267479
  943	66858		27441		1.177682
  944	47373		27442		1.624046
			52889		1.310566
  945	66825		27444		1.166896
  946	27446		28142		1.223210
			56297		1.242468
			58634		1.187944
  947	62215		27793		1.421149
			63986		1.705415
  948	46641		27798		1.505839
  949	63717		27799		1.501073
  950	46645		27805		1.135910
  951	62211		27807		1.414566
			64249		1.687589
  952	61735		28146		1.286737
  953	61736		28148		1.239079
  954	66870		28151		1.173518
  955	44771		28152		1.536551
  956	34967		28154		1.560380
  957	61737		28155		1.239274
  958	61734		28159		1.262908
  959	65448		28161		1.263102
  960	47021		28575		1.244040
  961	28589		29408		1.881800
  962	28590		47016		1.640304
  963	28593		29395		1.682502
			37366		1.758231
			37710		1.722394
			45883		1.742071
  964	51664		28905		1.623796
  965	65760		28909		1.404787
			50922		1.404787
			51636		1.428421
  966	66891		28912		1.173336
  967	50928		28914		1.623601
			51635		1.183373
  968	65455		28916		1.440053
  969	28919		46268		1.354530
  970	28922		50201		1.354530
			65419		1.234508
  971	28923		46986		1.310316
  972	28924		40973		1.682502
  973	28925		51624		1.326379
  974	28928		49167		1.354530
			65431		1.258337
  975	28929		65741		1.384377
  976	28931		65742		1.428421
  977	28932		66093		1.313421
  978	45894		29400		1.227587
  979	62216		29405		1.377850
			63687		1.718722
  980	29410		37015		1.703581
  981	29412		66433		1.262635
  982	29414		45877		1.635733
  983	29416		66460		1.262608
  984	60862		29754		1.299724
			48437		1.220845
			51269		1.344133
  985	52069		29755		1.345387
  986	52062		29756		1.345387
			48782		1.354530
  987	48448		29757		1.262853
  988	52063		29759		1.345387
  989	31026		29760		1.639610
			52052		1.481972
  990	60867		29761		1.262853
			48440		1.199381
			50553		1.330895
  991	29762		38048		1.330701
			48439		1.140286
  992	29763		49850		1.378359
  993	29764		55187		1.314692
  994	29766		48093		1.310917
  995	29768		48441		1.612255
			60842		1.572418
  996	29769		49502		1.347029
  997	29771		63351		1.438749
  998	59701		30157		1.321808
			39668		1.291058
  999	30605		30159		1.663494
			59688		1.505607
 1000	59706		30160		1.345637
			48808		1.291058
 1001	59702		30162		1.345637
			31852		1.350208
 1002	59699		30163		1.286682
			38047		1.314887
 1003	59700		30164		1.286487
			48417		1.373593
 1004	59705		30165		1.286682
			50533		1.314887
 1005	30166		51304		1.291253
			59695		1.164310
 1006	30167		49865		1.324154
 1007	30168		55176		1.306346
 1008	30170		48072		1.397421
 1009	30173		59694		1.663494
 1010	30174		49503		1.349958
 1011	30176		54074		1.370262
 1012	53289		30588		1.473024
			47007		1.349958
 1013	65457		30589		1.515721
 1014	64276		30590		1.428616
 1015	65456		30596		1.461393
 1016	53290		30597		1.449390
 1017	30599		50915		1.362350
 1018	30600		55524		1.378414
 1019	30602		50222		1.338521
			65417		1.329628
 1020	30603		51648		1.354974
			53279		1.194810
 1021	30604		53271		1.448806
 1022	30606		52890		1.330951
 1023	30608		49188		1.290864
			65428		1.281971
 1024	30609		64269		1.317237
 1025	30611		64270		1.428616
 1026	61310		31010		1.472385
			46984		1.267229
 1027	65451		31011		1.425367
 1028	59698		31018		1.496214
			40965		1.330951
			61286		1.159544
 1029	31022		50218		1.291253
 1030	31024		51628		1.354974
			61287		1.306189
 1031	31025		61282		1.513111
 1032	31027		46249		1.291058
 1033	31028		49184		1.291253
 1034	31029		65427		1.317626
 1035	31032		65439		1.341455
 1036	32962		31454		1.683001
 1037	57510		31455		1.480769
			63963		1.709579
 1038	32629		31456		1.655216
 1039	32961		31457		1.659172
 1040	38847		31458		1.762926
 1041	32630		31463		1.635538
 1042	31468		38430		1.876839
 1043	31469		67119		1.132073
 1044	31470		38432		1.164115
 1045	31471		32942		1.160158
 1046	31472		32938		1.136511
 1047	31473		32610		1.140481
 1048	31474		32606		1.136330
 1049	31475		33271		1.848634
			33613		1.868311
			33955		1.872268
			34299		1.872268
			34620		1.868311
			35323		1.868311
			37011		1.853205
			38429		1.848634
			38835		1.872268
 1050	55542		31850		1.871653
 1051	52061		31851		1.881855
 1052	66813		31858		1.153464
 1053	55913		31862		1.912550
 1054	39687		31864		1.568316
			39235		1.770487
 1055	64616		31867		1.528427
			57046		1.789379
 1056	31872		45497		1.912550
 1057	31873		39238		1.369216
			39664		1.164115
 1058	31875		55535		1.164115
 1059	31876		37020		1.751239
 1060	31877		66087		1.214977
 1061	45892		32231		1.199801
 1062	64635		32236		1.528622
			45106		1.664111
 1063	45893		32246		1.203953
 1064	57495		32249		1.476994
			63975		1.646904
 1065	32250		45885		1.655410
 1066	32251		67089		1.095873
 1067	32252		67095		1.143712
 1068	32254		37013		1.727604
 1069	32255		67167		1.143712
 1070	32256		45886		1.679239
 1071	64630		32607		1.500027
			42566		1.334764
			44022		1.417298
			63711		1.694893
 1072	57514		32611		1.504793
			63981		1.685750
 1073	57490		32617		1.476198
			41837		1.580782
 1074	57488		32618		1.492721
			64244		1.682821
 1075	32626		67182		1.116353
 1076	32627		67188		1.095873
 1077	32628		67101		1.116184
 1078	64634		32939		1.499832
			42564		1.334764
			45110		1.650679
 1079	57516		32943		1.494201
			41840		1.626600
 1080	64632		32945		1.500082
			42576		1.334764
			45117		1.505043
			59004		1.591779
 1081	57494		32949		1.489474
			57057		1.800453
 1082	57492		32950		1.476642
			63983		1.740875
 1083	32958		67170		1.113106
 1084	32959		67176		1.139818
 1085	32960		67107		1.113106
 1086	57506		33273		1.504793
			59356		1.655056
 1087	57498		33280		1.476198
			63979		1.685945
 1088	38848		33281		1.164310
 1089	64638		33284		1.499832
			42570		1.382227
			45119		1.650679
 1090	38849		33285		1.675181
 1091	33289		67152		1.147098
 1092	33290		67158		1.136740
 1093	33291		67131		1.119702
 1094	57491		33615		1.480769
			41841		1.580587
 1095	64631		33621		1.504404
			43309		1.413328
			59020		1.567950
 1096	57502		33622		1.492721
			63985		1.721016
 1097	38439		33623		1.164310
 1098	38440		33627		1.722838
 1099	33631		67140		1.139818
 1100	33632		67146		1.129266
 1101	33633		67179		1.121934
 1102	57489		33957		1.524276
			41853		1.646278
 1103	64629		33963		1.494007
			43299		1.409797
			63684		1.708130
 1104	57505		33964		1.496057
			59015		1.750073
 1105	38850		33965		1.164310
 1106	38851		33969		1.699010
 1107	33973		67128		1.140182
 1108	33974		67134		1.139987
 1109	33975		67185		1.140013
 1110	38854		34306		1.715268
 1111	57509		34309		1.472228
			63970		1.764704
 1112	34314		67122		1.147682
 1113	34315		38827		1.853010
 1114	34316		66424		1.262608
 1115	38445		34627		1.738902
 1116	57513		34630		1.452564
			63689		1.659627
 1117	64621		34634		1.528427
			59007		1.395658
			64254		1.786482
 1118	34635		67110		1.116184
 1119	34636		38427		1.876839
 1120	34637		66415		1.254965
 1121	66882		34955		1.153464
 1122	34962		45873		1.422309
			50232		1.310510
 1123	34964		37717		1.354585
			46275		1.286487
			55529		1.211384
 1124	34965		40971		1.877478
 1125	34966		37706		1.354779
			53282		1.164115
 1126	45897		35311		1.779700
 1127	64623		35313		1.528232
			47734		1.405861
			57056		1.796685
 1128	57486		35321		1.452564
			57042		1.784293
 1129	45896		35329		1.232219
 1130	35330		37372		1.873936
 1131	35331		67098		1.116184
 1132	35332		66409		1.258483
 1133	38443		35633		1.267674
 1134	38444		35634		1.743668
 1135	64620		35636		1.504598
			59017		1.626850
 1136	57487		35646		1.480964
			41835		1.567506
 1137	35647		37368		1.881411
 1138	35648		67191		1.160725
 1139	35649		66418		1.246280
 1140	60143		35950		1.361840
 1141	66888		35954		1.149884
 1142	45126		35961		1.140286
 1143	35964		67203		1.167152
 1144	35966		42935		1.730584
			43301		1.730584
			44021		1.730584
			44379		1.706755
			45107		1.706755
 1145	35970		42575		1.730584
			42928		1.730584
			43308		1.730584
			43666		1.750443
			44024		1.730584
			44387		1.730584
			45120		1.730584
			59348		1.730584
 1146	35971		42930		1.730584
			45121		1.706755
 1147	35972		67305		1.123853
 1148	57497		36343		1.480769
			63984		1.744650
 1149	64637		36344		1.552061
			42926		1.504848
			63324		1.707285
 1150	57501		36345		1.480769
			63959		1.685750
 1151	64641		36346		1.528232
			43311		1.417298
			64252		1.607398
 1152	38441		36350		1.227587
 1153	38442		36351		1.723453
 1154	36357		67155		1.143517
 1155	36358		67161		1.128813
 1156	36359		67149		1.171122
 1157	57517		36678		1.480769
			57043		1.784293
 1158	57503		36680		1.480769
			63962		1.705622
 1159	38852		36685		1.227587
 1160	38853		36686		1.703581
 1161	36692		67125		1.147487
 1162	36693		67137		1.143517
 1163	36694		67143		1.100024
 1164	57512		37019		1.480769
			59006		1.753848
 1165	37030		67113		1.119702
 1166	37031		67086		1.116184
 1167	37032		67092		1.112214
 1168	37375		67173		1.116184
 1169	37376		66427		1.262440
 1170	37377		66421		1.251887
 1171	60859		38056		1.287088
			39239		1.258883
 1172	40546		38060		1.345989
			61716		1.211773
 1173	61307		38065		1.754857
 1174	54448		38073		1.841768
 1175	38076		61277		1.286931
			67005		1.164010
 1176	38079		61280		1.310760
 1177	57493		38415		1.560749
			63958		1.702105
 1178	57504		38417		1.540114
			57055		1.725393
 1179	64633		38418		1.584578
			42927		1.334764
			59012		1.567950
 1180	57515		38423		1.579812
			63980		1.685750
 1181	57499		38424		1.540534
			41857		1.562934
 1182	64639		38425		1.564363
			41842		1.615163
			44382		1.358398
 1183	38433		43657		1.876839
 1184	38434		45494		1.876839
 1185	38435		42937		1.896698
 1186	38436		42195		1.876839
 1187	38437		67104		1.099830
 1188	38438		67164		1.119702
 1189	57507		38822		1.577024
			63976		1.623075
 1190	57511		38825		1.580006
			63709		1.659432
 1191	64636		38826		1.603835
			42577		1.354428
			59009		1.646709
 1192	64640		38830		1.539919
			42571		1.382227
			64261		1.607398
 1193	57508		38832		1.591954
			41858		1.582806
 1194	57500		38838		1.563748
			57049		1.784293
 1195	57496		38840		1.627664
			41856		1.563129
 1196	38841		42565		1.853205
 1197	38842		45113		1.829376
 1198	38843		42194		1.853205
 1199	38844		44388		1.829376
 1200	38845		42181		1.829571
 1201	38846		67116		1.113261
 1202	39683		39233		1.345387
 1203	39684		39236		1.338081
			48784		1.291058
 1204	60860		39240		1.262658
			48423		1.326129
 1205	60865		39241		1.255352
			50535		1.280661
 1206	39242		51276		1.291058
			60850		1.140286
 1207	39243		49856		1.314887
 1208	39244		55181		1.310121
 1209	39246		48073		1.403353
 1210	39249		60849		1.739602
 1211	39250		49509		1.349764
 1212	39252		54075		1.362956
 1213	61306		39665		1.754857
 1214	52064		39676		1.881800
 1215	55916		39677		1.853400
 1216	54817		39679		1.831371
 1217	39682		61276		1.286737
			67014		1.163816
 1218	39685		51640		1.354974
 1219	39688		61279		1.263103
 1220	39691		40968		1.330951
 1221	39692		46985		1.314887
 1222	40989		40105		1.345387
			54812		1.354779
 1223	40983		40106		1.321753
			54807		1.378803
 1224	40988		40107		1.682502
 1225	40990		40108		1.321753
			55525		1.395061
 1226	40984		40109		1.321753
			48795		1.267424
 1227	60868		40110		1.276090
			51280		1.283752
 1228	60863		40111		1.262658
			55196		1.314692
 1229	40112		48426		1.283752
			60848		1.140481
 1230	40113		54445		1.398078
			60851		1.160145
 1231	40114		49511		1.280466
 1232	40115		48071		1.310917
 1233	40116		54431		1.438554
 1234	40120		60857		1.659117
 1235	40121		49860		1.307387
 1236	55907		40531		1.361645
			50554		1.349958
 1237	55914		40532		1.361645
 1238	61729		40533		1.350208
			55167		1.345582
 1239	55909		40535		1.381310
			48779		1.326129
 1240	55915		40536		1.385279
 1241	41403		40538		1.658673
			55900		1.437509
 1242	40539		48446		1.291253
			61706		1.225010
 1243	40540		61715		1.642859
 1244	40541		51271		1.349958
 1245	40542		49517		1.283752
 1246	40548		49851		1.326129
 1247	53285		40970		1.857832
 1248	61302		40974		1.394422
 1249	55911		40979		1.869463
 1250	40982		50559		1.877478
 1251	40985		57040		1.632236
 1252	40986		55897		1.378608
 1253	65454		41384		1.503969
 1254	65769		41385		1.428616
			50897		1.428616
			51646		1.452250
 1255	50930		41386		1.575944
			51645		1.159739
 1256	55910		41389		1.512472
 1257	46649		41391		1.658673
			67074		1.194951
 1258	66897		41394		1.149884
 1259	51663		41395		1.575944
 1260	41396		46257		1.349958
 1261	41399		50205		1.349958
			65409		1.234897
 1262	41400		46248		1.203758
 1263	41402		55902		1.404537
 1264	41406		49171		1.349958
			65412		1.282165
 1265	41407		65743		1.364700
 1266	41409		65744		1.428616
 1267	41410		55896		1.453572
 1268	64281		41834		1.682821
 1269	63356		41836		1.714150
 1270	63353		41839		1.817904
 1271	59028		41844		1.646709
 1272	63994		41845		1.733019
 1273	63715		41846		1.801451
 1274	63993		41847		1.709579
 1275	59381		41848		1.753848
 1276	57065		41849		1.800453
 1277	63714		41852		1.596156
 1278	45130		41854		1.773495
 1279	63992		41855		1.709579
 1280	63991		41859		1.764704
 1281	64283		41864		1.786482
 1282	59383		41865		1.674313
 1283	64282		41866		1.687589
 1284	41870		57033		1.817904
 1285	59379		42179		1.211773
 1286	43669		42182		1.140286
 1287	59378		42184		1.164310
 1288	43670		42189		1.140481
 1289	43671		42190		1.164115
 1290	59380		42196		1.164115
 1291	44035		42199		1.164115
 1292	42200		67239		1.123853
 1293	42201		67233		1.136896
 1294	42202		67209		1.136896
 1295	42203		67215		1.123853
 1296	42204		67221		1.100024
 1297	42205		67227		1.119689
 1298	42206		42572		1.778047
			42933		1.778047
			43305		1.754413
			43665		1.754413
			44025		1.754413
			44385		1.754413
			45111		1.754413
			45503		1.801876
 1299	42207		67218		1.160725
 1300	42208		42574		1.778047
			42934		1.778047
			43304		1.778047
			43664		1.754413
			44019		1.778047
			44384		1.778047
			45118		1.778047
			45498		1.801876
 1301	42578		45122		1.140481
 1302	42579		45109		1.140286
 1303	42580		45114		1.164115
 1304	42581		45488		1.164310
 1305	42582		44032		1.164310
 1306	42583		45496		1.211578
 1307	42584		43663		1.735155
			59359		1.758984
 1308	42585		67275		1.100024
 1309	42586		43656		1.754413
			59360		1.730778
 1310	42938		45487		1.187944
 1311	42939		45492		1.877034
 1312	42940		67200		1.119689
 1313	42941		67206		1.116158
 1314	42942		67284		1.096054
 1315	42943		66580		1.218676
 1316	43312		44026		1.829376
 1317	43313		67290		1.129395
 1318	43314		67296		1.112383
 1319	43315		67302		1.092524
 1320	43316		67260		1.092524
 1321	43672		67245		1.132926
 1322	43673		67257		1.116158
 1323	43674		67251		1.132926
 1324	44034		67212		1.119689
 1325	44036		44383		1.829571
 1326	44037		67242		1.139366
 1327	44038		67224		1.096054
 1328	44039		67293		1.096054
 1329	44391		45499		1.211773
 1330	44392		67254		1.136896
 1331	44393		67236		1.139548
 1332	44394		67230		1.136896
 1333	44395		67248		1.100024
 1334	66885		44740		1.166896
 1335	44773		66406		1.310266
 1336	59382		45116		1.773495
 1337	45123		67281		1.136896
 1338	45124		45504		1.877034
 1339	45125		67197		1.147682
 1340	45127		67278		1.123659
 1341	45128		67269		1.119507
 1342	45129		67263		1.113261
 1343	51665		45486		1.223015
 1344	51662		45495		1.871208
 1345	45505		67041		1.143517
 1346	45507		67026		1.123853
 1347	45508		67272		1.171122
 1348	45509		67299		1.123853
 1349	45510		67287		1.143517
 1350	45511		67266		1.123853
 1351	64619		45872		1.596781
			59001		1.730214
 1352	55539		46255		1.817939
 1353	63357		46271		1.402382
 1354	56680		46279		1.802320
 1355	46284		56676		1.263103
			67053		1.143517
 1356	46286		56677		1.286931
 1357	66586		46632		1.410508
 1358	66903		46633		1.149884
 1359	66583		46639		1.380096
 1360	46646		57484		1.410508
 1361	55905		46989		1.831565
 1362	61304		46993		1.373787
 1363	54815		47000		1.373787
 1364	61305		47005		1.754857
 1365	47018		61289		1.263103
			67029		1.176369
 1366	47019		61290		1.263103
 1367	66846		47353		1.126055
 1368	58660		47354		1.600412
 1369	47366		58638		1.791326
 1370	47367		58645		1.425561
 1371	47368		58651		1.767692
			63690		1.315137
 1372	47372		58643		1.572011
			63707		1.600412
 1373	47374		58644		1.767692
			63703		1.315332
 1374	47749		66496		1.286463
 1375	47750		66484		1.286437
 1376	47751		66490		1.289981
 1377	57064		48081		1.338327
 1378	54452		48089		1.203758
 1379	48100		66987		1.119689
 1380	54449		48425		1.314692
 1381	57062		48432		1.334746
 1382	48449		67002		1.092524
 1383	54816		48787		1.291058
 1384	55543		48796		1.291058
 1385	48811		67017		1.100024
 1386	49202		67059		1.123853
 1387	54453		49514		1.227587
 1388	49532		66978		1.129395
 1389	54451		49862		1.227587
 1390	49881		66981		1.092524
 1391	50236		67065		1.136896
 1392	54818		50541		1.831371
 1393	50561		67011		1.123659
 1394	50563		67035		1.140182
 1395	52899		50908		1.314692
 1396	62219		50920		1.425508
			63349		1.695088
 1397	50929		67047		1.119883
 1398	54819		51279		1.291253
 1399	57061		51289		1.291058
 1400	51305		52049		1.560130
			60139		1.612359
 1401	51307		67020		1.136896
 1402	53292		51630		1.556003
 1403	61730		51634		1.418251
 1404	55541		51647		1.330951
 1405	66828		52491		1.166701
 1406	66837		52494		1.170182
 1407	66876		52500		1.170182
 1408	58658		52502		1.663744
 1409	52517		56314		1.644681
			58640		1.644681
 1410	66840		52883		1.201122
 1411	66852		52888		1.173142
 1412	52897		53281		1.370593
 1413	53667		66487		1.296778
 1414	53668		66529		1.296778
 1415	53669		66523		1.303218
 1416	53670		66511		1.259712
 1417	53671		66517		1.259712
 1418	53672		66535		1.259712
 1419	54450		54078		1.878274
 1420	63355		54079		1.915146
 1421	55912		54080		1.884945
 1422	54082		56674		1.915146
 1423	54083		54439		1.140286
 1424	62237		54430		1.420954
			63322		1.710375
 1425	62233		54434		1.424729
			63990		1.685750
 1426	62230		54797		1.330192
			63964		1.661921
 1427	62229		54805		1.373685
			63956		1.646514
 1428	57063		55171		1.362156
 1429	55197		66999		1.116353
 1430	62227		55527		1.377850
			63694		1.801451
 1431	62228		55528		1.401289
			63971		1.701910
 1432	65449		56321		1.473344
 1433	56679		66993		1.132926
 1434	56682		67083		1.116158
 1435	56683		67080		1.119689
 1436	62234		57047		1.377850
			63972		1.685750
 1437	62231		57048		1.353826
			63974		1.650484
 1438	66066		57050		1.366820
			62180		1.149272
 1439	62235		57051		1.377655
			63969		1.650679
 1440	62226		57053		1.353826
			63988		1.793880
 1441	57058		66975		1.123853
 1442	66596		57416		1.192223
 1443	66603		57417		1.239725
 1444	66604		57418		1.218975
 1445	66595		57419		1.218975
 1446	67428		57420		1.149272
 1447	67722		57421		1.226171
 1448	67716		57422		1.149077
 1449	67713		57423		1.223248
 1450	67704		57424		1.223248
 1451	67701		57425		1.199420
 1452	67695		57426		1.189261
 1453	67692		57427		1.186182
 1454	67683		57428		1.196930
 1455	67680		57429		1.186377
 1456	67674		57430		1.229249
 1457	67671		57431		1.240241
 1458	67659		57432		1.205589
 1459	67650		57433		1.149272
 1460	67638		57434		1.149272
 1461	67629		57435		1.149467
 1462	67611		57436		1.223093
 1463	67602		57437		1.232767
 1464	67590		57438		1.149272
 1465	67566		57439		1.165600
 1466	67557		57440		1.196735
 1467	67545		57441		1.186182
 1468	67536		57442		1.192778
 1469	67518		57443		1.196735
 1470	67509		57444		1.186338
 1471	67497		57445		1.189429
 1472	67488		57446		1.209107
 1473	67473		57447		1.149272
 1474	67443		57448		1.149272
 1475	67452		57449		1.226171
 1476	67464		57450		1.260295
 1477	67581		57451		1.223093
 1478	58263		61291		1.377481
 1479	58264		61296		1.182984
 1480	59027		59368		1.753848
 1481	59376		60517		1.520487
 1482	61309		59692		1.513111
 1483	61311		60846		1.155769
 1484	62223		61281		1.421343
			63693		1.762215
 1485	66843		61283		1.173712
 1486	62225		61284		1.370349
			63696		1.742161
 1487	66855		61293		1.170182
 1488	62224		61295		1.390737
			63328		1.649074
 1489	66906		61700		1.166701
 1490	66912		61701		1.153464
 1491	66804		61702		1.224951
 1492	66909		61703		1.170182
 1493	66801		61704		1.170182
 1494	62221		61705		1.448753
			64275		1.674508
 1495	66810		61707		1.190725
 1496	66873		61708		1.153464
 1497	66867		61709		1.166701
 1498	66879		61710		1.170182
 1499	66822		61712		1.170182
 1500	66807		61713		1.190725
 1501	62222		61718		1.441447
			63327		1.652516
 1502	66864		61721		1.167091
 1503	67341		62153		1.141772
 1504	67725		62154		1.162509
 1505	67719		62155		1.189261
 1506	67707		62156		1.186182
 1507	67698		62157		1.189429
 1508	67686		62158		1.186377
 1509	67677		62159		1.185278
 1510	67662		62160		1.161631
 1511	67641		62161		1.194971
 1512	67614		62162		1.235581
 1513	67593		62163		1.149272
 1514	67569		62164		1.149272
 1515	67548		62165		1.145302
 1516	67521		62166		1.149272
 1517	67500		62167		1.145302
 1518	67476		62168		1.195450
 1519	67455		62169		1.192778
 1520	67431		62170		1.186182
 1521	67416		62171		1.186182
 1522	67407		62172		1.182213
 1523	67404		62173		1.178682
 1524	67401		62174		1.182368
 1525	67392		62175		1.162509
 1526	67389		62176		1.236724
 1527	67383		62177		1.149272
 1528	67371		62178		1.149272
 1529	67368		62179		1.145302
 1530	62217		63321		1.690516
 1531	62218		63319		1.690321
 1532	62220		63347		1.695088
 1533	63995		63331		1.817904
 1534	67458		64556		1.233801
 1535	67449		64557		1.223209
 1536	67446		64558		1.199381
 1537	67440		64559		1.209094
 1538	67437		64560		1.186338
 1539	67425		64561		1.220564
 1540	67422		64562		1.186533
 1541	67419		64563		1.292051
 1542	67482		64564		1.220759
 1543	67470		64565		1.192960
 1544	67467		64566		1.213063
 1545	67461		64567		1.216789
 1546	67656		64568		1.189429
 1547	67653		64569		1.209972
 1548	67647		64570		1.260527
 1549	67644		64571		1.229392
 1550	67635		64572		1.173101
 1551	67632		64573		1.220564
 1552	67626		64574		1.212624
 1553	67623		64575		1.192960
 1554	67608		64576		1.213063
 1555	67605		64577		1.216594
 1556	67599		64578		1.236724
 1557	67596		64579		1.202472
 1558	67587		64580		1.169131
 1559	67584		64581		1.186338
 1560	67668		64583		1.196930
 1561	65761		66574		1.313615
 1562	65762		66565		1.286463
 1563	65763		66559		1.303218
 1564	65764		66553		1.290162
 1565	65765		66547		1.266152
 1566	65766		66505		1.286463
 1567	65767		66499		1.303218
 1568	65768		66403		1.289981
 1569	65770		66400		1.286463
 1570	65771		66568		1.266152
 1571	65772		66562		1.289981
 1572	65773		66556		1.306141
 1573	65774		66550		1.286463
 1574	65775		66541		1.306141
 1575	65776		66502		1.289981
 1576	65777		66493		1.306141
 1577	66115		66072		1.341206
 1578	66097		66478		1.259556
 1579	66098		66472		1.251887
 1580	66099		66466		1.238806
 1581	66100		66457		1.214977
 1582	66101		66451		1.259556
 1583	66102		66445		1.214977
 1584	66103		66439		1.238806
 1585	66104		66430		1.214977
 1586	66105		66481		1.259556
 1587	66107		66475		1.255160
 1588	66108		66469		1.215171
 1589	66109		66463		1.235883
 1590	66110		66454		1.214977
 1591	66111		66448		1.238806
 1592	66112		66442		1.214977
 1593	66113		66436		1.235727
 1594	66114		66412		1.214977
 1595	66589		67737		0.000000
 1596	66598		66972		1.112214