INFO: [SIM 2] *************** CSIM start ***************
INFO: [SIM 4] CSIM will launch GCC as the compiler.
   Compiling ../../../../optical_flow_test.cpp in debug mode
   Compiling ../../../../imageLib/Convert.cpp in debug mode
   Compiling ../../../../imageLib/Convolve.cpp in debug mode
   Compiling ../../../../imageLib/flowIO.cpp in debug mode
   Compiling ../../../../imageLib/Image.cpp in debug mode
   Compiling ../../../../imageLib/ImageIO.cpp in debug mode
   Compiling ../../../../imageLib/ImageIOpng.cpp in debug mode
   Compiling ../../../../imageLib/RefCntMem.cpp in debug mode
   Compiling ../../../../optical_flow.cpp in debug mode
   Generating csim.exe
img0: datasets/current/frame1.ppm
img1: datasets/current/frame2.ppm
img2: datasets/current/frame3.ppm
img3: datasets/current/frame4.ppm
img4: datasets/current/frame5.ppm
out.flo: out.flo
reference.flo: datasets/current/ref.flo
reading in images
Now Running optical flow...
grad_max = 0.692157
Average error: 21.9929 degrees
INFO: [SIM 1] CSim done with 0 errors.
INFO: [SIM 3] *************** CSIM finish ***************
