================================================================
  Vivado(TM) HLS - High-Level Synthesis from C, C++ and SystemC
  Version 2017.1
  Build 1846317 on Thu Jun 22 18:17:09 MDT 2017
  Copyright (C) 1986-2017 Xilinx, Inc. All Rights Reserved.
================================================================
INFO: [HLS 200-10] Running '/scratch/xilinx/SDx/2017.1/Vivado_HLS/bin/unwrapped/lnx64.o/vivado_hls'
INFO: [HLS 200-10] For user 'sx233' on host 'en-ec-zhang05.coecis.cornell.edu' (Linux_x86_64 version 2.6.32-696.6.3.el6.x86_64) on Wed Sep 20 10:45:39 EDT 2017
INFO: [HLS 200-10] On os "CentOS release 6.9 (Final)"
INFO: [HLS 200-10] In directory '/home/sx233/datuner/src/vivado_hls'
./options.tcl can't be opened.
couldn't read file "./options.tcl": no such file or directory
    while executing
"source ./options.tcl"
    (file "run_fixed.tcl" line 31)
    invoked from within
"source run_fixed.tcl"
    invoked from within
"hls::main run_fixed.tcl"
    ("uplevel" body line 1)
    invoked from within
"uplevel 1 hls::main {*}$args"
    (procedure "hls_proc" line 5)
    invoked from within
"hls_proc $argv"
