==============================================================
File generated by Vivado(TM) HLS - High-Level Synthesis from C, C++ and SystemC
Version: 2017.1
Copyright (C) 1986-2017 Xilinx, Inc. All Rights Reserved.

==============================================================

INFO: [HLS 200-10] Setting target device to 'xc7z045ffg900-2'
INFO: [SYN 201-201] Setting up clock 'default' with a period of 10ns.
INFO: [SIM 211-2] *************** CSIM start ***************
INFO: [SIM 211-4] CSIM will launch GCC as the compiler.
INFO: [SIM 211-1] CSim done with 0 errors.
INFO: [SIM 211-3] *************** CSIM finish ***************
INFO: [HLS 200-10] Analyzing design file 'optical_flow.cpp' ... 
INFO: [HLS 200-10] Validating synthesis directives ...
INFO: [HLS 200-111] Finished Checking Pragmas Time (s): cpu = 00:05:17 ; elapsed = 00:05:33 . Memory (MB): peak = 448.367 ; gain = 17.711 ; free physical = 6149 ; free virtual = 20537
INFO: [HLS 200-111] Finished Linking Time (s): cpu = 00:05:29 ; elapsed = 00:05:49 . Memory (MB): peak = 448.367 ; gain = 17.711 ; free physical = 6029 ; free virtual = 20535
INFO: [HLS 200-10] Starting code transformations ...
INFO: [XFORM 203-501] Unrolling loop 'Loop-1' (/scratch/xilinx/SDx/2017.1/Vivado_HLS/common/technology/autopilot/hls/hls_video_mem.h:123) in function 'hls::Window<1, 7, gradient_t>::shift_pixels_left()' completely.
INFO: [XFORM 203-501] Unrolling loop 'Loop-1' (/scratch/xilinx/SDx/2017.1/Vivado_HLS/common/technology/autopilot/hls/hls_video_mem.h:123) in function 'hls::Window<1, 3, tensor_t>::shift_pixels_left()' completely.
INFO: [XFORM 203-603] Inlining function 'hls::LineBuffer<5, 1024, float, 0>::shift_pixels_up' into 'gradient_xy_calc' (optical_flow.cpp:110).
INFO: [XFORM 203-603] Inlining function 'hls::LineBuffer<5, 1024, float, 0>::shift_pixels_up' into 'gradient_xy_calc' (optical_flow.cpp:106).
INFO: [XFORM 203-603] Inlining function 'hls::LineBuffer<5, 1024, float, 0>::insert_bottom_row' into 'gradient_xy_calc' (optical_flow.cpp:111).
INFO: [XFORM 203-603] Inlining function 'hls::LineBuffer<5, 1024, float, 0>::insert_bottom_row' into 'gradient_xy_calc' (optical_flow.cpp:107).
INFO: [XFORM 203-603] Inlining function 'hls::Window<5, 5, float>::shift_pixels_left' into 'gradient_xy_calc' (optical_flow.cpp:124).
INFO: [XFORM 203-603] Inlining function 'hls::Window<5, 5, float>::shift_pixels_left' into 'gradient_xy_calc' (optical_flow.cpp:116).
INFO: [XFORM 203-603] Inlining function 'hls::LineBuffer<5, 1024, float, 0>::getval' into 'gradient_xy_calc' (optical_flow.cpp:121).
INFO: [XFORM 203-603] Inlining function 'hls::LineBuffer<5, 1024, float, 0>::getval' into 'gradient_xy_calc' (optical_flow.cpp:120).
INFO: [XFORM 203-603] Inlining function 'hls::LineBuffer<5, 1024, float, 0>::getval' into 'gradient_xy_calc' (optical_flow.cpp:119).
INFO: [XFORM 203-603] Inlining function 'hls::LineBuffer<5, 1024, float, 0>::getval' into 'gradient_xy_calc' (optical_flow.cpp:118).
INFO: [XFORM 203-603] Inlining function 'hls::LineBuffer<5, 1024, float, 0>::getval' into 'gradient_xy_calc' (optical_flow.cpp:117).
INFO: [XFORM 203-603] Inlining function 'hls::Window<5, 5, float>::insert_pixel' into 'gradient_xy_calc' (optical_flow.cpp:129).
INFO: [XFORM 203-603] Inlining function 'hls::Window<5, 5, float>::insert_pixel' into 'gradient_xy_calc' (optical_flow.cpp:128).
INFO: [XFORM 203-603] Inlining function 'hls::Window<5, 5, float>::insert_pixel' into 'gradient_xy_calc' (optical_flow.cpp:127).
INFO: [XFORM 203-603] Inlining function 'hls::Window<5, 5, float>::insert_pixel' into 'gradient_xy_calc' (optical_flow.cpp:126).
INFO: [XFORM 203-603] Inlining function 'hls::Window<5, 5, float>::insert_pixel' into 'gradient_xy_calc' (optical_flow.cpp:125).
INFO: [XFORM 203-603] Inlining function 'hls::Window<5, 5, float>::insert_pixel' into 'gradient_xy_calc' (optical_flow.cpp:121).
INFO: [XFORM 203-603] Inlining function 'hls::Window<5, 5, float>::insert_pixel' into 'gradient_xy_calc' (optical_flow.cpp:120).
INFO: [XFORM 203-603] Inlining function 'hls::Window<5, 5, float>::insert_pixel' into 'gradient_xy_calc' (optical_flow.cpp:119).
INFO: [XFORM 203-603] Inlining function 'hls::Window<5, 5, float>::insert_pixel' into 'gradient_xy_calc' (optical_flow.cpp:118).
INFO: [XFORM 203-603] Inlining function 'hls::Window<5, 5, float>::insert_pixel' into 'gradient_xy_calc' (optical_flow.cpp:117).
INFO: [XFORM 203-603] Inlining function 'hls::Window<5, 5, float>::getval' into 'gradient_xy_calc' (optical_flow.cpp:134).
INFO: [XFORM 203-603] Inlining function 'hls::Window<5, 5, float>::getval' into 'gradient_xy_calc' (optical_flow.cpp:133).
INFO: [XFORM 203-603] Inlining function 'hls::LineBuffer<7, 1024, gradient_t, 0>::shift_pixels_up' into 'gradient_weight_y' (optical_flow.cpp:228).
INFO: [XFORM 203-603] Inlining function 'hls::LineBuffer<7, 1024, gradient_t, 0>::shift_pixels_up' into 'gradient_weight_y' (optical_flow.cpp:218).
INFO: [XFORM 203-603] Inlining function 'hls::LineBuffer<7, 1024, gradient_t, 0>::insert_bottom_row' into 'gradient_weight_y' (optical_flow.cpp:233).
INFO: [XFORM 203-603] Inlining function 'hls::LineBuffer<7, 1024, gradient_t, 0>::insert_bottom_row' into 'gradient_weight_y' (optical_flow.cpp:225).
INFO: [XFORM 203-603] Inlining function 'hls::LineBuffer<7, 1024, gradient_t, 0>::getval' into 'gradient_weight_y' (optical_flow.cpp:244).
INFO: [XFORM 203-603] Inlining function 'hls::LineBuffer<7, 1024, gradient_t, 0>::getval' into 'gradient_weight_y' (optical_flow.cpp:243).
INFO: [XFORM 203-603] Inlining function 'hls::LineBuffer<7, 1024, gradient_t, 0>::getval' into 'gradient_weight_y' (optical_flow.cpp:242).
INFO: [XFORM 203-603] Inlining function 'hls::Window<1, 7, gradient_t>::shift_pixels_left' into 'gradient_weight_x' (optical_flow.cpp:268).
INFO: [XFORM 203-603] Inlining function 'hls::Window<1, 7, gradient_t>::insert_pixel' into 'gradient_weight_x' (optical_flow.cpp:281).
INFO: [XFORM 203-603] Inlining function 'hls::Window<1, 7, gradient_t>::getval' into 'gradient_weight_x' (optical_flow.cpp:291).
INFO: [XFORM 203-603] Inlining function 'hls::Window<1, 7, gradient_t>::getval' into 'gradient_weight_x' (optical_flow.cpp:290).
INFO: [XFORM 203-603] Inlining function 'hls::Window<1, 7, gradient_t>::getval' into 'gradient_weight_x' (optical_flow.cpp:289).
INFO: [XFORM 203-603] Inlining function 'hls::LineBuffer<3, 1024, outer_t, 0>::shift_pixels_up' into 'tensor_weight_y' (optical_flow.cpp:375).
INFO: [XFORM 203-603] Inlining function 'hls::LineBuffer<3, 1024, outer_t, 0>::insert_bottom_row' into 'tensor_weight_y' (optical_flow.cpp:386).
INFO: [XFORM 203-603] Inlining function 'hls::LineBuffer<3, 1024, outer_t, 0>::getval' into 'tensor_weight_y' (optical_flow.cpp:394).
INFO: [XFORM 203-603] Inlining function 'hls::Window<1, 3, tensor_t>::shift_pixels_left' into 'tensor_weight_x' (optical_flow.cpp:419).
INFO: [XFORM 203-603] Inlining function 'hls::Window<1, 3, tensor_t>::insert_pixel' into 'tensor_weight_x' (optical_flow.cpp:432).
INFO: [XFORM 203-603] Inlining function 'hls::Window<1, 3, tensor_t>::getval' into 'tensor_weight_x' (optical_flow.cpp:440).
INFO: [HLS 200-111] Finished Standard Transforms Time (s): cpu = 00:05:45 ; elapsed = 00:06:08 . Memory (MB): peak = 838.668 ; gain = 408.012 ; free physical = 5591 ; free virtual = 20192
INFO: [HLS 200-10] Checking synthesizability ...
INFO: [HLS 200-111] Finished Checking Synthesizability Time (s): cpu = 00:05:49 ; elapsed = 00:06:12 . Memory (MB): peak = 998.668 ; gain = 568.012 ; free physical = 5447 ; free virtual = 20073
INFO: [XFORM 203-1101] Packing variable 'tmp.val' (optical_flow.cpp:372) into a 192-bit variable.
INFO: [XFORM 203-1101] Packing variable 'buf.val.val' (optical_flow.cpp:366) into a 192-bit variable.
WARNING: [XFORM 203-152] Cannot apply array mapping directives with instance name 'out_product.val': cannot find another array to be merged with.
WARNING: [XFORM 203-152] Cannot apply array mapping directives with instance name 'tensor_y.val': cannot find another array to be merged with.
WARNING: [XFORM 203-152] Cannot apply array mapping directives with instance name 'tensor.val': cannot find another array to be merged with.
WARNING: [XFORM 203-152] Cannot apply array mapping directives with instance name 'buf.val.val' (optical_flow.cpp:366): cannot find another array to be merged with.
WARNING: [XFORM 203-152] Cannot apply array mapping directives with instance name 'tmp.val' (optical_flow.cpp:372): cannot find another array to be merged with.
INFO: [XFORM 203-502] Unrolling all sub-loops inside loop 'Loop-1.1' (optical_flow.cpp:266) in function 'gradient_weight_x' for pipelining.
INFO: [XFORM 203-502] Unrolling all sub-loops inside loop 'Loop-1.1' (optical_flow.cpp:213) in function 'gradient_weight_y' for pipelining.
INFO: [XFORM 203-502] Unrolling all sub-loops inside loop 'Loop-1.1' (optical_flow.cpp:101) in function 'gradient_xy_calc' for pipelining.
INFO: [XFORM 203-502] Unrolling all sub-loops inside loop 'Loop-1.1' (optical_flow.cpp:368) in function 'tensor_weight_y' for pipelining.
INFO: [XFORM 203-502] Unrolling all sub-loops inside loop 'Loop-1.1' (optical_flow.cpp:417) in function 'tensor_weight_x' for pipelining.
INFO: [XFORM 203-501] Unrolling loop 'Loop-1.1.1' (/scratch/xilinx/SDx/2017.1/Vivado_HLS/common/technology/autopilot/hls/hls_video_mem.h:125) in function 'gradient_weight_x' completely.
INFO: [XFORM 203-501] Unrolling loop 'Loop-1.1.2' (optical_flow.cpp:288) in function 'gradient_weight_x' completely.
INFO: [XFORM 203-501] Unrolling loop 'Loop-1.1.1' (/scratch/xilinx/SDx/2017.1/Vivado_HLS/common/technology/autopilot/hls/hls_video_mem.h:727) in function 'gradient_weight_y' completely.
INFO: [XFORM 203-501] Unrolling loop 'Loop-1.1.2' (/scratch/xilinx/SDx/2017.1/Vivado_HLS/common/technology/autopilot/hls/hls_video_mem.h:727) in function 'gradient_weight_y' completely.
INFO: [XFORM 203-501] Unrolling loop 'Loop-1.1.3' (optical_flow.cpp:241) in function 'gradient_weight_y' completely.
INFO: [XFORM 203-501] Unrolling loop 'Loop-1.1.1' (/scratch/xilinx/SDx/2017.1/Vivado_HLS/common/technology/autopilot/hls/hls_video_mem.h:727) in function 'gradient_xy_calc' completely.
INFO: [XFORM 203-501] Unrolling loop 'Loop-1.1.2' (/scratch/xilinx/SDx/2017.1/Vivado_HLS/common/technology/autopilot/hls/hls_video_mem.h:727) in function 'gradient_xy_calc' completely.
INFO: [XFORM 203-501] Unrolling loop 'Loop-1.1.3' (/scratch/xilinx/SDx/2017.1/Vivado_HLS/common/technology/autopilot/hls/hls_video_mem.h:123) in function 'gradient_xy_calc' completely.
INFO: [XFORM 203-501] Unrolling loop 'Loop-1.1.3.1' (/scratch/xilinx/SDx/2017.1/Vivado_HLS/common/technology/autopilot/hls/hls_video_mem.h:125) in function 'gradient_xy_calc' completely.
INFO: [XFORM 203-501] Unrolling loop 'Loop-1.1.4' (/scratch/xilinx/SDx/2017.1/Vivado_HLS/common/technology/autopilot/hls/hls_video_mem.h:123) in function 'gradient_xy_calc' completely.
INFO: [XFORM 203-501] Unrolling loop 'Loop-1.1.4.1' (/scratch/xilinx/SDx/2017.1/Vivado_HLS/common/technology/autopilot/hls/hls_video_mem.h:125) in function 'gradient_xy_calc' completely.
INFO: [XFORM 203-501] Unrolling loop 'Loop-1.1.5' (optical_flow.cpp:132) in function 'gradient_xy_calc' completely.
INFO: [XFORM 203-501] Unrolling loop 'Loop-1.1.1' (/scratch/xilinx/SDx/2017.1/Vivado_HLS/common/technology/autopilot/hls/hls_video_mem.h:727) in function 'tensor_weight_y' completely.
INFO: [XFORM 203-501] Unrolling loop 'Loop-1.1.2' (optical_flow.cpp:382) in function 'tensor_weight_y' completely.
INFO: [XFORM 203-501] Unrolling loop 'Loop-1.1.3' (optical_flow.cpp:389) in function 'tensor_weight_y' completely.
INFO: [XFORM 203-501] Unrolling loop 'Loop-1.1.4' (optical_flow.cpp:393) in function 'tensor_weight_y' completely.
INFO: [XFORM 203-501] Unrolling loop 'dumb' (optical_flow.cpp:396) in function 'tensor_weight_y' completely.
INFO: [XFORM 203-501] Unrolling loop 'Loop-1.1.1' (/scratch/xilinx/SDx/2017.1/Vivado_HLS/common/technology/autopilot/hls/hls_video_mem.h:125) in function 'tensor_weight_x' completely.
INFO: [XFORM 203-501] Unrolling loop 'Loop-1.1.2' (optical_flow.cpp:428) in function 'tensor_weight_x' completely.
INFO: [XFORM 203-501] Unrolling loop 'Loop-1.1.3' (optical_flow.cpp:435) in function 'tensor_weight_x' completely.
INFO: [XFORM 203-501] Unrolling loop 'Loop-1.1.4' (optical_flow.cpp:439) in function 'tensor_weight_x' completely.
INFO: [XFORM 203-501] Unrolling loop 'stupid' (optical_flow.cpp:441) in function 'tensor_weight_x' completely.
INFO: [XFORM 203-102] Partitioning array 'acc.val' (optical_flow.cpp:388) automatically.
INFO: [XFORM 203-102] Partitioning array 'tmp.val' (optical_flow.cpp:420) automatically.
INFO: [XFORM 203-102] Partitioning array 'acc.val' (optical_flow.cpp:434) automatically.
WARNING: [XFORM 203-561] Updating loop lower bound from 1 to 1024 for loop 'Loop-0-0' in function 'optical_flow'.
WARNING: [XFORM 203-561] Updating loop lower bound from 1 to 436 for loop 'Loop-0' in function 'optical_flow'.
INFO: [XFORM 203-101] Partitioning array 'buf.val.x' (optical_flow.cpp:264) in dimension 1 completely.
INFO: [XFORM 203-101] Partitioning array 'buf.val.y' (optical_flow.cpp:264) in dimension 1 completely.
INFO: [XFORM 203-101] Partitioning array 'buf.val.z' (optical_flow.cpp:264) in dimension 1 completely.
INFO: [XFORM 203-101] Partitioning array 'buf.val.x' (optical_flow.cpp:211) in dimension 1 completely.
INFO: [XFORM 203-101] Partitioning array 'buf.val.y' (optical_flow.cpp:211) in dimension 1 completely.
INFO: [XFORM 203-101] Partitioning array 'buf.val.z' (optical_flow.cpp:211) in dimension 1 completely.
INFO: [XFORM 203-101] Partitioning array 'buf.val' (optical_flow.cpp:98) in dimension 1 completely.
INFO: [XFORM 203-101] Partitioning array 'window.val' (optical_flow.cpp:99) in dimension 1 completely.
INFO: [XFORM 203-101] Partitioning array 'buf.val.val' (optical_flow.cpp:366) in dimension 1 completely.
INFO: [XFORM 203-101] Partitioning array 'buf.val.val' (optical_flow.cpp:415) in dimension 1 completely.
INFO: [XFORM 203-101] Partitioning array 'buf.val.x.0' (optical_flow.cpp:264) in dimension 1 completely.
INFO: [XFORM 203-101] Partitioning array 'buf.val.y.0' (optical_flow.cpp:264) in dimension 1 completely.
INFO: [XFORM 203-101] Partitioning array 'buf.val.z.0' (optical_flow.cpp:264) in dimension 1 completely.
INFO: [XFORM 203-101] Partitioning array 'window.val.0' (optical_flow.cpp:99) in dimension 1 completely.
INFO: [XFORM 203-101] Partitioning array 'window.val.1' (optical_flow.cpp:99) in dimension 1 completely.
INFO: [XFORM 203-101] Partitioning array 'window.val.2' (optical_flow.cpp:99) in dimension 1 completely.
INFO: [XFORM 203-101] Partitioning array 'window.val.3' (optical_flow.cpp:99) in dimension 1 completely.
INFO: [XFORM 203-101] Partitioning array 'window.val.4' (optical_flow.cpp:99) in dimension 1 completely.
INFO: [XFORM 203-101] Partitioning array 'buf.val.val.0' (optical_flow.cpp:415) in dimension 1 completely.
WARNING: [ANALYSIS 214-31] The program may have out of bound access of array variable 'buf.val[1]' in function 'gradient_xy_calc'.
WARNING: [ANALYSIS 214-31] The program may have out of bound access of array variable 'buf.val[2]' in function 'gradient_xy_calc'.
WARNING: [ANALYSIS 214-31] The program may have out of bound access of array variable 'buf.val[3]' in function 'gradient_xy_calc'.
WARNING: [ANALYSIS 214-31] The program may have out of bound access of array variable 'buf.val[4]' in function 'gradient_xy_calc'.
WARNING: [ANALYSIS 214-31] The program may have out of bound access of array variable 'buf.val[0]' in function 'gradient_xy_calc'.
WARNING: [ANALYSIS 214-31] The program may have out of bound access of array variable 'frame' in function 'gradient_xy_calc' (optical_flow.cpp:107:17).
WARNING: [ANALYSIS 214-31] The program may have out of bound access of array variable 'buf.val[0]' in function 'gradient_xy_calc'.
WARNING: [ANALYSIS 214-31] The program may have out of bound access of array variable 'buf.val[0]' in function 'gradient_xy_calc'.
INFO: [XFORM 203-721] Changing loop 'Loop_1_proc' (optical_flow.cpp:52) to a process function for dataflow in function 'optical_flow'.
INFO: [XFORM 203-721] Changing loop 'Loop_2_proc' (optical_flow.cpp:68) to a process function for dataflow in function 'optical_flow'.
INFO: [XFORM 203-721] Changing loop 'Loop_3_proc' (optical_flow.cpp:80) to a process function for dataflow in function 'optical_flow'.
ERROR: [XFORM 203-711] Internal stream 'gradient_x' failed dataflow checking: it must be produced and consumed exactly once.
                         Internal global variable 'gradient_x' has write operations in process function 'gradient_xy_calc' (optical_flow.cpp:91).
                         Internal global variable 'gradient_x' has read operations in process function 'gradient_weight_y' (optical_flow.cpp:202).
                         Internal global variable 'gradient_x' has read operations in process function 'Loop_2_proc' (optical_flow.cpp:68:29).
ERROR: [XFORM 203-711] Internal stream 'gradient_y' failed dataflow checking: it must be produced and consumed exactly once.
                         Internal global variable 'gradient_y' has write operations in process function 'gradient_xy_calc' (optical_flow.cpp:91).
                         Internal global variable 'gradient_y' has read operations in process function 'gradient_weight_y' (optical_flow.cpp:202).
                         Internal global variable 'gradient_y' has read operations in process function 'Loop_2_proc' (optical_flow.cpp:68:29).
ERROR: [XFORM 203-711] Internal stream 'gradient_z' failed dataflow checking: it must be produced and consumed exactly once.
                         Internal global variable 'gradient_z' has write operations in process function 'gradient_z_calc' (optical_flow.cpp:175).
                         Internal global variable 'gradient_z' has read operations in process function 'gradient_weight_y' (optical_flow.cpp:202).
                         Internal global variable 'gradient_z' has read operations in process function 'Loop_2_proc' (optical_flow.cpp:68:29).
ERROR: [XFORM 203-711] Internal stream 'tensor.val' failed dataflow checking: it must be produced and consumed exactly once.
                         Internal global variable 'tensor.val' has write operations in process function 'tensor_weight_x' (optical_flow.cpp:410).
                         Internal global variable 'tensor.val' has read operations in process function 'flow_calc' (optical_flow.cpp:455).
                         Internal global variable 'tensor.val' has read operations in process function 'Loop_3_proc' (optical_flow.cpp:80:28).
ERROR: [HLS 200-70] Pre-synthesis failed.
command 'ap_source' returned error code
    while executing
"source run.tcl"
    invoked from within
"hls::main run.tcl"
    ("uplevel" body line 1)
    invoked from within
"uplevel 1 hls::main {*}$args"
    (procedure "hls_proc" line 5)
    invoked from within
"hls_proc $argv"
