
/work/zhang/users/chang/project/daTuner/apps/vtr_release/vtr_flow/../vpr/vpr k6_frac_N10_mem32K_40nm.xml diffeq1 --blif_file diffeq1.pre-vpr.blif --timing_analysis on --timing_driven_clustering on --cluster_seed_type timing --sdc_file  --alpha_clustering 0.342692008712 --beta_clustering 0.0954446477378 --allow_unrelated_clustering off --connection_driven_clustering off --alpha_t 0.809610352853 --seed 2 --inner_num 100 --timing_tradeoff 0.367103612604 --inner_loop_recompute_divider 1 --td_place_exp_first 1 --td_place_exp_last 5 --max_router_iterations 20 --initial_pres_fac 14.506212866 --pres_fac_mult 1.59134082643 --acc_fac 1.08631741695 --bb_factor 1 --base_cost_type demand_only --astar_fac 1.77029804164 --max_criticality 0.809670009064 --criticality_exp 0.911048348572 --nodisp

VPR FPGA Placement and Routing.
Version: Version 7.0
Compiled: Apr  4 2016.
University of Toronto
vpr@eecg.utoronto.ca
This is free open source code under MIT license.

Architecture file: k6_frac_N10_mem32K_40nm.xml
Circuit name: diffeq1.blif

Building complex block graph.
WARNING(1): io[0].clock[0] unconnected pin in architecture.
Loop for doall = 0, init_parse took 0 seconds.
Loop for doall = 0 took 0.02 seconds.
Loop for doall = 1, init_parse took 0.01 seconds.
Loop for doall = 1 took 0.01 seconds.
Swept away 196 nets with no fanout.
Net is a constant generator: vcc.
WARNING(2): logical_block #456 with output vcc has only 0 pin.
WARNING(3): Block contains output -- may be a constant generator.
0 unconnected blocks in input netlist.
Removed 96 LUT buffers.
Sweeped away 96 nodes.
BLIF circuit stats:
	1 LUTs of size 0
	0 LUTs of size 1
	35 LUTs of size 2
	138 LUTs of size 3
	78 LUTs of size 4
	84 LUTs of size 5
	147 LUTs of size 6
	162 of type input
	96 of type output
	193 of type latch
	483 of type names
	0 of type dual_port_ram
	0 of type single_port_ram
	5 of type multiply
Timing analysis: ON
Circuit netlist file: diffeq1.net
Circuit placement file: diffeq1.place
Circuit routing file: diffeq1.route
Circuit SDC file: 
Operation: RUN_FLOW

Packer: ENABLED
Placer: ENABLED
Router: ENABLED
PackerOpts.allow_early_exit: FALSE
PackerOpts.allow_unrelated_clustering: FALSE
PackerOpts.alpha_clustering: 0.342692
PackerOpts.aspect: 1.000000
PackerOpts.beta_clustering: 0.095445
PackerOpts.block_delay: 0.000000
PackerOpts.cluster_seed_type: TIMING
PackerOpts.connection_driven: FALSE
PackerOpts.global_clocks: TRUE
PackerOpts.hill_climbing_flag: FALSE
PackerOpts.inter_cluster_net_delay: 1.000000
PackerOpts.intra_cluster_net_delay: 0.000000
PackerOpts.recompute_timing_after: 32767
PackerOpts.sweep_hanging_nets_and_inputs: TRUE
PackerOpts.timing_driven: TRUE

PlacerOpts.place_freq: PLACE_ONCE
PlacerOpts.place_algorithm: PATH_TIMING_DRIVEN_PLACE
PlacerOpts.pad_loc_type: FREE
PlacerOpts.place_cost_exp: 1.000000
PlacerOpts.inner_loop_recompute_divider: 1
PlacerOpts.recompute_crit_iter: 1
PlacerOpts.timing_tradeoff: 0.367104
PlacerOpts.td_place_exp_first: 1.000000
PlacerOpts.td_place_exp_last: 5.000000
PlaceOpts.seed: 2
AnnealSched.type: USER_SCHED
AnnealSched.inner_num: 100.000000
AnnealSched.init_t: 100.000000
AnnealSched.alpha_t: 0.809610
AnnealSched.exit_t: 0.010000

RouterOpts.route_type: DETAILED
RouterOpts.router_algorithm: TIMING_DRIVEN
RouterOpts.base_cost_type: DEMAND_ONLY
RouterOpts.fixed_channel_width: NO_FIXED_CHANNEL_WIDTH
RouterOpts.acc_fac: 1.086317
RouterOpts.bb_factor: 1
RouterOpts.bend_cost: 0.000000
RouterOpts.first_iter_pres_fac: 0.500000
RouterOpts.initial_pres_fac: 14.506213
RouterOpts.pres_fac_mult: 1.591341
RouterOpts.max_router_iterations: 20
RouterOpts.astar_fac: 1.770298
RouterOpts.criticality_exp: 0.911048
RouterOpts.max_criticality: 0.809670

RoutingArch.directionality: UNI_DIRECTIONAL
RoutingArch.switch_block_type: WILTON
RoutingArch.Fs: 3

Initialize packing.
Begin packing 'diffeq1.pre-vpr.blif'.

After removing unused inputs...
	total blocks: 939, total nets: 1002, total inputs: 162, total outputs: 96
Begin prepacking.
Finish prepacking.
Using inter-cluster delay: 1.33777e-09

SDC file '' blank or not found.

Defaulting to: constrain all 0 inputs and 0 outputs on the netlist clock.
Optimize this clock to run as fast as possible.
Not enough resources expand FPGA size to x = 2 y = 2.
Complex block 0: cb.n1421, type: clb
	...............................................
Passed route at end.
Complex block 1: cb.n1712_1, type: clb
	.........................................
Passed route at end.
Not enough resources expand FPGA size to x = 3 y = 3.
Complex block 2: cb.n1694, type: clb
	.......................................
Passed route at end.
Complex block 3: cb.n1695, type: clb
	.........................................
Passed route at end.
Complex block 4: cb.n1628, type: clb
	.........................................
Passed route at end.
Complex block 5: cb.n1609, type: clb
	........................................
Passed route at end.
Not enough resources expand FPGA size to x = 4 y = 4.
Complex block 6: cb.n1666_1, type: clb
	.......................................
Passed route at end.
Complex block 7: cb.n1600, type: clb
	.........................................
Passed route at end.
Complex block 8: cb.n1657_1, type: clb
	.........................................
Passed route at end.
Complex block 9: cb.n1638, type: clb
	.......................................
Passed route at end.
Complex block 10: cb.n1589, type: clb
	.........................................
Passed route at end.
Complex block 11: cb.n1683, type: clb
	..............
Passed route at end.
Not enough resources expand FPGA size to x = 5 y = 5.
Complex block 12: cb.n1575, type: clb
	......................................
Passed route at end.
Not enough resources expand FPGA size to x = 6 y = 6.
Complex block 13: cb.top^MULTIPLY~43[0], type: mult_36
	
Passed route at end.
Not enough resources expand FPGA size to x = 7 y = 7.
Not enough resources expand FPGA size to x = 8 y = 8.
Complex block 14: cb.top^MULTIPLY~0[0], type: mult_36
	
Passed route at end.
Complex block 15: cb.n1391, type: clb
	.......................................
Passed route at end.
Not enough resources expand FPGA size to x = 9 y = 9.
Not enough resources expand FPGA size to x = 10 y = 10.
Not enough resources expand FPGA size to x = 11 y = 11.
Not enough resources expand FPGA size to x = 12 y = 12.
Complex block 16: cb.top^MULTIPLY~42[0], type: mult_36
	
Passed route at end.
Complex block 17: cb.top^DXport~22, type: io
	
Passed route at end.
Complex block 18: cb.top^DXport~7, type: io
	
Passed route at end.
Complex block 19: cb.top^DXport~9, type: io
	
Passed route at end.
Complex block 20: cb.top^DXport~10, type: io
	
Passed route at end.
Complex block 21: cb.top^DXport~14, type: io
	
Passed route at end.
Complex block 22: cb.top^DXport~23, type: io
	
Passed route at end.
Complex block 23: cb.top^DXport~15, type: io
	
Passed route at end.
Complex block 24: cb.top^DXport~13, type: io
	
Passed route at end.
Complex block 25: cb.top^DXport~24, type: io
	
Passed route at end.
Complex block 26: cb.top^DXport~31, type: io
	
Passed route at end.
Complex block 27: cb.top^DXport~4, type: io
	
Passed route at end.
Complex block 28: cb.top^DXport~3, type: io
	
Passed route at end.
Complex block 29: cb.top^DXport~21, type: io
	
Passed route at end.
Complex block 30: cb.top^DXport~6, type: io
	
Passed route at end.
Complex block 31: cb.top^DXport~17, type: io
	
Passed route at end.
Complex block 32: cb.top^DXport~19, type: io
	
Passed route at end.
Complex block 33: cb.top^DXport~20, type: io
	
Passed route at end.
Complex block 34: cb.top^DXport~8, type: io
	
Passed route at end.
Complex block 35: cb.top^DXport~5, type: io
	
Passed route at end.
Complex block 36: cb.top^DXport~29, type: io
	
Passed route at end.
Complex block 37: cb.top^DXport~28, type: io
	
Passed route at end.
Complex block 38: cb.top^DXport~26, type: io
	
Passed route at end.
Complex block 39: cb.top^DXport~25, type: io
	
Passed route at end.
Complex block 40: cb.top^DXport~1, type: io
	
Passed route at end.
Complex block 41: cb.top^DXport~2, type: io
	
Passed route at end.
Complex block 42: cb.top^DXport~18, type: io
	
Passed route at end.
Complex block 43: cb.top^DXport~11, type: io
	
Passed route at end.
Complex block 44: cb.top^DXport~16, type: io
	
Passed route at end.
Complex block 45: cb.top^DXport~30, type: io
	
Passed route at end.
Complex block 46: cb.top^DXport~12, type: io
	
Passed route at end.
Complex block 47: cb.top^DXport~27, type: io
	
Passed route at end.
Complex block 48: cb.top^DXport~0, type: io
	
Passed route at end.
Complex block 49: cb.n1616_1, type: clb
	...........................................
Passed route at end.
Not enough resources expand FPGA size to x = 13 y = 13.
Not enough resources expand FPGA size to x = 14 y = 14.
Complex block 50: cb.top^MULTIPLY~46[0], type: mult_36
	
Passed route at end.
Complex block 51: cb.top^MULTIPLY~45[0], type: mult_36
	
Passed route at end.
Complex block 52: cb.n1606, type: clb
	.........................................
Passed route at end.
Complex block 53: cb.n1621, type: clb
	.........................................
Passed route at end.
Complex block 54: cb.n1646, type: clb
	.......................................
Passed route at end.
Complex block 55: cb.n1696, type: clb
	..........................................
Passed route at end.
Complex block 56: cb.n1666, type: clb
	........................................
Passed route at end.
Complex block 57: cb.n1701, type: clb
	..........................................
Passed route at end.
Complex block 58: cb.n1596, type: clb
	......................................
Passed route at end.
Complex block 59: cb.n1736, type: clb
	.......................................
Passed route at end.
Complex block 60: cb.n1721, type: clb
	......................................
Passed route at end.
Complex block 61: cb.n1551, type: clb
	............................................
Passed route at end.
Complex block 62: cb.n1536, type: clb
	.......................................
Passed route at end.
Complex block 63: cb.n1486, type: clb
	.....................................
Passed route at end.
Complex block 64: cb.n1491, type: clb
	.............................
Passed route at end.
Complex block 65: cb.n1456, type: clb
	.........................................................
Passed route at end.
Complex block 66: cb.n1426, type: clb
	.......................
Passed route at end.
Complex block 67: cb.n1511, type: clb
	..............................................
Passed route at end.
Complex block 68: cb.n1439, type: clb
	................
Passed route at end.
Complex block 69: cb.n1441_1, type: clb
	...........................................
Passed route at end.
Complex block 70: cb.n1216, type: clb
	.................
Passed route at end.
Complex block 71: cb.n1211, type: clb
	...................
Passed route at end.
Complex block 72: cb.n1196, type: clb
	...................
Passed route at end.
Complex block 73: cb.n916, type: clb
	.................
Passed route at end.
Complex block 74: cb.n1746, type: clb
	
Passed route at end.
Complex block 75: cb.top^Aport~29, type: io
	
Passed route at end.
Complex block 76: cb.top^Aport~28, type: io
	
Passed route at end.
Complex block 77: cb.top^Aport~31, type: io
	
Passed route at end.
Complex block 78: cb.top^Aport~27, type: io
	
Passed route at end.
Complex block 79: cb.top^Aport~26, type: io
	
Passed route at end.
Complex block 80: cb.top^Aport~30, type: io
	
Passed route at end.
Complex block 81: cb.top^Aport~25, type: io
	
Passed route at end.
Complex block 82: cb.top^Aport~2, type: io
	
Passed route at end.
Complex block 83: cb.top^Aport~1, type: io
	
Passed route at end.
Complex block 84: cb.top^Aport~0, type: io
	
Passed route at end.
Complex block 85: cb.top^Aport~23, type: io
	
Passed route at end.
Complex block 86: cb.top^Aport~24, type: io
	
Passed route at end.
Complex block 87: cb.top^Aport~22, type: io
	
Passed route at end.
Complex block 88: cb.top^Aport~21, type: io
	
Passed route at end.
Complex block 89: cb.top^Aport~4, type: io
	
Passed route at end.
Complex block 90: cb.top^Aport~3, type: io
	
Passed route at end.
Complex block 91: cb.top^Aport~20, type: io
	
Passed route at end.
Complex block 92: cb.top^Aport~19, type: io
	
Passed route at end.
Complex block 93: cb.top^Aport~18, type: io
	
Passed route at end.
Complex block 94: cb.top^Aport~17, type: io
	
Passed route at end.
Complex block 95: cb.top^Aport~16, type: io
	
Passed route at end.
Complex block 96: cb.top^Aport~5, type: io
	
Passed route at end.
Complex block 97: cb.top^Aport~15, type: io
	
Passed route at end.
Complex block 98: cb.top^Aport~14, type: io
	
Passed route at end.
Complex block 99: cb.top^Aport~7, type: io
	
Passed route at end.
Complex block 100: cb.top^Aport~6, type: io
	
Passed route at end.
Complex block 101: cb.top^Aport~11, type: io
	
Passed route at end.
Complex block 102: cb.n1460, type: clb
	
Passed route at end.
Complex block 103: cb.top^Aport~13, type: io
	
Passed route at end.
Complex block 104: cb.top^Aport~12, type: io
	
Passed route at end.
Complex block 105: cb.top^Aport~9, type: io
	
Passed route at end.
Complex block 106: cb.top^Aport~8, type: io
	
Passed route at end.
Complex block 107: cb.top^Aport~10, type: io
	
Passed route at end.
Complex block 108: cb.top^Uinport~31, type: io
	
Passed route at end.
Complex block 109: cb.top^Uinport~30, type: io
	
Passed route at end.
Complex block 110: cb.top^reset, type: io
	
Passed route at end.
Complex block 111: cb.top^Xinport~30, type: io
	
Passed route at end.
Complex block 112: cb.top^Yinport~29, type: io
	
Passed route at end.
Complex block 113: cb.top^Xinport~29, type: io
	
Passed route at end.
Complex block 114: cb.top^Yinport~27, type: io
	
Passed route at end.
Complex block 115: cb.top^Xinport~6, type: io
	
Passed route at end.
Complex block 116: cb.top^Yinport~25, type: io
	
Passed route at end.
Complex block 117: cb.top^Xinport~27, type: io
	
Passed route at end.
Complex block 118: cb.top^Yinport~23, type: io
	
Passed route at end.
Complex block 119: cb.top^Xinport~2, type: io
	
Passed route at end.
Complex block 120: cb.top^Yinport~20, type: io
	
Passed route at end.
Complex block 121: cb.top^Xinport~25, type: io
	
Passed route at end.
Complex block 122: cb.top^Xinport~5, type: io
	
Passed route at end.
Complex block 123: cb.top^Xinport~23, type: io
	
Passed route at end.
Complex block 124: cb.top^Uinport~29, type: io
	
Passed route at end.
Complex block 125: cb.top^Uinport~27, type: io
	
Passed route at end.
Complex block 126: cb.top^Uinport~26, type: io
	
Passed route at end.
Complex block 127: cb.top^Uinport~24, type: io
	
Passed route at end.
Complex block 128: cb.top^Xinport~0, type: io
	
Passed route at end.
Complex block 129: cb.top^Uinport~23, type: io
	
Passed route at end.
Complex block 130: cb.top^Uinport~20, type: io
	
Passed route at end.
Complex block 131: cb.top^Xinport~20, type: io
	
Passed route at end.
Complex block 132: cb.top^Uinport~19, type: io
	
Passed route at end.
Complex block 133: cb.top^Xinport~4, type: io
	
Passed route at end.
Complex block 134: cb.top^Uinport~17, type: io
	
Passed route at end.
Complex block 135: cb.top^Uinport~16, type: io
	
Passed route at end.
Complex block 136: cb.top^Uinport~15, type: io
	
Passed route at end.
Complex block 137: cb.top^Yinport~7, type: io
	
Passed route at end.
Complex block 138: cb.top^Uinport~14, type: io
	
Passed route at end.
Complex block 139: cb.top^Yinport~6, type: io
	
Passed route at end.
Complex block 140: cb.top^Uinport~12, type: io
	
Passed route at end.
Complex block 141: cb.top^Uinport~11, type: io
	
Passed route at end.
Complex block 142: cb.top^Yinport~5, type: io
	
Passed route at end.
Complex block 143: cb.top^Yinport~4, type: io
	
Passed route at end.
Complex block 144: cb.top^Yinport~3, type: io
	
Passed route at end.
Complex block 145: cb.top^Uinport~7, type: io
	
Passed route at end.
Complex block 146: cb.top^Xinport~3, type: io
	
Passed route at end.
Complex block 147: cb.top^Yinport~2, type: io
	
Passed route at end.
Complex block 148: cb.top^Uinport~5, type: io
	
Passed route at end.
Complex block 149: cb.top^Xinport~1, type: io
	
Passed route at end.
Complex block 150: cb.top^Uinport~4, type: io
	
Passed route at end.
Complex block 151: cb.top^Uinport~3, type: io
	
Passed route at end.
Complex block 152: cb.top^Yinport~1, type: io
	
Passed route at end.
Complex block 153: cb.top^Uinport~2, type: io
	
Passed route at end.
Complex block 154: cb.top^Uinport~1, type: io
	
Passed route at end.
Complex block 155: cb.top^Yinport~0, type: io
	
Passed route at end.
Complex block 156: cb.top^Uinport~0, type: io
	
Passed route at end.
Complex block 157: cb.top^Xinport~7, type: io
	
Passed route at end.
Complex block 158: cb.top^Yinport~30, type: io
	
Passed route at end.
Complex block 159: cb.top^Xinport~14, type: io
	
Passed route at end.
Complex block 160: cb.top^Yinport~28, type: io
	
Passed route at end.
Complex block 161: cb.top^Yinport~26, type: io
	
Passed route at end.
Complex block 162: cb.top^Xinport~28, type: io
	
Passed route at end.
Complex block 163: cb.top^Xinport~13, type: io
	
Passed route at end.
Complex block 164: cb.top^Yinport~24, type: io
	
Passed route at end.
Complex block 165: cb.top^Yinport~22, type: io
	
Passed route at end.
Complex block 166: cb.top^Yinport~21, type: io
	
Passed route at end.
Complex block 167: cb.top^Xinport~26, type: io
	
Passed route at end.
Complex block 168: cb.top^Yinport~19, type: io
	
Passed route at end.
Complex block 169: cb.top^Yinport~18, type: io
	
Passed route at end.
Complex block 170: cb.top^Yinport~17, type: io
	
Passed route at end.
Complex block 171: cb.top^Yinport~16, type: io
	
Passed route at end.
Complex block 172: cb.top^Xinport~24, type: io
	
Passed route at end.
Complex block 173: cb.top^Xinport~12, type: io
	
Passed route at end.
Complex block 174: cb.top^Yinport~15, type: io
	
Passed route at end.
Complex block 175: cb.top^Xinport~11, type: io
	
Passed route at end.
Complex block 176: cb.top^Yinport~14, type: io
	
Passed route at end.
Complex block 177: cb.top^Uinport~28, type: io
	
Passed route at end.
Complex block 178: cb.top^Yinport~13, type: io
	
Passed route at end.
Complex block 179: cb.top^Xinport~22, type: io
	
Passed route at end.
Complex block 180: cb.top^Yinport~12, type: io
	
Passed route at end.
Complex block 181: cb.top^Uinport~25, type: io
	
Passed route at end.
Complex block 182: cb.top^Xinport~21, type: io
	
Passed route at end.
Complex block 183: cb.top^Yinport~11, type: io
	
Passed route at end.
Complex block 184: cb.top^Uinport~22, type: io
	
Passed route at end.
Complex block 185: cb.top^Yinport~10, type: io
	
Passed route at end.
Complex block 186: cb.top^Uinport~21, type: io
	
Passed route at end.
Complex block 187: cb.top^Yinport~9, type: io
	
Passed route at end.
Complex block 188: cb.top^Xinport~9, type: io
	
Passed route at end.
Complex block 189: cb.top^Xinport~8, type: io
	
Passed route at end.
Complex block 190: cb.top^Uinport~18, type: io
	
Passed route at end.
Complex block 191: cb.top^Xinport~10, type: io
	
Passed route at end.
Complex block 192: cb.top^Yinport~8, type: io
	
Passed route at end.
Complex block 193: cb.top^Xinport~19, type: io
	
Passed route at end.
Complex block 194: cb.top^Uinport~13, type: io
	
Passed route at end.
Complex block 195: cb.top^Xinport~18, type: io
	
Passed route at end.
Complex block 196: cb.top^Uinport~10, type: io
	
Passed route at end.
Complex block 197: cb.top^Uinport~9, type: io
	
Passed route at end.
Complex block 198: cb.top^Uinport~8, type: io
	
Passed route at end.
Complex block 199: cb.top^Xinport~17, type: io
	
Passed route at end.
Complex block 200: cb.top^Uinport~6, type: io
	
Passed route at end.
Complex block 201: cb.top^Xinport~31, type: io
	
Passed route at end.
Complex block 202: cb.top^Yinport~31, type: io
	
Passed route at end.
Complex block 203: cb.top^Xinport~16, type: io
	
Passed route at end.
Complex block 204: cb.top^Xinport~15, type: io
	
Passed route at end.
Complex block 205: cb.out:top^Uoutport~28, type: io
	
Passed route at end.
Complex block 206: cb.out:top^Uoutport~27, type: io
	
Passed route at end.
Complex block 207: cb.out:top^Uoutport~26, type: io
	
Passed route at end.
Complex block 208: cb.out:top^Uoutport~25, type: io
	
Passed route at end.
Complex block 209: cb.out:top^Uoutport~24, type: io
	
Passed route at end.
Complex block 210: cb.out:top^Uoutport~23, type: io
	
Passed route at end.
Complex block 211: cb.out:top^Uoutport~22, type: io
	
Passed route at end.
Complex block 212: cb.out:top^Uoutport~21, type: io
	
Passed route at end.
Complex block 213: cb.out:top^Uoutport~20, type: io
	
Passed route at end.
Complex block 214: cb.out:top^Uoutport~19, type: io
	
Passed route at end.
Complex block 215: cb.out:top^Uoutport~18, type: io
	
Passed route at end.
Complex block 216: cb.out:top^Uoutport~17, type: io
	
Passed route at end.
Complex block 217: cb.out:top^Uoutport~16, type: io
	
Passed route at end.
Complex block 218: cb.out:top^Uoutport~15, type: io
	
Passed route at end.
Complex block 219: cb.out:top^Uoutport~14, type: io
	
Passed route at end.
Complex block 220: cb.out:top^Uoutport~13, type: io
	
Passed route at end.
Complex block 221: cb.out:top^Uoutport~12, type: io
	
Passed route at end.
Complex block 222: cb.out:top^Uoutport~11, type: io
	
Passed route at end.
Complex block 223: cb.out:top^Uoutport~10, type: io
	
Passed route at end.
Complex block 224: cb.out:top^Uoutport~9, type: io
	
Passed route at end.
Complex block 225: cb.out:top^Uoutport~8, type: io
	
Passed route at end.
Complex block 226: cb.out:top^Uoutport~7, type: io
	
Passed route at end.
Complex block 227: cb.out:top^Uoutport~6, type: io
	
Passed route at end.
Complex block 228: cb.out:top^Uoutport~5, type: io
	
Passed route at end.
Complex block 229: cb.out:top^Uoutport~4, type: io
	
Passed route at end.
Complex block 230: cb.out:top^Uoutport~3, type: io
	
Passed route at end.
Complex block 231: cb.out:top^Uoutport~2, type: io
	
Passed route at end.
Complex block 232: cb.out:top^Uoutport~1, type: io
	
Passed route at end.
Complex block 233: cb.out:top^Youtport~31, type: io
	
Passed route at end.
Complex block 234: cb.out:top^Uoutport~0, type: io
	
Passed route at end.
Complex block 235: cb.out:top^Youtport~30, type: io
	
Passed route at end.
Complex block 236: cb.out:top^Youtport~29, type: io
	
Passed route at end.
Complex block 237: cb.out:top^Xoutport~29, type: io
	
Passed route at end.
Complex block 238: cb.out:top^Youtport~28, type: io
	
Passed route at end.
Complex block 239: cb.out:top^Youtport~27, type: io
	
Passed route at end.
Complex block 240: cb.out:top^Youtport~26, type: io
	
Passed route at end.
Complex block 241: cb.out:top^Youtport~25, type: io
	
Passed route at end.
Complex block 242: cb.out:top^Youtport~24, type: io
	
Passed route at end.
Complex block 243: cb.out:top^Youtport~23, type: io
	
Passed route at end.
Complex block 244: cb.out:top^Youtport~22, type: io
	
Passed route at end.
Complex block 245: cb.out:top^Youtport~21, type: io
	
Passed route at end.
Complex block 246: cb.out:top^Youtport~20, type: io
	
Passed route at end.
Complex block 247: cb.out:top^Youtport~19, type: io
	
Passed route at end.
Complex block 248: cb.out:top^Youtport~18, type: io
	
Passed route at end.
Complex block 249: cb.out:top^Youtport~17, type: io
	
Passed route at end.
Complex block 250: cb.out:top^Youtport~16, type: io
	
Passed route at end.
Complex block 251: cb.out:top^Youtport~15, type: io
	
Passed route at end.
Complex block 252: cb.out:top^Youtport~14, type: io
	
Passed route at end.
Complex block 253: cb.out:top^Youtport~13, type: io
	
Passed route at end.
Complex block 254: cb.out:top^Youtport~12, type: io
	
Passed route at end.
Complex block 255: cb.out:top^Youtport~11, type: io
	
Passed route at end.
Complex block 256: cb.out:top^Youtport~10, type: io
	
Passed route at end.
Complex block 257: cb.out:top^Youtport~9, type: io
	
Passed route at end.
Complex block 258: cb.out:top^Youtport~8, type: io
	
Passed route at end.
Complex block 259: cb.out:top^Youtport~7, type: io
	
Passed route at end.
Complex block 260: cb.out:top^Youtport~6, type: io
	
Passed route at end.
Complex block 261: cb.out:top^Youtport~5, type: io
	
Passed route at end.
Complex block 262: cb.out:top^Youtport~4, type: io
	
Passed route at end.
Complex block 263: cb.out:top^Youtport~3, type: io
	
Passed route at end.
Complex block 264: cb.out:top^Youtport~2, type: io
	
Passed route at end.
Complex block 265: cb.out:top^Youtport~1, type: io
	
Passed route at end.
Complex block 266: cb.out:top^Youtport~0, type: io
	
Passed route at end.
Complex block 267: cb.out:top^Xoutport~31, type: io
	
Passed route at end.
Complex block 268: cb.out:top^Xoutport~30, type: io
	
Passed route at end.
Complex block 269: cb.out:top^Xoutport~28, type: io
	
Passed route at end.
Complex block 270: cb.out:top^Xoutport~27, type: io
	
Passed route at end.
Complex block 271: cb.out:top^Xoutport~26, type: io
	
Passed route at end.
Complex block 272: cb.out:top^Xoutport~25, type: io
	
Passed route at end.
Complex block 273: cb.out:top^Xoutport~24, type: io
	
Passed route at end.
Complex block 274: cb.out:top^Xoutport~23, type: io
	
Passed route at end.
Complex block 275: cb.out:top^Xoutport~22, type: io
	
Passed route at end.
Complex block 276: cb.out:top^Xoutport~21, type: io
	
Passed route at end.
Complex block 277: cb.out:top^Xoutport~20, type: io
	
Passed route at end.
Complex block 278: cb.out:top^Xoutport~19, type: io
	
Passed route at end.
Complex block 279: cb.out:top^Xoutport~18, type: io
	
Passed route at end.
Complex block 280: cb.out:top^Xoutport~17, type: io
	
Passed route at end.
Complex block 281: cb.out:top^Xoutport~16, type: io
	
Passed route at end.
Complex block 282: cb.out:top^Xoutport~15, type: io
	
Passed route at end.
Complex block 283: cb.out:top^Xoutport~14, type: io
	
Passed route at end.
Complex block 284: cb.out:top^Xoutport~13, type: io
	
Passed route at end.
Complex block 285: cb.out:top^Xoutport~12, type: io
	
Passed route at end.
Complex block 286: cb.out:top^Xoutport~11, type: io
	
Passed route at end.
Complex block 287: cb.out:top^Xoutport~10, type: io
	
Passed route at end.
Complex block 288: cb.out:top^Xoutport~9, type: io
	
Passed route at end.
Complex block 289: cb.out:top^Xoutport~8, type: io
	
Passed route at end.
Complex block 290: cb.out:top^Xoutport~7, type: io
	
Passed route at end.
Complex block 291: cb.out:top^Xoutport~6, type: io
	
Passed route at end.
Complex block 292: cb.out:top^Xoutport~5, type: io
	
Passed route at end.
Complex block 293: cb.out:top^Xoutport~4, type: io
	
Passed route at end.
Complex block 294: cb.out:top^Xoutport~3, type: io
	
Passed route at end.
Complex block 295: cb.out:top^Xoutport~2, type: io
	
Passed route at end.
Complex block 296: cb.out:top^Xoutport~1, type: io
	
Passed route at end.
Complex block 297: cb.out:top^Uoutport~31, type: io
	
Passed route at end.
Complex block 298: cb.out:top^Uoutport~30, type: io
	
Passed route at end.
Complex block 299: cb.out:top^Uoutport~29, type: io
	
Passed route at end.
Complex block 300: cb.out:top^Xoutport~0, type: io
	
Passed route at end.
Complex block 301: cb.vcc, type: clb
	
Passed route at end.
Complex block 302: cb.top^clk, type: io
	
Passed route at end.
	<EMPTY>: # blocks: 0, average # input + clock pins used: 0, average # output pins used: 0
	io: # blocks: 258, average # input + clock pins used: 0.372093, average # output pins used: 0.627907
	clb: # blocks: 40, average # input + clock pins used: 16.675, average # output pins used: 7.45
	mult_36: # blocks: 5, average # input + clock pins used: 52.8, average # output pins used: 32.8
	memory: # blocks: 0, average # input + clock pins used: 0, average # output pins used: 0
Absorbed logical nets 378 out of 1002 nets, 624 nets not absorbed.

Netlist conversion complete.

Packing took 1.23 seconds.
Packing completed.
Begin parsing packed FPGA netlist file.
Finished parsing packed FPGA netlist file.
Netlist generated from file 'diffeq1.net'.
vcc is a constant generator.
WARNING(4): Logic block #301 (vcc) has only 1 pin.
Pin is an output -- may be a constant generator.
	Non-fatal, but check this.

Netlist num_nets: 624
Netlist num_blocks: 303
Netlist <EMPTY> blocks: 0.
Netlist clb blocks: 40.
Netlist mult_36 blocks: 5.
Netlist memory blocks: 0.
Netlist inputs pins: 162
Netlist output pins: 96

Auto-sizing FPGA at x = 17 y = 17
Auto-sizing FPGA at x = 9 y = 9
Auto-sizing FPGA at x = 13 y = 13
Auto-sizing FPGA at x = 15 y = 15
Auto-sizing FPGA at x = 14 y = 14
Auto-sizing FPGA at x = 13 y = 13
FPGA auto-sized to x = 14 y = 14
The circuit will be mapped into a 14 x 14 array of clbs.

Resource usage...
	Netlist      0	blocks of type: <EMPTY>
	Architecture 12	blocks of type: <EMPTY>
	Netlist      258	blocks of type: io
	Architecture 448	blocks of type: io
	Netlist      40	blocks of type: clb
	Architecture 140	blocks of type: clb
	Netlist      5	blocks of type: mult_36
	Architecture 6	blocks of type: mult_36
	Netlist      0	blocks of type: memory
	Architecture 4	blocks of type: memory

Computing delta_io_to_io lookup matrix, may take a few seconds, please wait...
Computing delta_io_to_clb lookup matrix, may take a few seconds, please wait...
Computing delta_clb_to_io lookup matrix, may take a few seconds, please wait...
Computing delta_clb_to_clb lookup matrix, may take a few seconds, please wait...

There are 987 point to point connections in this circuit.

Initial placement cost: 1 bb_cost: 87.5463 td_cost: 2.00389e-07 delay_cost: 5.05878e-07

--------- --------- ----------- ----------- ----------- ----------- -------- -------- ------- ------- ------- --------- -------
        T      Cost  Av BB Cost  Av TD Cost  Av Tot Del  P to P Del    d_max  Ac Rate Std Dev R limit     Exp Tot Moves   Alpha
--------- --------- ----------- ----------- ----------- ----------- -------- -------- ------- ------- ------- --------- -------
100.00000    1.0076     88.9922 2.11127e-07 5.04996e-07 5.12541e-10  24.1229   1.0000  0.0353 15.0000  1.0000    203473  0.8096
 80.96104   0.99147     89.1109 2.11137e-07 5.05075e-07 5.10464e-10  23.9858   1.0000  0.0340 15.0000  1.0000    406946  0.8096
 65.54690    1.0123     89.1902 2.09403e-07 5.05301e-07 5.17075e-10  24.3940   1.0000  0.0350 15.0000  1.0000    610419  0.8096
 53.06745    1.0469     89.1434 2.11764e-07 5.05184e-07 4.93391e-10  23.9397   1.0000  0.0367 15.0000  1.0000    813892  0.8096
 42.96395   0.98534     88.9055 2.10541e-07  5.0444e-07 5.12242e-10  24.1229   1.0000  0.0341 15.0000  1.0000   1017365  0.8096
 34.78406    1.0727     89.0629 2.12162e-07 5.04935e-07 4.89641e-10  23.2825   1.0000  0.0362 15.0000  1.0000   1220838  0.8096
 28.16154    1.0567     89.2361 2.12815e-07 5.06061e-07 4.94399e-10  23.3784   1.0000  0.0365 15.0000  1.0000   1424311  0.8096
 22.79987    1.0037     88.8994 2.12303e-07 5.04867e-07 5.08097e-10  23.1219   1.0000  0.0351 15.0000  1.0000   1627784  0.8096
 18.45901    1.0109     89.3473 2.11749e-07 5.06445e-07 5.00095e-10  23.4025   1.0000  0.0356 15.0000  1.0000   1831257  0.8096
 14.94461    1.0207     89.0157 2.10174e-07 5.05231e-07 5.06114e-10  24.0877   1.0000  0.0343 15.0000  1.0000   2034730  0.8096
 12.09931   0.99993     88.8992 2.13697e-07 5.04591e-07  5.0896e-10  23.4373   1.0000  0.0341 15.0000  1.0000   2238203  0.8096
  9.79573    1.0641     88.9494 2.13466e-07 5.05084e-07 4.80721e-10  23.4763   0.9999  0.0355 15.0000  1.0000   2441676  0.8096
  7.93072    1.0448     88.9448 2.09474e-07 5.04793e-07 4.87399e-10  23.8238   0.9999  0.0343 15.0000  1.0000   2645149  0.8096
  6.42079   0.97642     88.9796 2.09944e-07 5.04522e-07 5.14334e-10  24.4898   0.9999  0.0329 15.0000  1.0000   2848622  0.8096
  5.19834   0.98431     89.0953 2.12865e-07 5.05588e-07 5.13126e-10  24.6433   0.9998  0.0341 15.0000  1.0000   3052095  0.8096
  4.20863   0.99145     89.1279  2.1616e-07 5.05409e-07   5.229e-10  23.8051   0.9998  0.0341 15.0000  1.0000   3255568  0.8096
  3.40735   0.98986     89.0111 2.12759e-07 5.04865e-07 5.07235e-10  23.7402   0.9998  0.0340 15.0000  1.0000   3459041  0.8096
  2.75863    1.0045     89.0084 2.10785e-07  5.0518e-07 5.09382e-10  23.9849   0.9997  0.0344 15.0000  1.0000   3662514  0.8096
  2.23341    1.0338     89.0525 2.13768e-07  5.0491e-07 5.04378e-10  23.0739   0.9996  0.0357 15.0000  1.0000   3865987  0.8096
  1.80819    1.0256     88.9017 2.12405e-07 5.04229e-07 5.05319e-10  24.2284   0.9996  0.0356 15.0000  1.0000   4069460  0.8096
  1.46393    1.0299     88.9484   2.103e-07 5.05065e-07 4.85818e-10  24.2986   0.9995  0.0344 15.0000  1.0000   4272933  0.8096
  1.18522   0.98956     89.1063 2.10822e-07 5.04973e-07 5.16704e-10  23.7259   0.9994  0.0330 15.0000  1.0000   4476406  0.8096
  0.95956   0.99722     89.0555 2.13486e-07 5.05207e-07 5.10692e-10  23.4406   0.9992  0.0335 15.0000  1.0000   4679879  0.8096
  0.77687   0.96008     88.9994 2.07166e-07 5.05285e-07 5.30091e-10  25.7301   0.9992  0.0332 15.0000  1.0000   4883352  0.8096
  0.62896   0.97921     88.7241 2.11473e-07 5.03518e-07 5.23481e-10  24.0640   0.9989  0.0343 15.0000  1.0000   5086825  0.8096
  0.50922   0.98468     88.9339 2.11902e-07 5.04486e-07 5.14852e-10  24.0560   0.9986  0.0327 15.0000  1.0000   5290298  0.8096
  0.41227    1.0403     88.7916 2.06282e-07 5.04063e-07 4.98539e-10  25.3402   0.9981  0.0358 15.0000  1.0000   5493771  0.8096
  0.33377    1.0518     88.5531 2.11046e-07 5.03359e-07 4.93041e-10  22.9471   0.9980  0.0354 15.0000  1.0000   5697244  0.8096
  0.27023    1.0058     88.4522 2.11628e-07 5.03132e-07 5.14702e-10  24.0904   0.9974  0.0328 15.0000  1.0000   5900717  0.8096
  0.21878    1.0756     88.4183 2.10408e-07 5.03125e-07 4.84807e-10  24.0535   0.9966  0.0364 15.0000  1.0000   6104190  0.8096
  0.17713   0.99799     88.6071 2.10077e-07 5.03851e-07 5.05496e-10  23.9978   0.9962  0.0355 15.0000  1.0000   6307663  0.8096
  0.14340   0.98958     88.5204 2.10598e-07  5.0322e-07 5.08814e-10  24.1873   0.9951  0.0329 15.0000  1.0000   6511136  0.8096
  0.11610    1.0158     88.1881 2.09513e-07 5.01663e-07 4.93997e-10  23.1696   0.9940  0.0335 15.0000  1.0000   6714609  0.8096
  0.09400    1.0445     87.9409 2.08392e-07 5.01561e-07 4.94273e-10  24.5279   0.9921  0.0346 15.0000  1.0000   6918082  0.8096
  0.07610    1.0033      87.737 2.10666e-07 5.00693e-07 5.14066e-10  23.9632   0.9912  0.0346 15.0000  1.0000   7121555  0.8096
  0.06161    0.9501     87.5723 2.07166e-07 5.00223e-07  5.2585e-10  24.8340   0.9896  0.0324 15.0000  1.0000   7325028  0.8096
  0.04988   0.99727     87.0989 2.05309e-07 4.98026e-07 5.01075e-10  24.5383   0.9862  0.0346 15.0000  1.0000   7528501  0.8096
  0.04038    1.0295     86.3124 2.08818e-07 4.95565e-07 4.94688e-10  23.3273   0.9824  0.0342 15.0000  1.0000   7731974  0.8096
  0.03270   0.99378      85.662 2.02796e-07 4.93236e-07 4.98822e-10  24.5119   0.9785  0.0324 15.0000  1.0000   7935447  0.8096
  0.02647   0.96662     85.2132 2.04689e-07 4.91913e-07 5.07015e-10  23.7172   0.9750  0.0321 15.0000  1.0000   8138920  0.8096
  0.02143   0.98127      84.527 2.02464e-07 4.88982e-07 5.11362e-10  24.3915   0.9693  0.0303 15.0000  1.0000   8342393  0.8096
  0.01735   0.96335     83.6825  2.0013e-07 4.86658e-07 4.99753e-10  24.0184   0.9632  0.0306 15.0000  1.0000   8545866  0.8096
  0.01405   0.96318      82.145 1.95691e-07 4.80222e-07 4.92168e-10  24.3497   0.9541  0.0285 15.0000  1.0000   8749339  0.8096
  0.01137   0.96993     80.9426 1.93513e-07 4.76946e-07 4.98566e-10  23.8242   0.9436  0.0257 15.0000  1.0000   8952812  0.8096
  0.00000   0.67444     52.5937 1.54382e-07 3.51053e-07 4.91368e-10            0.0146  0.0875 15.0000  1.0000   9156285

BB estimate of min-dist (placement) wirelength: 4709
bb_cost recomputed from scratch: 47.0872
timing_cost recomputed from scratch: 1.44706e-07
delay_cost recomputed from scratch: 3.2751e-07

Completed placement consistency check successfully.

Swaps called: 9156285

Placement estimated critical path delay: 20.6427 ns
Placement cost: 0.61441, bb_cost: 47.0875, td_cost: 1.44707e-07, delay_cost: 3.27509e-07
Placement total # of swap attempts: 9156285
	Swap reject rate: 0
	Swap accept rate: 0
	Swap abort rate: 0
Placement took 18.95 seconds.
Using low: -1, high: -1, current: 162
Build rr_graph took 0.62 seconds.
Confirming Router Algorithm: TIMING_DRIVEN.

Routing iteration: 1
Wire length after first iteration 7758, total available wire length 68040, ratio 0.114021
Critical path: 22.8898 ns
Routing iteration took 0.04 seconds.

Routing iteration: 2
Successfully routed after 2 routing iterations.
Completed net delay value cross check successfully.
Using low: -1, high: 162, current: 82
Build rr_graph took 0.19 seconds.
Confirming Router Algorithm: TIMING_DRIVEN.

Routing iteration: 1
Wire length after first iteration 7961, total available wire length 34440, ratio 0.231156
Critical path: 22.8028 ns
Routing iteration took 0.03 seconds.

Routing iteration: 2
Critical path: 23.4932 ns
Routing iteration took 0.04 seconds.

Routing iteration: 3
Critical path: 23.0511 ns
Routing iteration took 0.03 seconds.

Routing iteration: 4
Successfully routed after 4 routing iterations.
Completed net delay value cross check successfully.
Using low: -1, high: 82, current: 42
Build rr_graph took 0.07 seconds.
Confirming Router Algorithm: TIMING_DRIVEN.

Routing iteration: 1
Wire length after first iteration 8381, total available wire length 17640, ratio 0.475113
Critical path: 23.1823 ns
Routing iteration took 0.03 seconds.

Routing iteration: 2
Critical path: 25.4662 ns
Routing iteration took 0.07 seconds.

Routing iteration: 3
Critical path: 27.0592 ns
Routing iteration took 0.04 seconds.

Routing iteration: 4
Critical path: 26.5162 ns
Routing iteration took 0.06 seconds.

Routing iteration: 5
Critical path: 27.2312 ns
Routing iteration took 0.07 seconds.

Routing iteration: 6
Critical path: 26.0397 ns
Routing iteration took 0.08 seconds.

Routing iteration: 7
Critical path: 27.2572 ns
Routing iteration took 0.07 seconds.

Routing iteration: 8
Critical path: 26.3823 ns
Routing iteration took 0.08 seconds.

Routing iteration: 9
Critical path: 25.791 ns
Routing iteration took 0.07 seconds.

Routing iteration: 10
Critical path: 25.847 ns
Routing iteration took 0.06 seconds.

Routing iteration: 11
Critical path: 25.3166 ns
Routing iteration took 0.08 seconds.

Routing iteration: 12
Critical path: 25.8053 ns
Routing iteration took 0.06 seconds.

Routing iteration: 13
Critical path: 26.8011 ns
Routing iteration took 0.07 seconds.

Routing iteration: 14
Critical path: 25.9354 ns
Routing iteration took 0.06 seconds.

Routing iteration: 15
Critical path: 27.132 ns
Routing iteration took 0.06 seconds.

Routing iteration: 16
Critical path: 26.7904 ns
Routing iteration took 0.05 seconds.

Routing iteration: 17
Critical path: 26.1161 ns
Routing iteration took 0.06 seconds.

Routing iteration: 18
Critical path: 25.9266 ns
Routing iteration took 0.05 seconds.

Routing iteration: 19
Critical path: 26.8437 ns
Routing iteration took 0.06 seconds.

Routing iteration: 20
Critical path: 26.2694 ns
Routing iteration took 0.06 seconds.
Routing failed.
Using low: 42, high: 82, current: 62
Build rr_graph took 0.13 seconds.
Confirming Router Algorithm: TIMING_DRIVEN.

Routing iteration: 1
Wire length after first iteration 8153, total available wire length 26040, ratio 0.313095
Critical path: 22.7481 ns
Routing iteration took 0.03 seconds.

Routing iteration: 2
Critical path: 24.7811 ns
Routing iteration took 0.06 seconds.

Routing iteration: 3
Critical path: 24.1896 ns
Routing iteration took 0.03 seconds.

Routing iteration: 4
Critical path: 24.053 ns
Routing iteration took 0.03 seconds.

Routing iteration: 5
Critical path: 24.0505 ns
Routing iteration took 0.03 seconds.

Routing iteration: 6
Critical path: 24.0505 ns
Routing iteration took 0.03 seconds.

Routing iteration: 7
Critical path: 23.8042 ns
Routing iteration took 0.03 seconds.

Routing iteration: 8
Critical path: 23.8031 ns
Routing iteration took 0.03 seconds.

Routing iteration: 9
Critical path: 23.2428 ns
Routing iteration took 0.03 seconds.

Routing iteration: 10
Critical path: 23.2428 ns
Routing iteration took 0.02 seconds.

Routing iteration: 11
Critical path: 23.2428 ns
Routing iteration took 0.03 seconds.

Routing iteration: 12
Critical path: 23.2826 ns
Routing iteration took 0.03 seconds.

Routing iteration: 13
Critical path: 23.2428 ns
Routing iteration took 0.02 seconds.

Routing iteration: 14
Critical path: 23.2428 ns
Routing iteration took 0.02 seconds.

Routing iteration: 15
Critical path: 23.299 ns
Routing iteration took 0.03 seconds.

Routing iteration: 16
Critical path: 23.2002 ns
Routing iteration took 0.02 seconds.

Routing iteration: 17
Critical path: 23.2002 ns
Routing iteration took 0.02 seconds.

Routing iteration: 18
Critical path: 23.2002 ns
Routing iteration took 0.03 seconds.

Routing iteration: 19
Critical path: 23.2002 ns
Routing iteration took 0.02 seconds.

Routing iteration: 20
Critical path: 23.2227 ns
Routing iteration took 0.02 seconds.
Routing failed.
Using low: 62, high: 82, current: 72
Build rr_graph took 0.16 seconds.
Confirming Router Algorithm: TIMING_DRIVEN.

Routing iteration: 1
Wire length after first iteration 8208, total available wire length 30240, ratio 0.271429
Critical path: 23.1419 ns
Routing iteration took 0.03 seconds.

Routing iteration: 2
Critical path: 23.5927 ns
Routing iteration took 0.04 seconds.

Routing iteration: 3
Critical path: 23.4106 ns
Routing iteration took 0.03 seconds.

Routing iteration: 4
Critical path: 23.2618 ns
Routing iteration took 0.03 seconds.

Routing iteration: 5
Critical path: 23.2618 ns
Routing iteration took 0.02 seconds.

Routing iteration: 6
Critical path: 23.3011 ns
Routing iteration took 0.02 seconds.

Routing iteration: 7
Critical path: 23.4106 ns
Routing iteration took 0.02 seconds.

Routing iteration: 8
Critical path: 23.4106 ns
Routing iteration took 0.03 seconds.

Routing iteration: 9
Critical path: 23.4106 ns
Routing iteration took 0.02 seconds.

Routing iteration: 10
Successfully routed after 10 routing iterations.
Completed net delay value cross check successfully.
Using low: 62, high: 72, current: 68
Build rr_graph took 0.15 seconds.
Confirming Router Algorithm: TIMING_DRIVEN.

Routing iteration: 1
Wire length after first iteration 8293, total available wire length 28560, ratio 0.290371
Critical path: 22.9407 ns
Routing iteration took 0.03 seconds.

Routing iteration: 2
Critical path: 23.7462 ns
Routing iteration took 0.05 seconds.

Routing iteration: 3
Critical path: 23.7816 ns
Routing iteration took 0.02 seconds.

Routing iteration: 4
Critical path: 23.9171 ns
Routing iteration took 0.03 seconds.

Routing iteration: 5
Critical path: 23.8745 ns
Routing iteration took 0.02 seconds.

Routing iteration: 6
Critical path: 23.375 ns
Routing iteration took 0.02 seconds.

Routing iteration: 7
Critical path: 23.375 ns
Routing iteration took 0.02 seconds.

Routing iteration: 8
Critical path: 23.5117 ns
Routing iteration took 0.02 seconds.

Routing iteration: 9
Critical path: 23.5117 ns
Routing iteration took 0.03 seconds.

Routing iteration: 10
Critical path: 23.5106 ns
Routing iteration took 0.02 seconds.

Routing iteration: 11
Critical path: 23.375 ns
Routing iteration took 0.02 seconds.

Routing iteration: 12
Critical path: 23.5106 ns
Routing iteration took 0.02 seconds.

Routing iteration: 13
Successfully routed after 13 routing iterations.
Completed net delay value cross check successfully.
Using low: 62, high: 68, current: 66
Build rr_graph took 0.14 seconds.
Confirming Router Algorithm: TIMING_DRIVEN.

Routing iteration: 1
Wire length after first iteration 8121, total available wire length 27720, ratio 0.292965
Critical path: 22.8997 ns
Routing iteration took 0.03 seconds.

Routing iteration: 2
Critical path: 24.9001 ns
Routing iteration took 0.06 seconds.

Routing iteration: 3
Critical path: 23.6687 ns
Routing iteration took 0.03 seconds.

Routing iteration: 4
Critical path: 23.3976 ns
Routing iteration took 0.02 seconds.

Routing iteration: 5
Critical path: 23.3976 ns
Routing iteration took 0.03 seconds.

Routing iteration: 6
Critical path: 23.2869 ns
Routing iteration took 0.02 seconds.

Routing iteration: 7
Critical path: 23.2858 ns
Routing iteration took 0.03 seconds.

Routing iteration: 8
Critical path: 23.2869 ns
Routing iteration took 0.03 seconds.

Routing iteration: 9
Critical path: 23.2869 ns
Routing iteration took 0.02 seconds.

Routing iteration: 10
Critical path: 23.2858 ns
Routing iteration took 0.02 seconds.

Routing iteration: 11
Critical path: 23.2858 ns
Routing iteration took 0.02 seconds.

Routing iteration: 12
Critical path: 23.2858 ns
Routing iteration took 0.02 seconds.

Routing iteration: 13
Critical path: 23.2858 ns
Routing iteration took 0.02 seconds.

Routing iteration: 14
Critical path: 23.2858 ns
Routing iteration took 0.02 seconds.

Routing iteration: 15
Critical path: 23.2869 ns
Routing iteration took 0.02 seconds.

Routing iteration: 16
Critical path: 23.2858 ns
Routing iteration took 0.03 seconds.

Routing iteration: 17
Critical path: 23.2858 ns
Routing iteration took 0.02 seconds.

Routing iteration: 18
Critical path: 23.2858 ns
Routing iteration took 0.02 seconds.

Routing iteration: 19
Critical path: 23.2858 ns
Routing iteration took 0.02 seconds.

Routing iteration: 20
Critical path: 23.2858 ns
Routing iteration took 0.02 seconds.
Routing failed.

Checking to ensure routing is legal...
Completed routing consistency check successfully.

Serial number (magic cookie) for the routing is: -765928508
Best routing used a channel width factor of 68.

Average number of bends per net: 2.42765  Maximum # of bends: 13

Number of routed nets (nonglobal): 622
Wirelength results (in units of 1 clb segments)...
	Total wirelength: 8925, average net length: 14.3489
	Maximum net length: 66

Wirelength results in terms of physical segments...
	Total wiring segments used: 2407, average wire segments per net: 3.86977
	Maximum segments used by a net: 17
	Total local nets with reserved CLB opins: 0

X - Directed channels: j	max occ	av_occ		capacity
0	40	16.5714  	68
1	11	4.71429  	68
2	9	4.50000  	68
3	30	15.5714  	68
4	47	26.9286  	68
5	42	29.2143  	68
6	41	27.8571  	68
7	40	23.7857  	68
8	55	39.0714  	68
9	42	28.7143  	68
10	32	20.1429  	68
11	25	13.4286  	68
12	29	15.7143  	68
13	15	7.00000  	68
14	43	23.1429  	68

Y - Directed channels: i	max occ	av_occ		capacity
0	26	12.5714  	68
1	4	1.14286  	68
2	5	1.78571  	68
3	12	5.50000  	68
4	40	22.5000  	68
5	60	39.7857  	68
6	62	43.0000  	68
7	41	33.1429  	68
8	37	25.1429  	68
9	31	21.0714  	68
10	29	17.5000  	68
11	38	21.7143  	68
12	42	23.1429  	68
13	51	28.1429  	68
14	67	45.0000  	68

Total tracks in x-direction: 1020, in y-direction: 1020

Logic area (in minimum width transistor areas, excludes I/Os and empty grid tiles)...
	Total logic block area (Warning, need to add pitch of routing to blocks with height > 3): 1.21132e+07
	Total used logic block area: 4.13576e+06

Routing area (in minimum width transistor areas)...
	Total routing area: 1.51550e+06, per logic tile: 7732.16

Segment usage by type (index):
Segment type       Fractional utilization
------------       ----------------------
       0                  0.278

Segment usage by length:
Segment length       Fractional utilization
--------------       ----------------------
        4                   0.278

Nets on critical path: 15 normal, 0 global.
Total logic delay: 1.6522e-08 (s), total net delay: 6.98856e-09 (s)
Final critical path: 23.5106 ns
f_max: 42.5341 MHz

Least slack in design: -23.5106 ns

Routing took 4.74 seconds.
The entire flow of VPR took 25.2 seconds.
