Timing criticalities have been normalized to be non-negative by relaxing the required times to the maximum arrival time.

Largest timing criticality in design: 1.99081
Smallest timing criticality in design: 0
Total timing criticality in design: 1706.09

Range		0.0e+00 to 4.0e-01	4.0e-01 to 8.0e-01	8.0e-01 to 1.2e+00	1.2e+00 to 1.6e+00	1.6e+00 to 2.0e+00	
Timing criticalities in range		496			0			19			660			467			



Net #	Driver_tnode	 to_node	Timing criticality

    0	21199		    0		1.215140
			  362		1.215380
			  732		1.262955
			 1092		1.190362
			 1483		1.190362
			 1842		1.215140
			 2283		1.239615
    1	 1110		    1		1.358723
			15188		1.274200
			16266		1.396088
			18191		1.279093
			19269		1.308222
			20347		1.412211
    2	 1108		    2		1.323720
			15191		1.308462
			16269		1.396088
			18194		1.308222
			19272		1.308222
			20350		1.425456
    3	21193		    3		1.326383
			 1099		1.248156
			15256		1.378585
			16334		1.525506
			18259		1.383478
			19337		1.287723
			20401		1.349953
    4	  743		    4		1.408369
			 1101		1.301013
			 1834		1.324748
    5	 1112		    5		1.251367
			15189		1.348471
			16267		1.420803
			18192		1.308222
			19270		1.308222
			20348		1.425696
    6	 1113		    6		1.373127
			15190		1.274200
			16268		1.396088
			18193		1.279093
			19271		1.308222
			20349		1.416004
    7	 1111		    7		1.329354
			15184		1.279093
			16262		1.420803
			18187		1.337830
			19265		1.337591
			20343		1.445039
    8	    8		 1104		1.323720
			15187		1.308222
			16265		1.396328
			18190		1.308462
			19268		1.308222
			20346		1.420803
    9	    9		 1094		1.323960
			15186		1.274200
			16264		1.396088
			18189		1.279093
			19267		1.308222
			20345		1.445613
   10	   10		 1100		1.173140
   11	   11		  736		1.408369
			 2285		1.600820
   12	   12		 1098		1.353089
			15185		1.308462
			16263		1.420803
			18188		1.279093
			19266		1.308222
			20344		1.420820
   13	   13		 1095		1.373127
   14	22588		   14		0.000000
			  375		0.000000
			  747		0.000000
			 1114		0.000000
			 1497		0.000000
			 1858		0.000000
			 2302		0.000000
			 2740		0.000000
			 3818		0.000000
			 4896		0.000000
			 5974		0.000000
			 7031		0.000000
			10978		0.000000
			12056		0.000000
			13134		0.000000
			14212		0.000000
			15290		0.000000
			16368		0.000000
			17425		0.000000
			18293		0.000000
			19371		0.000000
			20428		0.000000
   15	 1856		  361		1.353089
			 1096		1.300534
			10873		1.308222
			11951		1.308462
			13029		1.396088
			14107		1.337591
			17341		1.396328
   16	 1852		  363		1.451902
			10879		1.328586
			11957		1.366959
			13035		1.367439
			14113		1.366959
			17347		1.396568
   17	 1107		  364		1.353329
			 1844		1.329902
			10872		1.337591
			11950		1.337830
			13028		1.396807
			14106		1.367199
			17340		1.424977
   18	21190		  365		1.351896
			  728		1.346262
			 1843		1.273669
			10944		1.404098
			12022		1.237595
			13100		1.379863
			14178		1.379623
			17398		1.438360
   19	 1857		  366		1.323720
			10876		1.324297
			11954		1.337351
			13032		1.366959
			14110		1.308222
			17344		1.366959
   20	 1105		  367		1.353089
			 1830		1.359031
			10874		1.303329
			11952		1.337351
			13030		1.366959
			14108		1.308222
			17342		1.366959
   21	 1849		  368		1.481270
			10875		1.308222
			11953		1.337591
			13031		1.367199
			14109		1.366719
			17343		1.367199
   22	  739		  369		1.408129
			 1833		1.329902
   23	  370		 1097		1.329902
			 1840		1.324028
			10877		1.298978
			11955		1.337830
			13033		1.425936
			14111		1.337830
			17345		1.396568
   24	  371		 1103		1.452141
			 1836		1.481270
   25	  372		 1835		1.329902
   26	  373		21664		1.168721
   27	  374		 1102		1.330142
			 1832		1.353397
			10878		1.333177
			11956		1.366719
			13034		1.396328
			14112		1.337830
			17346		1.396568
   28	14183		  723		1.494581
			 9924		1.698799
   29	21196		  724		1.211330
			 1488		1.260428
			 1838		1.205696
			 2261		1.156642
   30	 1106		  725		1.452141
   31	 1492		  726		1.251127
			 1841		1.300294
			 2278		1.251521
			 2635		1.328106
			 3713		1.396328
			 4791		1.337591
			 5869		1.391211
			 6947		1.361843
   32	 1855		  727		1.353397
   33	 1851		  729		1.251127
			 1490		1.353089
			 2638		1.349012
			 3716		1.337591
			 4794		1.308462
			 5872		1.390731
			 6950		1.361603
   34	 1496		  730		1.280496
			 1839		1.329662
			 2256		1.231397
			 2636		1.332938
			 3714		1.366719
			 4792		1.337591
			 5870		1.386876
			 6948		1.357747
   35	 1494		  731		1.431864
   36	 1850		  733		1.481270
   37	 1846		  734		1.251367
			 1484		1.251367
			 2639		1.337591
			 3717		1.366959
			 4795		1.337830
			 5873		1.395848
			 6951		1.395848
   38	 1853		  735		1.280496
			 1482		1.353089
			 2640		1.357190
			 3718		1.366719
			 4796		1.308462
			 5874		1.390971
			 6952		1.391211
   39	19342		  737		1.471086
			 9922		1.728168
   40	 1854		  738		1.324508
   41	  740		 2267		1.576345
   42	  741		 2277		1.576345
   43	  742		 2266		1.596709
   44	  744		 2255		1.542099
			 7819		1.547456
			 8239		1.687743
			 8659		1.635082
			 9079		1.576105
			 9499		1.576585
			 9919		1.592468
			10339		1.752556
			10744		1.621201
   45	  745		 1093		1.295139
			 1489		1.295139
			 1831		1.295139
   46	  746		 2257		1.605713
   47	 1109		21667		1.176882
   48	 2293		 1485		1.431864
			 2637		1.332474
			 3715		1.420820
			 4793		1.367199
			 5871		1.420820
			 6949		1.420580
   49	 1845		 1486		1.431624
			 2641		1.366959
			 3719		1.367199
			 4797		1.367199
			 5875		1.420580
			 6953		1.332698
   50	 1847		 1487		1.329662
   51	 1848		 1491		1.353329
			 2284		1.261006
			 2634		1.332938
			 3712		1.391435
			 4790		1.367199
			 5868		1.420563
			 6946		1.391195
   52	 1493		 1837		1.324508
   53	 1495		21661		1.168721
   54	15283		 2247		1.718683
   55	15285		 2248		1.700976
   56	15289		 2249		1.743175
   57	10972		 2250		1.700737
   58	15284		 2251		1.723275
   59	17400		 2252		1.957520
   60	10970		 2253		1.773371
   61	15286		 2254		1.735238
   62	15288		 2258		1.728408
   63	10975		 2259		1.728168
   64	15282		 2260		1.705629
   65	10973		 2262		1.734998
   66	10971		 2263		1.757296
   67	10963		 2264		1.763060
   68	10965		 2265		1.741543
   69	15277		 2268		1.646769
   70	10969		 2269		1.748292
   71	15287		 2270		1.738283
   72	10974		 2271		1.767411
   73	15281		 2272		1.730585
   74	10968		 2273		1.764367
   75	15280		 2274		1.729742
   76	10967		 2275		1.767875
   77	15279		 2276		1.675898
   78	10964		 2279		1.700675
   79	15276		 2280		1.704803
   80	10966		 2281		1.734155
   81	15278		 2282		1.688178
   82	 2286		 2660		1.763060
   83	 2287		 2662		1.741543
   84	 2288		 2664		1.767875
   85	 2289		 2666		1.748292
   86	 2290		 2668		1.757296
   87	 2291		 2670		1.735238
   88	 2292		 2672		1.728408
   89	 2294		 2661		1.700675
   90	 2295		 2663		1.734155
   91	 2296		 2665		1.764367
   92	 2297		 2667		1.773371
   93	 2298		 2669		1.700976
   94	 2299		 2671		1.767411
   95	 2300		 6954		1.957520
   96	 2301		 2706		1.508078
			 3784		1.576824
			 4862		1.576585
			 5940		1.605713
			 7004		1.576345
   97	 7841		 2642		1.805397
   98	 7832		 2643		1.786425
   99	 7842		 2644		1.739288
  100	 7833		 2645		1.760797
  101	 7843		 2646		1.747605
  102	 7834		 2647		1.755122
  103	 7844		 2648		1.752403
  104	 7835		 2649		1.752164
  105	 7845		 2650		1.764367
  106	 7836		 2651		1.757056
  107	 7846		 2652		1.744291
  108	 7837		 2653		1.755394
  109	 7847		 2654		1.747812
  110	 7838		 2655		1.729865
  111	 7848		 2656		1.762982
  112	 7839		 2657		1.748052
  113	 7849		 2658		1.723035
  114	 7840		 2659		1.757536
  115	10370		 2673		1.904139
  116	10749		 2674		0.000000
			 2675		0.000000
			 2676		0.000000
			 2677		0.000000
			 2678		0.000000
			 2679		0.000000
			 2680		0.000000
			 2681		0.000000
			 2682		0.000000
			 2683		0.000000
			 2684		0.000000
			 2685		0.000000
			 2686		0.000000
			 2687		0.000000
			 2688		0.000000
			 2689		0.000000
			 2690		0.000000
			 2691		0.000000
			 2692		0.000000
			 2693		0.000000
			 2694		0.000000
			 2695		0.000000
			 2696		0.000000
			 2697		0.000000
			 2698		0.000000
			 2699		0.000000
			 2700		0.000000
			 2701		0.000000
			 2702		0.000000
			 2703		0.000000
			 2704		0.000000
			 2705		0.000000
			 2707		0.000000
			 3752		0.000000
			 3753		0.000000
			 3754		0.000000
			 3755		0.000000
			 3756		0.000000
			 3757		0.000000
			 3758		0.000000
			 3759		0.000000
			 3760		0.000000
			 3761		0.000000
			 3762		0.000000
			 3763		0.000000
			 3764		0.000000
			 3765		0.000000
			 3766		0.000000
			 3767		0.000000
			 3768		0.000000
			 3769		0.000000
			 3770		0.000000
			 3771		0.000000
			 3772		0.000000
			 3773		0.000000
			 3774		0.000000
			 3775		0.000000
			 3776		0.000000
			 3777		0.000000
			 3778		0.000000
			 3779		0.000000
			 3780		0.000000
			 3781		0.000000
			 3782		0.000000
			 3783		0.000000
			 3785		0.000000
			 4830		0.000000
			 4831		0.000000
			 4832		0.000000
			 4833		0.000000
			 4834		0.000000
			 4835		0.000000
			 4836		0.000000
			 4837		0.000000
			 4838		0.000000
			 4839		0.000000
			 4840		0.000000
			 4841		0.000000
			 4842		0.000000
			 4843		0.000000
			 4844		0.000000
			 4845		0.000000
			 4846		0.000000
			 4847		0.000000
			 4848		0.000000
			 4849		0.000000
			 4850		0.000000
			 4851		0.000000
			 4852		0.000000
			 4853		0.000000
			 4854		0.000000
			 4855		0.000000
			 4856		0.000000
			 4857		0.000000
			 4858		0.000000
			 4859		0.000000
			 4860		0.000000
			 4861		0.000000
			 4863		0.000000
			 5908		0.000000
			 5909		0.000000
			 5910		0.000000
			 5911		0.000000
			 5912		0.000000
			 5913		0.000000
			 5914		0.000000
			 5915		0.000000
			 5916		0.000000
			 5917		0.000000
			 5918		0.000000
			 5919		0.000000
			 5920		0.000000
			 5921		0.000000
			 5922		0.000000
			 5923		0.000000
			 5924		0.000000
			 5925		0.000000
			 5926		0.000000
			 5927		0.000000
			 5928		0.000000
			 5929		0.000000
			 5930		0.000000
			 5931		0.000000
			 5932		0.000000
			 5933		0.000000
			 5934		0.000000
			 5935		0.000000
			 5936		0.000000
			 5937		0.000000
			 5938		0.000000
			 5939		0.000000
			 5941		0.000000
			 6979		0.000000
			 6980		0.000000
			 6981		0.000000
			 6982		0.000000
			 6983		0.000000
			 6984		0.000000
			 6985		0.000000
			 6986		0.000000
			 6987		0.000000
			 6988		0.000000
			 6989		0.000000
			 6990		0.000000
			 6991		0.000000
			 6992		0.000000
			 6993		0.000000
			 6994		0.000000
			 6995		0.000000
			 6996		0.000000
			 6997		0.000000
			 6998		0.000000
			 6999		0.000000
			 7000		0.000000
			 7001		0.000000
			 7002		0.000000
			 7003		0.000000
			 7005		0.000000
			10912		0.000000
			10913		0.000000
			10914		0.000000
			10915		0.000000
			10916		0.000000
			10917		0.000000
			10918		0.000000
			10919		0.000000
			10920		0.000000
			10921		0.000000
			10922		0.000000
			10923		0.000000
			10924		0.000000
			10925		0.000000
			10926		0.000000
			10927		0.000000
			10928		0.000000
			10929		0.000000
			10930		0.000000
			10931		0.000000
			10932		0.000000
			10933		0.000000
			10934		0.000000
			10935		0.000000
			10936		0.000000
			10937		0.000000
			10938		0.000000
			10939		0.000000
			10940		0.000000
			10941		0.000000
			10942		0.000000
			10943		0.000000
			10945		0.000000
			11990		0.000000
			11991		0.000000
			11992		0.000000
			11993		0.000000
			11994		0.000000
			11995		0.000000
			11996		0.000000
			11997		0.000000
			11998		0.000000
			11999		0.000000
			12000		0.000000
			12001		0.000000
			12002		0.000000
			12003		0.000000
			12004		0.000000
			12005		0.000000
			12006		0.000000
			12007		0.000000
			12008		0.000000
			12009		0.000000
			12010		0.000000
			12011		0.000000
			12012		0.000000
			12013		0.000000
			12014		0.000000
			12015		0.000000
			12016		0.000000
			12017		0.000000
			12018		0.000000
			12019		0.000000
			12020		0.000000
			12021		0.000000
			12023		0.000000
			13068		0.000000
			13069		0.000000
			13070		0.000000
			13071		0.000000
			13072		0.000000
			13073		0.000000
			13074		0.000000
			13075		0.000000
			13076		0.000000
			13077		0.000000
			13078		0.000000
			13079		0.000000
			13080		0.000000
			13081		0.000000
			13082		0.000000
			13083		0.000000
			13084		0.000000
			13085		0.000000
			13086		0.000000
			13087		0.000000
			13088		0.000000
			13089		0.000000
			13090		0.000000
			13091		0.000000
			13092		0.000000
			13093		0.000000
			13094		0.000000
			13095		0.000000
			13096		0.000000
			13097		0.000000
			13098		0.000000
			13099		0.000000
			13101		0.000000
			14146		0.000000
			14147		0.000000
			14148		0.000000
			14149		0.000000
			14150		0.000000
			14151		0.000000
			14152		0.000000
			14153		0.000000
			14154		0.000000
			14155		0.000000
			14156		0.000000
			14157		0.000000
			14158		0.000000
			14159		0.000000
			14160		0.000000
			14161		0.000000
			14162		0.000000
			14163		0.000000
			14164		0.000000
			14165		0.000000
			14166		0.000000
			14167		0.000000
			14168		0.000000
			14169		0.000000
			14170		0.000000
			14171		0.000000
			14172		0.000000
			14173		0.000000
			14174		0.000000
			14175		0.000000
			14176		0.000000
			14177		0.000000
			14179		0.000000
			15224		0.000000
			15225		0.000000
			15226		0.000000
			15227		0.000000
			15228		0.000000
			15229		0.000000
			15230		0.000000
			15231		0.000000
			15232		0.000000
			15233		0.000000
			15234		0.000000
			15235		0.000000
			15236		0.000000
			15237		0.000000
			15238		0.000000
			15239		0.000000
			15240		0.000000
			15241		0.000000
			15242		0.000000
			15243		0.000000
			15244		0.000000
			15245		0.000000
			15246		0.000000
			15247		0.000000
			15248		0.000000
			15249		0.000000
			15250		0.000000
			15251		0.000000
			15252		0.000000
			15253		0.000000
			15254		0.000000
			15255		0.000000
			15257		0.000000
			16302		0.000000
			16303		0.000000
			16304		0.000000
			16305		0.000000
			16306		0.000000
			16307		0.000000
			16308		0.000000
			16309		0.000000
			16310		0.000000
			16311		0.000000
			16312		0.000000
			16313		0.000000
			16314		0.000000
			16315		0.000000
			16316		0.000000
			16317		0.000000
			16318		0.000000
			16319		0.000000
			16320		0.000000
			16321		0.000000
			16322		0.000000
			16323		0.000000
			16324		0.000000
			16325		0.000000
			16326		0.000000
			16327		0.000000
			16328		0.000000
			16329		0.000000
			16330		0.000000
			16331		0.000000
			16332		0.000000
			16333		0.000000
			16335		0.000000
			17373		0.000000
			17374		0.000000
			17375		0.000000
			17376		0.000000
			17377		0.000000
			17378		0.000000
			17379		0.000000
			17380		0.000000
			17381		0.000000
			17382		0.000000
			17383		0.000000
			17384		0.000000
			17385		0.000000
			17386		0.000000
			17387		0.000000
			17388		0.000000
			17389		0.000000
			17390		0.000000
			17391		0.000000
			17392		0.000000
			17393		0.000000
			17394		0.000000
			17395		0.000000
			17396		0.000000
			17397		0.000000
			17399		0.000000
			18227		0.000000
			18228		0.000000
			18229		0.000000
			18230		0.000000
			18231		0.000000
			18232		0.000000
			18233		0.000000
			18234		0.000000
			18235		0.000000
			18236		0.000000
			18237		0.000000
			18238		0.000000
			18239		0.000000
			18240		0.000000
			18241		0.000000
			18242		0.000000
			18243		0.000000
			18244		0.000000
			18245		0.000000
			18246		0.000000
			18247		0.000000
			18248		0.000000
			18249		0.000000
			18250		0.000000
			18251		0.000000
			18252		0.000000
			18253		0.000000
			18254		0.000000
			18255		0.000000
			18256		0.000000
			18257		0.000000
			18258		0.000000
			18260		0.000000
			19305		0.000000
			19306		0.000000
			19307		0.000000
			19308		0.000000
			19309		0.000000
			19310		0.000000
			19311		0.000000
			19312		0.000000
			19313		0.000000
			19314		0.000000
			19315		0.000000
			19316		0.000000
			19317		0.000000
			19318		0.000000
			19319		0.000000
			19320		0.000000
			19321		0.000000
			19322		0.000000
			19323		0.000000
			19324		0.000000
			19325		0.000000
			19326		0.000000
			19327		0.000000
			19328		0.000000
			19329		0.000000
			19330		0.000000
			19331		0.000000
			19332		0.000000
			19333		0.000000
			19334		0.000000
			19335		0.000000
			19336		0.000000
			19338		0.000000
			20376		0.000000
			20377		0.000000
			20378		0.000000
			20379		0.000000
			20380		0.000000
			20381		0.000000
			20382		0.000000
			20383		0.000000
			20384		0.000000
			20385		0.000000
			20386		0.000000
			20387		0.000000
			20388		0.000000
			20389		0.000000
			20390		0.000000
			20391		0.000000
			20392		0.000000
			20393		0.000000
			20394		0.000000
			20395		0.000000
			20396		0.000000
			20397		0.000000
			20398		0.000000
			20399		0.000000
			20400		0.000000
			20402		0.000000
  117	 2708		21484		1.379041
  118	 2709		21487		1.379041
  119	 2710		21490		1.353482
  120	 2711		21493		1.389506
  121	 2712		21496		1.373399
  122	 2713		21499		1.377750
  123	 2714		21502		1.382643
  124	 2715		21505		1.382643
  125	 2716		21508		1.382643
  126	 2717		21511		1.324114
  127	 2718		21514		1.386111
  128	 2719		21517		1.374148
  129	 2720		21520		1.379041
  130	 2721		21523		1.379041
  131	 2722		21526		1.379041
  132	 2723		21529		1.379041
  133	 2724		21532		1.353482
  134	 2725		21535		1.385904
  135	 2726		21538		1.382643
  136	 2727		21541		1.382851
  137	 2728		21544		1.382643
  138	 2729		21547		1.382643
  139	 2730		21550		1.382643
  140	 2731		21553		1.333358
  141	 2732		21556		1.398624
  142	 2733		21559		1.389681
  143	 2734		21562		1.374148
  144	 2735		21565		1.379041
  145	 2736		21568		1.379041
  146	 2737		21571		1.379041
  147	 2738		21574		1.399165
  148	 2739		21592		1.390223
  149	 8684		 3720		1.786905
  150	 8675		 3721		1.787145
  151	 8685		 3722		1.787145
  152	 8676		 3723		1.757296
  153	 8686		 3724		1.752420
  154	 8677		 3725		1.728168
  155	 8687		 3726		1.757536
  156	 8678		 3727		1.827231
  157	 8688		 3728		1.786905
  158	 8679		 3729		1.728168
  159	 8270		 3730		1.714079
  160	 8689		 3731		1.757536
  161	 8680		 3732		1.757536
  162	10360		 3733		1.990806
  163	 8261		 3734		1.665273
  164	 8252		 3735		1.723531
  165	 8262		 3736		1.669910
  166	 8253		 3737		1.753139
  167	 8263		 3738		1.718923
  168	 8254		 3739		1.631537
  169	 8264		 3740		1.665034
  170	 8255		 3741		1.664794
  171	 8265		 3742		1.723531
  172	 8256		 3743		1.694402
  173	 8266		 3744		1.680583
  174	 8257		 3745		1.714319
  175	 8267		 3746		1.714047
  176	 8258		 3747		1.739112
  177	 8268		 3748		1.710477
  178	 8259		 3749		1.747783
  179	 8269		 3750		1.752660
  180	10364		 3751		1.831676
  181	 3786		21388		1.379041
  182	 3787		21391		1.379041
  183	 3788		21394		1.416347
  184	 3789		21397		1.382643
  185	 3790		21400		1.428326
  186	 3791		21403		1.382643
  187	 3792		21406		1.382643
  188	 3793		21409		1.382643
  189	 3794		21412		1.382643
  190	 3795		21415		1.421224
  191	 3796		21418		1.379041
  192	 3797		21421		1.379041
  193	 3798		21424		1.379041
  194	 3799		21427		1.379041
  195	 3800		21430		1.379041
  196	 3801		21433		1.379041
  197	 3802		21436		1.353482
  198	 3803		21439		1.382643
  199	 3804		21442		1.382643
  200	 3805		21445		1.382851
  201	 3806		21448		1.428326
  202	 3807		21451		1.382643
  203	 3808		21454		1.382643
  204	 3809		21457		1.416347
  205	 3810		21460		1.379041
  206	 3811		21463		1.379041
  207	 3812		21466		1.379041
  208	 3813		21469		1.379041
  209	 3814		21472		1.379041
  210	 3815		21475		1.379041
  211	 3816		21478		1.399165
  212	 3817		21616		1.382643
  213	 9518		 4798		1.728168
  214	 9528		 4799		1.787145
  215	 9519		 4800		1.786905
  216	 9529		 4801		1.757536
  217	 9520		 4802		1.757536
  218	 9932		 4803		1.786905
  219	 9101		 4804		1.699279
  220	 9092		 4805		1.699039
  221	 9102		 4806		1.699519
  222	 9093		 4807		1.728408
  223	 9103		 4808		1.728168
  224	 9094		 4809		1.699039
  225	 9104		 4810		1.728408
  226	 9095		 4811		1.728168
  227	 9105		 4812		1.669910
  228	 9096		 4813		1.728647
  229	 9106		 4814		1.669910
  230	 9097		 4815		1.757776
  231	 7850		 4816		1.875250
  232	 9107		 4817		1.669910
  233	 9098		 4818		1.728168
  234	 9108		 4819		1.699039
  235	 9099		 4820		1.728408
  236	 9109		 4821		1.728408
  237	 9100		 4822		1.699039
  238	 9941		 4823		1.815554
  239	 8681		 4824		1.728647
  240	 8672		 4825		1.699039
  241	 8682		 4826		1.699279
  242	 8673		 4827		1.757536
  243	 8683		 4828		1.757776
  244	10363		 4829		1.748084
  245	 4864		21292		1.437538
  246	 4865		21295		1.445700
  247	 4866		21298		1.421464
  248	 4867		21301		1.466907
  249	 4868		21304		1.440901
  250	 4869		21307		1.441141
  251	 4870		21310		1.450593
  252	 4871		21313		1.474604
  253	 4872		21316		1.437538
  254	 4873		21319		1.441380
  255	 4874		21322		1.466667
  256	 4875		21325		1.474604
  257	 4876		21328		1.437298
  258	 4877		21331		1.437298
  259	 4878		21334		1.437538
  260	 4879		21337		1.437298
  261	 4880		21340		1.421464
  262	 4881		21343		1.440901
  263	 4882		21346		1.440901
  264	 4883		21349		1.440901
  265	 4884		21352		1.441141
  266	 4885		21355		1.441348
  267	 4886		21358		1.408410
  268	 4887		21361		1.450832
  269	 4888		21364		1.437298
  270	 4889		21367		1.475068
  271	 4890		21370		1.450593
  272	 4891		21373		1.416571
  273	 4892		21376		1.412220
  274	 4893		21379		1.437538
  275	 4894		21382		1.441141
  276	 4895		21628		1.441588
  277	 8260		 5876		1.898543
  278	 8674		 5877		1.841469
  279	 9527		 5878		1.718956
  280	 9933		 5879		1.728168
  281	 9943		 5880		1.669670
  282	 9934		 5881		1.744482
  283	 9944		 5882		1.723515
  284	 9935		 5883		1.698799
  285	 9945		 5884		1.728408
  286	 9936		 5885		1.723531
  287	 9946		 5886		1.757536
  288	 9937		 5887		1.728168
  289	 9947		 5888		1.773851
  290	 9938		 5889		1.698799
  291	 9948		 5890		1.693922
  292	 9939		 5891		1.728408
  293	 9949		 5892		1.699039
  294	 9940		 5893		1.723531
  295	 9942		 5894		1.699039
  296	 9521		 5895		1.728168
  297	 9512		 5896		1.757296
  298	 9522		 5897		1.719403
  299	 9513		 5898		1.723051
  300	 9523		 5899		1.748532
  301	 9514		 5900		1.718956
  302	 9524		 5901		1.699279
  303	 9515		 5902		1.728168
  304	 9525		 5903		1.689347
  305	 9516		 5904		1.685793
  306	 9526		 5905		1.786665
  307	 9517		 5906		1.693922
  308	10752		 5907		1.680615
  309	 5942		21481		1.378850
  310	 5943		21385		1.441141
  311	 5944		21289		1.402768
  312	 5945		21205		1.333358
  313	 5946		21208		1.333598
  314	 5947		21211		1.333358
  315	 5948		21214		1.333358
  316	 5949		21217		1.333358
  317	 5950		21220		1.333358
  318	 5951		21223		1.349673
  319	 5952		21226		1.378850
  320	 5953		21229		1.378850
  321	 5954		21232		1.378850
  322	 5955		21235		1.378850
  323	 5956		21238		1.441141
  324	 5957		21241		1.379041
  325	 5958		21244		1.395164
  326	 5959		21247		1.333358
  327	 5960		21250		1.333358
  328	 5961		21253		1.333358
  329	 5962		21256		1.333358
  330	 5963		21259		1.333358
  331	 5964		21262		1.333358
  332	 5965		21265		1.398974
  333	 5966		21268		1.378850
  334	 5967		21271		1.378850
  335	 5968		21274		1.378850
  336	 5969		21277		1.378610
  337	 5970		21280		1.378850
  338	 5971		21283		1.378850
  339	 5972		21286		1.349673
  340	 5973		21655		1.333358
  341	10746		 6955		1.748532
  342	10750		 6956		1.699279
  343	10747		 6957		1.743207
  344	10751		 6958		1.743415
  345	10748		 6959		1.685985
  346	10352		 6960		1.774139
  347	10362		 6961		1.777933
  348	10353		 6962		1.784571
  349	 9110		 6963		1.873811
  350	10354		 6964		1.718956
  351	 9950		 6965		1.802788
  352	 8690		 6966		1.961917
  353	10355		 6967		1.748324
  354	10365		 6968		1.777900
  355	10356		 6969		1.782268
  356	10366		 6970		1.757536
  357	10357		 6971		1.728168
  358	10367		 6972		1.719163
  359	10358		 6973		1.748532
  360	10368		 6974		1.772576
  361	 9530		 6975		1.718716
  362	10359		 6976		1.777693
  363	10369		 6977		1.777933
  364	10361		 6978		1.728408
  365	 7006		21202		1.333358
  366	 7007		21658		1.333358
  367	 7008		21652		1.403325
  368	 7009		21649		1.378850
  369	 7010		21646		1.379089
  370	 7011		21643		1.378850
  371	 7012		21637		1.378850
  372	 7013		21634		1.378850
  373	 7014		21631		1.408218
  374	 7015		21625		1.395164
  375	 7016		21622		1.333358
  376	 7017		21619		1.333358
  377	 7018		21613		1.333358
  378	 7019		21610		1.333358
  379	 7020		21607		1.428326
  380	 7021		21604		1.431929
  381	 7022		21601		1.412012
  382	 7023		21598		1.378850
  383	 7024		21595		1.378850
  384	 7025		21589		1.379041
  385	 7026		21586		1.378850
  386	 7027		21583		1.378850
  387	 7028		21580		1.379041
  388	 7029		21577		1.407119
  389	 7030		21640		1.333358
  390	10960		 7793		1.748052
  391	15266		 7794		1.735478
  392	10958		 7795		1.729865
  393	15268		 7796		1.660666
  394	15274		 7797		1.718923
  395	10953		 7798		1.764367
  396	15265		 7799		1.714031
  397	10955		 7800		1.744290
  398	15267		 7801		1.689795
  399	12054		 7802		1.805397
  400	15272		 7803		1.680249
  401	15270		 7804		1.693906
  402	10957		 7805		1.747812
  403	10962		 7806		1.757536
  404	13119		 7807		1.875250
  405	15269		 7808		1.680343
  406	10946		 7809		1.786425
  407	15259		 7810		1.757776
  408	10961		 7811		1.723035
  409	15273		 7812		1.714270
  410	10959		 7813		1.762982
  411	15271		 7814		1.647372
  412	10956		 7815		1.755394
  413	10952		 7816		1.752164
  414	10950		 7817		1.755122
  415	10954		 7818		1.757056
  416	15262		 7820		1.689555
  417	10949		 7821		1.747605
  418	15261		 7822		1.692847
  419	15258		 7823		1.688162
  420	10948		 7824		1.760797
  421	15260		 7825		1.710399
  422	10947		 7826		1.739288
  423	15264		 7827		1.699039
  424	10951		 7828		1.752403
  425	18279		 7829		1.787145
  426	15275		 7830		1.689795
  427	15263		 7831		1.706109
  428	12051		 8213		1.689046
  429	16357		 8214		1.723531
  430	12049		 8215		1.739112
  431	16359		 8216		1.680583
  432	16365		 8217		1.752659
  433	12044		 8218		1.693922
  434	16356		 8219		1.664794
  435	12046		 8220		1.660458
  436	16358		 8221		1.694402
  437	12036		 8222		1.665273
  438	16363		 8223		1.694162
  439	16361		 8224		1.714047
  440	12048		 8225		1.684918
  441	12053		 8226		1.839566
  442	12032		 8227		1.631330
  443	16360		 8228		1.714079
  444	12037		 8229		1.664794
  445	16350		 8230		1.723531
  446	12052		 8231		1.693922
  447	16364		 8232		1.747783
  448	12050		 8233		1.710477
  449	16362		 8234		1.739112
  450	12047		 8235		1.714319
  451	12043		 8236		1.664794
  452	12041		 8237		1.631537
  453	12045		 8238		1.635665
  454	16353		 8240		1.699039
  455	12040		 8241		1.718923
  456	16352		 8242		1.753139
  457	16349		 8243		1.665034
  458	12039		 8244		1.694162
  459	16351		 8245		1.669910
  460	12038		 8246		1.611173
  461	16355		 8247		1.665034
  462	12042		 8248		1.665034
  463	16346		 8249		1.714079
  464	16366		 8250		1.898543
  465	16354		 8251		1.631537
  466	12031		 8633		1.727928
  467	16338		 8634		1.787145
  468	10977		 8635		1.827231
  469	16340		 8636		1.752420
  470	16347		 8637		1.757296
  471	12026		 8638		1.728647
  472	16337		 8639		1.787145
  473	12028		 8640		1.752420
  474	16339		 8641		1.757296
  475	13127		 8642		1.728647
  476	16344		 8643		1.786905
  477	16342		 8644		1.757536
  478	12030		 8645		1.727928
  479	12034		 8646		1.757536
  480	17416		 8647		1.845162
  481	16341		 8648		1.728168
  482	13128		 8649		1.699039
  483	18288		 8650		1.699039
  484	12033		 8651		1.757536
  485	16345		 8652		1.728168
  486	12055		 8653		1.757536
  487	16343		 8654		1.781788
  488	12029		 8655		1.728168
  489	12025		 8656		1.728168
  490	13132		 8657		1.841469
  491	12027		 8658		1.757296
  492	18290		 8660		1.699039
  493	13131		 8661		1.757776
  494	18292		 8662		1.728168
  495	18287		 8663		1.728408
  496	13130		 8664		1.757536
  497	18289		 8665		1.669910
  498	13129		 8666		1.699279
  499	16336		 8667		1.786905
  500	12024		 8668		1.727928
  501	20418		 8669		1.961917
  502	16348		 8670		1.757536
  503	18291		 8671		1.782732
  504	13123		 9053		1.728408
  505	18275		 9054		1.640542
  506	13121		 9055		1.728168
  507	18277		 9056		1.640542
  508	18284		 9057		1.728408
  509	13115		 9058		1.669910
  510	18274		 9059		1.698799
  511	13117		 9060		1.669910
  512	18276		 9061		1.669910
  513	13107		 9062		1.699279
  514	18282		 9063		1.669670
  515	18280		 9064		1.669910
  516	13120		 9065		1.669910
  517	13125		 9066		1.699039
  518	17412		 9067		1.815554
  519	18278		 9068		1.699039
  520	13108		 9069		1.699039
  521	18268		 9070		1.640542
  522	13124		 9071		1.728408
  523	18283		 9072		1.669670
  524	13122		 9073		1.699039
  525	18281		 9074		1.669670
  526	13118		 9075		1.757776
  527	13114		 9076		1.728168
  528	13112		 9077		1.699039
  529	13116		 9078		1.728647
  530	18271		 9080		1.728168
  531	13111		 9081		1.728168
  532	18270		 9082		1.670150
  533	18267		 9083		1.698799
  534	13110		 9084		1.728408
  535	18269		 9085		1.640782
  536	13109		 9086		1.699519
  537	18273		 9087		1.728408
  538	13113		 9088		1.728408
  539	20414		 9089		1.873811
  540	18285		 9090		1.699039
  541	18272		 9091		1.699039
  542	13103		 9473		1.786905
  543	19366		 9474		1.689347
  544	14210		 9475		1.728168
  545	19370		 9476		1.786665
  546	18264		 9477		1.727928
  547	14205		 9478		1.660218
  548	19365		 9479		1.728168
  549	14207		 9480		1.728168
  550	19367		 9481		1.685793
  551	14198		 9482		1.728168
  552	18262		 9483		1.728408
  553	19369		 9484		1.718956
  554	14209		 9485		1.718716
  555	13105		 9486		1.757536
  556	14181		 9487		1.718716
  557	19368		 9488		1.693922
  558	13133		 9489		1.757296
  559	19359		 9490		1.698799
  560	13104		 9491		1.757536
  561	18263		 9492		1.728408
  562	13102		 9493		1.787145
  563	18261		 9494		1.727928
  564	14208		 9495		1.693922
  565	14204		 9496		1.669670
  566	14202		 9497		1.718716
  567	14206		 9498		1.685793
  568	19362		 9500		1.748532
  569	14201		 9501		1.718923
  570	19361		 9502		1.723051
  571	19358		 9503		1.728168
  572	14200		 9504		1.723051
  573	19360		 9505		1.719403
  574	14199		 9506		1.719403
  575	19364		 9507		1.699279
  576	14203		 9508		1.699279
  577	19339		 9509		1.689587
  578	18265		 9510		1.757536
  579	19363		 9511		1.718956
  580	14195		 9893		1.699039
  581	19347		 9894		1.669910
  582	14193		 9895		1.698799
  583	19349		 9896		1.757536
  584	19355		 9897		1.699039
  585	14188		 9898		1.728408
  586	19346		 9899		1.698799
  587	14190		 9900		1.699039
  588	19348		 9901		1.723531
  589	13126		 9902		1.815554
  590	19353		 9903		1.693922
  591	19351		 9904		1.773851
  592	14192		 9905		1.715114
  593	14196		 9906		1.723531
  594	17414		 9907		1.773899
  595	19350		 9908		1.728168
  596	13106		 9909		1.786905
  597	18266		 9910		1.786665
  598	14211		 9911		1.698799
  599	19354		 9912		1.728408
  600	14194		 9913		1.693922
  601	19352		 9914		1.698799
  602	14191		 9915		1.698799
  603	14187		 9916		1.669670
  604	14185		 9917		1.715114
  605	14189		 9918		1.694162
  606	19343		 9920		1.669670
  607	14184		 9921		1.669430
  608	18286		 9923		1.815554
  609	19357		 9925		1.699039
  610	14197		 9926		1.669670
  611	19345		 9927		1.723515
  612	14186		 9928		1.665257
  613	20416		 9929		1.802788
  614	19356		 9930		1.694402
  615	19344		 9931		1.744482
  616	14182		10313		1.719195
  617	20420		10314		1.777900
  618	17423		10315		1.728647
  619	20422		10316		1.757536
  620	19341		10317		1.748564
  621	17418		10318		1.748532
  622	20419		10319		1.739080
  623	17424		10320		1.728168
  624	20421		10321		1.782268
  625	17407		10322		1.728168
  626	20427		10323		1.772576
  627	20424		10324		1.719163
  628	17421		10325		1.719163
  629	12035		10326		1.990806
  630	17422		10327		1.904139
  631	20423		10328		1.728168
  632	17408		10329		1.774139
  633	20410		10330		1.774139
  634	10976		10331		1.777933
  635	19340		10332		1.777693
  636	14180		10333		1.752899
  637	20426		10334		1.748532
  638	17420		10335		1.699039
  639	17417		10336		1.748324
  640	17413		10337		1.689587
  641	17419		10338		1.752659
  642	20413		10340		1.748084
  643	17411		10341		1.728168
  644	20412		10342		1.784571
  645	20409		10343		1.728408
  646	17410		10344		1.735078
  647	20411		10345		1.777933
  648	17409		10346		1.777933
  649	20417		10347		1.831676
  650	17415		10348		1.815314
  651	20425		10349		1.904139
  652	16367		10350		1.932548
  653	20415		10351		1.718956
  654	20403		10733		1.690035
  655	17401		10734		1.748532
  656	20408		10735		1.627728
  657	17404		10736		1.743207
  658	17402		10737		1.660458
  659	20407		10738		1.685158
  660	17405		10739		1.743415
  661	20405		10740		1.635889
  662	17403		10741		1.699279
  663	17406		10742		1.685985
  664	20404		10743		1.680615
  665	20406		10745		1.684950
  666	21907		10880		1.258786
  667	21913		10881		1.271840
  668	21916		10882		1.288155
  669	21925		10883		1.229897
  670	21928		10884		1.242712
  671	21934		10885		1.183975
  672	21937		10886		1.213343
  673	21952		10887		1.208450
  674	21955		10888		1.288155
  675	21961		10889		1.262596
  676	21964		10890		1.296092
  677	21973		10891		1.266948
  678	21976		10892		1.262836
  679	21982		10893		1.245732
  680	21985		10894		1.262055
  681	21997		10895		1.271840
  682	22000		10896		1.266948
  683	22006		10897		1.262596
  684	22009		10898		1.237819
  685	22018		10899		1.183975
  686	22021		10900		1.249542
  687	22027		10901		1.271840
  688	22030		10902		1.262055
  689	22051		10903		1.213343
  690	22054		10904		1.237819
  691	22060		10905		1.266948
  692	22063		10906		1.291757
  693	22072		10907		1.200289
  694	22075		10908		1.253352
  695	22081		10909		1.229658
  696	22084		10910		1.271840
  697	21748		10911		1.291277
  698	21715		11958		1.242472
  699	21718		11959		1.242472
  700	21724		11960		1.237595
  701	21727		11961		1.237595
  702	21736		11962		1.237595
  703	21739		11963		1.259026
  704	21745		11964		1.233260
  705	21766		11965		1.229658
  706	21772		11966		1.233260
  707	21775		11967		1.242472
  708	21784		11968		1.233260
  709	21787		11969		1.229658
  710	21793		11970		1.229658
  711	21796		11971		1.233260
  712	21808		11972		1.242472
  713	21811		11973		1.237595
  714	21817		11974		1.237595
  715	21820		11975		1.233467
  716	21829		11976		1.291215
  717	21832		11977		1.213343
  718	21838		11978		1.233260
  719	21841		11979		1.242472
  720	21859		11980		1.242472
  721	21862		11981		1.229658
  722	21868		11982		1.242472
  723	21871		11983		1.242472
  724	21880		11984		1.253384
  725	21883		11985		1.237595
  726	21889		11986		1.233260
  727	21892		11987		1.237595
  728	21904		11988		1.237595
  729	21763		11989		1.233260
  730	22447		13036		1.259026
  731	22453		13037		1.321126
  732	22456		13038		1.271840
  733	22465		13039		1.266948
  734	22468		13040		1.213343
  735	22474		13041		1.296556
  736	22477		13042		1.271840
  737	22492		13043		1.296316
  738	22495		13044		1.242712
  739	22501		13045		1.237819
  740	22504		13046		1.262836
  741	22513		13047		1.266948
  742	22516		13048		1.237819
  743	22522		13049		1.259026
  744	22525		13050		1.296316
  745	22537		13051		1.271840
  746	22540		13052		1.262596
  747	22546		13053		1.271840
  748	22549		13054		1.208450
  749	22558		13055		1.301209
  750	22561		13056		1.301209
  751	22567		13057		1.301449
  752	22570		13058		1.288155
  753	21670		13059		1.233467
  754	21673		13060		1.237819
  755	21679		13061		1.272080
  756	21682		13062		1.237819
  757	21691		13063		1.291965
  758	21694		13064		1.242712
  759	21700		13065		1.237819
  760	21703		13066		1.301449
  761	22369		13067		1.258786
  762	22105		14114		1.317092
  763	22099		14115		1.291757
  764	22096		14116		1.272080
  765	22264		14117		1.296316
  766	22273		14118		1.300969
  767	22276		14119		1.288203
  768	22282		14120		1.330577
  769	22285		14121		1.330577
  770	22300		14122		1.330338
  771	22303		14123		1.317332
  772	22309		14124		1.296092
  773	22312		14125		1.301209
  774	22321		14126		1.292204
  775	22324		14127		1.320886
  776	22330		14128		1.291517
  777	22336		14129		1.291757
  778	22351		14130		1.317523
  779	22357		14131		1.262836
  780	22360		14132		1.301209
  781	22372		14133		1.296092
  782	22378		14134		1.291517
  783	22381		14135		1.330098
  784	22399		14136		1.300729
  785	22402		14137		1.330098
  786	22408		14138		1.325685
  787	22411		14139		1.262836
  788	22420		14140		1.291997
  789	22423		14141		1.320886
  790	22429		14142		1.271600
  791	22432		14143		1.271600
  792	22444		14144		1.317572
  793	22348		14145		1.271600
  794	21733		15192		1.262055
  795	21754		15193		1.271840
  796	21781		15194		1.288155
  797	21802		15195		1.266948
  798	21826		15196		1.271840
  799	21847		15197		1.275101
  800	21877		15198		1.271840
  801	21898		15199		1.208450
  802	21922		15200		1.262388
  803	21943		15201		1.266948
  804	21970		15202		1.291725
  805	21991		15203		1.271840
  806	22015		15204		1.262836
  807	22036		15205		1.208450
  808	22069		15206		1.266948
  809	22090		15207		1.271840
  810	22114		15208		1.266708
  811	22135		15209		1.233467
  812	22162		15210		1.271840
  813	22183		15211		1.183975
  814	22207		15212		1.200289
  815	22228		15213		1.204099
  816	22255		15214		1.208450
  817	22294		15215		1.271840
  818	22342		15216		1.258595
  819	22390		15217		1.242712
  820	22441		15218		1.267187
  821	22486		15219		1.253893
  822	22534		15220		1.253352
  823	22579		15221		1.262836
  824	21712		15222		1.266948
  825	22258		15223		1.262596
  826	22078		16270		1.237595
  827	22087		16271		1.237595
  828	22102		16272		1.237595
  829	22111		16273		1.242472
  830	22123		16274		1.233260
  831	22132		16275		1.259026
  832	22150		16276		1.242472
  833	22159		16277		1.229658
  834	22171		16278		1.237819
  835	22180		16279		1.229658
  836	22195		16280		1.229658
  837	22204		16281		1.229658
  838	22216		16282		1.224765
  839	22246		16283		1.237595
  840	22252		16284		1.242472
  841	22270		16285		1.237595
  842	22291		16286		1.237595
  843	22318		16287		1.233467
  844	22339		16288		1.242472
  845	22366		16289		1.213343
  846	22387		16290		1.242472
  847	22417		16291		1.233467
  848	22438		16292		1.242472
  849	22462		16293		1.229658
  850	22483		16294		1.233500
  851	22510		16295		1.237595
  852	22531		16296		1.252826
  853	22555		16297		1.237595
  854	22576		16298		1.233467
  855	21688		16299		1.237595
  856	21709		16300		1.233467
  857	22225		16301		1.237595
  858	22261		17348		1.301209
  859	22249		17349		1.271840
  860	22243		17350		1.266948
  861	22240		17351		1.272080
  862	22222		17352		1.266948
  863	22219		17353		1.237819
  864	22213		17354		1.291517
  865	22210		17355		1.259026
  866	22201		17356		1.271840
  867	22198		17357		1.262596
  868	22192		17358		1.233467
  869	22189		17359		1.208450
  870	22177		17360		1.301209
  871	22174		17361		1.288155
  872	22168		17362		1.288155
  873	22165		17363		1.296316
  874	22156		17364		1.301449
  875	22153		17365		1.262596
  876	22147		17366		1.271840
  877	22144		17367		1.237819
  878	22126		17368		1.259026
  879	22120		17369		1.262836
  880	22117		17370		1.259026
  881	22108		17371		1.271840
  882	22129		17372		1.229658
  883	21697		18195		1.291965
  884	21706		18196		1.262836
  885	21721		18197		1.292204
  886	21730		18198		1.295852
  887	21742		18199		1.321333
  888	21751		18200		1.296092
  889	21769		18201		1.296556
  890	21778		18202		1.296316
  891	21790		18203		1.321333
  892	21799		18204		1.317283
  893	21814		18205		1.295852
  894	21823		18206		1.287915
  895	21835		18207		1.354829
  896	21844		18208		1.271840
  897	21865		18209		1.291965
  898	21874		18210		1.296556
  899	21886		18211		1.291517
  900	21895		18212		1.296092
  901	21910		18213		1.300729
  902	21919		18214		1.272080
  903	21931		18215		1.259026
  904	21940		18216		1.271840
  905	21958		18217		1.291965
  906	21967		18218		1.291965
  907	21979		18219		1.296316
  908	21988		18220		1.330817
  909	22003		18221		1.291757
  910	22012		18222		1.325461
  911	22024		18223		1.271840
  912	22057		18224		1.330098
  913	22066		18225		1.321333
  914	22033		18226		1.295852
  915	21850		19273		1.259026
  916	21805		19274		1.300969
  917	21757		19275		1.317332
  918	22267		19276		1.355053
  919	22279		19277		1.271840
  920	22288		19278		1.301209
  921	22306		19279		1.271840
  922	22315		19280		1.296316
  923	22327		19281		1.292204
  924	22333		19282		1.296556
  925	22354		19283		1.295852
  926	22363		19284		1.317092
  927	22375		19285		1.317332
  928	22384		19286		1.301209
  929	22405		19287		1.288155
  930	22414		19288		1.296556
  931	22426		19289		1.271600
  932	22435		19290		1.272080
  933	22450		19291		1.300969
  934	22459		19292		1.296316
  935	22471		19293		1.266948
  936	22480		19294		1.262836
  937	22498		19295		1.287723
  938	22507		19296		1.287723
  939	22519		19297		1.355053
  940	22528		19298		1.287963
  941	22543		19299		1.301449
  942	22552		19300		1.291965
  943	22564		19301		1.242712
  944	21676		19302		1.325685
  945	21685		19303		1.287483
  946	22573		19304		1.301209
  947	22048		20351		1.229466
  948	22585		20352		1.229658
  949	22237		20353		1.229466
  950	22045		20354		1.229466
  951	21856		20355		1.229466
  952	22396		20356		1.244681
  953	22393		20357		1.183975
  954	22234		20358		1.183975
  955	22141		20359		1.275149
  956	22042		20360		1.183975
  957	21949		20361		1.183975
  958	21853		20362		1.179082
  959	21760		20363		1.253384
  960	22582		20364		1.229466
  961	22489		20365		1.229466
  962	22345		20366		1.229466
  963	22297		20367		1.229466
  964	22231		20368		1.229466
  965	22186		20369		1.233260
  966	22138		20370		1.199206
  967	22093		20371		1.274957
  968	22039		20372		1.183975
  969	21994		20373		1.183975
  970	21946		20374		1.183975
  971	21901		20375		1.183975