
/home/xuchang/nas/project/daTuner/experiment/vtr_release/vtr_flow/../vpr/vpr k6_frac_N10_mem32K_40nm.xml mkPktMerge --blif_file mkPktMerge.pre-vpr.blif --timing_analysis on --timing_driven_clustering on --cluster_seed_type timing --sdc_file /home/xuchang/nas/project/daTuner/experiment/vtr_release/vtr_flow/sdc/mkPktMerge.sdc --seed 1 --nodisp

VPR FPGA Placement and Routing.
Version: Version 7.0
Compiled: Nov  7 2016.
University of Toronto
vpr@eecg.utoronto.ca
This is free open source code under MIT license.

Architecture file: k6_frac_N10_mem32K_40nm.xml
Circuit name: mkPktMerge.blif

Building complex block graph.
WARNING(1): io[0].clock[0] unconnected pin in architecture.
Loop for doall = 0, init_parse took 0 seconds.
Loop for doall = 0 took 0.02 seconds.
Loop for doall = 1, init_parse took 0.01 seconds.
Loop for doall = 1 took 0.03 seconds.
Swept away 459 nets with no fanout.
Net is a constant generator: gnd.
WARNING(2): logical_block #1344 with output gnd has only 0 pin.
WARNING(3): Block contains output -- may be a constant generator.
0 unconnected blocks in input netlist.
Removed 156 LUT buffers.
Sweeped away 156 nodes.
BLIF circuit stats:
	1 LUTs of size 0
	0 LUTs of size 1
	9 LUTs of size 2
	163 LUTs of size 3
	9 LUTs of size 4
	17 LUTs of size 5
	33 LUTs of size 6
	311 of type input
	156 of type output
	36 of type latch
	232 of type names
	459 of type dual_port_ram
	0 of type single_port_ram
	0 of type multiply
Timing analysis: ON
Circuit netlist file: mkPktMerge.net
Circuit placement file: mkPktMerge.place
Circuit routing file: mkPktMerge.route
Circuit SDC file: /home/xuchang/nas/project/daTuner/experiment/vtr_release/vtr_flow/sdc/mkPktMerge.sdc
Operation: RUN_FLOW

Packer: ENABLED
Placer: ENABLED
Router: ENABLED
PackerOpts.allow_early_exit: FALSE
PackerOpts.allow_unrelated_clustering: TRUE
PackerOpts.alpha_clustering: 0.750000
PackerOpts.aspect: 1.000000
PackerOpts.beta_clustering: 0.900000
PackerOpts.block_delay: 0.000000
PackerOpts.cluster_seed_type: TIMING
PackerOpts.connection_driven: TRUE
PackerOpts.global_clocks: TRUE
PackerOpts.hill_climbing_flag: FALSE
PackerOpts.inter_cluster_net_delay: 1.000000
PackerOpts.intra_cluster_net_delay: 0.000000
PackerOpts.recompute_timing_after: 32767
PackerOpts.sweep_hanging_nets_and_inputs: TRUE
PackerOpts.timing_driven: TRUE

PlacerOpts.place_freq: PLACE_ONCE
PlacerOpts.place_algorithm: PATH_TIMING_DRIVEN_PLACE
PlacerOpts.pad_loc_type: FREE
PlacerOpts.place_cost_exp: 1.000000
PlacerOpts.inner_loop_recompute_divider: 0
PlacerOpts.recompute_crit_iter: 1
PlacerOpts.timing_tradeoff: 0.500000
PlacerOpts.td_place_exp_first: 1.000000
PlacerOpts.td_place_exp_last: 8.000000
PlaceOpts.seed: 1
AnnealSched.type: AUTO_SCHED
AnnealSched.inner_num: 1.000000

RouterOpts.route_type: DETAILED
RouterOpts.router_algorithm: TIMING_DRIVEN
RouterOpts.base_cost_type: DELAY_NORMALIZED
RouterOpts.fixed_channel_width: NO_FIXED_CHANNEL_WIDTH
RouterOpts.acc_fac: 1.000000
RouterOpts.bb_factor: 3
RouterOpts.bend_cost: 0.000000
RouterOpts.first_iter_pres_fac: 0.500000
RouterOpts.initial_pres_fac: 0.500000
RouterOpts.pres_fac_mult: 1.300000
RouterOpts.max_router_iterations: 50
RouterOpts.astar_fac: 1.200000
RouterOpts.criticality_exp: 1.000000
RouterOpts.max_criticality: 0.990000

RoutingArch.directionality: UNI_DIRECTIONAL
RoutingArch.switch_block_type: WILTON
RoutingArch.Fs: 3

Initialize packing.
Begin packing 'mkPktMerge.pre-vpr.blif'.

After removing unused inputs...
	total blocks: 1194, total nets: 1038, total inputs: 311, total outputs: 156
Begin prepacking.
Finish prepacking.
Using inter-cluster delay: 1.33777e-09

SDC file '/home/xuchang/nas/project/daTuner/experiment/vtr_release/vtr_flow/sdc/mkPktMerge.sdc' blank or not found.

Defaulting to: constrain all 0 inputs and 0 outputs on the netlist clock.
Optimize this clock to run as fast as possible.
Not enough resources expand FPGA size to x = 2 y = 2.
Complex block 0: cb.n1717, type: clb
	.................
Passed route at end.
Complex block 1: cb.n1812, type: clb
	...................................
Passed route at end.
Not enough resources expand FPGA size to x = 3 y = 3.
Complex block 2: cb.n2215, type: clb
	..............................................
Passed route at end.
Complex block 3: cb.n1947, type: clb
	....................
Passed route at end.
Complex block 4: cb.n1887, type: clb
	......................
Passed route at end.
Complex block 5: cb.n1972, type: clb
	.............
Passed route at end.
Not enough resources expand FPGA size to x = 4 y = 4.
Complex block 6: cb.n1992, type: clb
	............................................
Passed route at end.
Not enough resources expand FPGA size to x = 5 y = 5.
Not enough resources expand FPGA size to x = 6 y = 6.
Complex block 7: cb.top.arSRLFIFO_c+fo.generic_fifo_sc_c+fifo_1.dual_port_ram+ram1^out2~22, type: memory
	...............................
Passed route at end.
Not enough resources expand FPGA size to x = 7 y = 7.
Not enough resources expand FPGA size to x = 8 y = 8.
Not enough resources expand FPGA size to x = 9 y = 9.
Not enough resources expand FPGA size to x = 10 y = 10.
Complex block 8: cb.top.arSRLFIFO_c+fo.generic_fifo_sc_c+fifo_1.dual_port_ram+ram1^out2~14, type: memory
	...............................
Passed route at end.
Not enough resources expand FPGA size to x = 11 y = 11.
Not enough resources expand FPGA size to x = 12 y = 12.
Complex block 9: cb.top.arSRLFIFO_c+fo.generic_fifo_sc_c+fifo_1.dual_port_ram+ram1^out2~10, type: memory
	...............................
Passed route at end.
Complex block 10: cb.top.arSRLFIFO_c+fo.generic_fifo_sc_c+fifo_1.dual_port_ram+ram1^out2~1, type: memory
	...............................
Passed route at end.
Not enough resources expand FPGA size to x = 13 y = 13.
Not enough resources expand FPGA size to x = 14 y = 14.
Not enough resources expand FPGA size to x = 15 y = 15.
Not enough resources expand FPGA size to x = 16 y = 16.
Not enough resources expand FPGA size to x = 17 y = 17.
Not enough resources expand FPGA size to x = 18 y = 18.
Complex block 11: cb.top.arSRLFIFO_c+fo.generic_fifo_sc_c+fifo_1.dual_port_ram+ram1^out2~6, type: memory
	.............................
Passed route at end.
Complex block 12: cb.top^MULTI_PORT_MUX~1660^MUX_2~2598, type: clb
	...............................................
Passed route at end.
Complex block 13: cb.top^MULTI_PORT_MUX~1660^MUX_2~2574, type: clb
	...............................................
Passed route at end.
Complex block 14: cb.top^MULTI_PORT_MUX~1660^MUX_2~2509, type: clb
	...............................................
Passed route at end.
Complex block 15: cb.top^MULTI_PORT_MUX~1660^MUX_2~2505, type: clb
	...............................................
Passed route at end.
Complex block 16: cb.top^MULTI_PORT_MUX~1660^MUX_2~2519, type: clb
	...............................................
Passed route at end.
Complex block 17: cb.top^MULTI_PORT_MUX~1660^MUX_2~2507, type: clb
	...........................................
Passed route at end.
Complex block 18: cb.top^MULTI_PORT_MUX~1660^MUX_2~2516, type: clb
	........................
Passed route at end.
Complex block 19: cb.top^MULTI_PORT_MUX~1660^MUX_2~2495, type: clb
	......
Passed route at end.
Complex block 20: cb.top.arSRLFIFO_b+fi1.generic_fifo_sc_b+fifo_1.dual_port_ram+ram1^out2~83, type: memory
	...............................
Passed route at end.
Complex block 21: cb.top.arSRLFIFO_b+fi1.generic_fifo_sc_b+fifo_1.dual_port_ram+ram1^out2~82, type: memory
	...............................
Passed route at end.
Complex block 22: cb.top.arSRLFIFO_b+fi1.generic_fifo_sc_b+fifo_1.dual_port_ram+ram1^out2~134, type: memory
	...............................
Passed route at end.
Complex block 23: cb.top.arSRLFIFO_b+fi1.generic_fifo_sc_b+fifo_1.dual_port_ram+ram1^out2~138, type: memory
	...............................
Passed route at end.
Not enough resources expand FPGA size to x = 19 y = 19.
Not enough resources expand FPGA size to x = 20 y = 20.
Not enough resources expand FPGA size to x = 21 y = 21.
Not enough resources expand FPGA size to x = 22 y = 22.
Not enough resources expand FPGA size to x = 23 y = 23.
Not enough resources expand FPGA size to x = 24 y = 24.
Complex block 24: cb.top.arSRLFIFO_a+fi0.generic_fifo_sc_a+fifo_1.dual_port_ram+ram1^out2~152, type: memory
	...............................
Passed route at end.
Complex block 25: cb.top.arSRLFIFO_a+fi0.generic_fifo_sc_a+fifo_1.dual_port_ram+ram1^out2~77, type: memory
	...............................
Passed route at end.
Complex block 26: cb.top.arSRLFIFO_b+fi1.generic_fifo_sc_b+fifo_1.dual_port_ram+ram1^out2~19, type: memory
	.............................
Passed route at end.
Not enough resources expand FPGA size to x = 25 y = 25.
Not enough resources expand FPGA size to x = 26 y = 26.
Complex block 27: cb.top.arSRLFIFO_a+fi0.generic_fifo_sc_a+fifo_1.dual_port_ram+ram1^out2~93, type: memory
	...............................
Passed route at end.
Complex block 28: cb.top.arSRLFIFO_a+fi0.generic_fifo_sc_a+fifo_1.dual_port_ram+ram1^out2~125, type: memory
	...............................
Passed route at end.
Complex block 29: cb.top.arSRLFIFO_a+fi0.generic_fifo_sc_a+fifo_1.dual_port_ram+ram1^out2~24, type: memory
	........................
Passed route at end.
Complex block 30: cb.top^EN_iport1_put, type: io
	
Passed route at end.
Complex block 31: cb.top^EN_iport0_put, type: io
	
Passed route at end.
Complex block 32: cb.top^EN_oport_get, type: io
	
Passed route at end.
Complex block 33: cb.top^RST_N, type: io
	
Passed route at end.
Complex block 34: cb.out:top^oport_get~152, type: io
	
Passed route at end.
Complex block 35: cb.out:top^oport_get~151, type: io
	
Passed route at end.
Complex block 36: cb.out:top^oport_get~150, type: io
	
Passed route at end.
Complex block 37: cb.out:top^oport_get~149, type: io
	
Passed route at end.
Complex block 38: cb.out:top^oport_get~148, type: io
	
Passed route at end.
Complex block 39: cb.out:top^oport_get~147, type: io
	
Passed route at end.
Complex block 40: cb.out:top^oport_get~146, type: io
	
Passed route at end.
Complex block 41: cb.out:top^oport_get~145, type: io
	
Passed route at end.
Complex block 42: cb.out:top^oport_get~144, type: io
	
Passed route at end.
Complex block 43: cb.out:top^oport_get~143, type: io
	
Passed route at end.
Complex block 44: cb.out:top^oport_get~142, type: io
	
Passed route at end.
Complex block 45: cb.out:top^oport_get~141, type: io
	
Passed route at end.
Complex block 46: cb.out:top^oport_get~140, type: io
	
Passed route at end.
Complex block 47: cb.out:top^oport_get~139, type: io
	
Passed route at end.
Complex block 48: cb.out:top^oport_get~138, type: io
	
Passed route at end.
Complex block 49: cb.out:top^oport_get~137, type: io
	
Passed route at end.
Complex block 50: cb.out:top^oport_get~136, type: io
	
Passed route at end.
Complex block 51: cb.out:top^oport_get~135, type: io
	
Passed route at end.
Complex block 52: cb.out:top^oport_get~134, type: io
	
Passed route at end.
Complex block 53: cb.out:top^oport_get~133, type: io
	
Passed route at end.
Complex block 54: cb.out:top^oport_get~132, type: io
	
Passed route at end.
Complex block 55: cb.out:top^oport_get~131, type: io
	
Passed route at end.
Complex block 56: cb.out:top^oport_get~130, type: io
	
Passed route at end.
Complex block 57: cb.out:top^oport_get~129, type: io
	
Passed route at end.
Complex block 58: cb.out:top^oport_get~128, type: io
	
Passed route at end.
Complex block 59: cb.out:top^oport_get~127, type: io
	
Passed route at end.
Complex block 60: cb.out:top^oport_get~126, type: io
	
Passed route at end.
Complex block 61: cb.out:top^oport_get~125, type: io
	
Passed route at end.
Complex block 62: cb.out:top^oport_get~124, type: io
	
Passed route at end.
Complex block 63: cb.out:top^oport_get~123, type: io
	
Passed route at end.
Complex block 64: cb.out:top^oport_get~122, type: io
	
Passed route at end.
Complex block 65: cb.out:top^oport_get~121, type: io
	
Passed route at end.
Complex block 66: cb.out:top^oport_get~120, type: io
	
Passed route at end.
Complex block 67: cb.out:top^oport_get~119, type: io
	
Passed route at end.
Complex block 68: cb.out:top^oport_get~118, type: io
	
Passed route at end.
Complex block 69: cb.out:top^oport_get~117, type: io
	
Passed route at end.
Complex block 70: cb.out:top^oport_get~116, type: io
	
Passed route at end.
Complex block 71: cb.out:top^oport_get~115, type: io
	
Passed route at end.
Complex block 72: cb.out:top^oport_get~114, type: io
	
Passed route at end.
Complex block 73: cb.out:top^oport_get~113, type: io
	
Passed route at end.
Complex block 74: cb.out:top^oport_get~112, type: io
	
Passed route at end.
Complex block 75: cb.out:top^oport_get~111, type: io
	
Passed route at end.
Complex block 76: cb.out:top^oport_get~110, type: io
	
Passed route at end.
Complex block 77: cb.out:top^oport_get~109, type: io
	
Passed route at end.
Complex block 78: cb.out:top^oport_get~108, type: io
	
Passed route at end.
Complex block 79: cb.out:top^oport_get~107, type: io
	
Passed route at end.
Complex block 80: cb.out:top^oport_get~106, type: io
	
Passed route at end.
Complex block 81: cb.out:top^oport_get~105, type: io
	
Passed route at end.
Complex block 82: cb.out:top^oport_get~104, type: io
	
Passed route at end.
Complex block 83: cb.out:top^oport_get~103, type: io
	
Passed route at end.
Complex block 84: cb.out:top^oport_get~102, type: io
	
Passed route at end.
Complex block 85: cb.out:top^oport_get~101, type: io
	
Passed route at end.
Complex block 86: cb.out:top^oport_get~100, type: io
	
Passed route at end.
Complex block 87: cb.out:top^oport_get~99, type: io
	
Passed route at end.
Complex block 88: cb.out:top^oport_get~98, type: io
	
Passed route at end.
Complex block 89: cb.out:top^oport_get~97, type: io
	
Passed route at end.
Complex block 90: cb.out:top^oport_get~96, type: io
	
Passed route at end.
Complex block 91: cb.out:top^oport_get~95, type: io
	
Passed route at end.
Complex block 92: cb.out:top^oport_get~94, type: io
	
Passed route at end.
Complex block 93: cb.out:top^oport_get~93, type: io
	
Passed route at end.
Complex block 94: cb.out:top^oport_get~92, type: io
	
Passed route at end.
Complex block 95: cb.out:top^oport_get~91, type: io
	
Passed route at end.
Complex block 96: cb.out:top^oport_get~90, type: io
	
Passed route at end.
Complex block 97: cb.out:top^oport_get~89, type: io
	
Passed route at end.
Complex block 98: cb.out:top^oport_get~88, type: io
	
Passed route at end.
Complex block 99: cb.out:top^oport_get~87, type: io
	
Passed route at end.
Complex block 100: cb.out:top^oport_get~86, type: io
	
Passed route at end.
Complex block 101: cb.out:top^oport_get~85, type: io
	
Passed route at end.
Complex block 102: cb.out:top^oport_get~84, type: io
	
Passed route at end.
Complex block 103: cb.out:top^oport_get~83, type: io
	
Passed route at end.
Complex block 104: cb.out:top^oport_get~82, type: io
	
Passed route at end.
Complex block 105: cb.out:top^oport_get~81, type: io
	
Passed route at end.
Complex block 106: cb.out:top^oport_get~80, type: io
	
Passed route at end.
Complex block 107: cb.out:top^oport_get~79, type: io
	
Passed route at end.
Complex block 108: cb.out:top^oport_get~78, type: io
	
Passed route at end.
Complex block 109: cb.out:top^oport_get~77, type: io
	
Passed route at end.
Complex block 110: cb.out:top^oport_get~76, type: io
	
Passed route at end.
Complex block 111: cb.out:top^oport_get~75, type: io
	
Passed route at end.
Complex block 112: cb.out:top^oport_get~74, type: io
	
Passed route at end.
Complex block 113: cb.out:top^oport_get~73, type: io
	
Passed route at end.
Complex block 114: cb.out:top^oport_get~72, type: io
	
Passed route at end.
Complex block 115: cb.out:top^oport_get~71, type: io
	
Passed route at end.
Complex block 116: cb.out:top^oport_get~70, type: io
	
Passed route at end.
Complex block 117: cb.out:top^oport_get~69, type: io
	
Passed route at end.
Complex block 118: cb.out:top^oport_get~68, type: io
	
Passed route at end.
Complex block 119: cb.out:top^oport_get~67, type: io
	
Passed route at end.
Complex block 120: cb.out:top^oport_get~66, type: io
	
Passed route at end.
Complex block 121: cb.out:top^oport_get~65, type: io
	
Passed route at end.
Complex block 122: cb.out:top^oport_get~64, type: io
	
Passed route at end.
Complex block 123: cb.out:top^oport_get~63, type: io
	
Passed route at end.
Complex block 124: cb.out:top^oport_get~62, type: io
	
Passed route at end.
Complex block 125: cb.out:top^oport_get~61, type: io
	
Passed route at end.
Complex block 126: cb.out:top^oport_get~60, type: io
	
Passed route at end.
Complex block 127: cb.out:top^oport_get~59, type: io
	
Passed route at end.
Complex block 128: cb.out:top^oport_get~58, type: io
	
Passed route at end.
Complex block 129: cb.out:top^oport_get~57, type: io
	
Passed route at end.
Complex block 130: cb.out:top^oport_get~56, type: io
	
Passed route at end.
Complex block 131: cb.out:top^oport_get~55, type: io
	
Passed route at end.
Complex block 132: cb.out:top^oport_get~54, type: io
	
Passed route at end.
Complex block 133: cb.out:top^oport_get~53, type: io
	
Passed route at end.
Complex block 134: cb.out:top^oport_get~52, type: io
	
Passed route at end.
Complex block 135: cb.out:top^oport_get~51, type: io
	
Passed route at end.
Complex block 136: cb.out:top^oport_get~50, type: io
	
Passed route at end.
Complex block 137: cb.out:top^oport_get~49, type: io
	
Passed route at end.
Complex block 138: cb.out:top^oport_get~48, type: io
	
Passed route at end.
Complex block 139: cb.out:top^oport_get~47, type: io
	
Passed route at end.
Complex block 140: cb.out:top^oport_get~46, type: io
	
Passed route at end.
Complex block 141: cb.out:top^oport_get~45, type: io
	
Passed route at end.
Complex block 142: cb.out:top^oport_get~44, type: io
	
Passed route at end.
Complex block 143: cb.out:top^oport_get~43, type: io
	
Passed route at end.
Complex block 144: cb.out:top^oport_get~42, type: io
	
Passed route at end.
Complex block 145: cb.out:top^oport_get~41, type: io
	
Passed route at end.
Complex block 146: cb.out:top^oport_get~40, type: io
	
Passed route at end.
Complex block 147: cb.out:top^oport_get~39, type: io
	
Passed route at end.
Complex block 148: cb.out:top^oport_get~38, type: io
	
Passed route at end.
Complex block 149: cb.out:top^oport_get~37, type: io
	
Passed route at end.
Complex block 150: cb.out:top^oport_get~36, type: io
	
Passed route at end.
Complex block 151: cb.out:top^oport_get~35, type: io
	
Passed route at end.
Complex block 152: cb.out:top^oport_get~34, type: io
	
Passed route at end.
Complex block 153: cb.out:top^oport_get~33, type: io
	
Passed route at end.
Complex block 154: cb.out:top^oport_get~32, type: io
	
Passed route at end.
Complex block 155: cb.out:top^oport_get~31, type: io
	
Passed route at end.
Complex block 156: cb.out:top^oport_get~30, type: io
	
Passed route at end.
Complex block 157: cb.out:top^oport_get~29, type: io
	
Passed route at end.
Complex block 158: cb.out:top^oport_get~28, type: io
	
Passed route at end.
Complex block 159: cb.out:top^oport_get~27, type: io
	
Passed route at end.
Complex block 160: cb.out:top^oport_get~26, type: io
	
Passed route at end.
Complex block 161: cb.out:top^oport_get~25, type: io
	
Passed route at end.
Complex block 162: cb.out:top^oport_get~24, type: io
	
Passed route at end.
Complex block 163: cb.out:top^oport_get~23, type: io
	
Passed route at end.
Complex block 164: cb.out:top^oport_get~22, type: io
	
Passed route at end.
Complex block 165: cb.out:top^oport_get~21, type: io
	
Passed route at end.
Complex block 166: cb.out:top^oport_get~20, type: io
	
Passed route at end.
Complex block 167: cb.out:top^oport_get~19, type: io
	
Passed route at end.
Complex block 168: cb.out:top^oport_get~18, type: io
	
Passed route at end.
Complex block 169: cb.out:top^oport_get~17, type: io
	
Passed route at end.
Complex block 170: cb.out:top^oport_get~16, type: io
	
Passed route at end.
Complex block 171: cb.out:top^oport_get~15, type: io
	
Passed route at end.
Complex block 172: cb.out:top^oport_get~14, type: io
	
Passed route at end.
Complex block 173: cb.out:top^oport_get~13, type: io
	
Passed route at end.
Complex block 174: cb.out:top^oport_get~12, type: io
	
Passed route at end.
Complex block 175: cb.out:top^oport_get~11, type: io
	
Passed route at end.
Complex block 176: cb.out:top^oport_get~10, type: io
	
Passed route at end.
Complex block 177: cb.out:top^oport_get~9, type: io
	
Passed route at end.
Complex block 178: cb.out:top^oport_get~8, type: io
	
Passed route at end.
Complex block 179: cb.out:top^oport_get~7, type: io
	
Passed route at end.
Complex block 180: cb.out:top^oport_get~6, type: io
	
Passed route at end.
Complex block 181: cb.out:top^oport_get~5, type: io
	
Passed route at end.
Complex block 182: cb.out:top^oport_get~4, type: io
	
Passed route at end.
Complex block 183: cb.out:top^oport_get~3, type: io
	
Passed route at end.
Complex block 184: cb.out:top^oport_get~2, type: io
	
Passed route at end.
Complex block 185: cb.out:top^oport_get~1, type: io
	
Passed route at end.
Complex block 186: cb.out:top^oport_get~0, type: io
	
Passed route at end.
Complex block 187: cb.out:top^RDY_oport_get, type: io
	
Passed route at end.
Complex block 188: cb.out:top^RDY_iport1_put, type: io
	
Passed route at end.
Complex block 189: cb.out:top^RDY_iport0_put, type: io
	
Passed route at end.
Complex block 190: cb.top^iport1_put~98, type: io
	
Passed route at end.
Complex block 191: cb.top^iport1_put~97, type: io
	
Passed route at end.
Complex block 192: cb.top^iport0_put~124, type: io
	
Passed route at end.
Complex block 193: cb.top^iport1_put~96, type: io
	
Passed route at end.
Complex block 194: cb.top^iport1_put~95, type: io
	
Passed route at end.
Complex block 195: cb.top^iport0_put~123, type: io
	
Passed route at end.
Complex block 196: cb.top^iport0_put~60, type: io
	
Passed route at end.
Complex block 197: cb.top^iport1_put~94, type: io
	
Passed route at end.
Complex block 198: cb.top^iport1_put~93, type: io
	
Passed route at end.
Complex block 199: cb.top^iport0_put~122, type: io
	
Passed route at end.
Complex block 200: cb.top^iport1_put~92, type: io
	
Passed route at end.
Complex block 201: cb.top^iport1_put~91, type: io
	
Passed route at end.
Complex block 202: cb.top^iport0_put~121, type: io
	
Passed route at end.
Complex block 203: cb.top^iport0_put~59, type: io
	
Passed route at end.
Complex block 204: cb.top^iport0_put~28, type: io
	
Passed route at end.
Complex block 205: cb.top^iport1_put~90, type: io
	
Passed route at end.
Complex block 206: cb.top^iport1_put~89, type: io
	
Passed route at end.
Complex block 207: cb.top^iport0_put~120, type: io
	
Passed route at end.
Complex block 208: cb.top^iport1_put~88, type: io
	
Passed route at end.
Complex block 209: cb.top^iport1_put~87, type: io
	
Passed route at end.
Complex block 210: cb.top^iport0_put~119, type: io
	
Passed route at end.
Complex block 211: cb.top^iport0_put~58, type: io
	
Passed route at end.
Complex block 212: cb.top^iport1_put~86, type: io
	
Passed route at end.
Complex block 213: cb.top^iport1_put~85, type: io
	
Passed route at end.
Complex block 214: cb.top^iport0_put~118, type: io
	
Passed route at end.
Complex block 215: cb.top^iport1_put~84, type: io
	
Passed route at end.
Complex block 216: cb.top^iport1_put~83, type: io
	
Passed route at end.
Complex block 217: cb.top^iport0_put~117, type: io
	
Passed route at end.
Complex block 218: cb.top^iport0_put~57, type: io
	
Passed route at end.
Complex block 219: cb.top^iport0_put~27, type: io
	
Passed route at end.
Complex block 220: cb.top^iport0_put~12, type: io
	
Passed route at end.
Complex block 221: cb.top^iport1_put~82, type: io
	
Passed route at end.
Complex block 222: cb.top^iport1_put~81, type: io
	
Passed route at end.
Complex block 223: cb.top^iport0_put~116, type: io
	
Passed route at end.
Complex block 224: cb.top^iport1_put~80, type: io
	
Passed route at end.
Complex block 225: cb.top^iport1_put~79, type: io
	
Passed route at end.
Complex block 226: cb.top^iport0_put~115, type: io
	
Passed route at end.
Complex block 227: cb.top^iport0_put~56, type: io
	
Passed route at end.
Complex block 228: cb.top^iport1_put~78, type: io
	
Passed route at end.
Complex block 229: cb.top^iport1_put~77, type: io
	
Passed route at end.
Complex block 230: cb.top^iport0_put~114, type: io
	
Passed route at end.
Complex block 231: cb.top^iport1_put~76, type: io
	
Passed route at end.
Complex block 232: cb.top^iport1_put~75, type: io
	
Passed route at end.
Complex block 233: cb.top^iport0_put~113, type: io
	
Passed route at end.
Complex block 234: cb.top^iport0_put~55, type: io
	
Passed route at end.
Complex block 235: cb.top^iport0_put~26, type: io
	
Passed route at end.
Complex block 236: cb.top^iport1_put~74, type: io
	
Passed route at end.
Complex block 237: cb.top^iport1_put~73, type: io
	
Passed route at end.
Complex block 238: cb.top^iport0_put~112, type: io
	
Passed route at end.
Complex block 239: cb.top^iport1_put~72, type: io
	
Passed route at end.
Complex block 240: cb.top^iport1_put~71, type: io
	
Passed route at end.
Complex block 241: cb.top^iport0_put~111, type: io
	
Passed route at end.
Complex block 242: cb.top^iport0_put~54, type: io
	
Passed route at end.
Complex block 243: cb.top^iport1_put~70, type: io
	
Passed route at end.
Complex block 244: cb.top^iport1_put~69, type: io
	
Passed route at end.
Complex block 245: cb.top^iport0_put~110, type: io
	
Passed route at end.
Complex block 246: cb.top^iport1_put~68, type: io
	
Passed route at end.
Complex block 247: cb.top^iport1_put~67, type: io
	
Passed route at end.
Complex block 248: cb.top^iport0_put~109, type: io
	
Passed route at end.
Complex block 249: cb.top^iport0_put~53, type: io
	
Passed route at end.
Complex block 250: cb.top^iport0_put~25, type: io
	
Passed route at end.
Complex block 251: cb.top^iport0_put~11, type: io
	
Passed route at end.
Complex block 252: cb.top^iport0_put~4, type: io
	
Passed route at end.
Complex block 253: cb.top^iport1_put~66, type: io
	
Passed route at end.
Complex block 254: cb.top^iport1_put~65, type: io
	
Passed route at end.
Complex block 255: cb.top^iport0_put~108, type: io
	
Passed route at end.
Complex block 256: cb.top^iport1_put~64, type: io
	
Passed route at end.
Complex block 257: cb.top^iport1_put~63, type: io
	
Passed route at end.
Complex block 258: cb.top^iport0_put~107, type: io
	
Passed route at end.
Complex block 259: cb.top^iport0_put~52, type: io
	
Passed route at end.
Complex block 260: cb.top^iport1_put~62, type: io
	
Passed route at end.
Complex block 261: cb.top^iport1_put~61, type: io
	
Passed route at end.
Complex block 262: cb.top^iport0_put~106, type: io
	
Passed route at end.
Complex block 263: cb.top^iport1_put~60, type: io
	
Passed route at end.
Complex block 264: cb.top^iport1_put~59, type: io
	
Passed route at end.
Complex block 265: cb.top^iport0_put~105, type: io
	
Passed route at end.
Complex block 266: cb.top^iport0_put~51, type: io
	
Passed route at end.
Complex block 267: cb.top^iport0_put~24, type: io
	
Passed route at end.
Complex block 268: cb.top^iport1_put~58, type: io
	
Passed route at end.
Complex block 269: cb.top^iport1_put~57, type: io
	
Passed route at end.
Complex block 270: cb.top^iport0_put~104, type: io
	
Passed route at end.
Complex block 271: cb.top^iport1_put~56, type: io
	
Passed route at end.
Complex block 272: cb.top^iport1_put~55, type: io
	
Passed route at end.
Complex block 273: cb.top^iport0_put~103, type: io
	
Passed route at end.
Complex block 274: cb.top^iport0_put~50, type: io
	
Passed route at end.
Complex block 275: cb.top^iport1_put~54, type: io
	
Passed route at end.
Complex block 276: cb.top^iport1_put~53, type: io
	
Passed route at end.
Complex block 277: cb.top^iport0_put~102, type: io
	
Passed route at end.
Complex block 278: cb.top^iport1_put~52, type: io
	
Passed route at end.
Complex block 279: cb.top^iport1_put~51, type: io
	
Passed route at end.
Complex block 280: cb.top^iport0_put~101, type: io
	
Passed route at end.
Complex block 281: cb.top^iport0_put~49, type: io
	
Passed route at end.
Complex block 282: cb.top^iport0_put~23, type: io
	
Passed route at end.
Complex block 283: cb.top^iport0_put~10, type: io
	
Passed route at end.
Complex block 284: cb.top^iport1_put~50, type: io
	
Passed route at end.
Complex block 285: cb.top^iport1_put~49, type: io
	
Passed route at end.
Complex block 286: cb.top^iport0_put~100, type: io
	
Passed route at end.
Complex block 287: cb.top^iport1_put~48, type: io
	
Passed route at end.
Complex block 288: cb.top^iport1_put~47, type: io
	
Passed route at end.
Complex block 289: cb.top^iport0_put~99, type: io
	
Passed route at end.
Complex block 290: cb.top^iport0_put~48, type: io
	
Passed route at end.
Complex block 291: cb.top^iport1_put~46, type: io
	
Passed route at end.
Complex block 292: cb.top^iport1_put~45, type: io
	
Passed route at end.
Complex block 293: cb.top^iport0_put~98, type: io
	
Passed route at end.
Complex block 294: cb.top^iport1_put~44, type: io
	
Passed route at end.
Complex block 295: cb.top^iport1_put~43, type: io
	
Passed route at end.
Complex block 296: cb.top^iport0_put~97, type: io
	
Passed route at end.
Complex block 297: cb.top^iport0_put~47, type: io
	
Passed route at end.
Complex block 298: cb.top^iport0_put~22, type: io
	
Passed route at end.
Complex block 299: cb.top^iport1_put~42, type: io
	
Passed route at end.
Complex block 300: cb.top^iport1_put~41, type: io
	
Passed route at end.
Complex block 301: cb.top^iport0_put~96, type: io
	
Passed route at end.
Complex block 302: cb.top^iport1_put~40, type: io
	
Passed route at end.
Complex block 303: cb.top^iport1_put~39, type: io
	
Passed route at end.
Complex block 304: cb.top^iport0_put~95, type: io
	
Passed route at end.
Complex block 305: cb.top^iport0_put~46, type: io
	
Passed route at end.
Complex block 306: cb.top^iport1_put~38, type: io
	
Passed route at end.
Complex block 307: cb.top^iport1_put~37, type: io
	
Passed route at end.
Complex block 308: cb.top^iport0_put~94, type: io
	
Passed route at end.
Complex block 309: cb.top^iport1_put~36, type: io
	
Passed route at end.
Complex block 310: cb.top^iport1_put~35, type: io
	
Passed route at end.
Complex block 311: cb.top^iport0_put~93, type: io
	
Passed route at end.
Complex block 312: cb.top^iport0_put~45, type: io
	
Passed route at end.
Complex block 313: cb.top^iport0_put~21, type: io
	
Passed route at end.
Complex block 314: cb.top^iport0_put~9, type: io
	
Passed route at end.
Complex block 315: cb.top^iport0_put~3, type: io
	
Passed route at end.
Complex block 316: cb.top^iport0_put~0, type: io
	
Passed route at end.
Complex block 317: cb.top^iport1_put~34, type: io
	
Passed route at end.
Complex block 318: cb.top^iport1_put~33, type: io
	
Passed route at end.
Complex block 319: cb.top^iport0_put~92, type: io
	
Passed route at end.
Complex block 320: cb.top^iport1_put~32, type: io
	
Passed route at end.
Complex block 321: cb.top^iport1_put~31, type: io
	
Passed route at end.
Complex block 322: cb.top^iport0_put~91, type: io
	
Passed route at end.
Complex block 323: cb.top^iport0_put~44, type: io
	
Passed route at end.
Complex block 324: cb.top^iport1_put~30, type: io
	
Passed route at end.
Complex block 325: cb.top^iport1_put~29, type: io
	
Passed route at end.
Complex block 326: cb.top^iport0_put~90, type: io
	
Passed route at end.
Complex block 327: cb.top^iport1_put~28, type: io
	
Passed route at end.
Complex block 328: cb.top^iport1_put~27, type: io
	
Passed route at end.
Complex block 329: cb.top^iport0_put~89, type: io
	
Passed route at end.
Complex block 330: cb.top^iport0_put~43, type: io
	
Passed route at end.
Complex block 331: cb.top^iport0_put~20, type: io
	
Passed route at end.
Complex block 332: cb.top^iport1_put~26, type: io
	
Passed route at end.
Complex block 333: cb.top^iport1_put~25, type: io
	
Passed route at end.
Complex block 334: cb.top^iport0_put~88, type: io
	
Passed route at end.
Complex block 335: cb.top^iport1_put~24, type: io
	
Passed route at end.
Complex block 336: cb.top^iport1_put~23, type: io
	
Passed route at end.
Complex block 337: cb.top^iport0_put~87, type: io
	
Passed route at end.
Complex block 338: cb.top^iport0_put~42, type: io
	
Passed route at end.
Complex block 339: cb.top^iport1_put~22, type: io
	
Passed route at end.
Complex block 340: cb.top^iport1_put~21, type: io
	
Passed route at end.
Complex block 341: cb.top^iport0_put~86, type: io
	
Passed route at end.
Complex block 342: cb.top^iport1_put~20, type: io
	
Passed route at end.
Complex block 343: cb.top^iport1_put~19, type: io
	
Passed route at end.
Complex block 344: cb.top^iport0_put~85, type: io
	
Passed route at end.
Complex block 345: cb.top^iport0_put~41, type: io
	
Passed route at end.
Complex block 346: cb.top^iport0_put~19, type: io
	
Passed route at end.
Complex block 347: cb.top^iport0_put~8, type: io
	
Passed route at end.
Complex block 348: cb.top^iport1_put~18, type: io
	
Passed route at end.
Complex block 349: cb.top^iport1_put~17, type: io
	
Passed route at end.
Complex block 350: cb.top^iport0_put~84, type: io
	
Passed route at end.
Complex block 351: cb.top^iport1_put~16, type: io
	
Passed route at end.
Complex block 352: cb.top^iport1_put~15, type: io
	
Passed route at end.
Complex block 353: cb.top^iport0_put~83, type: io
	
Passed route at end.
Complex block 354: cb.top^iport0_put~40, type: io
	
Passed route at end.
Complex block 355: cb.top^iport1_put~14, type: io
	
Passed route at end.
Complex block 356: cb.top^iport1_put~13, type: io
	
Passed route at end.
Complex block 357: cb.top^iport0_put~82, type: io
	
Passed route at end.
Complex block 358: cb.top^iport1_put~12, type: io
	
Passed route at end.
Complex block 359: cb.top^iport1_put~11, type: io
	
Passed route at end.
Complex block 360: cb.top^iport0_put~81, type: io
	
Passed route at end.
Complex block 361: cb.top^iport0_put~39, type: io
	
Passed route at end.
Complex block 362: cb.top^iport0_put~18, type: io
	
Passed route at end.
Complex block 363: cb.top^iport1_put~10, type: io
	
Passed route at end.
Complex block 364: cb.top^iport1_put~9, type: io
	
Passed route at end.
Complex block 365: cb.top^iport0_put~80, type: io
	
Passed route at end.
Complex block 366: cb.top^iport1_put~8, type: io
	
Passed route at end.
Complex block 367: cb.top^iport1_put~7, type: io
	
Passed route at end.
Complex block 368: cb.top^iport0_put~79, type: io
	
Passed route at end.
Complex block 369: cb.top^iport0_put~38, type: io
	
Passed route at end.
Complex block 370: cb.top^iport1_put~6, type: io
	
Passed route at end.
Complex block 371: cb.top^iport1_put~5, type: io
	
Passed route at end.
Complex block 372: cb.top^iport0_put~78, type: io
	
Passed route at end.
Complex block 373: cb.top^iport1_put~4, type: io
	
Passed route at end.
Complex block 374: cb.top^iport1_put~3, type: io
	
Passed route at end.
Complex block 375: cb.top^iport0_put~77, type: io
	
Passed route at end.
Complex block 376: cb.top^iport0_put~37, type: io
	
Passed route at end.
Complex block 377: cb.top^iport0_put~17, type: io
	
Passed route at end.
Complex block 378: cb.top^iport0_put~7, type: io
	
Passed route at end.
Complex block 379: cb.top^iport0_put~2, type: io
	
Passed route at end.
Complex block 380: cb.top^iport1_put~2, type: io
	
Passed route at end.
Complex block 381: cb.top^iport1_put~1, type: io
	
Passed route at end.
Complex block 382: cb.top^iport0_put~76, type: io
	
Passed route at end.
Complex block 383: cb.top^iport1_put~0, type: io
	
Passed route at end.
Complex block 384: cb.top^iport0_put~75, type: io
	
Passed route at end.
Complex block 385: cb.top^iport0_put~36, type: io
	
Passed route at end.
Complex block 386: cb.top^iport0_put~152, type: io
	
Passed route at end.
Complex block 387: cb.top^iport1_put~152, type: io
	
Passed route at end.
Complex block 388: cb.top^iport1_put~151, type: io
	
Passed route at end.
Complex block 389: cb.top^iport0_put~151, type: io
	
Passed route at end.
Complex block 390: cb.top^iport0_put~74, type: io
	
Passed route at end.
Complex block 391: cb.top^iport1_put~150, type: io
	
Passed route at end.
Complex block 392: cb.top^iport1_put~149, type: io
	
Passed route at end.
Complex block 393: cb.top^iport0_put~150, type: io
	
Passed route at end.
Complex block 394: cb.top^iport1_put~148, type: io
	
Passed route at end.
Complex block 395: cb.top^iport1_put~147, type: io
	
Passed route at end.
Complex block 396: cb.top^iport0_put~149, type: io
	
Passed route at end.
Complex block 397: cb.top^iport0_put~73, type: io
	
Passed route at end.
Complex block 398: cb.top^iport0_put~35, type: io
	
Passed route at end.
Complex block 399: cb.top^iport0_put~16, type: io
	
Passed route at end.
Complex block 400: cb.top^iport1_put~146, type: io
	
Passed route at end.
Complex block 401: cb.top^iport1_put~145, type: io
	
Passed route at end.
Complex block 402: cb.top^iport0_put~148, type: io
	
Passed route at end.
Complex block 403: cb.top^iport1_put~144, type: io
	
Passed route at end.
Complex block 404: cb.top^iport1_put~143, type: io
	
Passed route at end.
Complex block 405: cb.top^iport0_put~147, type: io
	
Passed route at end.
Complex block 406: cb.top^iport0_put~72, type: io
	
Passed route at end.
Complex block 407: cb.top^iport1_put~142, type: io
	
Passed route at end.
Complex block 408: cb.top^iport1_put~141, type: io
	
Passed route at end.
Complex block 409: cb.top^iport0_put~146, type: io
	
Passed route at end.
Complex block 410: cb.top^iport1_put~140, type: io
	
Passed route at end.
Complex block 411: cb.top^iport0_put~145, type: io
	
Passed route at end.
Complex block 412: cb.top^iport1_put~139, type: io
	
Passed route at end.
Complex block 413: cb.top^iport0_put~71, type: io
	
Passed route at end.
Complex block 414: cb.top^iport0_put~34, type: io
	
Passed route at end.
Complex block 415: cb.top^iport0_put~15, type: io
	
Passed route at end.
Complex block 416: cb.top^iport1_put~138, type: io
	
Passed route at end.
Complex block 417: cb.top^iport1_put~137, type: io
	
Passed route at end.
Complex block 418: cb.top^iport0_put~144, type: io
	
Passed route at end.
Complex block 419: cb.top^iport1_put~136, type: io
	
Passed route at end.
Complex block 420: cb.top^iport1_put~135, type: io
	
Passed route at end.
Complex block 421: cb.top^iport0_put~143, type: io
	
Passed route at end.
Complex block 422: cb.top^iport0_put~70, type: io
	
Passed route at end.
Complex block 423: cb.top^iport1_put~134, type: io
	
Passed route at end.
Complex block 424: cb.top^iport1_put~133, type: io
	
Passed route at end.
Complex block 425: cb.top^iport0_put~142, type: io
	
Passed route at end.
Complex block 426: cb.top^iport1_put~132, type: io
	
Passed route at end.
Complex block 427: cb.top^iport1_put~131, type: io
	
Passed route at end.
Complex block 428: cb.top^iport0_put~141, type: io
	
Passed route at end.
Complex block 429: cb.top^iport0_put~69, type: io
	
Passed route at end.
Complex block 430: cb.top^iport0_put~33, type: io
	
Passed route at end.
Complex block 431: cb.top^iport0_put~6, type: io
	
Passed route at end.
Complex block 432: cb.top^iport0_put~5, type: io
	
Passed route at end.
Complex block 433: cb.top^iport1_put~130, type: io
	
Passed route at end.
Complex block 434: cb.top^iport1_put~129, type: io
	
Passed route at end.
Complex block 435: cb.top^iport0_put~140, type: io
	
Passed route at end.
Complex block 436: cb.top^iport1_put~128, type: io
	
Passed route at end.
Complex block 437: cb.top^iport1_put~127, type: io
	
Passed route at end.
Complex block 438: cb.top^iport0_put~139, type: io
	
Passed route at end.
Complex block 439: cb.top^iport0_put~68, type: io
	
Passed route at end.
Complex block 440: cb.top^iport1_put~126, type: io
	
Passed route at end.
Complex block 441: cb.top^iport1_put~125, type: io
	
Passed route at end.
Complex block 442: cb.top^iport0_put~138, type: io
	
Passed route at end.
Complex block 443: cb.top^iport1_put~124, type: io
	
Passed route at end.
Complex block 444: cb.top^iport1_put~123, type: io
	
Passed route at end.
Complex block 445: cb.top^iport0_put~137, type: io
	
Passed route at end.
Complex block 446: cb.top^iport0_put~67, type: io
	
Passed route at end.
Complex block 447: cb.top^iport0_put~32, type: io
	
Passed route at end.
Complex block 448: cb.top^iport1_put~122, type: io
	
Passed route at end.
Complex block 449: cb.top^iport1_put~121, type: io
	
Passed route at end.
Complex block 450: cb.top^iport0_put~136, type: io
	
Passed route at end.
Complex block 451: cb.top^iport1_put~120, type: io
	
Passed route at end.
Complex block 452: cb.top^iport1_put~119, type: io
	
Passed route at end.
Complex block 453: cb.top^iport0_put~135, type: io
	
Passed route at end.
Complex block 454: cb.top^iport0_put~66, type: io
	
Passed route at end.
Complex block 455: cb.top^iport1_put~118, type: io
	
Passed route at end.
Complex block 456: cb.top^iport1_put~117, type: io
	
Passed route at end.
Complex block 457: cb.top^iport0_put~134, type: io
	
Passed route at end.
Complex block 458: cb.top^iport1_put~116, type: io
	
Passed route at end.
Complex block 459: cb.top^iport1_put~115, type: io
	
Passed route at end.
Complex block 460: cb.top^iport0_put~133, type: io
	
Passed route at end.
Complex block 461: cb.top^iport0_put~65, type: io
	
Passed route at end.
Complex block 462: cb.top^iport0_put~31, type: io
	
Passed route at end.
Complex block 463: cb.top^iport0_put~14, type: io
	
Passed route at end.
Complex block 464: cb.top^iport1_put~114, type: io
	
Passed route at end.
Complex block 465: cb.top^iport1_put~113, type: io
	
Passed route at end.
Complex block 466: cb.top^iport0_put~132, type: io
	
Passed route at end.
Complex block 467: cb.top^iport1_put~112, type: io
	
Passed route at end.
Complex block 468: cb.top^iport1_put~111, type: io
	
Passed route at end.
Complex block 469: cb.top^iport0_put~131, type: io
	
Passed route at end.
Complex block 470: cb.top^iport0_put~64, type: io
	
Passed route at end.
Complex block 471: cb.top^iport1_put~110, type: io
	
Passed route at end.
Complex block 472: cb.top^iport1_put~109, type: io
	
Passed route at end.
Complex block 473: cb.top^iport0_put~130, type: io
	
Passed route at end.
Complex block 474: cb.top^iport1_put~108, type: io
	
Passed route at end.
Complex block 475: cb.top^iport1_put~107, type: io
	
Passed route at end.
Complex block 476: cb.top^iport0_put~129, type: io
	
Passed route at end.
Complex block 477: cb.top^iport0_put~63, type: io
	
Passed route at end.
Complex block 478: cb.top^iport0_put~30, type: io
	
Passed route at end.
Complex block 479: cb.top^iport1_put~106, type: io
	
Passed route at end.
Complex block 480: cb.top^iport1_put~105, type: io
	
Passed route at end.
Complex block 481: cb.top^iport0_put~128, type: io
	
Passed route at end.
Complex block 482: cb.top^iport1_put~104, type: io
	
Passed route at end.
Complex block 483: cb.top^iport1_put~103, type: io
	
Passed route at end.
Complex block 484: cb.top^iport0_put~127, type: io
	
Passed route at end.
Complex block 485: cb.top^iport0_put~62, type: io
	
Passed route at end.
Complex block 486: cb.top^iport1_put~102, type: io
	
Passed route at end.
Complex block 487: cb.top^iport1_put~101, type: io
	
Passed route at end.
Complex block 488: cb.top^iport0_put~126, type: io
	
Passed route at end.
Complex block 489: cb.top^iport1_put~100, type: io
	
Passed route at end.
Complex block 490: cb.top^iport1_put~99, type: io
	
Passed route at end.
Complex block 491: cb.top^iport0_put~125, type: io
	
Passed route at end.
Complex block 492: cb.top^iport0_put~61, type: io
	
Passed route at end.
Complex block 493: cb.top^iport0_put~29, type: io
	
Passed route at end.
Complex block 494: cb.top^iport0_put~13, type: io
	
Passed route at end.
Complex block 495: cb.top^iport0_put~1, type: io
	
Passed route at end.
Complex block 496: cb.top^CLK, type: io
	
Passed route at end.
	<EMPTY>: # blocks: 0, average # input + clock pins used: 0, average # output pins used: 0
	io: # blocks: 467, average # input + clock pins used: 0.334047, average # output pins used: 0.665953
	clb: # blocks: 15, average # input + clock pins used: 26.8667, average # output pins used: 13.4667
	mult_36: # blocks: 0, average # input + clock pins used: 0, average # output pins used: 0
	memory: # blocks: 15, average # input + clock pins used: 72.2, average # output pins used: 30.6
Absorbed logical nets 66 out of 1038 nets, 972 nets not absorbed.

Netlist conversion complete.

Packing took 0.49 seconds.
Packing completed.
Begin parsing packed FPGA netlist file.
Finished parsing packed FPGA netlist file.
Netlist generated from file 'mkPktMerge.net'.
gnd is a constant generator.

Netlist num_nets: 972
Netlist num_blocks: 497
Netlist <EMPTY> blocks: 0.
Netlist clb blocks: 15.
Netlist mult_36 blocks: 0.
Netlist memory blocks: 15.
Netlist inputs pins: 311
Netlist output pins: 156

Auto-sizing FPGA at x = 22 y = 22
Auto-sizing FPGA at x = 44 y = 44
Auto-sizing FPGA at x = 22 y = 22
Auto-sizing FPGA at x = 33 y = 33
Auto-sizing FPGA at x = 27 y = 27
Auto-sizing FPGA at x = 24 y = 24
Auto-sizing FPGA at x = 25 y = 25
Auto-sizing FPGA at x = 26 y = 26
Auto-sizing FPGA at x = 25 y = 25
FPGA auto-sized to x = 26 y = 26
The circuit will be mapped into a 26 x 26 array of clbs.

Resource usage...
	Netlist      0	blocks of type: <EMPTY>
	Architecture 18	blocks of type: <EMPTY>
	Netlist      467	blocks of type: io
	Architecture 832	blocks of type: io
	Netlist      15	blocks of type: clb
	Architecture 494	blocks of type: clb
	Netlist      0	blocks of type: mult_36
	Architecture 18	blocks of type: mult_36
	Netlist      15	blocks of type: memory
	Architecture 16	blocks of type: memory

Computing delta_io_to_io lookup matrix, may take a few seconds, please wait...
Computing delta_io_to_clb lookup matrix, may take a few seconds, please wait...
Computing delta_clb_to_io lookup matrix, may take a few seconds, please wait...
Computing delta_clb_to_clb lookup matrix, may take a few seconds, please wait...

There are 1146 point to point connections in this circuit.

Initial placement cost: 0.928286 bb_cost: 210.935 td_cost: 5.65524e-07 delay_cost: 9.33501e-07

--------- --------- ----------- ----------- ----------- ----------- -------- -------- ------- ------- ------- --------- -------
        T      Cost  Av BB Cost  Av TD Cost  Av Tot Del  P to P Del    d_max  Ac Rate Std Dev R limit     Exp Tot Moves   Alpha
--------- --------- ----------- ----------- ----------- ----------- -------- -------- ------- ------- ------- --------- -------
  0.64286    1.0393     223.168  5.7962e-07 9.82932e-07 8.14573e-10   4.3479   0.9987  0.0308 27.0000  1.0000      3935  0.5000
  0.32143   0.94086     221.287 4.82448e-07 9.77433e-07 8.89944e-10   5.4296   0.9992  0.0368 27.0000  1.0000      7870  0.5000
  0.16071   0.99573     216.424 4.86968e-07 9.46483e-07 8.21617e-10   4.9223   0.9975  0.0202 27.0000  1.0000     11805  0.5000
  0.08036    1.0126     219.171 5.02254e-07 9.58776e-07 8.17466e-10   4.9326   0.9924  0.0385 27.0000  1.0000     15740  0.5000
  0.04018   0.91691     214.187 4.97357e-07 9.33049e-07 8.71414e-10   4.8545   0.9893  0.0407 27.0000  1.0000     19675  0.5000
  0.02009    1.0321     206.302 5.01976e-07 9.10226e-07 7.50212e-10   4.3123   0.9728  0.0444 27.0000  1.0000     23610  0.5000
  0.01004   0.90382     208.511 4.82406e-07 9.06237e-07 8.42717e-10   4.8545   0.9606  0.0376 27.0000  1.0000     27545  0.5000
  0.00502    0.8986     189.329 4.05459e-07 8.39234e-07 7.85289e-10   4.9674   0.9128  0.0237 27.0000  1.0000     31480  0.9000
  0.00452   0.97146       183.6 4.08156e-07 8.15681e-07 7.17627e-10   4.5608   0.8968  0.0150 27.0000  1.0000     35415  0.9000
  0.00407   0.94476     183.324 4.32705e-07 8.16616e-07 7.33844e-10   4.3123   0.9042  0.0352 27.0000  1.0000     39350  0.9000
  0.00366   0.92867     175.066  3.7995e-07 7.75273e-07 7.10795e-10   4.5834   0.8790  0.0251 27.0000  1.0000     43285  0.9000
  0.00330   0.99572     175.125 4.02392e-07 7.68101e-07 6.58837e-10   4.1768   0.8686  0.0103 27.0000  1.0000     47220  0.9000
  0.00297   0.95807     171.901 3.91796e-07 7.62687e-07  6.8038e-10   4.3123   0.8536  0.0164 27.0000  1.0000     51155  0.9000
  0.00267    1.0032     173.304 3.67987e-07 7.69843e-07 6.51253e-10   4.5834   0.8562  0.0094 27.0000  1.0000     55090  0.9000
  0.00240   0.95631     169.744 3.79726e-07 7.45811e-07 6.72387e-10   4.3123   0.8305  0.0167 27.0000  1.0000     59025  0.9000
  0.00216   0.99116     168.604 3.51966e-07 7.32587e-07 6.32551e-10   4.4479   0.8030  0.0062 27.0000  1.0000     62960  0.9000
  0.00195   0.96308     165.524  3.2013e-07 7.20703e-07 6.39928e-10   4.8545   0.7916  0.0121 27.0000  1.0000     66895  0.9500
  0.00185   0.97438     165.507 3.57987e-07 7.36521e-07 6.38053e-10   4.4479   0.8018  0.0143 27.0000  1.0000     70830  0.9000
  0.00166   0.97681     163.205 3.61963e-07 7.25129e-07 6.38137e-10   4.3123   0.7746  0.0084 27.0000  1.0000     74765  0.9500
  0.00158   0.97052      162.62 3.66557e-07 7.28318e-07 6.44517e-10   4.3123   0.7748  0.0078 27.0000  1.0000     78700  0.9500
  0.00150   0.95831     161.109   3.535e-07 7.08624e-07  6.3254e-10   4.3123   0.7596  0.0170 27.0000  1.0000     82635  0.9500
  0.00143   0.99141     158.662 3.32833e-07 7.04232e-07  6.0621e-10   4.4479   0.7393  0.0135 27.0000  1.0000     86570  0.9500
  0.00136   0.97343     155.402 3.38747e-07 6.92716e-07 6.10048e-10   4.3123   0.7263  0.0138 27.0000  1.0000     90505  0.9500
  0.00129   0.97276     155.194  3.4247e-07 6.95464e-07 6.14557e-10   4.3123   0.7014  0.0119 27.0000  1.0000     94440  0.9500
  0.00122   0.99094     154.322  3.3935e-07  6.9128e-07 5.99564e-10   4.3123   0.6953  0.0077 27.0000  1.0000     98375  0.9500
  0.00116   0.97255     152.744 3.35886e-07 6.85997e-07 6.04648e-10   4.3123   0.6889  0.0100 27.0000  1.0000    102310  0.9500
  0.00110   0.98523     153.751 3.44865e-07 6.84781e-07 5.97226e-10   4.1768   0.6778  0.0122 27.0000  1.0000    106245  0.9500
  0.00105   0.96851     149.743 3.39328e-07 6.74555e-07 5.93321e-10   4.1768   0.6554  0.0114 27.0000  1.0000    110180  0.9500
  0.00100   0.97782     151.645 3.43496e-07 6.81364e-07 5.99373e-10   4.1768   0.6541  0.0118 27.0000  1.0000    114115  0.9500
  0.00095    0.9802     150.362 3.41898e-07 6.73062e-07  5.9116e-10   4.1768   0.6402  0.0089 27.0000  1.0000    118050  0.9500
  0.00090   0.97224     147.391 3.36851e-07 6.65522e-07  5.8686e-10   4.1768   0.6142  0.0115 27.0000  1.0000    121985  0.9500
  0.00085   0.97883     145.922 3.11867e-07 6.63276e-07 5.78785e-10   4.4479   0.6076  0.0114 27.0000  1.0000    125920  0.9500
  0.00081   0.95559     143.734 3.15514e-07 6.57334e-07 5.89571e-10   4.4479   0.5906  0.0126 27.0000  1.0000    129855  0.9500
  0.00077   0.97535     143.594 3.13678e-07 6.57234e-07 5.79418e-10   4.4479   0.5858  0.0099 27.0000  1.0000    133790  0.9500
  0.00073   0.96829     141.494 3.07668e-07 6.46447e-07 5.76243e-10   4.4479   0.5405  0.0137 27.0000  1.0000    137725  0.9500
  0.00070   0.98981     141.362 2.91204e-07 6.45783e-07 5.63535e-10   4.6738   0.5291  0.0070 27.0000  1.0000    141660  0.9500
  0.00066   0.97389     140.871 3.04501e-07 6.46005e-07 5.67042e-10   4.4479   0.5144  0.0115 27.0000  1.0000    145595  0.9500
  0.00063   0.97461     138.486 3.00248e-07 6.32293e-07   5.607e-10   4.4479   0.4864  0.0085 27.0000  1.0000    149530  0.9500
  0.00060   0.96726     135.592 2.93592e-07 6.19553e-07 5.50044e-10   4.4479   0.4645  0.0093 27.0000  1.0000    153465  0.9500
  0.00057   0.97896      135.04 2.90912e-07 6.17074e-07 5.43125e-10   4.4479   0.4366  0.0078 27.0000  1.0000    157400  0.9500
  0.00054   0.97094     133.404 2.84163e-07 6.11435e-07 5.44938e-10   4.4479   0.4968  0.0130 26.9081  1.0248    161335  0.9500
  0.00051   0.98201      129.23 2.72945e-07 5.96559e-07 5.24731e-10   4.5834   0.3990  0.0064 27.0000  1.0000    165270  0.9500
  0.00049    0.9919     130.965 2.23816e-07 6.03387e-07 5.22592e-10   4.5834   0.4709  0.0079 25.8926  1.2982    169205  0.9500
  0.00046    0.9725     127.759 2.55924e-07 5.91285e-07 5.24383e-10   4.5834   0.4422  0.0088 26.6927  1.0827    173140  0.9500
  0.00044   0.97513     125.219 2.54596e-07 5.80784e-07 5.15923e-10   4.5834   0.4094  0.0109 26.7510  1.0670    177075  0.9500
  0.00042   0.99271      124.06 2.18094e-07 5.78642e-07 5.01608e-10   4.5834   0.4048  0.0040 25.9325  1.2874    181010  0.9500
  0.00040   0.99497     124.821  1.8685e-07 5.80744e-07 5.06187e-10   4.5834   0.4030  0.0092 25.0204  1.5330    184945  0.9500
  0.00038   0.98752     122.246 1.59603e-07 5.71313e-07 4.99441e-10   4.5834   0.3873  0.0047 24.0959  1.7819    188880  0.9500
  0.00036   0.98847     122.463 1.31653e-07 5.72714e-07 5.00139e-10   4.5834   0.4368  0.0064 22.8259  2.1238    192815  0.9500
  0.00034   0.97693     121.037 1.29783e-07  5.6614e-07 5.03009e-10   4.5834   0.4211  0.0092 22.7540  2.1432    196750  0.9500
  0.00032   0.97722     118.451 1.21914e-07 5.58025e-07  4.9441e-10   4.5834   0.3883  0.0083 22.3238  2.2590    200685  0.9500
  0.00031   0.98616     119.064 1.04627e-07 5.61423e-07 4.91256e-10   4.5834   0.4203  0.0062 21.1698  2.5697    204620  0.9500
  0.00029   0.99399     117.704 9.79466e-08 5.54289e-07 4.84001e-10   4.5834   0.4091  0.0027 20.7534  2.6818    208555  0.9500
  0.00028     0.993     118.082 9.07461e-08 5.56498e-07 4.86059e-10   4.5834   0.4097  0.0037 20.1132  2.8541    212490  0.9500
  0.00026   0.98459     115.393 8.41345e-08 5.45918e-07 4.82115e-10   4.5834   0.3934  0.0095 19.5029  3.0185    216425  0.9500
  0.00025   0.99683     113.724 7.53656e-08 5.38795e-07  4.7123e-10   4.5834   0.4071  0.0019 18.5939  3.2632    220360  0.9500
  0.00024   0.98688     112.789  6.9764e-08 5.37986e-07  4.7252e-10   4.5834   0.4061  0.0037 17.9825  3.4278    224295  0.9500
  0.00023    0.9943     113.123 6.53184e-08 5.43311e-07 4.73691e-10   4.5834   0.4086  0.0046 17.3728  3.5919    228230  0.9500
  0.00021   0.99665      112.37 6.16465e-08 5.39333e-07 4.70455e-10   4.5834   0.4208  0.0037 16.8280  3.7386    232165  0.9500
  0.00020   0.99134     110.965 5.92917e-08  5.3231e-07 4.66391e-10   4.5834   0.3909  0.0032 16.5056  3.8254    236100  0.9500
  0.00019   0.99326     110.138 5.42822e-08 5.28683e-07 4.62837e-10   4.5834   0.4041  0.0049 15.6943  4.0438    240035  0.9500
  0.00018   0.99556     108.692 5.10456e-08 5.25951e-07 4.58486e-10   4.5834   0.3527  0.0012 15.1304  4.1957    243970  0.9500
  0.00017    1.0009     109.584 4.52705e-08 5.32886e-07 4.61129e-10   4.5834   0.4198  0.0025 13.8100  4.5512    247905  0.9500
  0.00017   0.98698     107.728 4.41133e-08 5.26118e-07  4.6632e-10   4.5834   0.3881  0.0050 13.5313  4.6262    251840  0.9500
  0.00016    0.9977      105.93 4.76234e-08 5.21323e-07 4.53892e-10   4.4479   0.3914  0.0015 12.8285  4.8154    255775  0.9500
  0.00015   0.99804     106.348  4.6109e-08 5.25007e-07 4.58939e-10   4.4479   0.3893  0.0020 12.2045  4.9834    259710  0.9500
  0.00014    0.9932     104.863 4.33848e-08 5.19445e-07 4.55444e-10   4.4479   0.3926  0.0035 11.5860  5.1499    263645  0.9500
  0.00013   0.99473     104.151 4.14908e-08 5.17427e-07  4.5245e-10   4.4479   0.3830  0.0036 11.0372  5.2977    267580  0.9500
  0.00013   0.99513     102.851 3.94793e-08 5.13019e-07 4.51611e-10   4.4479   0.3942  0.0020 10.4078  5.4671    271515  0.9500
  0.00012   0.99783     101.933 3.78837e-08 5.08508e-07 4.41811e-10   4.4479   0.4180  0.0036  9.9306  5.5956    275450  0.9500
  0.00012   0.99615     100.854 3.67919e-08 5.05353e-07 4.44228e-10   4.4479   0.3893  0.0014  9.7126  5.6543    279385  0.9500
  0.00011   0.99797     100.729 3.54042e-08 5.06156e-07 4.37432e-10   4.4479   0.3842  0.0011  9.2204  5.7868    283320  0.9500
  0.00010   0.99839     99.8308 3.40899e-08 5.04085e-07 4.40426e-10   4.4479   0.3921  0.0013  8.7063  5.9252    287255  0.9500
  0.00010   0.99848     99.0879 3.35139e-08 5.02626e-07 4.38751e-10   4.4479   0.3728  0.0010  8.2895  6.0374    291190  0.9500
  0.00009   0.99599     98.7038 3.17908e-08  4.9975e-07 4.37445e-10   4.4479   0.4058  0.0012  7.7325  6.1874    295125  0.9500
  0.00009   0.99928     98.7914 3.09709e-08 5.02962e-07 4.36082e-10   4.4479   0.3848  0.0012  7.4684  6.2585    299060  0.9500
  0.00008   0.99695     98.4574 3.71691e-08 5.03597e-07 4.41085e-10   4.3123   0.3853  0.0016  7.0558  6.3696    302995  0.9500
  0.00008   0.99451     98.5155 2.48712e-08 5.04144e-07 4.39342e-10   4.5834   0.4010  0.0014  6.6696  6.4736    306930  0.9500
  0.00008   0.99607       97.66 4.24269e-08 4.98448e-07 4.37631e-10   4.1768   0.4005  0.0021  6.4096  6.5436    310865  0.9500
  0.00007   0.98582     97.5932 2.18202e-08 4.97559e-07  4.3413e-10   4.6738   0.3761  0.0033  6.1564  6.6117    314800  0.9500
  0.00007     0.993     97.6338 4.08708e-08 4.97083e-07 4.35154e-10   4.1768   0.4102  0.0016  5.7631  6.7176    318735  0.9500
  0.00007   0.99142     96.6268 2.64955e-08 4.93525e-07 4.32727e-10   4.4479   0.4117  0.0021  5.5912  6.7639    322670  0.9500
  0.00006   0.98599     96.5547 2.81625e-08 4.92152e-07 4.31367e-10   4.4253   0.3916  0.0050  5.4329  6.8065    326605  0.9500
  0.00006   0.99762     96.5939 2.60902e-08 4.92088e-07 4.28986e-10   4.4479   0.3766  0.0014  5.1700  6.8773    330540  0.9500
  0.00006   0.99744     96.1525 3.75392e-08 4.90918e-07 4.27687e-10   4.1768   0.4023  0.0038  4.8423  6.9655    334475  0.9500
  0.00005   0.99583     95.1386 2.96456e-08 4.87701e-07 4.28231e-10   4.3123   0.3931  0.0016  4.6597  7.0147    338410  0.9500
  0.00005    0.9975     94.3153 2.95839e-08 4.85695e-07 4.26351e-10   4.3123   0.3924  0.0010  4.4414  7.0735    342345  0.9500
  0.00005   0.99713     94.3793 2.42227e-08  4.8977e-07    4.23e-10   4.4479   0.3906  0.0012  4.2298  7.1304    346280  0.9500
  0.00005   0.99366      93.868 2.99053e-08 4.85879e-07 4.28353e-10   4.3123   0.3588  0.0013  4.0209  7.1867    350215  0.9500
  0.00004   0.99736     93.5068 2.60312e-08 4.85161e-07 4.24061e-10   4.4027   0.4168  0.0015  3.6945  7.2746    354150  0.9500
  0.00004   0.99737     93.2857 2.41251e-08 4.85611e-07 4.24876e-10   4.4479   0.4000  0.0031  3.6087  7.2977    358085  0.9500
  0.00004   0.99571     93.0884 2.31522e-08 4.85879e-07 4.22236e-10   4.4479   0.4025  0.0042  3.4643  7.3365    362020  0.9500
  0.00004   0.99878     92.8766 2.84471e-08 4.87363e-07 4.23905e-10   4.3123   0.3766  0.0010  3.3346  7.3715    365955  0.9500
  0.00004    0.9998     93.0149   2.799e-08  4.8765e-07 4.25061e-10   4.3123   0.3842  0.0002  3.1232  7.4284    369890  0.9500
  0.00003    0.9968      93.028  2.7508e-08 4.85977e-07 4.26222e-10   4.3123   0.4633  0.0024  2.9491  7.4752    373825  0.9500
  0.00003   0.99775     92.7043 2.75043e-08 4.84609e-07 4.22793e-10   4.3123   0.3560  0.0010  3.0177  7.4568    377760  0.9500
  0.00003   0.99462     92.5374 2.69437e-08 4.83615e-07 4.21939e-10   4.3123   0.3997  0.0028  2.7644  7.5250    381695  0.9500
  0.00003   0.99966     92.8142 2.63706e-08 4.82514e-07 4.20635e-10   4.3123   0.3939  0.0002  2.6531  7.5549    385630  0.9500
  0.00003   0.99876     92.5158 2.61438e-08 4.83113e-07 4.21456e-10   4.3123   0.4010  0.0003  2.5308  7.5879    389565  0.9500
  0.00003   0.99849     92.3026 2.57012e-08 4.83558e-07 4.22422e-10   4.3123   0.3875  0.0014  2.4321  7.6144    393500  0.9500
  0.00002   0.99945     91.7968 2.59597e-08 4.83459e-07 4.21108e-10   4.3123   0.3771  0.0004  2.3045  7.6488    397435  0.9500
  0.00002   0.99927     91.6247 2.58157e-08 4.82541e-07 4.21078e-10   4.3123   0.3639  0.0002  2.1597  7.6878    401370  0.9500
  0.00002   0.99833     91.5599 2.51261e-08  4.8283e-07 4.21443e-10   4.3123   0.4269  0.0005  1.9953  7.7320    405305  0.9500
  0.00002   0.99903     91.7103 2.52706e-08 4.81737e-07 4.21311e-10   4.3123   0.4211  0.0005  1.9693  7.7390    409240  0.9500
  0.00002   0.99905     91.3821 2.54302e-08 4.82352e-07 4.21171e-10   4.3123   0.4158  0.0004  1.9320  7.7491    413175  0.9500
  0.00002   0.99854     91.3305 2.52631e-08 4.81487e-07 4.20861e-10   4.3123   0.4152  0.0007  1.8852  7.7617    417110  0.9500
  0.00002   0.99946      91.279 2.53141e-08 4.82402e-07 4.20296e-10   4.3123   0.4132  0.0005  1.8385  7.7742    421045  0.9500
  0.00002   0.99952     91.2166 2.51529e-08 4.82614e-07 4.22021e-10   4.3123   0.4000  0.0005  1.7893  7.7875    424980  0.9500
  0.00002   0.99908      91.195 2.51142e-08 4.81967e-07 4.20756e-10   4.3123   0.4008  0.0005  1.7177  7.8068    428915  0.9500
  0.00002   0.99904     91.1647 2.49084e-08 4.81594e-07 4.20326e-10   4.3123   0.4084  0.0005  1.6503  7.8249    432850  0.9500
  0.00001   0.99908     91.1242   2.493e-08 4.82063e-07 4.20171e-10   4.3123   0.3891  0.0005  1.5981  7.8390    436785  0.9500
  0.00001   0.99909     91.2662 2.46023e-08 4.81827e-07  4.2083e-10   4.3123   0.3911  0.0005  1.5168  7.8609    440720  0.9500
  0.00001   0.99983     91.2495 2.46329e-08 4.81532e-07 4.20263e-10   4.3123   0.3924  0.0002  1.4426  7.8808    444655  0.9500
  0.00001   0.99967     90.9986 2.49004e-08 4.81951e-07 4.20488e-10   4.3123   0.3878  0.0001  1.3739  7.8993    448590  0.9500
  0.00001   0.99878     91.0528 2.47992e-08 4.82026e-07 4.20261e-10   4.3123   0.4097  0.0005  1.3022  7.9186    452525  0.9500
  0.00001   0.99966     91.0102 2.40678e-08 4.83181e-07 4.21676e-10   4.3123   0.3792  0.0002  1.2627  7.9293    456460  0.9500
  0.00001   0.99969     90.9586 2.46904e-08 4.82775e-07 4.20981e-10   4.3123   0.3822  0.0004  1.1858  7.9500    460395  0.9500
  0.00001   0.99875     90.9936 2.41251e-08 4.83176e-07 4.21275e-10   4.3123   0.3753  0.0002  1.1173  7.9684    464330  0.9500
  0.00001   0.99959     90.9827  2.4161e-08 4.83406e-07 4.22225e-10   4.3123   0.3687  0.0005  1.0451  7.9879    468265  0.9500
  0.00001   0.99983      90.978 2.36891e-08 4.83072e-07 4.21735e-10   4.3123   0.3769  0.0001  1.0000  8.0000    472200  0.9500
  0.00001   0.99929     90.9376 2.40863e-08 4.83069e-07 4.20924e-10   4.3123   0.3799  0.0006  1.0000  8.0000    476135  0.9500
  0.00001    0.9991     90.9671 2.39661e-08 4.82802e-07 4.21676e-10   4.3123   0.3741  0.0003  1.0000  8.0000    480070  0.9500
  0.00001         1     90.9319  2.4115e-08 4.82877e-07 4.21579e-10   4.3123   0.3614  0.0000  1.0000  8.0000    484005  0.9500
  0.00001    0.9991     90.9646 2.40683e-08 4.83139e-07 4.21827e-10   4.3123   0.3708  0.0003  1.0000  8.0000    487940  0.9500
  0.00001         1     90.9318 2.40184e-08 4.82853e-07 4.21358e-10   4.3123   0.3761  0.0000  1.0000  8.0000    491875  0.9500
  0.00001   0.99962     90.8842 2.40138e-08 4.83308e-07 4.21533e-10   4.3123   0.3662  0.0002  1.0000  8.0000    495810  0.9500
  0.00001   0.99929     90.9221 2.43983e-08 4.83329e-07 4.21794e-10   4.3123   0.3558  0.0008  1.0000  8.0000    499745  0.9500
  0.00001   0.99946     90.8925 2.36921e-08 4.83041e-07 4.21141e-10   4.3123   0.3774  0.0003  1.0000  8.0000    503680  0.9500
  0.00001   0.99916     90.9201 2.43874e-08 4.82925e-07 4.21802e-10   4.3123   0.3675  0.0003  1.0000  8.0000    507615  0.9500
  0.00001   0.99992     90.9632 2.36927e-08 4.82865e-07 4.21649e-10   4.3123   0.3657  0.0002  1.0000  8.0000    511550  0.9500
  0.00001   0.99985     90.8898 2.41177e-08 4.82996e-07 4.21296e-10   4.3123   0.3616  0.0001  1.0000  8.0000    515485  0.9500
  0.00000   0.99932     90.8965 2.44134e-08 4.82322e-07 4.21555e-10            0.0933  0.0005  1.0000  8.0000    519420

BB estimate of min-dist (placement) wirelength: 9097
bb_cost recomputed from scratch: 90.9718
timing_cost recomputed from scratch: 2.43286e-08
delay_cost recomputed from scratch: 4.81791e-07

Completed placement consistency check successfully.

Swaps called: 519917

Placement estimated critical path delay: 4.31234 ns
Placement cost: 0.998003, bb_cost: 90.9719, td_cost: 2.43286e-08, delay_cost: 4.81792e-07
Placement total # of swap attempts: 519917
	Swap reject rate: 0
	Swap accept rate: 0
	Swap abort rate: 0
Placement took 3.12 seconds.
Using low: -1, high: -1, current: 162
Build rr_graph took 1.25 seconds.
Confirming Router Algorithm: TIMING_DRIVEN.

Routing iteration: 1
Wire length after first iteration 13707, total available wire length 227448, ratio 0.0602643
Critical path: 4.57233 ns
Routing iteration took 0.31 seconds.

Routing iteration: 2
Critical path: 4.57233 ns
Routing iteration took 0.31 seconds.

Routing iteration: 3
Critical path: 4.57233 ns
Routing iteration took 0.3 seconds.

Routing iteration: 4
Critical path: 4.57233 ns
Routing iteration took 0.31 seconds.

Routing iteration: 5
Critical path: 4.57233 ns
Routing iteration took 0.29 seconds.

Routing iteration: 6
Critical path: 4.57233 ns
Routing iteration took 0.3 seconds.

Routing iteration: 7
Critical path: 4.57233 ns
Routing iteration took 0.28 seconds.

Routing iteration: 8
Critical path: 4.57233 ns
Routing iteration took 0.29 seconds.

Routing iteration: 9
Critical path: 4.57233 ns
Routing iteration took 0.28 seconds.

Routing iteration: 10
Critical path: 4.57233 ns
Routing iteration took 0.27 seconds.

Routing iteration: 11
Critical path: 4.57233 ns
Routing iteration took 0.27 seconds.

Routing iteration: 12
Critical path: 4.57233 ns
Routing iteration took 0.26 seconds.

Routing iteration: 13
Successfully routed after 13 routing iterations.
Completed net delay value cross check successfully.
Using low: -1, high: 162, current: 82
Build rr_graph took 0.37 seconds.
Confirming Router Algorithm: TIMING_DRIVEN.

Routing iteration: 1
Wire length after first iteration 14216, total available wire length 115128, ratio 0.12348
Critical path: 4.57233 ns
Routing iteration took 0.2 seconds.

Routing iteration: 2
Critical path: 4.57233 ns
Routing iteration took 0.2 seconds.

Routing iteration: 3
Critical path: 4.57233 ns
Routing iteration took 0.2 seconds.

Routing iteration: 4
Critical path: 4.57233 ns
Routing iteration took 0.19 seconds.

Routing iteration: 5
Critical path: 4.57233 ns
Routing iteration took 0.2 seconds.

Routing iteration: 6
Critical path: 4.57233 ns
Routing iteration took 0.18 seconds.

Routing iteration: 7
Critical path: 4.57233 ns
Routing iteration took 0.18 seconds.

Routing iteration: 8
Critical path: 4.57233 ns
Routing iteration took 0.17 seconds.

Routing iteration: 9
Critical path: 4.57233 ns
Routing iteration took 0.17 seconds.

Routing iteration: 10
Critical path: 4.57233 ns
Routing iteration took 0.16 seconds.

Routing iteration: 11
Critical path: 4.57233 ns
Routing iteration took 0.15 seconds.

Routing iteration: 12
Critical path: 4.57233 ns
Routing iteration took 0.16 seconds.

Routing iteration: 13
Successfully routed after 13 routing iterations.
Completed net delay value cross check successfully.
Using low: -1, high: 82, current: 42
Build rr_graph took 0.13 seconds.
Confirming Router Algorithm: TIMING_DRIVEN.

Routing iteration: 1
Wire length after first iteration 15135, total available wire length 58968, ratio 0.256665
Critical path: 4.57233 ns
Routing iteration took 0.16 seconds.

Routing iteration: 2
Critical path: 4.57233 ns
Routing iteration took 0.15 seconds.

Routing iteration: 3
Critical path: 4.57455 ns
Routing iteration took 0.16 seconds.

Routing iteration: 4
Critical path: 4.57455 ns
Routing iteration took 0.18 seconds.

Routing iteration: 5
Critical path: 4.57455 ns
Routing iteration took 0.17 seconds.

Routing iteration: 6
Critical path: 4.57455 ns
Routing iteration took 0.18 seconds.

Routing iteration: 7
Critical path: 4.48959 ns
Routing iteration took 0.18 seconds.

Routing iteration: 8
Critical path: 4.57455 ns
Routing iteration took 0.19 seconds.

Routing iteration: 9
Critical path: 4.48959 ns
Routing iteration took 0.19 seconds.

Routing iteration: 10
Critical path: 4.57455 ns
Routing iteration took 0.18 seconds.

Routing iteration: 11
Critical path: 4.57455 ns
Routing iteration took 0.18 seconds.

Routing iteration: 12
Critical path: 4.57455 ns
Routing iteration took 0.16 seconds.

Routing iteration: 13
Critical path: 4.57455 ns
Routing iteration took 0.12 seconds.

Routing iteration: 14
Critical path: 4.57455 ns
Routing iteration took 0.16 seconds.

Routing iteration: 15
Critical path: 4.57455 ns
Routing iteration took 0.19 seconds.

Routing iteration: 16
Critical path: 4.57455 ns
Routing iteration took 0.17 seconds.

Routing iteration: 17
Critical path: 4.57455 ns
Routing iteration took 0.16 seconds.

Routing iteration: 18
Critical path: 4.57455 ns
Routing iteration took 0.18 seconds.

Routing iteration: 19
Critical path: 4.57455 ns
Routing iteration took 0.17 seconds.

Routing iteration: 20
Critical path: 4.57455 ns
Routing iteration took 0.15 seconds.

Routing iteration: 21
Critical path: 4.57455 ns
Routing iteration took 0.18 seconds.

Routing iteration: 22
Critical path: 4.57455 ns
Routing iteration took 0.12 seconds.

Routing iteration: 23
Critical path: 4.57455 ns
Routing iteration took 0.15 seconds.

Routing iteration: 24
Critical path: 4.57455 ns
Routing iteration took 0.14 seconds.

Routing iteration: 25
Critical path: 4.57455 ns
Routing iteration took 0.14 seconds.

Routing iteration: 26
Critical path: 4.57455 ns
Routing iteration took 0.15 seconds.

Routing iteration: 27
Critical path: 4.57455 ns
Routing iteration took 0.13 seconds.

Routing iteration: 28
Critical path: 4.57455 ns
Routing iteration took 0.15 seconds.

Routing iteration: 29
Critical path: 4.57455 ns
Routing iteration took 0.14 seconds.

Routing iteration: 30
Critical path: 4.57455 ns
Routing iteration took 0.15 seconds.

Routing iteration: 31
Critical path: 4.57455 ns
Routing iteration took 0.13 seconds.

Routing iteration: 32
Critical path: 4.57455 ns
Routing iteration took 0.14 seconds.

Routing iteration: 33
Critical path: 4.57455 ns
Routing iteration took 0.13 seconds.

Routing iteration: 34
Critical path: 4.57455 ns
Routing iteration took 0.14 seconds.

Routing iteration: 35
Critical path: 4.57455 ns
Routing iteration took 0.13 seconds.

Routing iteration: 36
Critical path: 4.57455 ns
Routing iteration took 0.18 seconds.

Routing iteration: 37
Critical path: 4.57455 ns
Routing iteration took 0.17 seconds.

Routing iteration: 38
Critical path: 4.57455 ns
Routing iteration took 0.17 seconds.

Routing iteration: 39
Critical path: 4.57455 ns
Routing iteration took 0.17 seconds.

Routing iteration: 40
Critical path: 4.57455 ns
Routing iteration took 0.14 seconds.

Routing iteration: 41
Critical path: 4.57455 ns
Routing iteration took 0.14 seconds.

Routing iteration: 42
Critical path: 4.57455 ns
Routing iteration took 0.13 seconds.

Routing iteration: 43
Critical path: 4.57455 ns
Routing iteration took 0.14 seconds.

Routing iteration: 44
Critical path: 4.57455 ns
Routing iteration took 0.13 seconds.

Routing iteration: 45
Critical path: 4.57455 ns
Routing iteration took 0.13 seconds.

Routing iteration: 46
Critical path: 4.57455 ns
Routing iteration took 0.12 seconds.

Routing iteration: 47
Critical path: 4.57455 ns
Routing iteration took 0.15 seconds.

Routing iteration: 48
Critical path: 4.57455 ns
Routing iteration took 0.14 seconds.

Routing iteration: 49
Critical path: 4.57455 ns
Routing iteration took 0.15 seconds.

Routing iteration: 50
Critical path: 4.57455 ns
Routing iteration took 0.14 seconds.
Routing failed.
Using low: 42, high: 82, current: 62
Build rr_graph took 0.24 seconds.
Confirming Router Algorithm: TIMING_DRIVEN.

Routing iteration: 1
Wire length after first iteration 14591, total available wire length 87048, ratio 0.16762
Critical path: 4.43902 ns
Routing iteration took 0.17 seconds.

Routing iteration: 2
Critical path: 4.43902 ns
Routing iteration took 0.16 seconds.

Routing iteration: 3
Critical path: 4.43902 ns
Routing iteration took 0.17 seconds.

Routing iteration: 4
Critical path: 4.43902 ns
Routing iteration took 0.17 seconds.

Routing iteration: 5
Critical path: 4.43902 ns
Routing iteration took 0.17 seconds.

Routing iteration: 6
Critical path: 4.43902 ns
Routing iteration took 0.16 seconds.

Routing iteration: 7
Critical path: 4.43902 ns
Routing iteration took 0.16 seconds.

Routing iteration: 8
Critical path: 4.43902 ns
Routing iteration took 0.15 seconds.

Routing iteration: 9
Critical path: 4.43902 ns
Routing iteration took 0.14 seconds.

Routing iteration: 10
Critical path: 4.43902 ns
Routing iteration took 0.14 seconds.

Routing iteration: 11
Critical path: 4.43902 ns
Routing iteration took 0.13 seconds.

Routing iteration: 12
Critical path: 4.43902 ns
Routing iteration took 0.12 seconds.

Routing iteration: 13
Critical path: 4.43902 ns
Routing iteration took 0.12 seconds.

Routing iteration: 14
Critical path: 4.43902 ns
Routing iteration took 0.12 seconds.

Routing iteration: 15
Successfully routed after 15 routing iterations.
Completed net delay value cross check successfully.
Using low: 42, high: 62, current: 52
Build rr_graph took 0.18 seconds.
Confirming Router Algorithm: TIMING_DRIVEN.

Routing iteration: 1
Wire length after first iteration 14456, total available wire length 73008, ratio 0.198006
Critical path: 4.48959 ns
Routing iteration took 0.14 seconds.

Routing iteration: 2
Critical path: 4.48959 ns
Routing iteration took 0.14 seconds.

Routing iteration: 3
Critical path: 4.57565 ns
Routing iteration took 0.15 seconds.

Routing iteration: 4
Critical path: 4.48959 ns
Routing iteration took 0.16 seconds.

Routing iteration: 5
Critical path: 4.48959 ns
Routing iteration took 0.15 seconds.

Routing iteration: 6
Critical path: 4.57787 ns
Routing iteration took 0.14 seconds.

Routing iteration: 7
Critical path: 4.57676 ns
Routing iteration took 0.15 seconds.

Routing iteration: 8
Critical path: 4.57676 ns
Routing iteration took 0.13 seconds.

Routing iteration: 9
Critical path: 4.57676 ns
Routing iteration took 0.12 seconds.

Routing iteration: 10
Critical path: 4.57676 ns
Routing iteration took 0.12 seconds.

Routing iteration: 11
Critical path: 4.57676 ns
Routing iteration took 0.1 seconds.

Routing iteration: 12
Critical path: 4.57676 ns
Routing iteration took 0.1 seconds.

Routing iteration: 13
Critical path: 4.57676 ns
Routing iteration took 0.1 seconds.

Routing iteration: 14
Critical path: 4.57676 ns
Routing iteration took 0.1 seconds.

Routing iteration: 15
Critical path: 4.57676 ns
Routing iteration took 0.09 seconds.

Routing iteration: 16
Successfully routed after 16 routing iterations.
Completed net delay value cross check successfully.
Using low: 42, high: 52, current: 48
Build rr_graph took 0.16 seconds.
Confirming Router Algorithm: TIMING_DRIVEN.

Routing iteration: 1
Wire length after first iteration 14919, total available wire length 67392, ratio 0.221376
Critical path: 4.50717 ns
Routing iteration took 0.16 seconds.

Routing iteration: 2
Critical path: 4.50717 ns
Routing iteration took 0.14 seconds.

Routing iteration: 3
Critical path: 4.50717 ns
Routing iteration took 0.15 seconds.

Routing iteration: 4
Critical path: 4.50717 ns
Routing iteration took 0.16 seconds.

Routing iteration: 5
Critical path: 4.50717 ns
Routing iteration took 0.15 seconds.

Routing iteration: 6
Critical path: 4.50717 ns
Routing iteration took 0.15 seconds.

Routing iteration: 7
Critical path: 4.50717 ns
Routing iteration took 0.14 seconds.

Routing iteration: 8
Critical path: 4.50717 ns
Routing iteration took 0.13 seconds.

Routing iteration: 9
Critical path: 4.50717 ns
Routing iteration took 0.13 seconds.

Routing iteration: 10
Critical path: 4.50717 ns
Routing iteration took 0.12 seconds.

Routing iteration: 11
Critical path: 4.50717 ns
Routing iteration took 0.11 seconds.

Routing iteration: 12
Critical path: 4.50717 ns
Routing iteration took 0.11 seconds.

Routing iteration: 13
Critical path: 4.50717 ns
Routing iteration took 0.11 seconds.

Routing iteration: 14
Critical path: 4.50717 ns
Routing iteration took 0.1 seconds.

Routing iteration: 15
Critical path: 4.50717 ns
Routing iteration took 0.12 seconds.

Routing iteration: 16
Critical path: 4.50717 ns
Routing iteration took 0.11 seconds.

Routing iteration: 17
Critical path: 4.50717 ns
Routing iteration took 0.11 seconds.

Routing iteration: 18
Critical path: 4.50717 ns
Routing iteration took 0.09 seconds.

Routing iteration: 19
Critical path: 4.50717 ns
Routing iteration took 0.1 seconds.

Routing iteration: 20
Critical path: 4.50717 ns
Routing iteration took 0.09 seconds.

Routing iteration: 21
Successfully routed after 21 routing iterations.
Completed net delay value cross check successfully.
Using low: 42, high: 48, current: 46
Build rr_graph took 0.15 seconds.
Confirming Router Algorithm: TIMING_DRIVEN.

Routing iteration: 1
Wire length after first iteration 15142, total available wire length 64584, ratio 0.234454
Critical path: 4.57233 ns
Routing iteration took 0.18 seconds.

Routing iteration: 2
Critical path: 4.57233 ns
Routing iteration took 0.17 seconds.

Routing iteration: 3
Critical path: 4.57233 ns
Routing iteration took 0.18 seconds.

Routing iteration: 4
Critical path: 4.57233 ns
Routing iteration took 0.2 seconds.

Routing iteration: 5
Critical path: 4.57233 ns
Routing iteration took 0.2 seconds.

Routing iteration: 6
Critical path: 4.57233 ns
Routing iteration took 0.2 seconds.

Routing iteration: 7
Critical path: 4.57233 ns
Routing iteration took 0.19 seconds.

Routing iteration: 8
Critical path: 4.57233 ns
Routing iteration took 0.19 seconds.

Routing iteration: 9
Critical path: 4.57233 ns
Routing iteration took 0.18 seconds.

Routing iteration: 10
Critical path: 4.57233 ns
Routing iteration took 0.17 seconds.

Routing iteration: 11
Critical path: 4.57233 ns
Routing iteration took 0.17 seconds.

Routing iteration: 12
Critical path: 4.57233 ns
Routing iteration took 0.18 seconds.

Routing iteration: 13
Critical path: 4.57233 ns
Routing iteration took 0.18 seconds.

Routing iteration: 14
Critical path: 4.57233 ns
Routing iteration took 0.15 seconds.

Routing iteration: 15
Critical path: 4.57233 ns
Routing iteration took 0.14 seconds.

Routing iteration: 16
Critical path: 4.57233 ns
Routing iteration took 0.15 seconds.

Routing iteration: 17
Critical path: 4.57233 ns
Routing iteration took 0.15 seconds.

Routing iteration: 18
Critical path: 4.57233 ns
Routing iteration took 0.18 seconds.

Routing iteration: 19
Critical path: 4.57233 ns
Routing iteration took 0.14 seconds.

Routing iteration: 20
Critical path: 4.57233 ns
Routing iteration took 0.16 seconds.

Routing iteration: 21
Critical path: 4.57233 ns
Routing iteration took 0.13 seconds.

Routing iteration: 22
Critical path: 4.57233 ns
Routing iteration took 0.13 seconds.

Routing iteration: 23
Critical path: 4.57233 ns
Routing iteration took 0.14 seconds.

Routing iteration: 24
Critical path: 4.57233 ns
Routing iteration took 0.14 seconds.

Routing iteration: 25
Critical path: 4.57233 ns
Routing iteration took 0.15 seconds.

Routing iteration: 26
Critical path: 4.57233 ns
Routing iteration took 0.14 seconds.

Routing iteration: 27
Critical path: 4.57233 ns
Routing iteration took 0.13 seconds.

Routing iteration: 28
Critical path: 4.57233 ns
Routing iteration took 0.13 seconds.

Routing iteration: 29
Critical path: 4.57233 ns
Routing iteration took 0.13 seconds.

Routing iteration: 30
Successfully routed after 30 routing iterations.
Completed net delay value cross check successfully.
Using low: 42, high: 46, current: 44
Build rr_graph took 0.15 seconds.
Confirming Router Algorithm: TIMING_DRIVEN.

Routing iteration: 1
Wire length after first iteration 14991, total available wire length 61776, ratio 0.242667
Critical path: 4.62512 ns
Routing iteration took 0.15 seconds.

Routing iteration: 2
Critical path: 4.62512 ns
Routing iteration took 0.14 seconds.

Routing iteration: 3
Critical path: 4.62512 ns
Routing iteration took 0.18 seconds.

Routing iteration: 4
Critical path: 4.62512 ns
Routing iteration took 0.17 seconds.

Routing iteration: 5
Critical path: 4.62512 ns
Routing iteration took 0.18 seconds.

Routing iteration: 6
Critical path: 4.62512 ns
Routing iteration took 0.17 seconds.

Routing iteration: 7
Critical path: 4.62512 ns
Routing iteration took 0.17 seconds.

Routing iteration: 8
Critical path: 4.62512 ns
Routing iteration took 0.17 seconds.

Routing iteration: 9
Critical path: 4.62512 ns
Routing iteration took 0.16 seconds.

Routing iteration: 10
Critical path: 4.62512 ns
Routing iteration took 0.17 seconds.

Routing iteration: 11
Critical path: 4.62512 ns
Routing iteration took 0.17 seconds.

Routing iteration: 12
Critical path: 4.62512 ns
Routing iteration took 0.15 seconds.

Routing iteration: 13
Critical path: 4.62512 ns
Routing iteration took 0.18 seconds.

Routing iteration: 14
Critical path: 4.62512 ns
Routing iteration took 0.18 seconds.

Routing iteration: 15
Critical path: 4.62512 ns
Routing iteration took 0.18 seconds.

Routing iteration: 16
Critical path: 4.62512 ns
Routing iteration took 0.17 seconds.

Routing iteration: 17
Critical path: 4.62512 ns
Routing iteration took 0.15 seconds.

Routing iteration: 18
Critical path: 4.62512 ns
Routing iteration took 0.16 seconds.

Routing iteration: 19
Critical path: 4.62512 ns
Routing iteration took 0.12 seconds.

Routing iteration: 20
Critical path: 4.62512 ns
Routing iteration took 0.11 seconds.

Routing iteration: 21
Critical path: 4.62512 ns
Routing iteration took 0.14 seconds.

Routing iteration: 22
Critical path: 4.62512 ns
Routing iteration took 0.13 seconds.

Routing iteration: 23
Critical path: 4.62512 ns
Routing iteration took 0.15 seconds.

Routing iteration: 24
Critical path: 4.62512 ns
Routing iteration took 0.16 seconds.

Routing iteration: 25
Critical path: 4.62512 ns
Routing iteration took 0.14 seconds.

Routing iteration: 26
Critical path: 4.62512 ns
Routing iteration took 0.16 seconds.

Routing iteration: 27
Critical path: 4.62512 ns
Routing iteration took 0.11 seconds.

Routing iteration: 28
Critical path: 4.62512 ns
Routing iteration took 0.18 seconds.

Routing iteration: 29
Critical path: 4.62512 ns
Routing iteration took 0.18 seconds.

Routing iteration: 30
Critical path: 4.62512 ns
Routing iteration took 0.15 seconds.

Routing iteration: 31
Critical path: 4.62512 ns
Routing iteration took 0.15 seconds.

Routing iteration: 32
Critical path: 4.62512 ns
Routing iteration took 0.13 seconds.

Routing iteration: 33
Critical path: 4.62512 ns
Routing iteration took 0.13 seconds.

Routing iteration: 34
Critical path: 4.62512 ns
Routing iteration took 0.14 seconds.

Routing iteration: 35
Critical path: 4.62512 ns
Routing iteration took 0.14 seconds.

Routing iteration: 36
Critical path: 4.62512 ns
Routing iteration took 0.12 seconds.

Routing iteration: 37
Critical path: 4.62512 ns
Routing iteration took 0.12 seconds.

Routing iteration: 38
Critical path: 4.62512 ns
Routing iteration took 0.11 seconds.

Routing iteration: 39
Critical path: 4.62512 ns
Routing iteration took 0.12 seconds.

Routing iteration: 40
Critical path: 4.62512 ns
Routing iteration took 0.11 seconds.

Routing iteration: 41
Critical path: 4.62512 ns
Routing iteration took 0.13 seconds.

Routing iteration: 42
Critical path: 4.62512 ns
Routing iteration took 0.13 seconds.

Routing iteration: 43
Critical path: 4.62512 ns
Routing iteration took 0.13 seconds.

Routing iteration: 44
Critical path: 4.62512 ns
Routing iteration took 0.14 seconds.

Routing iteration: 45
Critical path: 4.62512 ns
Routing iteration took 0.15 seconds.

Routing iteration: 46
Critical path: 4.62512 ns
Routing iteration took 0.13 seconds.

Routing iteration: 47
Critical path: 4.62512 ns
Routing iteration took 0.12 seconds.

Routing iteration: 48
Critical path: 4.62512 ns
Routing iteration took 0.13 seconds.

Routing iteration: 49
Critical path: 4.62512 ns
Routing iteration took 0.12 seconds.

Routing iteration: 50
Critical path: 4.62512 ns
Routing iteration took 0.13 seconds.
Routing failed.

Checking to ensure routing is legal...
Completed routing consistency check successfully.

Serial number (magic cookie) for the routing is: -1040743647
Best routing used a channel width factor of 46.

Average number of bends per net: 2.83093  Maximum # of bends: 27

Number of routed nets (nonglobal): 970
Wirelength results (in units of 1 clb segments)...
	Total wirelength: 16501, average net length: 17.0113
	Maximum net length: 131

Wirelength results in terms of physical segments...
	Total wiring segments used: 4430, average wire segments per net: 4.56701
	Maximum segments used by a net: 34
	Total local nets with reserved CLB opins: 0

X - Directed channels: j	max occ	av_occ		capacity
0	43	22.3846  	46
1	28	10.9231  	46
2	33	13.7308  	46
3	18	8.15385  	46
4	20	9.73077  	46
5	19	10.5000  	46
6	27	14.0385  	46
7	13	7.15385  	46
8	13	8.61539  	46
9	15	9.38461  	46
10	16	11.6923  	46
11	17	11.9231  	46
12	25	14.5385  	46
13	27	19.1154  	46
14	27	19.3077  	46
15	17	12.1154  	46
16	15	8.96154  	46
17	19	13.3462  	46
18	20	13.4231  	46
19	17	6.57692  	46
20	12	3.57692  	46
21	12	6.07692  	46
22	9	4.69231  	46
23	7	2.42308  	46
24	11	4.23077  	46
25	5	1.34615  	46
26	30	12.2308  	46

Y - Directed channels: i	max occ	av_occ		capacity
0	38	24.3462  	46
1	31	20.3077  	46
2	41	27.8077  	46
3	23	8.42308  	46
4	16	4.65385  	46
5	12	6.53846  	46
6	13	5.92308  	46
7	19	8.53846  	46
8	23	10.4231  	46
9	32	24.4231  	46
10	37	27.3077  	46
11	26	13.8462  	46
12	22	10.2308  	46
13	14	6.65385  	46
14	12	6.80769  	46
15	11	7.23077  	46
16	19	6.84615  	46
17	35	18.6538  	46
18	37	25.1154  	46
19	22	7.88462  	46
20	20	8.34615  	46
21	16	8.26923  	46
22	16	6.53846  	46
23	13	5.92308  	46
24	14	7.53846  	46
25	30	15.3462  	46
26	46	30.5385  	46

Total tracks in x-direction: 1242, in y-direction: 1242

Logic area (in minimum width transistor areas, excludes I/Os and empty grid tiles)...
	Total logic block area (Warning, need to add pitch of routing to blocks with height > 3): 4.25198e+07
	Total used logic block area: 9.02841e+06

Routing area (in minimum width transistor areas)...
	Total routing area: 3.35615e+06, per logic tile: 4964.72

Segment usage by type (index):
Segment type       Fractional utilization
------------       ----------------------
       0                  0.246

Segment usage by length:
Segment length       Fractional utilization
--------------       ----------------------
        4                   0.246

Nets on critical path: 2 normal, 0 global.
Total logic delay: 2.27e-09 (s), total net delay: 2.30233e-09 (s)
Final critical path: 4.57233 ns
f_max: 218.707 MHz

Least slack in design: -4.57233 ns

Routing took 35.46 seconds.
The entire flow of VPR took 39.34 seconds.
