
/work/zhang/users/chang/project/daTuner/apps/vtr_release/vtr_flow/../vpr/vpr k6_frac_N10_mem32K_40nm.xml diffeq1 --blif_file diffeq1.pre-vpr.blif --timing_analysis on --timing_driven_clustering on --cluster_seed_type timing --sdc_file  --alpha_clustering 0.435309824154 --beta_clustering 0.157814960716 --allow_unrelated_clustering on --connection_driven_clustering off --alpha_t 0.676430437421 --seed 5 --inner_num 1 --timing_tradeoff 0.467771166799 --inner_loop_recompute_divider 5 --td_place_exp_first 3 --td_place_exp_last 10 --max_router_iterations 50 --initial_pres_fac 13.1435838971 --pres_fac_mult 1.44212493023 --acc_fac 1.72299459718 --bb_factor 3 --base_cost_type demand_only --astar_fac 1.81387996701 --max_criticality 0.863881008662 --criticality_exp 0.906258565442 --nodisp

VPR FPGA Placement and Routing.
Version: Version 7.0
Compiled: Apr  4 2016.
University of Toronto
vpr@eecg.utoronto.ca
This is free open source code under MIT license.

Architecture file: k6_frac_N10_mem32K_40nm.xml
Circuit name: diffeq1.blif

Building complex block graph.
WARNING(1): io[0].clock[0] unconnected pin in architecture.
Loop for doall = 0, init_parse took 0 seconds.
Loop for doall = 0 took 0.01 seconds.
Loop for doall = 1, init_parse took 0.01 seconds.
Loop for doall = 1 took 0.01 seconds.
Swept away 196 nets with no fanout.
Net is a constant generator: vcc.
WARNING(2): logical_block #456 with output vcc has only 0 pin.
WARNING(3): Block contains output -- may be a constant generator.
0 unconnected blocks in input netlist.
Removed 96 LUT buffers.
Sweeped away 96 nodes.
BLIF circuit stats:
	1 LUTs of size 0
	0 LUTs of size 1
	64 LUTs of size 2
	131 LUTs of size 3
	40 LUTs of size 4
	59 LUTs of size 5
	190 LUTs of size 6
	162 of type input
	96 of type output
	193 of type latch
	485 of type names
	0 of type dual_port_ram
	0 of type single_port_ram
	5 of type multiply
Timing analysis: ON
Circuit netlist file: diffeq1.net
Circuit placement file: diffeq1.place
Circuit routing file: diffeq1.route
Circuit SDC file: 
Operation: RUN_FLOW

Packer: ENABLED
Placer: ENABLED
Router: ENABLED
PackerOpts.allow_early_exit: FALSE
PackerOpts.allow_unrelated_clustering: TRUE
PackerOpts.alpha_clustering: 0.435310
PackerOpts.aspect: 1.000000
PackerOpts.beta_clustering: 0.157815
PackerOpts.block_delay: 0.000000
PackerOpts.cluster_seed_type: TIMING
PackerOpts.connection_driven: FALSE
PackerOpts.global_clocks: TRUE
PackerOpts.hill_climbing_flag: FALSE
PackerOpts.inter_cluster_net_delay: 1.000000
PackerOpts.intra_cluster_net_delay: 0.000000
PackerOpts.recompute_timing_after: 32767
PackerOpts.sweep_hanging_nets_and_inputs: TRUE
PackerOpts.timing_driven: TRUE

PlacerOpts.place_freq: PLACE_ONCE
PlacerOpts.place_algorithm: PATH_TIMING_DRIVEN_PLACE
PlacerOpts.pad_loc_type: FREE
PlacerOpts.place_cost_exp: 1.000000
PlacerOpts.inner_loop_recompute_divider: 5
PlacerOpts.recompute_crit_iter: 1
PlacerOpts.timing_tradeoff: 0.467771
PlacerOpts.td_place_exp_first: 3.000000
PlacerOpts.td_place_exp_last: 10.000000
PlaceOpts.seed: 5
AnnealSched.type: USER_SCHED
AnnealSched.inner_num: 1.000000
AnnealSched.init_t: 100.000000
AnnealSched.alpha_t: 0.676430
AnnealSched.exit_t: 0.010000

RouterOpts.route_type: DETAILED
RouterOpts.router_algorithm: TIMING_DRIVEN
RouterOpts.base_cost_type: DEMAND_ONLY
RouterOpts.fixed_channel_width: NO_FIXED_CHANNEL_WIDTH
RouterOpts.acc_fac: 1.722995
RouterOpts.bb_factor: 3
RouterOpts.bend_cost: 0.000000
RouterOpts.first_iter_pres_fac: 0.500000
RouterOpts.initial_pres_fac: 13.143584
RouterOpts.pres_fac_mult: 1.442125
RouterOpts.max_router_iterations: 50
RouterOpts.astar_fac: 1.813880
RouterOpts.criticality_exp: 0.906259
RouterOpts.max_criticality: 0.863881

RoutingArch.directionality: UNI_DIRECTIONAL
RoutingArch.switch_block_type: WILTON
RoutingArch.Fs: 3

Initialize packing.
Begin packing 'diffeq1.pre-vpr.blif'.

After removing unused inputs...
	total blocks: 941, total nets: 1004, total inputs: 162, total outputs: 96
Begin prepacking.
Finish prepacking.
Using inter-cluster delay: 1.33777e-09

SDC file '' blank or not found.

Defaulting to: constrain all 0 inputs and 0 outputs on the netlist clock.
Optimize this clock to run as fast as possible.
Not enough resources expand FPGA size to x = 2 y = 2.
Complex block 0: cb.n1416, type: clb
	................
Passed route at end.
Complex block 1: cb.n1719, type: clb
	.........................................................
Passed route at end.
Not enough resources expand FPGA size to x = 3 y = 3.
Complex block 2: cb.n1406, type: clb
	...............
Passed route at end.
Complex block 3: cb.n1688, type: clb
	...........................................
Passed route at end.
Complex block 4: cb.n1660, type: clb
	................................................................
Passed route at end.
Complex block 5: cb.n1621_1, type: clb
	........................................................
Passed route at end.
Not enough resources expand FPGA size to x = 4 y = 4.
Complex block 6: cb.n1602_1, type: clb
	..........................................
Passed route at end.
Complex block 7: cb.n1650, type: clb
	.........................................
Passed route at end.
Complex block 8: cb.n1592_1, type: clb
	..........................................
Passed route at end.
Complex block 9: cb.n1631_1, type: clb
	.................................................
Passed route at end.
Complex block 10: cb.n1581_1, type: clb
	.........................
Passed route at end.
Complex block 11: cb.n1700, type: clb
	........................................
Passed route at end.
Not enough resources expand FPGA size to x = 5 y = 5.
Complex block 12: cb.n1677_1, type: clb
	.........................................
Passed route at end.
Complex block 13: cb.n1669, type: clb
	......................................................
Passed route at end.
Complex block 14: cb.n1618, type: clb
	......................................................
Passed route at end.
Not enough resources expand FPGA size to x = 6 y = 6.
Complex block 15: cb.top^MULTIPLY~0[0], type: mult_36
	
Passed route at end.
Complex block 16: cb.n1366, type: clb
	........................................
Passed route at end.
Not enough resources expand FPGA size to x = 7 y = 7.
Not enough resources expand FPGA size to x = 8 y = 8.
Complex block 17: cb.top^MULTIPLY~43[0], type: mult_36
	
Passed route at end.
Not enough resources expand FPGA size to x = 9 y = 9.
Not enough resources expand FPGA size to x = 10 y = 10.
Not enough resources expand FPGA size to x = 11 y = 11.
Not enough resources expand FPGA size to x = 12 y = 12.
Complex block 18: cb.top^MULTIPLY~42[0], type: mult_36
	
Passed route at end.
Complex block 19: cb.top^DXport~5, type: io
	
Passed route at end.
Complex block 20: cb.top^DXport~7, type: io
	
Passed route at end.
Complex block 21: cb.top^DXport~24, type: io
	
Passed route at end.
Complex block 22: cb.top^DXport~29, type: io
	
Passed route at end.
Complex block 23: cb.top^DXport~21, type: io
	
Passed route at end.
Complex block 24: cb.top^DXport~27, type: io
	
Passed route at end.
Complex block 25: cb.top^DXport~3, type: io
	
Passed route at end.
Complex block 26: cb.top^DXport~18, type: io
	
Passed route at end.
Complex block 27: cb.top^DXport~28, type: io
	
Passed route at end.
Complex block 28: cb.top^DXport~31, type: io
	
Passed route at end.
Complex block 29: cb.top^DXport~20, type: io
	
Passed route at end.
Complex block 30: cb.top^DXport~30, type: io
	
Passed route at end.
Complex block 31: cb.top^DXport~26, type: io
	
Passed route at end.
Complex block 32: cb.top^DXport~1, type: io
	
Passed route at end.
Complex block 33: cb.top^DXport~22, type: io
	
Passed route at end.
Complex block 34: cb.top^DXport~19, type: io
	
Passed route at end.
Complex block 35: cb.top^DXport~25, type: io
	
Passed route at end.
Complex block 36: cb.top^DXport~16, type: io
	
Passed route at end.
Complex block 37: cb.top^DXport~15, type: io
	
Passed route at end.
Complex block 38: cb.top^DXport~13, type: io
	
Passed route at end.
Complex block 39: cb.top^DXport~14, type: io
	
Passed route at end.
Complex block 40: cb.top^DXport~12, type: io
	
Passed route at end.
Complex block 41: cb.top^DXport~9, type: io
	
Passed route at end.
Complex block 42: cb.top^DXport~4, type: io
	
Passed route at end.
Complex block 43: cb.top^DXport~10, type: io
	
Passed route at end.
Complex block 44: cb.top^DXport~8, type: io
	
Passed route at end.
Complex block 45: cb.top^DXport~11, type: io
	
Passed route at end.
Complex block 46: cb.top^DXport~6, type: io
	
Passed route at end.
Complex block 47: cb.top^DXport~2, type: io
	
Passed route at end.
Complex block 48: cb.top^DXport~17, type: io
	
Passed route at end.
Complex block 49: cb.top^DXport~23, type: io
	
Passed route at end.
Complex block 50: cb.top^DXport~0, type: io
	
Passed route at end.
Not enough resources expand FPGA size to x = 13 y = 13.
Not enough resources expand FPGA size to x = 14 y = 14.
Complex block 51: cb.top^MULTIPLY~46[0], type: mult_36
	
Passed route at end.
Complex block 52: cb.top^MULTIPLY~45[0], type: mult_36
	
Passed route at end.
Complex block 53: cb.n1611, type: clb
	..........................................
Passed route at end.
Complex block 54: cb.n1621, type: clb
	.............
Passed route at end.
Complex block 55: cb.n1716, type: clb
	.......................................
Passed route at end.
Complex block 56: cb.n1691, type: clb
	.............
Passed route at end.
Complex block 57: cb.n1656, type: clb
	...........................................
Passed route at end.
Complex block 58: cb.n1661, type: clb
	........................................
Passed route at end.
Complex block 59: cb.n1636, type: clb
	.....................................
Passed route at end.
Complex block 60: cb.n1496, type: clb
	...............................
Passed route at end.
Complex block 61: cb.n1426, type: clb
	...............................
Passed route at end.
Complex block 62: cb.n1511, type: clb
	..........................
Passed route at end.
Complex block 63: cb.n1456, type: clb
	...........................
Passed route at end.
Complex block 64: cb.n1581, type: clb
	.........................................
Passed route at end.
Complex block 65: cb.n1551, type: clb
	.........................................
Passed route at end.
Complex block 66: cb.n1641_1, type: clb
	........................................
Passed route at end.
Complex block 67: cb.n1892, type: clb
	.....................
Passed route at end.
Complex block 68: cb.n1879, type: clb
	.................
Passed route at end.
Complex block 69: cb.n1439, type: clb
	...........................................
Passed route at end.
Complex block 70: cb.n1261, type: clb
	...................
Passed route at end.
Complex block 71: cb.n1256, type: clb
	...................
Passed route at end.
Complex block 72: cb.n891, type: clb
	..................
Passed route at end.
Complex block 73: cb.top^Aport~29, type: io
	
Passed route at end.
Complex block 74: cb.top^Aport~28, type: io
	
Passed route at end.
Complex block 75: cb.top^Aport~31, type: io
	
Passed route at end.
Complex block 76: cb.top^Aport~30, type: io
	
Passed route at end.
Complex block 77: cb.top^Aport~26, type: io
	
Passed route at end.
Complex block 78: cb.top^Aport~25, type: io
	
Passed route at end.
Complex block 79: cb.top^Aport~27, type: io
	
Passed route at end.
Complex block 80: cb.top^Aport~23, type: io
	
Passed route at end.
Complex block 81: cb.top^Aport~22, type: io
	
Passed route at end.
Complex block 82: cb.top^Aport~24, type: io
	
Passed route at end.
Complex block 83: cb.top^Aport~21, type: io
	
Passed route at end.
Complex block 84: cb.top^Aport~20, type: io
	
Passed route at end.
Complex block 85: cb.top^Aport~19, type: io
	
Passed route at end.
Complex block 86: cb.top^Aport~18, type: io
	
Passed route at end.
Complex block 87: cb.top^Aport~2, type: io
	
Passed route at end.
Complex block 88: cb.top^Aport~1, type: io
	
Passed route at end.
Complex block 89: cb.top^Aport~0, type: io
	
Passed route at end.
Complex block 90: cb.top^Aport~17, type: io
	
Passed route at end.
Complex block 91: cb.top^Aport~16, type: io
	
Passed route at end.
Complex block 92: cb.top^Aport~4, type: io
	
Passed route at end.
Complex block 93: cb.top^Aport~3, type: io
	
Passed route at end.
Complex block 94: cb.top^Aport~15, type: io
	
Passed route at end.
Complex block 95: cb.top^Aport~14, type: io
	
Passed route at end.
Complex block 96: cb.top^Aport~9, type: io
	
Passed route at end.
Complex block 97: cb.top^Aport~8, type: io
	
Passed route at end.
Complex block 98: cb.top^Aport~6, type: io
	
Passed route at end.
Complex block 99: cb.top^Aport~5, type: io
	
Passed route at end.
Complex block 100: cb.top^Aport~13, type: io
	
Passed route at end.
Complex block 101: cb.top^Aport~12, type: io
	
Passed route at end.
Complex block 102: cb.top^Aport~11, type: io
	
Passed route at end.
Complex block 103: cb.top^Aport~10, type: io
	
Passed route at end.
Complex block 104: cb.top^Aport~7, type: io
	
Passed route at end.
Complex block 105: cb.top^Yinport~30, type: io
	
Passed route at end.
Complex block 106: cb.top^Yinport~29, type: io
	
Passed route at end.
Complex block 107: cb.top^Xinport~14, type: io
	
Passed route at end.
Complex block 108: cb.top^Xinport~29, type: io
	
Passed route at end.
Complex block 109: cb.top^Yinport~27, type: io
	
Passed route at end.
Complex block 110: cb.top^Yinport~25, type: io
	
Passed route at end.
Complex block 111: cb.top^Xinport~27, type: io
	
Passed route at end.
Complex block 112: cb.top^Yinport~22, type: io
	
Passed route at end.
Complex block 113: cb.top^Yinport~21, type: io
	
Passed route at end.
Complex block 114: cb.top^Xinport~12, type: io
	
Passed route at end.
Complex block 115: cb.top^Xinport~25, type: io
	
Passed route at end.
Complex block 116: cb.top^Yinport~17, type: io
	
Passed route at end.
Complex block 117: cb.top^Yinport~16, type: io
	
Passed route at end.
Complex block 118: cb.top^Xinport~11, type: io
	
Passed route at end.
Complex block 119: cb.top^Yinport~14, type: io
	
Passed route at end.
Complex block 120: cb.top^Uinport~28, type: io
	
Passed route at end.
Complex block 121: cb.top^Xinport~10, type: io
	
Passed route at end.
Complex block 122: cb.top^Xinport~22, type: io
	
Passed route at end.
Complex block 123: cb.top^Yinport~12, type: io
	
Passed route at end.
Complex block 124: cb.top^Xinport~21, type: io
	
Passed route at end.
Complex block 125: cb.top^Yinport~11, type: io
	
Passed route at end.
Complex block 126: cb.top^Uinport~22, type: io
	
Passed route at end.
Complex block 127: cb.top^Yinport~10, type: io
	
Passed route at end.
Complex block 128: cb.top^Yinport~9, type: io
	
Passed route at end.
Complex block 129: cb.top^Xinport~9, type: io
	
Passed route at end.
Complex block 130: cb.top^Uinport~9, type: io
	
Passed route at end.
Complex block 131: cb.top^Xinport~17, type: io
	
Passed route at end.
Complex block 132: cb.top^Xinport~16, type: io
	
Passed route at end.
Complex block 133: cb.top^reset, type: io
	
Passed route at end.
Complex block 134: cb.top^Xinport~30, type: io
	
Passed route at end.
Complex block 135: cb.top^Yinport~28, type: io
	
Passed route at end.
Complex block 136: cb.top^Yinport~26, type: io
	
Passed route at end.
Complex block 137: cb.top^Xinport~28, type: io
	
Passed route at end.
Complex block 138: cb.top^Yinport~24, type: io
	
Passed route at end.
Complex block 139: cb.top^Xinport~6, type: io
	
Passed route at end.
Complex block 140: cb.top^Xinport~2, type: io
	
Passed route at end.
Complex block 141: cb.top^Yinport~23, type: io
	
Passed route at end.
Complex block 142: cb.top^Yinport~20, type: io
	
Passed route at end.
Complex block 143: cb.top^Xinport~26, type: io
	
Passed route at end.
Complex block 144: cb.top^Yinport~19, type: io
	
Passed route at end.
Complex block 145: cb.top^Xinport~24, type: io
	
Passed route at end.
Complex block 146: cb.top^Xinport~23, type: io
	
Passed route at end.
Complex block 147: cb.top^Xinport~5, type: io
	
Passed route at end.
Complex block 148: cb.top^Xinport~0, type: io
	
Passed route at end.
Complex block 149: cb.top^Uinport~31, type: io
	
Passed route at end.
Complex block 150: cb.top^Yinport~15, type: io
	
Passed route at end.
Complex block 151: cb.top^Uinport~30, type: io
	
Passed route at end.
Complex block 152: cb.top^Uinport~29, type: io
	
Passed route at end.
Complex block 153: cb.top^Xinport~4, type: io
	
Passed route at end.
Complex block 154: cb.top^Uinport~26, type: io
	
Passed route at end.
Complex block 155: cb.top^Uinport~25, type: io
	
Passed route at end.
Complex block 156: cb.top^Uinport~24, type: io
	
Passed route at end.
Complex block 157: cb.top^Uinport~23, type: io
	
Passed route at end.
Complex block 158: cb.top^Uinport~21, type: io
	
Passed route at end.
Complex block 159: cb.top^Uinport~20, type: io
	
Passed route at end.
Complex block 160: cb.top^Uinport~19, type: io
	
Passed route at end.
Complex block 161: cb.top^Xinport~20, type: io
	
Passed route at end.
Complex block 162: cb.top^Yinport~8, type: io
	
Passed route at end.
Complex block 163: cb.top^Yinport~7, type: io
	
Passed route at end.
Complex block 164: cb.top^Uinport~17, type: io
	
Passed route at end.
Complex block 165: cb.top^Uinport~16, type: io
	
Passed route at end.
Complex block 166: cb.top^Xinport~19, type: io
	
Passed route at end.
Complex block 167: cb.top^Uinport~15, type: io
	
Passed route at end.
Complex block 168: cb.top^Uinport~14, type: io
	
Passed route at end.
Complex block 169: cb.top^Yinport~6, type: io
	
Passed route at end.
Complex block 170: cb.top^Xinport~8, type: io
	
Passed route at end.
Complex block 171: cb.top^Uinport~12, type: io
	
Passed route at end.
Complex block 172: cb.top^Uinport~11, type: io
	
Passed route at end.
Complex block 173: cb.top^Yinport~5, type: io
	
Passed route at end.
Complex block 174: cb.top^Yinport~4, type: io
	
Passed route at end.
Complex block 175: cb.top^Xinport~3, type: io
	
Passed route at end.
Complex block 176: cb.top^Uinport~7, type: io
	
Passed route at end.
Complex block 177: cb.top^Yinport~3, type: io
	
Passed route at end.
Complex block 178: cb.top^Uinport~6, type: io
	
Passed route at end.
Complex block 179: cb.top^Uinport~5, type: io
	
Passed route at end.
Complex block 180: cb.top^Yinport~2, type: io
	
Passed route at end.
Complex block 181: cb.top^Uinport~4, type: io
	
Passed route at end.
Complex block 182: cb.top^Uinport~3, type: io
	
Passed route at end.
Complex block 183: cb.top^Yinport~1, type: io
	
Passed route at end.
Complex block 184: cb.top^Uinport~2, type: io
	
Passed route at end.
Complex block 185: cb.top^Uinport~1, type: io
	
Passed route at end.
Complex block 186: cb.top^Yinport~0, type: io
	
Passed route at end.
Complex block 187: cb.top^Uinport~0, type: io
	
Passed route at end.
Complex block 188: cb.top^Xinport~1, type: io
	
Passed route at end.
Complex block 189: cb.top^Xinport~15, type: io
	
Passed route at end.
Complex block 190: cb.top^Xinport~7, type: io
	
Passed route at end.
Complex block 191: cb.top^Yinport~18, type: io
	
Passed route at end.
Complex block 192: cb.top^Uinport~27, type: io
	
Passed route at end.
Complex block 193: cb.top^Xinport~18, type: io
	
Passed route at end.
Complex block 194: cb.top^Xinport~13, type: io
	
Passed route at end.
Complex block 195: cb.top^Yinport~13, type: io
	
Passed route at end.
Complex block 196: cb.top^Uinport~18, type: io
	
Passed route at end.
Complex block 197: cb.top^Uinport~13, type: io
	
Passed route at end.
Complex block 198: cb.top^Uinport~10, type: io
	
Passed route at end.
Complex block 199: cb.top^Uinport~8, type: io
	
Passed route at end.
Complex block 200: cb.top^Yinport~31, type: io
	
Passed route at end.
Complex block 201: cb.top^Xinport~31, type: io
	
Passed route at end.
Complex block 202: cb.out:top^Uoutport~28, type: io
	
Passed route at end.
Complex block 203: cb.out:top^Uoutport~27, type: io
	
Passed route at end.
Complex block 204: cb.out:top^Uoutport~26, type: io
	
Passed route at end.
Complex block 205: cb.out:top^Uoutport~25, type: io
	
Passed route at end.
Complex block 206: cb.out:top^Uoutport~24, type: io
	
Passed route at end.
Complex block 207: cb.out:top^Uoutport~23, type: io
	
Passed route at end.
Complex block 208: cb.out:top^Uoutport~22, type: io
	
Passed route at end.
Complex block 209: cb.out:top^Uoutport~21, type: io
	
Passed route at end.
Complex block 210: cb.out:top^Uoutport~20, type: io
	
Passed route at end.
Complex block 211: cb.out:top^Uoutport~19, type: io
	
Passed route at end.
Complex block 212: cb.out:top^Uoutport~18, type: io
	
Passed route at end.
Complex block 213: cb.out:top^Uoutport~17, type: io
	
Passed route at end.
Complex block 214: cb.out:top^Uoutport~16, type: io
	
Passed route at end.
Complex block 215: cb.out:top^Uoutport~15, type: io
	
Passed route at end.
Complex block 216: cb.out:top^Uoutport~14, type: io
	
Passed route at end.
Complex block 217: cb.out:top^Uoutport~13, type: io
	
Passed route at end.
Complex block 218: cb.out:top^Uoutport~12, type: io
	
Passed route at end.
Complex block 219: cb.out:top^Uoutport~11, type: io
	
Passed route at end.
Complex block 220: cb.out:top^Uoutport~10, type: io
	
Passed route at end.
Complex block 221: cb.out:top^Uoutport~9, type: io
	
Passed route at end.
Complex block 222: cb.out:top^Uoutport~8, type: io
	
Passed route at end.
Complex block 223: cb.out:top^Uoutport~7, type: io
	
Passed route at end.
Complex block 224: cb.out:top^Uoutport~6, type: io
	
Passed route at end.
Complex block 225: cb.out:top^Uoutport~5, type: io
	
Passed route at end.
Complex block 226: cb.out:top^Uoutport~4, type: io
	
Passed route at end.
Complex block 227: cb.out:top^Uoutport~3, type: io
	
Passed route at end.
Complex block 228: cb.out:top^Uoutport~2, type: io
	
Passed route at end.
Complex block 229: cb.out:top^Uoutport~1, type: io
	
Passed route at end.
Complex block 230: cb.out:top^Youtport~31, type: io
	
Passed route at end.
Complex block 231: cb.out:top^Uoutport~0, type: io
	
Passed route at end.
Complex block 232: cb.out:top^Youtport~30, type: io
	
Passed route at end.
Complex block 233: cb.out:top^Youtport~29, type: io
	
Passed route at end.
Complex block 234: cb.out:top^Xoutport~29, type: io
	
Passed route at end.
Complex block 235: cb.out:top^Youtport~28, type: io
	
Passed route at end.
Complex block 236: cb.out:top^Youtport~27, type: io
	
Passed route at end.
Complex block 237: cb.out:top^Youtport~26, type: io
	
Passed route at end.
Complex block 238: cb.out:top^Youtport~25, type: io
	
Passed route at end.
Complex block 239: cb.out:top^Youtport~24, type: io
	
Passed route at end.
Complex block 240: cb.out:top^Youtport~23, type: io
	
Passed route at end.
Complex block 241: cb.out:top^Youtport~22, type: io
	
Passed route at end.
Complex block 242: cb.out:top^Youtport~21, type: io
	
Passed route at end.
Complex block 243: cb.out:top^Youtport~20, type: io
	
Passed route at end.
Complex block 244: cb.out:top^Youtport~19, type: io
	
Passed route at end.
Complex block 245: cb.out:top^Youtport~18, type: io
	
Passed route at end.
Complex block 246: cb.out:top^Youtport~17, type: io
	
Passed route at end.
Complex block 247: cb.out:top^Youtport~16, type: io
	
Passed route at end.
Complex block 248: cb.out:top^Youtport~15, type: io
	
Passed route at end.
Complex block 249: cb.out:top^Youtport~14, type: io
	
Passed route at end.
Complex block 250: cb.out:top^Youtport~13, type: io
	
Passed route at end.
Complex block 251: cb.out:top^Youtport~12, type: io
	
Passed route at end.
Complex block 252: cb.out:top^Youtport~11, type: io
	
Passed route at end.
Complex block 253: cb.out:top^Youtport~10, type: io
	
Passed route at end.
Complex block 254: cb.out:top^Youtport~9, type: io
	
Passed route at end.
Complex block 255: cb.out:top^Youtport~8, type: io
	
Passed route at end.
Complex block 256: cb.out:top^Youtport~7, type: io
	
Passed route at end.
Complex block 257: cb.out:top^Youtport~6, type: io
	
Passed route at end.
Complex block 258: cb.out:top^Youtport~5, type: io
	
Passed route at end.
Complex block 259: cb.out:top^Youtport~4, type: io
	
Passed route at end.
Complex block 260: cb.out:top^Youtport~3, type: io
	
Passed route at end.
Complex block 261: cb.out:top^Youtport~2, type: io
	
Passed route at end.
Complex block 262: cb.out:top^Youtport~1, type: io
	
Passed route at end.
Complex block 263: cb.out:top^Youtport~0, type: io
	
Passed route at end.
Complex block 264: cb.out:top^Xoutport~31, type: io
	
Passed route at end.
Complex block 265: cb.out:top^Xoutport~30, type: io
	
Passed route at end.
Complex block 266: cb.out:top^Xoutport~28, type: io
	
Passed route at end.
Complex block 267: cb.out:top^Xoutport~27, type: io
	
Passed route at end.
Complex block 268: cb.out:top^Xoutport~26, type: io
	
Passed route at end.
Complex block 269: cb.out:top^Xoutport~25, type: io
	
Passed route at end.
Complex block 270: cb.out:top^Xoutport~24, type: io
	
Passed route at end.
Complex block 271: cb.out:top^Xoutport~23, type: io
	
Passed route at end.
Complex block 272: cb.out:top^Xoutport~22, type: io
	
Passed route at end.
Complex block 273: cb.out:top^Xoutport~21, type: io
	
Passed route at end.
Complex block 274: cb.out:top^Xoutport~20, type: io
	
Passed route at end.
Complex block 275: cb.out:top^Xoutport~19, type: io
	
Passed route at end.
Complex block 276: cb.out:top^Xoutport~18, type: io
	
Passed route at end.
Complex block 277: cb.out:top^Xoutport~17, type: io
	
Passed route at end.
Complex block 278: cb.out:top^Xoutport~16, type: io
	
Passed route at end.
Complex block 279: cb.out:top^Xoutport~15, type: io
	
Passed route at end.
Complex block 280: cb.out:top^Xoutport~14, type: io
	
Passed route at end.
Complex block 281: cb.out:top^Xoutport~13, type: io
	
Passed route at end.
Complex block 282: cb.out:top^Xoutport~12, type: io
	
Passed route at end.
Complex block 283: cb.out:top^Xoutport~11, type: io
	
Passed route at end.
Complex block 284: cb.out:top^Xoutport~10, type: io
	
Passed route at end.
Complex block 285: cb.out:top^Xoutport~9, type: io
	
Passed route at end.
Complex block 286: cb.out:top^Xoutport~8, type: io
	
Passed route at end.
Complex block 287: cb.out:top^Xoutport~7, type: io
	
Passed route at end.
Complex block 288: cb.out:top^Xoutport~6, type: io
	
Passed route at end.
Complex block 289: cb.out:top^Xoutport~5, type: io
	
Passed route at end.
Complex block 290: cb.out:top^Xoutport~4, type: io
	
Passed route at end.
Complex block 291: cb.out:top^Xoutport~3, type: io
	
Passed route at end.
Complex block 292: cb.out:top^Xoutport~2, type: io
	
Passed route at end.
Complex block 293: cb.out:top^Xoutport~1, type: io
	
Passed route at end.
Complex block 294: cb.out:top^Uoutport~31, type: io
	
Passed route at end.
Complex block 295: cb.out:top^Uoutport~30, type: io
	
Passed route at end.
Complex block 296: cb.out:top^Uoutport~29, type: io
	
Passed route at end.
Complex block 297: cb.out:top^Xoutport~0, type: io
	
Passed route at end.
Complex block 298: cb.top^clk, type: io
	
Passed route at end.
	<EMPTY>: # blocks: 0, average # input + clock pins used: 0, average # output pins used: 0
	io: # blocks: 258, average # input + clock pins used: 0.372093, average # output pins used: 0.627907
	clb: # blocks: 36, average # input + clock pins used: 19.6389, average # output pins used: 8.38889
	mult_36: # blocks: 5, average # input + clock pins used: 52.8, average # output pins used: 32.8
	memory: # blocks: 0, average # input + clock pins used: 0, average # output pins used: 0
Absorbed logical nets 376 out of 1004 nets, 628 nets not absorbed.

Netlist conversion complete.

Packing took 0.86 seconds.
Packing completed.
Begin parsing packed FPGA netlist file.
Finished parsing packed FPGA netlist file.
Netlist generated from file 'diffeq1.net'.
vcc is a constant generator.

Netlist num_nets: 628
Netlist num_blocks: 299
Netlist <EMPTY> blocks: 0.
Netlist clb blocks: 36.
Netlist mult_36 blocks: 5.
Netlist memory blocks: 0.
Netlist inputs pins: 162
Netlist output pins: 96

Auto-sizing FPGA at x = 17 y = 17
Auto-sizing FPGA at x = 9 y = 9
Auto-sizing FPGA at x = 13 y = 13
Auto-sizing FPGA at x = 15 y = 15
Auto-sizing FPGA at x = 14 y = 14
Auto-sizing FPGA at x = 13 y = 13
FPGA auto-sized to x = 14 y = 14
The circuit will be mapped into a 14 x 14 array of clbs.

Resource usage...
	Netlist      0	blocks of type: <EMPTY>
	Architecture 12	blocks of type: <EMPTY>
	Netlist      258	blocks of type: io
	Architecture 448	blocks of type: io
	Netlist      36	blocks of type: clb
	Architecture 140	blocks of type: clb
	Netlist      5	blocks of type: mult_36
	Architecture 6	blocks of type: mult_36
	Netlist      0	blocks of type: memory
	Architecture 4	blocks of type: memory

Computing delta_io_to_io lookup matrix, may take a few seconds, please wait...
Computing delta_io_to_clb lookup matrix, may take a few seconds, please wait...
Computing delta_clb_to_io lookup matrix, may take a few seconds, please wait...
Computing delta_clb_to_clb lookup matrix, may take a few seconds, please wait...

There are 1029 point to point connections in this circuit.

Initial placement cost: 1 bb_cost: 93.7403 td_cost: 1.44776e-07 delay_cost: 5.28476e-07

--------- --------- ----------- ----------- ----------- ----------- -------- -------- ------- ------- ------- --------- -------
        T      Cost  Av BB Cost  Av TD Cost  Av Tot Del  P to P Del    d_max  Ac Rate Std Dev R limit     Exp Tot Moves   Alpha
--------- --------- ----------- ----------- ----------- ----------- -------- -------- ------- ------- ------- --------- -------
100.00000    0.9619     90.0131 1.43164e-07 5.22718e-07 5.13582e-10  23.4381   0.9995  0.0319 15.0000  3.0000      1998  0.6764
 67.64304   0.97248     88.4529 1.40773e-07  5.1944e-07 5.07374e-10  23.3469   1.0000  0.0327 15.0000  3.0000      3996  0.6764
 45.75581    1.0541     91.5164  1.4238e-07 5.31285e-07 4.94991e-10  24.4611   1.0000  0.0289 15.0000  3.0000      5994  0.6764
 30.95063   0.99361     90.4992 1.40632e-07  5.2427e-07 5.11887e-10  23.2255   1.0000  0.0447 15.0000  3.0000      7992  0.6764
 20.93595    1.0261     90.7276 1.42013e-07 5.20245e-07 4.89243e-10  24.5543   1.0000  0.0436 15.0000  3.0000      9990  0.6764
 14.16171   0.98565     91.3738 1.39713e-07 5.25871e-07 5.05641e-10  23.9282   1.0000  0.0359 15.0000  3.0000     11988  0.6764
  9.57941    1.0528     89.1815   1.394e-07 5.21668e-07 4.95584e-10  23.9267   1.0000  0.0340 15.0000  3.0000     13986  0.6764
  6.47981    1.0016     92.0401 1.41638e-07 5.30048e-07  5.1882e-10  24.0121   1.0000  0.0234 15.0000  3.0000     15984  0.6764
  4.38314    1.0234     92.1927 1.44638e-07 5.29713e-07 4.92961e-10  24.4402   1.0000  0.0307 15.0000  3.0000     17982  0.6764
  2.96489   0.97154     90.9997  1.4148e-07  5.2406e-07 5.09453e-10  23.7023   0.9995  0.0360 15.0000  3.0000     19980  0.6764
  2.00554   0.97222     91.9413  1.4178e-07 5.29499e-07 5.19192e-10  24.3099   0.9990  0.0274 15.0000  3.0000     21978  0.6764
  1.35661   0.94582     91.0883 1.41342e-07  5.2568e-07 5.28816e-10  23.4004   0.9995  0.0388 15.0000  3.0000     23976  0.6764
  0.91765    0.9988     90.6293 1.40862e-07 5.24822e-07  5.0666e-10  24.4494   0.9995  0.0397 15.0000  3.0000     25974  0.6764
  0.62073    1.0094     91.4638 1.44558e-07 5.29364e-07 5.02296e-10  24.1767   0.9980  0.0308 15.0000  3.0000     27972  0.6764
  0.41988    1.0512     90.9274 1.41974e-07 5.22955e-07 5.01704e-10  23.0758   0.9990  0.0281 15.0000  3.0000     29970  0.6764
  0.28402   0.99365     89.5125 1.40288e-07 5.22202e-07 5.05565e-10  23.4028   0.9985  0.0290 15.0000  3.0000     31968  0.6764
  0.19212    1.0169     90.4489 1.40516e-07 5.21921e-07 5.05445e-10  23.7612   0.9955  0.0271 15.0000  3.0000     33966  0.6764
  0.12996    1.0272     88.3823 1.35894e-07 5.12543e-07 4.90323e-10  23.6163   0.9925  0.0417 15.0000  3.0000     35964  0.6764
  0.08791    1.0174     88.5981  1.4053e-07  5.1769e-07 5.00412e-10  23.7762   0.9910  0.0353 15.0000  3.0000     37962  0.6764
  0.05946     1.016     90.1285 1.40022e-07 5.27551e-07 4.97845e-10  23.4140   0.9900  0.0382 15.0000  3.0000     39960  0.6764
  0.04022   0.98785     86.8568 1.35683e-07 5.06149e-07  4.9214e-10  23.8992   0.9790  0.0359 15.0000  3.0000     41958  0.6764
  0.02721   0.98287     91.4352  1.3918e-07  5.2556e-07 5.11471e-10  24.8201   0.9860  0.0215 15.0000  3.0000     43956  0.6764
  0.01840   0.93628     84.3375 1.28631e-07 4.96286e-07 4.98702e-10  22.5571   0.9680  0.0252 15.0000  3.0000     45954  0.6764
  0.01245    1.0002     82.1588 1.27669e-07 4.92381e-07 4.72273e-10  22.6222   0.9489  0.0145 15.0000  3.0000     47952  0.6764
  0.00000   0.85982     69.3261 1.09344e-07 4.34755e-07 4.64374e-10            0.2137  0.0612 15.0000  3.0000     49950

BB estimate of min-dist (placement) wirelength: 6235
bb_cost recomputed from scratch: 62.3511
timing_cost recomputed from scratch: 1.04798e-07
delay_cost recomputed from scratch: 4.05106e-07

Completed placement consistency check successfully.

Swaps called: 49950

Placement estimated critical path delay: 21.4823 ns
Placement cost: 0.777861, bb_cost: 62.3501, td_cost: 1.04798e-07, delay_cost: 4.05106e-07
Placement total # of swap attempts: 49950
	Swap reject rate: 0
	Swap accept rate: 0
	Swap abort rate: 0
Placement took 1.61 seconds.
Using low: -1, high: -1, current: 162
Build rr_graph took 0.61 seconds.
Confirming Router Algorithm: TIMING_DRIVEN.

Routing iteration: 1
Wire length after first iteration 8979, total available wire length 68040, ratio 0.131966
Critical path: 23.4202 ns
Routing iteration took 0.06 seconds.

Routing iteration: 2
Successfully routed after 2 routing iterations.
Completed net delay value cross check successfully.
Using low: -1, high: 162, current: 82
Build rr_graph took 0.21 seconds.
Confirming Router Algorithm: TIMING_DRIVEN.

Routing iteration: 1
Wire length after first iteration 9271, total available wire length 34440, ratio 0.269193
Critical path: 23.2782 ns
Routing iteration took 0.05 seconds.

Routing iteration: 2
Successfully routed after 2 routing iterations.
Completed net delay value cross check successfully.
Using low: -1, high: 82, current: 42
Build rr_graph took 0.07 seconds.
Confirming Router Algorithm: TIMING_DRIVEN.

Routing iteration: 1
Wire length after first iteration 9630, total available wire length 17640, ratio 0.545918
Critical path: 23.3597 ns
Routing iteration took 0.05 seconds.

Routing iteration: 2
Critical path: 27.1312 ns
Routing iteration took 0.13 seconds.

Routing iteration: 3
Critical path: 29.2738 ns
Routing iteration took 0.08 seconds.

Routing iteration: 4
Critical path: 29.3847 ns
Routing iteration took 0.06 seconds.

Routing iteration: 5
Critical path: 28.4276 ns
Routing iteration took 0.08 seconds.

Routing iteration: 6
Critical path: 29.6308 ns
Routing iteration took 0.08 seconds.

Routing iteration: 7
Critical path: 29.8764 ns
Routing iteration took 0.07 seconds.

Routing iteration: 8
Critical path: 29.9293 ns
Routing iteration took 0.07 seconds.

Routing iteration: 9
Critical path: 28.869 ns
Routing iteration took 0.04 seconds.

Routing iteration: 10
Critical path: 27.813 ns
Routing iteration took 0.04 seconds.

Routing iteration: 11
Critical path: 27.8311 ns
Routing iteration took 0.03 seconds.

Routing iteration: 12
Critical path: 27.8475 ns
Routing iteration took 0.04 seconds.

Routing iteration: 13
Critical path: 28.8155 ns
Routing iteration took 0.04 seconds.

Routing iteration: 14
Critical path: 28.8411 ns
Routing iteration took 0.04 seconds.

Routing iteration: 15
Critical path: 28.728 ns
Routing iteration took 0.03 seconds.

Routing iteration: 16
Critical path: 28.1186 ns
Routing iteration took 0.04 seconds.

Routing iteration: 17
Critical path: 28.7199 ns
Routing iteration took 0.03 seconds.

Routing iteration: 18
Critical path: 28.6805 ns
Routing iteration took 0.02 seconds.

Routing iteration: 19
Critical path: 28.0806 ns
Routing iteration took 0.03 seconds.

Routing iteration: 20
Critical path: 27.7269 ns
Routing iteration took 0.02 seconds.

Routing iteration: 21
Critical path: 27.4561 ns
Routing iteration took 0.02 seconds.

Routing iteration: 22
Critical path: 27.3328 ns
Routing iteration took 0.02 seconds.

Routing iteration: 23
Successfully routed after 23 routing iterations.
Completed net delay value cross check successfully.
Using low: -1, high: 42, current: 22
Build rr_graph took 0.04 seconds.
Confirming Router Algorithm: TIMING_DRIVEN.

Routing iteration: 1
Wire length after first iteration 9917, total available wire length 9240, ratio 1.07327
Wire length usage ratio exceeds limit of 0.85, fail routing.
Using low: 22, high: 42, current: 32
Build rr_graph took 0.05 seconds.
Confirming Router Algorithm: TIMING_DRIVEN.

Routing iteration: 1
Wire length after first iteration 9834, total available wire length 13440, ratio 0.731696
Critical path: 23.2289 ns
Routing iteration took 0.06 seconds.

Routing iteration: 2
Critical path: 29.0385 ns
Routing iteration took 0.17 seconds.

Routing iteration: 3
Critical path: 28.5405 ns
Routing iteration took 0.21 seconds.

Routing iteration: 4
Critical path: 27.3894 ns
Routing iteration took 0.22 seconds.

Routing iteration: 5
Critical path: 27.002 ns
Routing iteration took 0.23 seconds.

Routing iteration: 6
Critical path: 26.7438 ns
Routing iteration took 0.24 seconds.

Routing iteration: 7
Critical path: 26.2241 ns
Routing iteration took 0.22 seconds.

Routing iteration: 8
Critical path: 27.828 ns
Routing iteration took 0.25 seconds.

Routing iteration: 9
Critical path: 27.2866 ns
Routing iteration took 0.23 seconds.

Routing iteration: 10
Critical path: 27.1389 ns
Routing iteration took 0.22 seconds.

Routing iteration: 11
Critical path: 27.0707 ns
Routing iteration took 0.22 seconds.

Routing iteration: 12
Critical path: 26.2069 ns
Routing iteration took 0.21 seconds.

Routing iteration: 13
Critical path: 26.8478 ns
Routing iteration took 0.21 seconds.

Routing iteration: 14
Critical path: 27.1519 ns
Routing iteration took 0.21 seconds.

Routing iteration: 15
Critical path: 26.2486 ns
Routing iteration took 0.21 seconds.

Routing iteration: 16
Critical path: 25.8051 ns
Routing iteration took 0.19 seconds.

Routing iteration: 17
Critical path: 25.7055 ns
Routing iteration took 0.17 seconds.

Routing iteration: 18
Critical path: 26.2964 ns
Routing iteration took 0.19 seconds.

Routing iteration: 19
Critical path: 25.2337 ns
Routing iteration took 0.18 seconds.

Routing iteration: 20
Critical path: 25.4116 ns
Routing iteration took 0.19 seconds.

Routing iteration: 21
Critical path: 25.59 ns
Routing iteration took 0.19 seconds.

Routing iteration: 22
Critical path: 27.1073 ns
Routing iteration took 0.18 seconds.

Routing iteration: 23
Critical path: 26.2174 ns
Routing iteration took 0.21 seconds.

Routing iteration: 24
Critical path: 26.7012 ns
Routing iteration took 0.21 seconds.

Routing iteration: 25
Critical path: 26.2273 ns
Routing iteration took 0.21 seconds.

Routing iteration: 26
Critical path: 25.8553 ns
Routing iteration took 0.17 seconds.

Routing iteration: 27
Critical path: 26.6453 ns
Routing iteration took 0.19 seconds.

Routing iteration: 28
Critical path: 26.6453 ns
Routing iteration took 0.2 seconds.

Routing iteration: 29
Critical path: 26.7052 ns
Routing iteration took 0.18 seconds.

Routing iteration: 30
Critical path: 26.5286 ns
Routing iteration took 0.17 seconds.

Routing iteration: 31
Critical path: 26.1244 ns
Routing iteration took 0.19 seconds.

Routing iteration: 32
Critical path: 26.8761 ns
Routing iteration took 0.19 seconds.

Routing iteration: 33
Critical path: 26.7912 ns
Routing iteration took 0.2 seconds.

Routing iteration: 34
Critical path: 26.8831 ns
Routing iteration took 0.18 seconds.

Routing iteration: 35
Critical path: 26.6577 ns
Routing iteration took 0.18 seconds.

Routing iteration: 36
Critical path: 27.0884 ns
Routing iteration took 0.19 seconds.

Routing iteration: 37
Critical path: 27.2164 ns
Routing iteration took 0.18 seconds.

Routing iteration: 38
Critical path: 27.4925 ns
Routing iteration took 0.19 seconds.

Routing iteration: 39
Critical path: 27.7199 ns
Routing iteration took 0.19 seconds.

Routing iteration: 40
Critical path: 27.1914 ns
Routing iteration took 0.21 seconds.

Routing iteration: 41
Critical path: 27.2406 ns
Routing iteration took 0.19 seconds.

Routing iteration: 42
Critical path: 27.4904 ns
Routing iteration took 0.2 seconds.

Routing iteration: 43
Critical path: 27.2353 ns
Routing iteration took 0.21 seconds.

Routing iteration: 44
Critical path: 27.9358 ns
Routing iteration took 0.2 seconds.

Routing iteration: 45
Critical path: 26.8457 ns
Routing iteration took 0.2 seconds.

Routing iteration: 46
Critical path: 26.6162 ns
Routing iteration took 0.21 seconds.

Routing iteration: 47
Critical path: 26.5835 ns
Routing iteration took 0.2 seconds.

Routing iteration: 48
Critical path: 26.6186 ns
Routing iteration took 0.19 seconds.

Routing iteration: 49
Critical path: 26.7505 ns
Routing iteration took 0.2 seconds.

Routing iteration: 50
Critical path: 27.2827 ns
Routing iteration took 0.19 seconds.
Routing failed.
Using low: 32, high: 42, current: 38
Build rr_graph took 0.06 seconds.
Confirming Router Algorithm: TIMING_DRIVEN.

Routing iteration: 1
Wire length after first iteration 9563, total available wire length 15960, ratio 0.599185
Critical path: 23.288 ns
Routing iteration took 0.05 seconds.

Routing iteration: 2
Critical path: 27.5906 ns
Routing iteration took 0.13 seconds.

Routing iteration: 3
Critical path: 28.3157 ns
Routing iteration took 0.1 seconds.

Routing iteration: 4
