
/work/zhang/users/chang/project/daTuner/apps/vtr_release/vtr_flow/../vpr/vpr k6_frac_N10_mem32K_40nm.xml diffeq1 --blif_file diffeq1.pre-vpr.blif --timing_analysis on --timing_driven_clustering on --cluster_seed_type timing --sdc_file  --alpha_clustering 0.688026297536 --beta_clustering 0.325751619297 --allow_unrelated_clustering off --connection_driven_clustering on --alpha_t 0.570337622606 --seed 2 --inner_num 100 --timing_tradeoff 0.433646076282 --inner_loop_recompute_divider 5 --td_place_exp_first 1 --td_place_exp_last 8 --max_router_iterations 50 --initial_pres_fac 78.9158607934 --pres_fac_mult 1.41826284671 --acc_fac 1.30796633746 --bb_factor 5 --base_cost_type delay_normalized --astar_fac 1.40741996998 --max_criticality 0.839839246247 --criticality_exp 0.872269960193 --nodisp

VPR FPGA Placement and Routing.
Version: Version 7.0
Compiled: Apr  4 2016.
University of Toronto
vpr@eecg.utoronto.ca
This is free open source code under MIT license.

Architecture file: k6_frac_N10_mem32K_40nm.xml
Circuit name: diffeq1.blif

Building complex block graph.
WARNING(1): io[0].clock[0] unconnected pin in architecture.
Loop for doall = 0, init_parse took 0 seconds.
Loop for doall = 0 took 0.02 seconds.
Loop for doall = 1, init_parse took 0.01 seconds.
Loop for doall = 1 took 0 seconds.
Swept away 196 nets with no fanout.
Net is a constant generator: vcc.
WARNING(2): logical_block #456 with output vcc has only 0 pin.
WARNING(3): Block contains output -- may be a constant generator.
0 unconnected blocks in input netlist.
Removed 96 LUT buffers.
Sweeped away 96 nodes.
BLIF circuit stats:
	1 LUTs of size 0
	0 LUTs of size 1
	50 LUTs of size 2
	138 LUTs of size 3
	64 LUTs of size 4
	67 LUTs of size 5
	168 LUTs of size 6
	162 of type input
	96 of type output
	193 of type latch
	488 of type names
	0 of type dual_port_ram
	0 of type single_port_ram
	5 of type multiply
Timing analysis: ON
Circuit netlist file: diffeq1.net
Circuit placement file: diffeq1.place
Circuit routing file: diffeq1.route
Circuit SDC file: 
Operation: RUN_FLOW

Packer: ENABLED
Placer: ENABLED
Router: ENABLED
PackerOpts.allow_early_exit: FALSE
PackerOpts.allow_unrelated_clustering: FALSE
PackerOpts.alpha_clustering: 0.688026
PackerOpts.aspect: 1.000000
PackerOpts.beta_clustering: 0.325752
PackerOpts.block_delay: 0.000000
PackerOpts.cluster_seed_type: TIMING
PackerOpts.connection_driven: TRUE
PackerOpts.global_clocks: TRUE
PackerOpts.hill_climbing_flag: FALSE
PackerOpts.inter_cluster_net_delay: 1.000000
PackerOpts.intra_cluster_net_delay: 0.000000
PackerOpts.recompute_timing_after: 32767
PackerOpts.sweep_hanging_nets_and_inputs: TRUE
PackerOpts.timing_driven: TRUE

PlacerOpts.place_freq: PLACE_ONCE
PlacerOpts.place_algorithm: PATH_TIMING_DRIVEN_PLACE
PlacerOpts.pad_loc_type: FREE
PlacerOpts.place_cost_exp: 1.000000
PlacerOpts.inner_loop_recompute_divider: 5
PlacerOpts.recompute_crit_iter: 1
PlacerOpts.timing_tradeoff: 0.433646
PlacerOpts.td_place_exp_first: 1.000000
PlacerOpts.td_place_exp_last: 8.000000
PlaceOpts.seed: 2
AnnealSched.type: USER_SCHED
AnnealSched.inner_num: 100.000000
AnnealSched.init_t: 100.000000
AnnealSched.alpha_t: 0.570338
AnnealSched.exit_t: 0.010000

RouterOpts.route_type: DETAILED
RouterOpts.router_algorithm: TIMING_DRIVEN
RouterOpts.base_cost_type: DELAY_NORMALIZED
RouterOpts.fixed_channel_width: NO_FIXED_CHANNEL_WIDTH
RouterOpts.acc_fac: 1.307966
RouterOpts.bb_factor: 5
RouterOpts.bend_cost: 0.000000
RouterOpts.first_iter_pres_fac: 0.500000
RouterOpts.initial_pres_fac: 78.915863
RouterOpts.pres_fac_mult: 1.418263
RouterOpts.max_router_iterations: 50
RouterOpts.astar_fac: 1.407420
RouterOpts.criticality_exp: 0.872270
RouterOpts.max_criticality: 0.839839

RoutingArch.directionality: UNI_DIRECTIONAL
RoutingArch.switch_block_type: WILTON
RoutingArch.Fs: 3

Initialize packing.
Begin packing 'diffeq1.pre-vpr.blif'.

After removing unused inputs...
	total blocks: 944, total nets: 1007, total inputs: 162, total outputs: 96
Begin prepacking.
Finish prepacking.
Using inter-cluster delay: 1.33777e-09

SDC file '' blank or not found.

Defaulting to: constrain all 0 inputs and 0 outputs on the netlist clock.
Optimize this clock to run as fast as possible.
Not enough resources expand FPGA size to x = 2 y = 2.
Complex block 0: cb.n1421, type: clb
	...............................................
Passed route at end.
Complex block 1: cb.n1712_1, type: clb
	...............................................
Passed route at end.
Not enough resources expand FPGA size to x = 3 y = 3.
Complex block 2: cb.n1694, type: clb
	........................................
Passed route at end.
Complex block 3: cb.n1664, type: clb
	........................................
Passed route at end.
Complex block 4: cb.n1596_1, type: clb
	..................................................
Passed route at end.
Complex block 5: cb.n1624, type: clb
	..................................................
Passed route at end.
Not enough resources expand FPGA size to x = 4 y = 4.
Complex block 6: cb.n1681_1, type: clb
	......................................
Passed route at end.
Complex block 7: cb.n1653, type: clb
	........................................
Passed route at end.
Complex block 8: cb.n1621_1, type: clb
	.............................................
Passed route at end.
Complex block 9: cb.n1586_1, type: clb
	.......................................
Passed route at end.
Complex block 10: cb.n1578, type: clb
	........................................
Passed route at end.
Complex block 11: cb.n1693, type: clb
	........................................
Passed route at end.
Not enough resources expand FPGA size to x = 5 y = 5.
Complex block 12: cb.n1674, type: clb
	...........................................
Passed route at end.
Not enough resources expand FPGA size to x = 6 y = 6.
Complex block 13: cb.top^MULTIPLY~43[0], type: mult_36
	
Passed route at end.
Not enough resources expand FPGA size to x = 7 y = 7.
Not enough resources expand FPGA size to x = 8 y = 8.
Complex block 14: cb.top^MULTIPLY~0[0], type: mult_36
	
Passed route at end.
Complex block 15: cb.n1301, type: clb
	..........................................
Passed route at end.
Not enough resources expand FPGA size to x = 9 y = 9.
Not enough resources expand FPGA size to x = 10 y = 10.
Not enough resources expand FPGA size to x = 11 y = 11.
Not enough resources expand FPGA size to x = 12 y = 12.
Complex block 16: cb.top^MULTIPLY~42[0], type: mult_36
	
Passed route at end.
Complex block 17: cb.top^DXport~31, type: io
	
Passed route at end.
Complex block 18: cb.top^DXport~12, type: io
	
Passed route at end.
Complex block 19: cb.top^DXport~6, type: io
	
Passed route at end.
Complex block 20: cb.top^DXport~10, type: io
	
Passed route at end.
Complex block 21: cb.top^DXport~11, type: io
	
Passed route at end.
Complex block 22: cb.top^DXport~26, type: io
	
Passed route at end.
Complex block 23: cb.top^DXport~9, type: io
	
Passed route at end.
Complex block 24: cb.top^DXport~24, type: io
	
Passed route at end.
Complex block 25: cb.top^DXport~21, type: io
	
Passed route at end.
Complex block 26: cb.top^DXport~22, type: io
	
Passed route at end.
Complex block 27: cb.top^DXport~14, type: io
	
Passed route at end.
Complex block 28: cb.top^DXport~28, type: io
	
Passed route at end.
Complex block 29: cb.top^DXport~8, type: io
	
Passed route at end.
Complex block 30: cb.top^DXport~19, type: io
	
Passed route at end.
Complex block 31: cb.top^DXport~7, type: io
	
Passed route at end.
Complex block 32: cb.top^DXport~27, type: io
	
Passed route at end.
Complex block 33: cb.top^DXport~15, type: io
	
Passed route at end.
Complex block 34: cb.top^DXport~29, type: io
	
Passed route at end.
Complex block 35: cb.top^DXport~2, type: io
	
Passed route at end.
Complex block 36: cb.top^DXport~25, type: io
	
Passed route at end.
Complex block 37: cb.top^DXport~20, type: io
	
Passed route at end.
Complex block 38: cb.top^DXport~23, type: io
	
Passed route at end.
Complex block 39: cb.top^DXport~18, type: io
	
Passed route at end.
Complex block 40: cb.top^DXport~16, type: io
	
Passed route at end.
Complex block 41: cb.top^DXport~13, type: io
	
Passed route at end.
Complex block 42: cb.top^DXport~5, type: io
	
Passed route at end.
Complex block 43: cb.top^DXport~4, type: io
	
Passed route at end.
Complex block 44: cb.top^DXport~17, type: io
	
Passed route at end.
Complex block 45: cb.top^DXport~3, type: io
	
Passed route at end.
Complex block 46: cb.top^DXport~30, type: io
	
Passed route at end.
Complex block 47: cb.top^DXport~1, type: io
	
Passed route at end.
Complex block 48: cb.top^DXport~0, type: io
	
Passed route at end.
Not enough resources expand FPGA size to x = 13 y = 13.
Not enough resources expand FPGA size to x = 14 y = 14.
Complex block 49: cb.top^MULTIPLY~46[0], type: mult_36
	
Passed route at end.
Complex block 50: cb.top^MULTIPLY~45[0], type: mult_36
	
Passed route at end.
Complex block 51: cb.n1621, type: clb
	.............................
Passed route at end.
Complex block 52: cb.n1631, type: clb
	........................................
Passed route at end.
Complex block 53: cb.n1711, type: clb
	..........................................
Passed route at end.
Complex block 54: cb.n1666, type: clb
	..............................................
Passed route at end.
Complex block 55: cb.n1681, type: clb
	...........................................
Passed route at end.
Complex block 56: cb.n1726, type: clb
	..........................................
Passed route at end.
Complex block 57: cb.n1701, type: clb
	...........
Passed route at end.
Complex block 58: cb.n1591, type: clb
	.........
Passed route at end.
Complex block 59: cb.n1451, type: clb
	..........................
Passed route at end.
Complex block 60: cb.n1571, type: clb
	......................................
Passed route at end.
Complex block 61: cb.n1506, type: clb
	....................................................................
Passed route at end.
Complex block 62: cb.n1431, type: clb
	...........................................................
Passed route at end.
Complex block 63: cb.n1581, type: clb
	........................................
Passed route at end.
Complex block 64: cb.n1516, type: clb
	...........................................
Passed route at end.
Complex block 65: cb.n1546, type: clb
	...........................................
Passed route at end.
Complex block 66: cb.n1471, type: clb
	......................
Passed route at end.
Complex block 67: cb.n1627_1, type: clb
	....................
Passed route at end.
Complex block 68: cb.n1773, type: clb
	..........................................
Passed route at end.
Complex block 69: cb.n1598, type: clb
	.
Passed route at end.
Complex block 70: cb.n1432_1, type: clb
	...............
Passed route at end.
Complex block 71: cb.n1211, type: clb
	...............................................
Passed route at end.
Complex block 72: cb.n1181, type: clb
	.......................................
Passed route at end.
Complex block 73: cb.n981, type: clb
	..........................
Passed route at end.
Complex block 74: cb.n881, type: clb
	.........
Passed route at end.
Complex block 75: cb.top^Aport~2, type: io
	
Passed route at end.
Complex block 76: cb.top^Aport~1, type: io
	
Passed route at end.
Complex block 77: cb.top^Aport~0, type: io
	
Passed route at end.
Complex block 78: cb.top^Aport~4, type: io
	
Passed route at end.
Complex block 79: cb.top^Aport~3, type: io
	
Passed route at end.
Complex block 80: cb.top^Aport~6, type: io
	
Passed route at end.
Complex block 81: cb.top^Aport~5, type: io
	
Passed route at end.
Complex block 82: cb.top^Aport~22, type: io
	
Passed route at end.
Complex block 83: cb.top^Aport~21, type: io
	
Passed route at end.
Complex block 84: cb.top^Aport~8, type: io
	
Passed route at end.
Complex block 85: cb.top^Aport~7, type: io
	
Passed route at end.
Complex block 86: cb.top^Aport~24, type: io
	
Passed route at end.
Complex block 87: cb.top^Aport~23, type: io
	
Passed route at end.
Complex block 88: cb.top^Aport~18, type: io
	
Passed route at end.
Complex block 89: cb.top^Aport~17, type: io
	
Passed route at end.
Complex block 90: cb.top^Aport~16, type: io
	
Passed route at end.
Complex block 91: cb.top^Aport~20, type: io
	
Passed route at end.
Complex block 92: cb.top^Aport~19, type: io
	
Passed route at end.
Complex block 93: cb.n1739, type: clb
	
Passed route at end.
Complex block 94: cb.top^Aport~10, type: io
	
Passed route at end.
Complex block 95: cb.top^Aport~9, type: io
	
Passed route at end.
Complex block 96: cb.top^Aport~28, type: io
	
Passed route at end.
Complex block 97: cb.top^Aport~27, type: io
	
Passed route at end.
Complex block 98: cb.top^Aport~29, type: io
	
Passed route at end.
Complex block 99: cb.top^Aport~31, type: io
	
Passed route at end.
Complex block 100: cb.n1838, type: clb
	
Passed route at end.
Complex block 101: cb.top^Aport~26, type: io
	
Passed route at end.
Complex block 102: cb.top^Aport~25, type: io
	
Passed route at end.
Complex block 103: cb.top^Aport~30, type: io
	
Passed route at end.
Complex block 104: cb.top^Aport~12, type: io
	
Passed route at end.
Complex block 105: cb.top^Aport~11, type: io
	
Passed route at end.
Complex block 106: cb.top^Aport~15, type: io
	
Passed route at end.
Complex block 107: cb.n1835, type: clb
	
Passed route at end.
Complex block 108: cb.top^Aport~14, type: io
	
Passed route at end.
Complex block 109: cb.top^Aport~13, type: io
	
Passed route at end.
Complex block 110: cb.n1828, type: clb
	
Passed route at end.
Complex block 111: cb.top^Uinport~31, type: io
	
Passed route at end.
Complex block 112: cb.top^reset, type: io
	
Passed route at end.
Complex block 113: cb.top^Xinport~30, type: io
	
Passed route at end.
Complex block 114: cb.top^Yinport~29, type: io
	
Passed route at end.
Complex block 115: cb.top^Xinport~29, type: io
	
Passed route at end.
Complex block 116: cb.top^Yinport~26, type: io
	
Passed route at end.
Complex block 117: cb.top^Xinport~6, type: io
	
Passed route at end.
Complex block 118: cb.top^Yinport~23, type: io
	
Passed route at end.
Complex block 119: cb.top^Yinport~22, type: io
	
Passed route at end.
Complex block 120: cb.top^Xinport~26, type: io
	
Passed route at end.
Complex block 121: cb.top^Xinport~5, type: io
	
Passed route at end.
Complex block 122: cb.top^Yinport~18, type: io
	
Passed route at end.
Complex block 123: cb.top^Xinport~11, type: io
	
Passed route at end.
Complex block 124: cb.top^Yinport~16, type: io
	
Passed route at end.
Complex block 125: cb.top^Xinport~23, type: io
	
Passed route at end.
Complex block 126: cb.top^Xinport~2, type: io
	
Passed route at end.
Complex block 127: cb.top^Uinport~30, type: io
	
Passed route at end.
Complex block 128: cb.top^Uinport~28, type: io
	
Passed route at end.
Complex block 129: cb.top^Xinport~22, type: io
	
Passed route at end.
Complex block 130: cb.top^Uinport~26, type: io
	
Passed route at end.
Complex block 131: cb.top^Xinport~1, type: io
	
Passed route at end.
Complex block 132: cb.top^Yinport~11, type: io
	
Passed route at end.
Complex block 133: cb.top^Uinport~23, type: io
	
Passed route at end.
Complex block 134: cb.top^Uinport~22, type: io
	
Passed route at end.
Complex block 135: cb.top^Uinport~20, type: io
	
Passed route at end.
Complex block 136: cb.top^Xinport~0, type: io
	
Passed route at end.
Complex block 137: cb.top^Uinport~18, type: io
	
Passed route at end.
Complex block 138: cb.top^Yinport~8, type: io
	
Passed route at end.
Complex block 139: cb.top^Yinport~7, type: io
	
Passed route at end.
Complex block 140: cb.top^Uinport~15, type: io
	
Passed route at end.
Complex block 141: cb.top^Xinport~4, type: io
	
Passed route at end.
Complex block 142: cb.top^Yinport~6, type: io
	
Passed route at end.
Complex block 143: cb.top^Xinport~18, type: io
	
Passed route at end.
Complex block 144: cb.top^Yinport~5, type: io
	
Passed route at end.
Complex block 145: cb.top^Yinport~4, type: io
	
Passed route at end.
Complex block 146: cb.top^Uinport~9, type: io
	
Passed route at end.
Complex block 147: cb.top^Yinport~3, type: io
	
Passed route at end.
Complex block 148: cb.top^Uinport~7, type: io
	
Passed route at end.
Complex block 149: cb.top^Xinport~8, type: io
	
Passed route at end.
Complex block 150: cb.top^Uinport~6, type: io
	
Passed route at end.
Complex block 151: cb.top^Uinport~5, type: io
	
Passed route at end.
Complex block 152: cb.top^Yinport~2, type: io
	
Passed route at end.
Complex block 153: cb.top^Uinport~4, type: io
	
Passed route at end.
Complex block 154: cb.top^Uinport~3, type: io
	
Passed route at end.
Complex block 155: cb.top^Yinport~1, type: io
	
Passed route at end.
Complex block 156: cb.top^Xinport~16, type: io
	
Passed route at end.
Complex block 157: cb.top^Uinport~2, type: io
	
Passed route at end.
Complex block 158: cb.top^Uinport~1, type: io
	
Passed route at end.
Complex block 159: cb.top^Yinport~0, type: io
	
Passed route at end.
Complex block 160: cb.top^Uinport~0, type: io
	
Passed route at end.
Complex block 161: cb.top^Xinport~7, type: io
	
Passed route at end.
Complex block 162: cb.top^Xinport~3, type: io
	
Passed route at end.
Complex block 163: cb.top^Yinport~30, type: io
	
Passed route at end.
Complex block 164: cb.top^Yinport~28, type: io
	
Passed route at end.
Complex block 165: cb.top^Xinport~14, type: io
	
Passed route at end.
Complex block 166: cb.top^Yinport~27, type: io
	
Passed route at end.
Complex block 167: cb.top^Yinport~25, type: io
	
Passed route at end.
Complex block 168: cb.top^Xinport~28, type: io
	
Passed route at end.
Complex block 169: cb.top^Xinport~27, type: io
	
Passed route at end.
Complex block 170: cb.top^Xinport~13, type: io
	
Passed route at end.
Complex block 171: cb.top^Yinport~24, type: io
	
Passed route at end.
Complex block 172: cb.top^Yinport~21, type: io
	
Passed route at end.
Complex block 173: cb.top^Yinport~20, type: io
	
Passed route at end.
Complex block 174: cb.top^Xinport~25, type: io
	
Passed route at end.
Complex block 175: cb.top^Yinport~19, type: io
	
Passed route at end.
Complex block 176: cb.top^Yinport~17, type: io
	
Passed route at end.
Complex block 177: cb.top^Yinport~15, type: io
	
Passed route at end.
Complex block 178: cb.top^Xinport~24, type: io
	
Passed route at end.
Complex block 179: cb.top^Xinport~12, type: io
	
Passed route at end.
Complex block 180: cb.top^Yinport~14, type: io
	
Passed route at end.
Complex block 181: cb.top^Uinport~29, type: io
	
Passed route at end.
Complex block 182: cb.top^Uinport~27, type: io
	
Passed route at end.
Complex block 183: cb.top^Yinport~13, type: io
	
Passed route at end.
Complex block 184: cb.top^Uinport~25, type: io
	
Passed route at end.
Complex block 185: cb.top^Xinport~21, type: io
	
Passed route at end.
Complex block 186: cb.top^Uinport~24, type: io
	
Passed route at end.
Complex block 187: cb.top^Yinport~12, type: io
	
Passed route at end.
Complex block 188: cb.top^Yinport~10, type: io
	
Passed route at end.
Complex block 189: cb.top^Uinport~21, type: io
	
Passed route at end.
Complex block 190: cb.top^Uinport~19, type: io
	
Passed route at end.
Complex block 191: cb.top^Yinport~9, type: io
	
Passed route at end.
Complex block 192: cb.top^Xinport~10, type: io
	
Passed route at end.
Complex block 193: cb.top^Xinport~9, type: io
	
Passed route at end.
Complex block 194: cb.top^Uinport~17, type: io
	
Passed route at end.
Complex block 195: cb.top^Xinport~19, type: io
	
Passed route at end.
Complex block 196: cb.top^Uinport~16, type: io
	
Passed route at end.
Complex block 197: cb.top^Xinport~20, type: io
	
Passed route at end.
Complex block 198: cb.top^Uinport~14, type: io
	
Passed route at end.
Complex block 199: cb.top^Uinport~13, type: io
	
Passed route at end.
Complex block 200: cb.top^Uinport~12, type: io
	
Passed route at end.
Complex block 201: cb.top^Uinport~11, type: io
	
Passed route at end.
Complex block 202: cb.top^Uinport~10, type: io
	
Passed route at end.
Complex block 203: cb.top^Uinport~8, type: io
	
Passed route at end.
Complex block 204: cb.top^Xinport~17, type: io
	
Passed route at end.
Complex block 205: cb.top^Yinport~31, type: io
	
Passed route at end.
Complex block 206: cb.top^Xinport~31, type: io
	
Passed route at end.
Complex block 207: cb.top^Xinport~15, type: io
	
Passed route at end.
Complex block 208: cb.out:top^Uoutport~28, type: io
	
Passed route at end.
Complex block 209: cb.out:top^Uoutport~27, type: io
	
Passed route at end.
Complex block 210: cb.out:top^Uoutport~26, type: io
	
Passed route at end.
Complex block 211: cb.out:top^Uoutport~25, type: io
	
Passed route at end.
Complex block 212: cb.out:top^Uoutport~24, type: io
	
Passed route at end.
Complex block 213: cb.out:top^Uoutport~23, type: io
	
Passed route at end.
Complex block 214: cb.out:top^Uoutport~22, type: io
	
Passed route at end.
Complex block 215: cb.out:top^Uoutport~21, type: io
	
Passed route at end.
Complex block 216: cb.out:top^Uoutport~20, type: io
	
Passed route at end.
Complex block 217: cb.out:top^Uoutport~19, type: io
	
Passed route at end.
Complex block 218: cb.out:top^Uoutport~18, type: io
	
Passed route at end.
Complex block 219: cb.out:top^Uoutport~17, type: io
	
Passed route at end.
Complex block 220: cb.out:top^Uoutport~16, type: io
	
Passed route at end.
Complex block 221: cb.out:top^Uoutport~15, type: io
	
Passed route at end.
Complex block 222: cb.out:top^Uoutport~14, type: io
	
Passed route at end.
Complex block 223: cb.out:top^Uoutport~13, type: io
	
Passed route at end.
Complex block 224: cb.out:top^Uoutport~12, type: io
	
Passed route at end.
Complex block 225: cb.out:top^Uoutport~11, type: io
	
Passed route at end.
Complex block 226: cb.out:top^Uoutport~10, type: io
	
Passed route at end.
Complex block 227: cb.out:top^Uoutport~9, type: io
	
Passed route at end.
Complex block 228: cb.out:top^Uoutport~8, type: io
	
Passed route at end.
Complex block 229: cb.out:top^Uoutport~7, type: io
	
Passed route at end.
Complex block 230: cb.out:top^Uoutport~6, type: io
	
Passed route at end.
Complex block 231: cb.out:top^Uoutport~5, type: io
	
Passed route at end.
Complex block 232: cb.out:top^Uoutport~4, type: io
	
Passed route at end.
Complex block 233: cb.out:top^Uoutport~3, type: io
	
Passed route at end.
Complex block 234: cb.out:top^Uoutport~2, type: io
	
Passed route at end.
Complex block 235: cb.out:top^Uoutport~1, type: io
	
Passed route at end.
Complex block 236: cb.out:top^Youtport~31, type: io
	
Passed route at end.
Complex block 237: cb.out:top^Uoutport~0, type: io
	
Passed route at end.
Complex block 238: cb.out:top^Youtport~30, type: io
	
Passed route at end.
Complex block 239: cb.out:top^Youtport~29, type: io
	
Passed route at end.
Complex block 240: cb.out:top^Xoutport~29, type: io
	
Passed route at end.
Complex block 241: cb.out:top^Youtport~28, type: io
	
Passed route at end.
Complex block 242: cb.out:top^Youtport~27, type: io
	
Passed route at end.
Complex block 243: cb.out:top^Youtport~26, type: io
	
Passed route at end.
Complex block 244: cb.out:top^Youtport~25, type: io
	
Passed route at end.
Complex block 245: cb.out:top^Youtport~24, type: io
	
Passed route at end.
Complex block 246: cb.out:top^Youtport~23, type: io
	
Passed route at end.
Complex block 247: cb.out:top^Youtport~22, type: io
	
Passed route at end.
Complex block 248: cb.out:top^Youtport~21, type: io
	
Passed route at end.
Complex block 249: cb.out:top^Youtport~20, type: io
	
Passed route at end.
Complex block 250: cb.out:top^Youtport~19, type: io
	
Passed route at end.
Complex block 251: cb.out:top^Youtport~18, type: io
	
Passed route at end.
Complex block 252: cb.out:top^Youtport~17, type: io
	
Passed route at end.
Complex block 253: cb.out:top^Youtport~16, type: io
	
Passed route at end.
Complex block 254: cb.out:top^Youtport~15, type: io
	
Passed route at end.
Complex block 255: cb.out:top^Youtport~14, type: io
	
Passed route at end.
Complex block 256: cb.out:top^Youtport~13, type: io
	
Passed route at end.
Complex block 257: cb.out:top^Youtport~12, type: io
	
Passed route at end.
Complex block 258: cb.out:top^Youtport~11, type: io
	
Passed route at end.
Complex block 259: cb.out:top^Youtport~10, type: io
	
Passed route at end.
Complex block 260: cb.out:top^Youtport~9, type: io
	
Passed route at end.
Complex block 261: cb.out:top^Youtport~8, type: io
	
Passed route at end.
Complex block 262: cb.out:top^Youtport~7, type: io
	
Passed route at end.
Complex block 263: cb.out:top^Youtport~6, type: io
	
Passed route at end.
Complex block 264: cb.out:top^Youtport~5, type: io
	
Passed route at end.
Complex block 265: cb.out:top^Youtport~4, type: io
	
Passed route at end.
Complex block 266: cb.out:top^Youtport~3, type: io
	
Passed route at end.
Complex block 267: cb.out:top^Youtport~2, type: io
	
Passed route at end.
Complex block 268: cb.out:top^Youtport~1, type: io
	
Passed route at end.
Complex block 269: cb.out:top^Youtport~0, type: io
	
Passed route at end.
Complex block 270: cb.out:top^Xoutport~31, type: io
	
Passed route at end.
Complex block 271: cb.out:top^Xoutport~30, type: io
	
Passed route at end.
Complex block 272: cb.out:top^Xoutport~28, type: io
	
Passed route at end.
Complex block 273: cb.out:top^Xoutport~27, type: io
	
Passed route at end.
Complex block 274: cb.out:top^Xoutport~26, type: io
	
Passed route at end.
Complex block 275: cb.out:top^Xoutport~25, type: io
	
Passed route at end.
Complex block 276: cb.out:top^Xoutport~24, type: io
	
Passed route at end.
Complex block 277: cb.out:top^Xoutport~23, type: io
	
Passed route at end.
Complex block 278: cb.out:top^Xoutport~22, type: io
	
Passed route at end.
Complex block 279: cb.out:top^Xoutport~21, type: io
	
Passed route at end.
Complex block 280: cb.out:top^Xoutport~20, type: io
	
Passed route at end.
Complex block 281: cb.out:top^Xoutport~19, type: io
	
Passed route at end.
Complex block 282: cb.out:top^Xoutport~18, type: io
	
Passed route at end.
Complex block 283: cb.out:top^Xoutport~17, type: io
	
Passed route at end.
Complex block 284: cb.out:top^Xoutport~16, type: io
	
Passed route at end.
Complex block 285: cb.out:top^Xoutport~15, type: io
	
Passed route at end.
Complex block 286: cb.out:top^Xoutport~14, type: io
	
Passed route at end.
Complex block 287: cb.out:top^Xoutport~13, type: io
	
Passed route at end.
Complex block 288: cb.out:top^Xoutport~12, type: io
	
Passed route at end.
Complex block 289: cb.out:top^Xoutport~11, type: io
	
Passed route at end.
Complex block 290: cb.out:top^Xoutport~10, type: io
	
Passed route at end.
Complex block 291: cb.out:top^Xoutport~9, type: io
	
Passed route at end.
Complex block 292: cb.out:top^Xoutport~8, type: io
	
Passed route at end.
Complex block 293: cb.out:top^Xoutport~7, type: io
	
Passed route at end.
Complex block 294: cb.out:top^Xoutport~6, type: io
	
Passed route at end.
Complex block 295: cb.out:top^Xoutport~5, type: io
	
Passed route at end.
Complex block 296: cb.out:top^Xoutport~4, type: io
	
Passed route at end.
Complex block 297: cb.out:top^Xoutport~3, type: io
	
Passed route at end.
Complex block 298: cb.out:top^Xoutport~2, type: io
	
Passed route at end.
Complex block 299: cb.out:top^Xoutport~1, type: io
	
Passed route at end.
Complex block 300: cb.out:top^Uoutport~31, type: io
	
Passed route at end.
Complex block 301: cb.out:top^Uoutport~30, type: io
	
Passed route at end.
Complex block 302: cb.out:top^Uoutport~29, type: io
	
Passed route at end.
Complex block 303: cb.out:top^Xoutport~0, type: io
	
Passed route at end.
Complex block 304: cb.vcc, type: clb
	
Passed route at end.
Complex block 305: cb.top^clk, type: io
	
Passed route at end.
	<EMPTY>: # blocks: 0, average # input + clock pins used: 0, average # output pins used: 0
	io: # blocks: 258, average # input + clock pins used: 0.372093, average # output pins used: 0.627907
	clb: # blocks: 43, average # input + clock pins used: 19.7674, average # output pins used: 8.37209
	mult_36: # blocks: 5, average # input + clock pins used: 52.8, average # output pins used: 32.8
	memory: # blocks: 0, average # input + clock pins used: 0, average # output pins used: 0
Absorbed logical nets 321 out of 1007 nets, 686 nets not absorbed.

Netlist conversion complete.

Packing took 1.13 seconds.
Packing completed.
Begin parsing packed FPGA netlist file.
Finished parsing packed FPGA netlist file.
Netlist generated from file 'diffeq1.net'.
vcc is a constant generator.
WARNING(4): Logic block #304 (vcc) has only 1 pin.
Pin is an output -- may be a constant generator.
	Non-fatal, but check this.

Netlist num_nets: 686
Netlist num_blocks: 306
Netlist <EMPTY> blocks: 0.
Netlist clb blocks: 43.
Netlist mult_36 blocks: 5.
Netlist memory blocks: 0.
Netlist inputs pins: 162
Netlist output pins: 96

Auto-sizing FPGA at x = 17 y = 17
Auto-sizing FPGA at x = 9 y = 9
Auto-sizing FPGA at x = 13 y = 13
Auto-sizing FPGA at x = 15 y = 15
Auto-sizing FPGA at x = 14 y = 14
Auto-sizing FPGA at x = 13 y = 13
FPGA auto-sized to x = 14 y = 14
The circuit will be mapped into a 14 x 14 array of clbs.

Resource usage...
	Netlist      0	blocks of type: <EMPTY>
	Architecture 12	blocks of type: <EMPTY>
	Netlist      258	blocks of type: io
	Architecture 448	blocks of type: io
	Netlist      43	blocks of type: clb
	Architecture 140	blocks of type: clb
	Netlist      5	blocks of type: mult_36
	Architecture 6	blocks of type: mult_36
	Netlist      0	blocks of type: memory
	Architecture 4	blocks of type: memory

Computing delta_io_to_io lookup matrix, may take a few seconds, please wait...
Computing delta_io_to_clb lookup matrix, may take a few seconds, please wait...
Computing delta_clb_to_io lookup matrix, may take a few seconds, please wait...
Computing delta_clb_to_clb lookup matrix, may take a few seconds, please wait...

There are 1170 point to point connections in this circuit.

Initial placement cost: 1 bb_cost: 102.32 td_cost: 2.41754e-07 delay_cost: 6.00171e-07

--------- --------- ----------- ----------- ----------- ----------- -------- -------- ------- ------- ------- --------- -------
        T      Cost  Av BB Cost  Av TD Cost  Av Tot Del  P to P Del    d_max  Ac Rate Std Dev R limit     Exp Tot Moves   Alpha
--------- --------- ----------- ----------- ----------- ----------- -------- -------- ------- ------- ------- --------- -------
100.00000   0.98169     101.031 2.49838e-07 5.91234e-07 5.12967e-10  22.8952   1.0000  0.0331 15.0000  1.0000    206163  0.5703
 57.03376   0.97543     100.768 2.49806e-07 5.90051e-07  5.0282e-10  22.4370   1.0000  0.0337 15.0000  1.0000    412326  0.5703
 32.52850    0.9945     100.579 2.50317e-07  5.8902e-07 5.09597e-10  22.4802   1.0000  0.0336 15.0000  1.0000    618489  0.5703
 18.55222    1.0115     100.561 2.50837e-07 5.88492e-07 4.96939e-10  22.4944   0.9999  0.0342 15.0000  1.0000    824652  0.5703
 10.58103    1.0494     100.888 2.50747e-07 5.90239e-07 4.82629e-10  23.5277   0.9999  0.0357 15.0000  1.0000   1030815  0.5703
  6.03476    1.0217     100.871 2.51514e-07 5.90297e-07 4.93124e-10  22.3756   0.9999  0.0350 15.0000  1.0000   1236978  0.5703
  3.44185    1.0213     100.585 2.50212e-07 5.89394e-07 4.88347e-10  23.1699   0.9998  0.0337 15.0000  1.0000   1443141  0.5703
  1.96302   0.98167     100.803 2.49995e-07 5.90068e-07 5.13196e-10  22.7822   0.9997  0.0328 15.0000  1.0000   1649304  0.5703
  1.11958   0.96838     100.734  2.5005e-07 5.89992e-07  5.1945e-10  22.8500   0.9995  0.0329 15.0000  1.0000   1855467  0.5703
  0.63854     1.013     100.323 2.49563e-07 5.88181e-07 4.97452e-10  22.7019   0.9990  0.0338 15.0000  1.0000   2061630  0.5703
  0.36418   0.94042     100.406 2.48964e-07 5.88518e-07 5.24758e-10  22.5630   0.9982  0.0310 15.0000  1.0000   2267793  0.5703
  0.20771    0.9861     100.185 2.48155e-07 5.87591e-07 4.98391e-10  22.6444   0.9969  0.0338 15.0000  1.0000   2473956  0.5703
  0.11846   0.99456     100.078 2.47852e-07 5.87308e-07 4.99541e-10  23.4373   0.9942  0.0345 15.0000  1.0000   2680119  0.5703
  0.06756    1.0956     98.6966  2.4491e-07 5.81431e-07 4.66112e-10  22.9441   0.9886  0.0357 15.0000  1.0000   2886282  0.5703
  0.03853   0.98522     97.9788 2.44128e-07 5.78583e-07 5.00946e-10  22.6048   0.9829  0.0330 15.0000  1.0000   3092445  0.5703
  0.02198    1.0068     95.7289 2.38324e-07   5.703e-07 4.89563e-10  22.4868   0.9689  0.0312 15.0000  1.0000   3298608  0.5703
  0.01253   0.97564     92.3977 2.32512e-07 5.56972e-07 4.83985e-10  21.4440   0.9494  0.0297 15.0000  1.0000   3504771  0.5703
  0.00000   0.67022     60.3314 1.73435e-07 4.06637e-07 4.78688e-10            0.0141  0.0835 15.0000  1.0000   3710934

BB estimate of min-dist (placement) wirelength: 5435
bb_cost recomputed from scratch: 54.3512
timing_cost recomputed from scratch: 1.60211e-07
delay_cost recomputed from scratch: 3.73821e-07

Completed placement consistency check successfully.

Swaps called: 3710934

Placement estimated critical path delay: 19.8232 ns
Placement cost: 0.609589, bb_cost: 54.3514, td_cost: 1.60211e-07, delay_cost: 3.7382e-07
Placement total # of swap attempts: 3710934
	Swap reject rate: 0
	Swap accept rate: 0
	Swap abort rate: 0
Placement took 9.28 seconds.
Using low: -1, high: -1, current: 162
Build rr_graph took 0.61 seconds.
Confirming Router Algorithm: TIMING_DRIVEN.

Routing iteration: 1
Wire length after first iteration 8968, total available wire length 68040, ratio 0.131805
Critical path: 21.3501 ns
Routing iteration took 0.08 seconds.

Routing iteration: 2
Successfully routed after 2 routing iterations.
Completed net delay value cross check successfully.
Using low: -1, high: 162, current: 82
Build rr_graph took 0.19 seconds.
Confirming Router Algorithm: TIMING_DRIVEN.

Routing iteration: 1
Wire length after first iteration 9186, total available wire length 34440, ratio 0.266725
Critical path: 21.4273 ns
Routing iteration took 0.06 seconds.

Routing iteration: 2
Critical path: 22.3337 ns
Routing iteration took 0.08 seconds.

Routing iteration: 3
Successfully routed after 3 routing iterations.
Completed net delay value cross check successfully.
Using low: -1, high: 82, current: 42
Build rr_graph took 0.07 seconds.
Confirming Router Algorithm: TIMING_DRIVEN.

Routing iteration: 1
Wire length after first iteration 9471, total available wire length 17640, ratio 0.536905
Critical path: 21.4805 ns
Routing iteration took 0.05 seconds.

Routing iteration: 2
Critical path: 24.009 ns
Routing iteration took 0.29 seconds.

Routing iteration: 3
Critical path: 24.714 ns
Routing iteration took 0.23 seconds.

Routing iteration: 4
Critical path: 25.0314 ns
Routing iteration took 0.25 seconds.

Routing iteration: 5
Critical path: 26.9596 ns
Routing iteration took 0.27 seconds.

Routing iteration: 6
Critical path: 26.789 ns
Routing iteration took 0.21 seconds.

Routing iteration: 7
Critical path: 27.6227 ns
Routing iteration took 0.23 seconds.

Routing iteration: 8
Critical path: 29.8399 ns
Routing iteration took 0.23 seconds.

Routing iteration: 9
Critical path: 29.0364 ns
Routing iteration took 0.25 seconds.

Routing iteration: 10
Critical path: 29.1847 ns
Routing iteration took 0.26 seconds.

Routing iteration: 11
Critical path: 29.872 ns
Routing iteration took 0.29 seconds.

Routing iteration: 12
Critical path: 29.6427 ns
Routing iteration took 0.29 seconds.

Routing iteration: 13
Critical path: 28.7188 ns
Routing iteration took 0.32 seconds.

Routing iteration: 14
Critical path: 29.2445 ns
Routing iteration took 0.27 seconds.

Routing iteration: 15
Critical path: 29.2003 ns
Routing iteration took 0.28 seconds.

Routing iteration: 16
Critical path: 29.9929 ns
Routing iteration took 0.24 seconds.

Routing iteration: 17
Critical path: 29.3347 ns
Routing iteration took 0.21 seconds.

Routing iteration: 18
Critical path: 29.578 ns
Routing iteration took 0.25 seconds.

Routing iteration: 19
Critical path: 28.2884 ns
Routing iteration took 0.2 seconds.

Routing iteration: 20
Critical path: 26.8094 ns
Routing iteration took 0.24 seconds.

Routing iteration: 21
Critical path: 28.0343 ns
Routing iteration took 0.21 seconds.

Routing iteration: 22
Critical path: 28.4395 ns
Routing iteration took 0.2 seconds.

Routing iteration: 23
Critical path: 28.9556 ns
Routing iteration took 0.2 seconds.

Routing iteration: 24
Critical path: 28.8778 ns
Routing iteration took 0.17 seconds.

Routing iteration: 25
Critical path: 27.4398 ns
Routing iteration took 0.2 seconds.

Routing iteration: 26
Critical path: 27.4594 ns
Routing iteration took 0.18 seconds.

Routing iteration: 27
Critical path: 27.0191 ns
Routing iteration took 0.19 seconds.

Routing iteration: 28
Critical path: 27.2677 ns
Routing iteration took 0.19 seconds.

Routing iteration: 29
Critical path: 27.8318 ns
Routing iteration took 0.18 seconds.

Routing iteration: 30
Critical path: 28.0267 ns
Routing iteration took 0.19 seconds.

Routing iteration: 31
Critical path: 30.0508 ns
Routing iteration took 0.18 seconds.

Routing iteration: 32
Critical path: 27.8662 ns
Routing iteration took 0.17 seconds.

Routing iteration: 33
Critical path: 27.8576 ns
Routing iteration took 0.19 seconds.

Routing iteration: 34
Critical path: 26.6802 ns
Routing iteration took 0.18 seconds.

Routing iteration: 35
Critical path: 26.7835 ns
Routing iteration took 0.18 seconds.

Routing iteration: 36
Critical path: 28.8672 ns
Routing iteration took 0.15 seconds.

Routing iteration: 37
Critical path: 29.635 ns
Routing iteration took 0.16 seconds.

Routing iteration: 38
Critical path: 28.6204 ns
Routing iteration took 0.19 seconds.

Routing iteration: 39
Critical path: 29.8475 ns
Routing iteration took 0.17 seconds.

Routing iteration: 40
Critical path: 28.9542 ns
Routing iteration took 0.17 seconds.

Routing iteration: 41
Critical path: 28.8801 ns
Routing iteration took 0.15 seconds.

Routing iteration: 42
Critical path: 30.6544 ns
Routing iteration took 0.16 seconds.

Routing iteration: 43
Critical path: 28.5133 ns
Routing iteration took 0.16 seconds.

Routing iteration: 44
Critical path: 27.883 ns
Routing iteration took 0.16 seconds.

Routing iteration: 45
Critical path: 29.2856 ns
Routing iteration took 0.16 seconds.

Routing iteration: 46
Critical path: 28.2697 ns
Routing iteration took 0.15 seconds.

Routing iteration: 47
Critical path: 28.6058 ns
Routing iteration took 0.16 seconds.

Routing iteration: 48
Critical path: 30.1785 ns
Routing iteration took 0.15 seconds.

Routing iteration: 49
Critical path: 28.0962 ns
Routing iteration took 0.17 seconds.

Routing iteration: 50
Critical path: 28.1376 ns
Routing iteration took 0.16 seconds.
Routing failed.
Using low: 42, high: 82, current: 62
Build rr_graph took 0.12 seconds.
Confirming Router Algorithm: TIMING_DRIVEN.

Routing iteration: 1
Wire length after first iteration 9339, total available wire length 26040, ratio 0.358641
Critical path: 21.4052 ns
Routing iteration took 0.06 seconds.

Routing iteration: 2
