Node: 5266  TN_INPAD_SOURCE Block #42 (top^DXport~6)
Pin: inpad.inpad[0] pb (top^DXport~6)T_arr: 0  T_req: -2.25226e-08  Tdel: 0
Internal Net: #134 (top^DXport~6).  Pins on net: 5.

Node: 5265  TN_INPAD_OPIN Block #42 (top^DXport~6)
Pin: inpad.inpad[0] pb (top^DXport~6)
T_arr: 0  T_req: -2.25226e-08  Tdel: 4.243e-11
Internal Net: #134 (top^DXport~6).  Pins on net: 5.

Node: 5264  TN_CB_OPIN Block #42 (top^DXport~6)
Pin: io.inpad[0] pb (top^DXport~6)
T_arr: 4.243e-11  T_req: -2.24802e-08  Tdel: 9.58717e-10
External-to-Block Net: #239 (top^DXport~6).  Pins on net: 5.

Node: 3728  TN_CB_IPIN Block #10 (top^MULTIPLY~0[0])
Pin: mult_36.b[6] pb (top^MULTIPLY~0[0])
T_arr: 1.00115e-09  T_req: -2.15215e-08  Tdel: 1.34e-10
Internal Net: #134 (top^DXport~6).  Pins on net: 5.

Node: 3824  TN_INTERMEDIATE_NODE Block #10 (top^MULTIPLY~0[0])
Pin: mult_36x36_slice.B_cfg[6] pb (top^MULTIPLY~0[0])
T_arr: 1.13515e-09  T_req: -2.13875e-08  Tdel: 0
Internal Net: #134 (top^DXport~6).  Pins on net: 5.

Node: 3920  TN_PRIMITIVE_IPIN Block #10 (top^MULTIPLY~0[0])
Pin: mult_36x36.b[6] pb (top^MULTIPLY~0[0])
T_arr: 1.13515e-09  T_req: -2.13875e-08  Tdel: 1.523e-09
Internal Net: #134 (top^DXport~6).  Pins on net: 5.

Node: 3948  TN_PRIMITIVE_OPIN Block #10 (top^MULTIPLY~0[0])
Pin: mult_36x36.out[2] pb (top^MULTIPLY~0[0])
T_arr: 2.65815e-09  T_req: -1.98645e-08  Tdel: 0
Internal Net: #550 (top^MULTIPLY~0[2]).  Pins on net: 4.

Node: 3852  TN_INTERMEDIATE_NODE Block #10 (top^MULTIPLY~0[0])
Pin: mult_36x36_slice.OUT_cfg[2] pb (top^MULTIPLY~0[0])
T_arr: 2.65815e-09  T_req: -1.98645e-08  Tdel: 1.93e-09
Internal Net: #550 (top^MULTIPLY~0[2]).  Pins on net: 4.

Node: 3756  TN_CB_OPIN Block #10 (top^MULTIPLY~0[0])
Pin: mult_36.out[2] pb (top^MULTIPLY~0[0])
T_arr: 4.58815e-09  T_req: -1.79345e-08  Tdel: 8.6085e-10
External-to-Block Net: #267 (top^MULTIPLY~0[2]).  Pins on net: 4.

Node: 4981  TN_CB_IPIN Block #14 (top^MULTIPLY~42[0])
Pin: mult_36.a[2] pb (top^MULTIPLY~42[0])
T_arr: 5.449e-09  T_req: -1.70736e-08  Tdel: 1.34e-10
Internal Net: #550 (top^MULTIPLY~0[2]).  Pins on net: 4.

Node: 5049  TN_INTERMEDIATE_NODE Block #14 (top^MULTIPLY~42[0])
Pin: mult_36x36_slice.A_cfg[2] pb (top^MULTIPLY~42[0])
T_arr: 5.583e-09  T_req: -1.69396e-08  Tdel: 0
Internal Net: #550 (top^MULTIPLY~0[2]).  Pins on net: 4.

Node: 5117  TN_PRIMITIVE_IPIN Block #14 (top^MULTIPLY~42[0])
Pin: mult_36x36.a[2] pb (top^MULTIPLY~42[0])
T_arr: 5.583e-09  T_req: -1.69396e-08  Tdel: 1.523e-09
Internal Net: #550 (top^MULTIPLY~0[2]).  Pins on net: 4.

Node: 5162  TN_PRIMITIVE_OPIN Block #14 (top^MULTIPLY~42[0])
Pin: mult_36x36.out[13] pb (top^MULTIPLY~42[0])
T_arr: 7.106e-09  T_req: -1.54166e-08  Tdel: 0
Internal Net: #594 (top^MULTIPLY~42[13]).  Pins on net: 2.

Node: 5094  TN_INTERMEDIATE_NODE Block #14 (top^MULTIPLY~42[0])
Pin: mult_36x36_slice.OUT_cfg[13] pb (top^MULTIPLY~42[0])
T_arr: 7.106e-09  T_req: -1.54166e-08  Tdel: 1.93e-09
Internal Net: #594 (top^MULTIPLY~42[13]).  Pins on net: 2.

Node: 5026  TN_CB_OPIN Block #14 (top^MULTIPLY~42[0])
Pin: mult_36.out[13] pb (top^MULTIPLY~42[0])
T_arr: 9.036e-09  T_req: -1.34866e-08  Tdel: 8.85644e-10
External-to-Block Net: #324 (top^MULTIPLY~42[13]).  Pins on net: 2.

Node: 4698  TN_CB_IPIN Block #13 (top^MULTIPLY~43[0])
Pin: mult_36.a[13] pb (top^MULTIPLY~43[0])
T_arr: 9.92164e-09  T_req: -1.2601e-08  Tdel: 1.34e-10
Internal Net: #594 (top^MULTIPLY~42[13]).  Pins on net: 2.

Node: 4796  TN_INTERMEDIATE_NODE Block #13 (top^MULTIPLY~43[0])
Pin: mult_36x36_slice.A_cfg[13] pb (top^MULTIPLY~43[0])
T_arr: 1.00556e-08  T_req: -1.2467e-08  Tdel: 0
Internal Net: #594 (top^MULTIPLY~42[13]).  Pins on net: 2.

Node: 4894  TN_PRIMITIVE_IPIN Block #13 (top^MULTIPLY~43[0])
Pin: mult_36x36.a[13] pb (top^MULTIPLY~43[0])
T_arr: 1.00556e-08  T_req: -1.2467e-08  Tdel: 1.523e-09
Internal Net: #594 (top^MULTIPLY~42[13]).  Pins on net: 2.

Node: 4948  TN_PRIMITIVE_OPIN Block #13 (top^MULTIPLY~43[0])
Pin: mult_36x36.out[1] pb (top^MULTIPLY~43[0])
T_arr: 1.15786e-08  T_req: -1.0944e-08  Tdel: 0
Internal Net: #616 (top^MULTIPLY~43[1]).  Pins on net: 5.

Node: 4850  TN_INTERMEDIATE_NODE Block #13 (top^MULTIPLY~43[0])
Pin: mult_36x36_slice.OUT_cfg[1] pb (top^MULTIPLY~43[0])
T_arr: 1.15786e-08  T_req: -1.0944e-08  Tdel: 1.93e-09
Internal Net: #616 (top^MULTIPLY~43[1]).  Pins on net: 5.

Node: 4752  TN_CB_OPIN Block #13 (top^MULTIPLY~43[0])
Pin: mult_36.out[1] pb (top^MULTIPLY~43[0])
T_arr: 1.35086e-08  T_req: -9.01399e-09  Tdel: 4.7795e-10
External-to-Block Net: #186 (top^MULTIPLY~43[1]).  Pins on net: 3.

Node: 2623  TN_CB_IPIN Block #7 (n1581_1)
Pin: clb.I[9] pb (n1581_1)
T_arr: 1.39866e-08  T_req: -8.53604e-09  Tdel: 9.49996e-11
Internal Net: #616 (top^MULTIPLY~43[1]).  Pins on net: 5.

Node: 2723  TN_INTERMEDIATE_NODE Block #7 (n1581_1)
Pin: fle.in[1] pb (n1567_1)
T_arr: 1.40816e-08  T_req: -8.44104e-09  Tdel: 0
Internal Net: #616 (top^MULTIPLY~43[1]).  Pins on net: 5.

Node: 2730  TN_INTERMEDIATE_NODE Block #7 (n1581_1)
Pin: ble6.in[1] pb (n1567_1)
T_arr: 1.40816e-08  T_req: -8.44104e-09  Tdel: 0
Internal Net: #616 (top^MULTIPLY~43[1]).  Pins on net: 5.

Node: 2737  TN_INTERMEDIATE_NODE Block #7 (n1581_1)
Pin: lut6.in[1] pb (n1567_1)
T_arr: 1.40816e-08  T_req: -8.44104e-09  Tdel: 0
Internal Net: #616 (top^MULTIPLY~43[1]).  Pins on net: 5.

Node: 2744  TN_PRIMITIVE_IPIN Block #7 (n1581_1)
Pin: lut.in[1] pb (n1567_1)
T_arr: 1.40816e-08  T_req: -8.44104e-09  Tdel: 2.61e-10
Internal Net: #616 (top^MULTIPLY~43[1]).  Pins on net: 5.

Node: 2749  TN_PRIMITIVE_OPIN Block #7 (n1581_1)
Pin: lut.out[0] pb (n1567_1)
T_arr: 1.43426e-08  T_req: -8.18004e-09  Tdel: 0
Internal Net: #751 (n1567_1).  Pins on net: 6.

Node: 2742  TN_INTERMEDIATE_NODE Block #7 (n1581_1)
Pin: lut6.out[0] pb (n1567_1)
T_arr: 1.43426e-08  T_req: -8.18004e-09  Tdel: 2.49996e-11
Internal Net: #751 (n1567_1).  Pins on net: 6.

Node: 2735  TN_INTERMEDIATE_NODE Block #7 (n1581_1)
Pin: ble6.out[0] pb (n1567_1)
T_arr: 1.43676e-08  T_req: -8.15504e-09  Tdel: 0
Internal Net: #751 (n1567_1).  Pins on net: 6.

Node: 2728  TN_INTERMEDIATE_NODE Block #7 (n1581_1)
Pin: fle.out[0] pb (n1567_1)
T_arr: 1.43676e-08  T_req: -8.15504e-09  Tdel: 0
Internal Net: #751 (n1567_1).  Pins on net: 6.

Node: 2643  TN_CB_OPIN Block #7 (n1581_1)
Pin: clb.O[2] pb (n1581_1)
T_arr: 1.43676e-08  T_req: -8.15504e-09  Tdel: 3.42421e-10
External-to-Block Net: #162 (n1567_1).  Pins on net: 3.

Node: 2243  TN_CB_IPIN Block #6 (n1602_1)
Pin: clb.I[13] pb (n1602_1)
T_arr: 1.471e-08  T_req: -7.81262e-09  Tdel: 9.49996e-11
Internal Net: #751 (n1567_1).  Pins on net: 6.

Node: 2302  TN_INTERMEDIATE_NODE Block #6 (n1602_1)
Pin: fle.in[3] pb (n1579)
T_arr: 1.4805e-08  T_req: -7.71762e-09  Tdel: 0
Internal Net: #751 (n1567_1).  Pins on net: 6.

Node: 2309  TN_INTERMEDIATE_NODE Block #6 (n1602_1)
Pin: ble6.in[3] pb (n1579)
T_arr: 1.4805e-08  T_req: -7.71762e-09  Tdel: 0
Internal Net: #751 (n1567_1).  Pins on net: 6.

Node: 2316  TN_INTERMEDIATE_NODE Block #6 (n1602_1)
Pin: lut6.in[3] pb (n1579)
T_arr: 1.4805e-08  T_req: -7.71762e-09  Tdel: 0
Internal Net: #751 (n1567_1).  Pins on net: 6.

Node: 2323  TN_PRIMITIVE_IPIN Block #6 (n1602_1)
Pin: lut.in[3] pb (n1579)
T_arr: 1.4805e-08  T_req: -7.71762e-09  Tdel: 2.61e-10
Internal Net: #751 (n1567_1).  Pins on net: 6.

Node: 2326  TN_PRIMITIVE_OPIN Block #6 (n1602_1)
Pin: lut.out[0] pb (n1579)
T_arr: 1.5066e-08  T_req: -7.45662e-09  Tdel: 0
Internal Net: #761 (n1579).  Pins on net: 4.

Node: 2319  TN_INTERMEDIATE_NODE Block #6 (n1602_1)
Pin: lut6.out[0] pb (n1579)
T_arr: 1.5066e-08  T_req: -7.45662e-09  Tdel: 2.50004e-11
Internal Net: #761 (n1579).  Pins on net: 4.

Node: 2312  TN_INTERMEDIATE_NODE Block #6 (n1602_1)
Pin: ble6.out[0] pb (n1579)
T_arr: 1.5091e-08  T_req: -7.43162e-09  Tdel: 0
Internal Net: #761 (n1579).  Pins on net: 4.

Node: 2305  TN_INTERMEDIATE_NODE Block #6 (n1602_1)
Pin: fle.out[0] pb (n1579)
T_arr: 1.5091e-08  T_req: -7.43162e-09  Tdel: 7.49996e-11
Internal Net: #761 (n1579).  Pins on net: 4.

Node: 2364  TN_INTERMEDIATE_NODE Block #6 (n1602_1)
Pin: fle.in[2] pb (n1590)
T_arr: 1.5166e-08  T_req: -7.35662e-09  Tdel: 0
Internal Net: #761 (n1579).  Pins on net: 4.

Node: 2371  TN_INTERMEDIATE_NODE Block #6 (n1602_1)
Pin: ble6.in[2] pb (n1590)
T_arr: 1.5166e-08  T_req: -7.35662e-09  Tdel: 0
Internal Net: #761 (n1579).  Pins on net: 4.

Node: 2378  TN_INTERMEDIATE_NODE Block #6 (n1602_1)
Pin: lut6.in[2] pb (n1590)
T_arr: 1.5166e-08  T_req: -7.35662e-09  Tdel: 0
Internal Net: #761 (n1579).  Pins on net: 4.

Node: 2385  TN_PRIMITIVE_IPIN Block #6 (n1602_1)
Pin: lut.in[2] pb (n1590)
T_arr: 1.5166e-08  T_req: -7.35662e-09  Tdel: 2.61e-10
Internal Net: #761 (n1579).  Pins on net: 4.

Node: 2389  TN_PRIMITIVE_OPIN Block #6 (n1602_1)
Pin: lut.out[0] pb (n1590)
T_arr: 1.5427e-08  T_req: -7.09562e-09  Tdel: 0
Internal Net: #770 (n1590).  Pins on net: 5.

Node: 2382  TN_INTERMEDIATE_NODE Block #6 (n1602_1)
Pin: lut6.out[0] pb (n1590)
T_arr: 1.5427e-08  T_req: -7.09562e-09  Tdel: 2.50004e-11
Internal Net: #770 (n1590).  Pins on net: 5.

Node: 2375  TN_INTERMEDIATE_NODE Block #6 (n1602_1)
Pin: ble6.out[0] pb (n1590)
T_arr: 1.5452e-08  T_req: -7.07062e-09  Tdel: 0
Internal Net: #770 (n1590).  Pins on net: 5.

Node: 2368  TN_INTERMEDIATE_NODE Block #6 (n1602_1)
Pin: fle.out[0] pb (n1590)
T_arr: 1.5452e-08  T_req: -7.07062e-09  Tdel: 0
Internal Net: #770 (n1590).  Pins on net: 5.

Node: 2259  TN_CB_OPIN Block #6 (n1602_1)
Pin: clb.O[3] pb (n1602_1)
T_arr: 1.5452e-08  T_req: -7.07062e-09  Tdel: 3.42421e-10
External-to-Block Net: #132 (n1590).  Pins on net: 2.

Node: 1840  TN_CB_IPIN Block #5 (n1621_1)
Pin: clb.I[22] pb (n1621_1)
T_arr: 1.57944e-08  T_req: -6.7282e-09  Tdel: 9.49996e-11
Internal Net: #770 (n1590).  Pins on net: 5.

Node: 1893  TN_INTERMEDIATE_NODE Block #5 (n1621_1)
Pin: fle.in[3] pb (n1611_1)
T_arr: 1.58894e-08  T_req: -6.6332e-09  Tdel: 0
Internal Net: #770 (n1590).  Pins on net: 5.

Node: 1900  TN_INTERMEDIATE_NODE Block #5 (n1621_1)
Pin: ble6.in[3] pb (n1611_1)
T_arr: 1.58894e-08  T_req: -6.6332e-09  Tdel: 0
Internal Net: #770 (n1590).  Pins on net: 5.

Node: 1907  TN_INTERMEDIATE_NODE Block #5 (n1621_1)
Pin: lut6.in[3] pb (n1611_1)
T_arr: 1.58894e-08  T_req: -6.6332e-09  Tdel: 0
Internal Net: #770 (n1590).  Pins on net: 5.

Node: 1914  TN_PRIMITIVE_IPIN Block #5 (n1621_1)
Pin: lut.in[3] pb (n1611_1)
T_arr: 1.58894e-08  T_req: -6.6332e-09  Tdel: 2.61e-10
Internal Net: #770 (n1590).  Pins on net: 5.

Node: 1917  TN_PRIMITIVE_OPIN Block #5 (n1621_1)
Pin: lut.out[0] pb (n1611_1)
T_arr: 1.61504e-08  T_req: -6.3722e-09  Tdel: 0
Internal Net: #787 (n1611_1).  Pins on net: 4.

Node: 1910  TN_INTERMEDIATE_NODE Block #5 (n1621_1)
Pin: lut6.out[0] pb (n1611_1)
T_arr: 1.61504e-08  T_req: -6.3722e-09  Tdel: 2.50004e-11
Internal Net: #787 (n1611_1).  Pins on net: 4.

Node: 1903  TN_INTERMEDIATE_NODE Block #5 (n1621_1)
Pin: ble6.out[0] pb (n1611_1)
T_arr: 1.61754e-08  T_req: -6.3472e-09  Tdel: 0
Internal Net: #787 (n1611_1).  Pins on net: 4.

Node: 1896  TN_INTERMEDIATE_NODE Block #5 (n1621_1)
Pin: fle.out[0] pb (n1611_1)
T_arr: 1.61754e-08  T_req: -6.3472e-09  Tdel: 0
Internal Net: #787 (n1611_1).  Pins on net: 4.

Node: 1851  TN_CB_OPIN Block #5 (n1621_1)
Pin: clb.O[1] pb (n1621_1)
T_arr: 1.61754e-08  T_req: -6.3472e-09  Tdel: 3.42421e-10
External-to-Block Net: #143 (n1611_1).  Pins on net: 3.

Node: 3315  TN_CB_IPIN Block #9 (n1640)
Pin: clb.I[12] pb (n1640)
T_arr: 1.65179e-08  T_req: -6.00478e-09  Tdel: 9.49996e-11
Internal Net: #787 (n1611_1).  Pins on net: 4.

Node: 3551  TN_INTERMEDIATE_NODE Block #9 (n1640)
Pin: fle.in[4] pb (n1618)
T_arr: 1.66129e-08  T_req: -5.90978e-09  Tdel: 0
Internal Net: #787 (n1611_1).  Pins on net: 4.

Node: 3558  TN_INTERMEDIATE_NODE Block #9 (n1640)
Pin: ble6.in[4] pb (n1618)
T_arr: 1.66129e-08  T_req: -5.90978e-09  Tdel: 0
Internal Net: #787 (n1611_1).  Pins on net: 4.

Node: 3565  TN_INTERMEDIATE_NODE Block #9 (n1640)
Pin: lut6.in[4] pb (n1618)
T_arr: 1.66129e-08  T_req: -5.90978e-09  Tdel: 0
Internal Net: #787 (n1611_1).  Pins on net: 4.

Node: 3572  TN_PRIMITIVE_IPIN Block #9 (n1640)
Pin: lut.in[4] pb (n1618)
T_arr: 1.66129e-08  T_req: -5.90978e-09  Tdel: 2.61e-10
Internal Net: #787 (n1611_1).  Pins on net: 4.

Node: 3574  TN_PRIMITIVE_OPIN Block #9 (n1640)
Pin: lut.out[0] pb (n1618)
T_arr: 1.68739e-08  T_req: -5.64878e-09  Tdel: 0
Internal Net: #794 (n1618).  Pins on net: 7.

Node: 3567  TN_INTERMEDIATE_NODE Block #9 (n1640)
Pin: lut6.out[0] pb (n1618)
T_arr: 1.68739e-08  T_req: -5.64878e-09  Tdel: 2.50004e-11
Internal Net: #794 (n1618).  Pins on net: 7.

Node: 3560  TN_INTERMEDIATE_NODE Block #9 (n1640)
Pin: ble6.out[0] pb (n1618)
T_arr: 1.68989e-08  T_req: -5.62378e-09  Tdel: 0
Internal Net: #794 (n1618).  Pins on net: 7.

Node: 3553  TN_INTERMEDIATE_NODE Block #9 (n1640)
Pin: fle.out[0] pb (n1618)
T_arr: 1.68989e-08  T_req: -5.62378e-09  Tdel: 7.49996e-11
Internal Net: #794 (n1618).  Pins on net: 7.

Node: 3665  TN_INTERMEDIATE_NODE Block #9 (n1640)
Pin: fle.in[3] pb (n1640)
T_arr: 1.69739e-08  T_req: -5.54878e-09  Tdel: 0
Internal Net: #794 (n1618).  Pins on net: 7.

Node: 3672  TN_INTERMEDIATE_NODE Block #9 (n1640)
Pin: ble6.in[3] pb (n1640)
T_arr: 1.69739e-08  T_req: -5.54878e-09  Tdel: 0
Internal Net: #794 (n1618).  Pins on net: 7.

Node: 3679  TN_INTERMEDIATE_NODE Block #9 (n1640)
Pin: lut6.in[3] pb (n1640)
T_arr: 1.69739e-08  T_req: -5.54878e-09  Tdel: 0
Internal Net: #794 (n1618).  Pins on net: 7.

Node: 3686  TN_PRIMITIVE_IPIN Block #9 (n1640)
Pin: lut.in[3] pb (n1640)
T_arr: 1.69739e-08  T_req: -5.54878e-09  Tdel: 2.61e-10
Internal Net: #794 (n1618).  Pins on net: 7.

Node: 3689  TN_PRIMITIVE_OPIN Block #9 (n1640)
Pin: lut.out[0] pb (n1640)
T_arr: 1.72349e-08  T_req: -5.28778e-09  Tdel: 0
Internal Net: #811 (n1640).  Pins on net: 4.

Node: 3682  TN_INTERMEDIATE_NODE Block #9 (n1640)
Pin: lut6.out[0] pb (n1640)
T_arr: 1.72349e-08  T_req: -5.28778e-09  Tdel: 2.50004e-11
Internal Net: #811 (n1640).  Pins on net: 4.

Node: 3675  TN_INTERMEDIATE_NODE Block #9 (n1640)
Pin: ble6.out[0] pb (n1640)
T_arr: 1.72599e-08  T_req: -5.26278e-09  Tdel: 0
Internal Net: #811 (n1640).  Pins on net: 4.

Node: 3668  TN_INTERMEDIATE_NODE Block #9 (n1640)
Pin: fle.out[0] pb (n1640)
T_arr: 1.72599e-08  T_req: -5.26278e-09  Tdel: 0
Internal Net: #811 (n1640).  Pins on net: 4.

Node: 3336  TN_CB_OPIN Block #9 (n1640)
Pin: clb.O[9] pb (n1640)
T_arr: 1.72599e-08  T_req: -5.26278e-09  Tdel: 3.42421e-10
External-to-Block Net: #106 (n1640).  Pins on net: 3.

Node: 1467  TN_CB_IPIN Block #4 (n1660)
Pin: clb.I[22] pb (n1660)
T_arr: 1.76023e-08  T_req: -4.92036e-09  Tdel: 9.49996e-11
Internal Net: #811 (n1640).  Pins on net: 4.

Node: 1495  TN_INTERMEDIATE_NODE Block #4 (n1660)
Pin: fle.in[5] pb (n1647_1)
T_arr: 1.76973e-08  T_req: -4.82536e-09  Tdel: 0
Internal Net: #811 (n1640).  Pins on net: 4.

Node: 1502  TN_INTERMEDIATE_NODE Block #4 (n1660)
Pin: ble6.in[5] pb (n1647_1)
T_arr: 1.76973e-08  T_req: -4.82536e-09  Tdel: 0
Internal Net: #811 (n1640).  Pins on net: 4.

Node: 1509  TN_INTERMEDIATE_NODE Block #4 (n1660)
Pin: lut6.in[5] pb (n1647_1)
T_arr: 1.76973e-08  T_req: -4.82536e-09  Tdel: 0
Internal Net: #811 (n1640).  Pins on net: 4.

Node: 1516  TN_PRIMITIVE_IPIN Block #4 (n1660)
Pin: lut.in[5] pb (n1647_1)
T_arr: 1.76973e-08  T_req: -4.82536e-09  Tdel: 2.61e-10
Internal Net: #811 (n1640).  Pins on net: 4.

Node: 1517  TN_PRIMITIVE_OPIN Block #4 (n1660)
Pin: lut.out[0] pb (n1647_1)
T_arr: 1.79583e-08  T_req: -4.56436e-09  Tdel: 0
Internal Net: #818 (n1647_1).  Pins on net: 7.

Node: 1510  TN_INTERMEDIATE_NODE Block #4 (n1660)
Pin: lut6.out[0] pb (n1647_1)
T_arr: 1.79583e-08  T_req: -4.56436e-09  Tdel: 2.50004e-11
Internal Net: #818 (n1647_1).  Pins on net: 7.

Node: 1503  TN_INTERMEDIATE_NODE Block #4 (n1660)
Pin: ble6.out[0] pb (n1647_1)
T_arr: 1.79833e-08  T_req: -4.53936e-09  Tdel: 0
Internal Net: #818 (n1647_1).  Pins on net: 7.

Node: 1496  TN_INTERMEDIATE_NODE Block #4 (n1660)
Pin: fle.out[0] pb (n1647_1)
T_arr: 1.79833e-08  T_req: -4.53936e-09  Tdel: 0
Internal Net: #818 (n1647_1).  Pins on net: 7.

Node: 1477  TN_CB_OPIN Block #4 (n1660)
Pin: clb.O[0] pb (n1660)
T_arr: 1.79833e-08  T_req: -4.53936e-09  Tdel: 3.43528e-10
External-to-Block Net: #73 (n1647_1).  Pins on net: 3.

Node: 2997  TN_CB_IPIN Block #8 (n1672_1)
Pin: clb.I[21] pb (n1672_1)
T_arr: 1.83268e-08  T_req: -4.19583e-09  Tdel: 9.49996e-11
Internal Net: #818 (n1647_1).  Pins on net: 7.

Node: 3253  TN_INTERMEDIATE_NODE Block #8 (n1672_1)
Pin: fle.in[3] pb (n1669)
T_arr: 1.84218e-08  T_req: -4.10083e-09  Tdel: 0
Internal Net: #818 (n1647_1).  Pins on net: 7.

Node: 3260  TN_INTERMEDIATE_NODE Block #8 (n1672_1)
Pin: ble6.in[3] pb (n1669)
T_arr: 1.84218e-08  T_req: -4.10083e-09  Tdel: 0
Internal Net: #818 (n1647_1).  Pins on net: 7.

Node: 3267  TN_INTERMEDIATE_NODE Block #8 (n1672_1)
Pin: lut6.in[3] pb (n1669)
T_arr: 1.84218e-08  T_req: -4.10083e-09  Tdel: 0
Internal Net: #818 (n1647_1).  Pins on net: 7.

Node: 3274  TN_PRIMITIVE_IPIN Block #8 (n1672_1)
Pin: lut.in[3] pb (n1669)
T_arr: 1.84218e-08  T_req: -4.10083e-09  Tdel: 2.61e-10
Internal Net: #818 (n1647_1).  Pins on net: 7.

Node: 3277  TN_PRIMITIVE_OPIN Block #8 (n1672_1)
Pin: lut.out[0] pb (n1669)
T_arr: 1.86828e-08  T_req: -3.83983e-09  Tdel: 0
Internal Net: #836 (n1669).  Pins on net: 4.

Node: 3270  TN_INTERMEDIATE_NODE Block #8 (n1672_1)
Pin: lut6.out[0] pb (n1669)
T_arr: 1.86828e-08  T_req: -3.83983e-09  Tdel: 2.50004e-11
Internal Net: #836 (n1669).  Pins on net: 4.

Node: 3263  TN_INTERMEDIATE_NODE Block #8 (n1672_1)
Pin: ble6.out[0] pb (n1669)
T_arr: 1.87078e-08  T_req: -3.81483e-09  Tdel: 0
Internal Net: #836 (n1669).  Pins on net: 4.

Node: 3256  TN_INTERMEDIATE_NODE Block #8 (n1672_1)
Pin: fle.out[0] pb (n1669)
T_arr: 1.87078e-08  T_req: -3.81483e-09  Tdel: 0
Internal Net: #836 (n1669).  Pins on net: 4.

Node: 3014  TN_CB_OPIN Block #8 (n1672_1)
Pin: clb.O[8] pb (n1672_1)
T_arr: 1.87078e-08  T_req: -3.81483e-09  Tdel: 3.42421e-10
External-to-Block Net: #62 (n1669).  Pins on net: 2.

Node: 748  TN_CB_IPIN Block #2 (n1406)
Pin: clb.I[25] pb (n1406)
T_arr: 1.90502e-08  T_req: -3.47241e-09  Tdel: 9.49996e-11
Internal Net: #836 (n1669).  Pins on net: 4.

Node: 770  TN_INTERMEDIATE_NODE Block #2 (n1406)
Pin: fle.in[4] pb (n1677_1)
T_arr: 1.91452e-08  T_req: -3.37741e-09  Tdel: 0
Internal Net: #836 (n1669).  Pins on net: 4.

Node: 777  TN_INTERMEDIATE_NODE Block #2 (n1406)
Pin: ble6.in[4] pb (n1677_1)
T_arr: 1.91452e-08  T_req: -3.37741e-09  Tdel: 0
Internal Net: #836 (n1669).  Pins on net: 4.

Node: 784  TN_INTERMEDIATE_NODE Block #2 (n1406)
Pin: lut6.in[4] pb (n1677_1)
T_arr: 1.91452e-08  T_req: -3.37741e-09  Tdel: 0
Internal Net: #836 (n1669).  Pins on net: 4.

Node: 791  TN_PRIMITIVE_IPIN Block #2 (n1406)
Pin: lut.in[4] pb (n1677_1)
T_arr: 1.91452e-08  T_req: -3.37741e-09  Tdel: 2.61e-10
Internal Net: #836 (n1669).  Pins on net: 4.

Node: 793  TN_PRIMITIVE_OPIN Block #2 (n1406)
Pin: lut.out[0] pb (n1677_1)
T_arr: 1.94062e-08  T_req: -3.11641e-09  Tdel: 0
Internal Net: #842 (n1677_1).  Pins on net: 7.

Node: 786  TN_INTERMEDIATE_NODE Block #2 (n1406)
Pin: lut6.out[0] pb (n1677_1)
T_arr: 1.94062e-08  T_req: -3.11641e-09  Tdel: 2.50004e-11
Internal Net: #842 (n1677_1).  Pins on net: 7.

Node: 779  TN_INTERMEDIATE_NODE Block #2 (n1406)
Pin: ble6.out[0] pb (n1677_1)
T_arr: 1.94312e-08  T_req: -3.09141e-09  Tdel: 0
Internal Net: #842 (n1677_1).  Pins on net: 7.

Node: 772  TN_INTERMEDIATE_NODE Block #2 (n1406)
Pin: fle.out[0] pb (n1677_1)
T_arr: 1.94312e-08  T_req: -3.09141e-09  Tdel: 0
Internal Net: #842 (n1677_1).  Pins on net: 7.

Node: 756  TN_CB_OPIN Block #2 (n1406)
Pin: clb.O[0] pb (n1406)
T_arr: 1.94312e-08  T_req: -3.09141e-09  Tdel: 2.07999e-10
External-to-Block Net: #40 (n1677_1).  Pins on net: 3.

Node: 1093  TN_CB_IPIN Block #3 (n1688)
Pin: clb.I[22] pb (n1688)
T_arr: 1.96392e-08  T_req: -2.88341e-09  Tdel: 9.49996e-11
Internal Net: #842 (n1677_1).  Pins on net: 7.

Node: 1344  TN_INTERMEDIATE_NODE Block #3 (n1688)
Pin: fle.in[4] pb (n1681_1)
T_arr: 1.97342e-08  T_req: -2.78841e-09  Tdel: 0
Internal Net: #842 (n1677_1).  Pins on net: 7.

Node: 1351  TN_INTERMEDIATE_NODE Block #3 (n1688)
Pin: ble6.in[4] pb (n1681_1)
T_arr: 1.97342e-08  T_req: -2.78841e-09  Tdel: 0
Internal Net: #842 (n1677_1).  Pins on net: 7.

Node: 1358  TN_INTERMEDIATE_NODE Block #3 (n1688)
Pin: lut6.in[4] pb (n1681_1)
T_arr: 1.97342e-08  T_req: -2.78841e-09  Tdel: 0
Internal Net: #842 (n1677_1).  Pins on net: 7.

Node: 1365  TN_PRIMITIVE_IPIN Block #3 (n1688)
Pin: lut.in[4] pb (n1681_1)
T_arr: 1.97342e-08  T_req: -2.78841e-09  Tdel: 2.61e-10
Internal Net: #842 (n1677_1).  Pins on net: 7.

Node: 1367  TN_PRIMITIVE_OPIN Block #3 (n1688)
Pin: lut.out[0] pb (n1681_1)
T_arr: 1.99952e-08  T_req: -2.52741e-09  Tdel: 0
Internal Net: #844 (n1681_1).  Pins on net: 3.

Node: 1360  TN_INTERMEDIATE_NODE Block #3 (n1688)
Pin: lut6.out[0] pb (n1681_1)
T_arr: 1.99952e-08  T_req: -2.52741e-09  Tdel: 2.50004e-11
Internal Net: #844 (n1681_1).  Pins on net: 3.

Node: 1353  TN_INTERMEDIATE_NODE Block #3 (n1688)
Pin: ble6.out[0] pb (n1681_1)
T_arr: 2.00202e-08  T_req: -2.50241e-09  Tdel: 0
Internal Net: #844 (n1681_1).  Pins on net: 3.

Node: 1346  TN_INTERMEDIATE_NODE Block #3 (n1688)
Pin: fle.out[0] pb (n1681_1)
T_arr: 2.00202e-08  T_req: -2.50241e-09  Tdel: 7.49996e-11
Internal Net: #844 (n1681_1).  Pins on net: 3.

Node: 1427  TN_INTERMEDIATE_NODE Block #3 (n1688)
Pin: fle.in[3] pb (n1688)
T_arr: 2.00952e-08  T_req: -2.42741e-09  Tdel: 0
Internal Net: #844 (n1681_1).  Pins on net: 3.

Node: 1434  TN_INTERMEDIATE_NODE Block #3 (n1688)
Pin: ble6.in[3] pb (n1688)
T_arr: 2.00952e-08  T_req: -2.42741e-09  Tdel: 0
Internal Net: #844 (n1681_1).  Pins on net: 3.

Node: 1441  TN_INTERMEDIATE_NODE Block #3 (n1688)
Pin: lut6.in[3] pb (n1688)
T_arr: 2.00952e-08  T_req: -2.42741e-09  Tdel: 0
Internal Net: #844 (n1681_1).  Pins on net: 3.

Node: 1448  TN_PRIMITIVE_IPIN Block #3 (n1688)
Pin: lut.in[3] pb (n1688)
T_arr: 2.00952e-08  T_req: -2.42741e-09  Tdel: 2.61e-10
Internal Net: #844 (n1681_1).  Pins on net: 3.

Node: 1451  TN_PRIMITIVE_OPIN Block #3 (n1688)
Pin: lut.out[0] pb (n1688)
T_arr: 2.03562e-08  T_req: -2.16641e-09  Tdel: 0
Internal Net: #849 (n1688).  Pins on net: 5.

Node: 1444  TN_INTERMEDIATE_NODE Block #3 (n1688)
Pin: lut6.out[0] pb (n1688)
T_arr: 2.03562e-08  T_req: -2.16641e-09  Tdel: 2.50004e-11
Internal Net: #849 (n1688).  Pins on net: 5.

Node: 1437  TN_INTERMEDIATE_NODE Block #3 (n1688)
Pin: ble6.out[0] pb (n1688)
T_arr: 2.03812e-08  T_req: -2.14141e-09  Tdel: 0
Internal Net: #849 (n1688).  Pins on net: 5.

Node: 1430  TN_INTERMEDIATE_NODE Block #3 (n1688)
Pin: fle.out[0] pb (n1688)
T_arr: 2.03812e-08  T_req: -2.14141e-09  Tdel: 0
Internal Net: #849 (n1688).  Pins on net: 5.

Node: 1110  TN_CB_OPIN Block #3 (n1688)
Pin: clb.O[9] pb (n1688)
T_arr: 2.03812e-08  T_req: -2.14141e-09  Tdel: 3.42421e-10
External-to-Block Net: #39 (n1688).  Pins on net: 3.

Node: 373  TN_CB_IPIN Block #1 (n1719)
Pin: clb.I[32] pb (n1719)
T_arr: 2.07236e-08  T_req: -1.79899e-09  Tdel: 9.49996e-11
Internal Net: #849 (n1688).  Pins on net: 5.

Node: 703  TN_INTERMEDIATE_NODE Block #1 (n1719)
Pin: fle.in[5] pb (n1719)
T_arr: 2.08186e-08  T_req: -1.70399e-09  Tdel: 0
Internal Net: #849 (n1688).  Pins on net: 5.

Node: 710  TN_INTERMEDIATE_NODE Block #1 (n1719)
Pin: ble6.in[5] pb (n1719)
T_arr: 2.08186e-08  T_req: -1.70399e-09  Tdel: 0
Internal Net: #849 (n1688).  Pins on net: 5.

Node: 717  TN_INTERMEDIATE_NODE Block #1 (n1719)
Pin: lut6.in[5] pb (n1719)
T_arr: 2.08186e-08  T_req: -1.70399e-09  Tdel: 0
Internal Net: #849 (n1688).  Pins on net: 5.

Node: 724  TN_PRIMITIVE_IPIN Block #1 (n1719)
Pin: lut.in[5] pb (n1719)
T_arr: 2.08186e-08  T_req: -1.70399e-09  Tdel: 2.61e-10
Internal Net: #849 (n1688).  Pins on net: 5.

Node: 725  TN_PRIMITIVE_OPIN Block #1 (n1719)
Pin: lut.out[0] pb (n1719)
T_arr: 2.10796e-08  T_req: -1.44299e-09  Tdel: 0
Internal Net: #876 (n1719).  Pins on net: 2.

Node: 718  TN_INTERMEDIATE_NODE Block #1 (n1719)
Pin: lut6.out[0] pb (n1719)
T_arr: 2.10796e-08  T_req: -1.44299e-09  Tdel: 2.50004e-11
Internal Net: #876 (n1719).  Pins on net: 2.

Node: 711  TN_INTERMEDIATE_NODE Block #1 (n1719)
Pin: ble6.out[0] pb (n1719)
T_arr: 2.11046e-08  T_req: -1.41799e-09  Tdel: 0
Internal Net: #876 (n1719).  Pins on net: 2.

Node: 704  TN_INTERMEDIATE_NODE Block #1 (n1719)
Pin: fle.out[0] pb (n1719)
T_arr: 2.11046e-08  T_req: -1.41799e-09  Tdel: 0
Internal Net: #876 (n1719).  Pins on net: 2.

Node: 386  TN_CB_OPIN Block #1 (n1719)
Pin: clb.O[9] pb (n1719)
T_arr: 2.11046e-08  T_req: -1.41799e-09  Tdel: 3.42421e-10
External-to-Block Net: #19 (n1719).  Pins on net: 2.

Node: 19  TN_CB_IPIN Block #0 (n1416)
Pin: clb.I[39] pb (n1416)
T_arr: 2.14471e-08  T_req: -1.07557e-09  Tdel: 9.49996e-11
Internal Net: #876 (n1719).  Pins on net: 2.

Node: 29  TN_INTERMEDIATE_NODE Block #0 (n1416)
Pin: fle.in[4] pb (n1718)
T_arr: 2.15421e-08  T_req: -9.8057e-10  Tdel: 0
Internal Net: #876 (n1719).  Pins on net: 2.

Node: 36  TN_INTERMEDIATE_NODE Block #0 (n1416)
Pin: ble6.in[4] pb (n1718)
T_arr: 2.15421e-08  T_req: -9.8057e-10  Tdel: 0
Internal Net: #876 (n1719).  Pins on net: 2.

Node: 43  TN_INTERMEDIATE_NODE Block #0 (n1416)
Pin: lut6.in[4] pb (n1718)
T_arr: 2.15421e-08  T_req: -9.8057e-10  Tdel: 0
Internal Net: #876 (n1719).  Pins on net: 2.

Node: 50  TN_PRIMITIVE_IPIN Block #0 (n1416)
Pin: lut.in[4] pb (n1718)
T_arr: 2.15421e-08  T_req: -9.8057e-10  Tdel: 2.61e-10
Internal Net: #876 (n1719).  Pins on net: 2.

Node: 52  TN_PRIMITIVE_OPIN Block #0 (n1416)
Pin: lut.out[0] pb (n1718)
T_arr: 2.18031e-08  T_req: -7.1957e-10  Tdel: 0
Internal Net: #874 (n1718).  Pins on net: 3.

Node: 45  TN_INTERMEDIATE_NODE Block #0 (n1416)
Pin: lut6.out[0] pb (n1718)
T_arr: 2.18031e-08  T_req: -7.1957e-10  Tdel: 2.50004e-11
Internal Net: #874 (n1718).  Pins on net: 3.

Node: 38  TN_INTERMEDIATE_NODE Block #0 (n1416)
Pin: ble6.out[0] pb (n1718)
T_arr: 2.18281e-08  T_req: -6.9457e-10  Tdel: 0
Internal Net: #874 (n1718).  Pins on net: 3.

Node: 31  TN_INTERMEDIATE_NODE Block #0 (n1416)
Pin: fle.out[0] pb (n1718)
T_arr: 2.18281e-08  T_req: -6.9457e-10  Tdel: 7.49996e-11
Internal Net: #874 (n1718).  Pins on net: 3.

Node: 277  TN_INTERMEDIATE_NODE Block #0 (n1416)
Pin: fle.in[3] pb (n1714)
T_arr: 2.19031e-08  T_req: -6.1957e-10  Tdel: 0
Internal Net: #874 (n1718).  Pins on net: 3.

Node: 284  TN_INTERMEDIATE_NODE Block #0 (n1416)
Pin: lut5inter.in[3] pb (n1714)
T_arr: 2.19031e-08  T_req: -6.1957e-10  Tdel: 0
Internal Net: #874 (n1718).  Pins on net: 3.

Node: 291  TN_INTERMEDIATE_NODE Block #0 (n1416)
Pin: ble5.in[3] pb (n1721_1)
T_arr: 2.19031e-08  T_req: -6.1957e-10  Tdel: 0
Internal Net: #874 (n1718).  Pins on net: 3.

Node: 297  TN_INTERMEDIATE_NODE Block #0 (n1416)
Pin: lut5.in[3] pb (n1721_1)
T_arr: 2.19031e-08  T_req: -6.1957e-10  Tdel: 0
Internal Net: #874 (n1718).  Pins on net: 3.

Node: 303  TN_PRIMITIVE_IPIN Block #0 (n1416)
Pin: lut.in[3] pb (n1721_1)
T_arr: 2.19031e-08  T_req: -6.1957e-10  Tdel: 2.35e-10
Internal Net: #874 (n1718).  Pins on net: 3.

Node: 305  TN_PRIMITIVE_OPIN Block #0 (n1416)
Pin: lut.out[0] pb (n1721_1)
T_arr: 2.21381e-08  T_req: -3.8457e-10  Tdel: 0
Internal Net: #877 (n1721_1).  Pins on net: 2.

Node: 299  TN_INTERMEDIATE_NODE Block #0 (n1416)
Pin: lut5.out[0] pb (n1721_1)
T_arr: 2.21381e-08  T_req: -3.8457e-10  Tdel: 2.50004e-11
Internal Net: #877 (n1721_1).  Pins on net: 2.

Node: 293  TN_INTERMEDIATE_NODE Block #0 (n1416)
Pin: ble5.out[0] pb (n1721_1)
T_arr: 2.21631e-08  T_req: -3.5957e-10  Tdel: 0
Internal Net: #877 (n1721_1).  Pins on net: 2.

Node: 286  TN_INTERMEDIATE_NODE Block #0 (n1416)
Pin: lut5inter.out[0] pb (n1714)
T_arr: 2.21631e-08  T_req: -3.5957e-10  Tdel: 0
Internal Net: #877 (n1721_1).  Pins on net: 2.

Node: 279  TN_INTERMEDIATE_NODE Block #0 (n1416)
Pin: fle.out[0] pb (n1714)
T_arr: 2.21631e-08  T_req: -3.5957e-10  Tdel: 7.49996e-11
Internal Net: #877 (n1721_1).  Pins on net: 2.

Node: 188  TN_INTERMEDIATE_NODE Block #0 (n1416)
Pin: fle.in[5] pb (n1421)
T_arr: 2.22381e-08  T_req: -2.8457e-10  Tdel: 0
Internal Net: #877 (n1721_1).  Pins on net: 2.

Node: 196  TN_INTERMEDIATE_NODE Block #0 (n1416)
Pin: ble6.in[5] pb (n1421)
T_arr: 2.22381e-08  T_req: -2.8457e-10  Tdel: 0
Internal Net: #877 (n1721_1).  Pins on net: 2.

Node: 204  TN_INTERMEDIATE_NODE Block #0 (n1416)
Pin: lut6.in[5] pb (n1421)
T_arr: 2.22381e-08  T_req: -2.8457e-10  Tdel: 0
Internal Net: #877 (n1721_1).  Pins on net: 2.

Node: 211  TN_PRIMITIVE_IPIN Block #0 (n1416)
Pin: lut.in[5] pb (n1421)
T_arr: 2.22381e-08  T_req: -2.8457e-10  Tdel: 2.61e-10
Internal Net: #877 (n1721_1).  Pins on net: 2.

Node: 212  TN_PRIMITIVE_OPIN Block #0 (n1416)
Pin: lut.out[0] pb (n1421)
T_arr: 2.24991e-08  T_req: -2.357e-11  Tdel: 0
Internal Net: #418 (n1421).  Pins on net: 2.

Node: 205  TN_INTERMEDIATE_NODE Block #0 (n1416)
Pin: lut6.out[0] pb (n1421)
T_arr: 2.24991e-08  T_req: -2.357e-11  Tdel: 0
Internal Net: #418 (n1421).  Pins on net: 2.

Node: 213  TN_FF_IPIN Block #0 (n1416)
Pin: ff.D[0] pb (top^FF_NODE~172)
T_arr: 2.24991e-08  T_req: -2.357e-11  Tdel: 6.60005e-11
Internal Net: #418 (n1421).  Pins on net: 2.

Node: 214  TN_FF_SINK Block #0 (n1416)
Pin: ff.D[0] pb (top^FF_NODE~172)
T_arr: 2.25651e-08  T_req: 4.243e-11  
Internal Net: #418 (n1421).  Pins on net: 2.


Tnodes on critical path: 162  Non-global nets on critical path: 13.
Global nets on critical path: 0.
Total logic delay: 1.64334e-08 (s)  Total net delay: 6.13164e-09 (s)
