The following slacks have been normalized to be non-negative by relaxing the required times to the maximum arrival time.

Largest slack in design: -5.46318e-10
Smallest slack in design: -2.25226e-08
Total slack in design: -1.22276e-05
Total negative slack: 1.22276e-05


Range		-2.3e-08 to -1.8e-08	-1.8e-08 to -1.4e-08	-1.4e-08 to -9.3e-09	-9.3e-09 to -4.9e-09	-4.9e-09 to -5.5e-10	Not analysed
Slacks in range		263			145			134			233			492			38

Net #	Driver_tnode	to_node	Slack

    0	15613		    0	-8.9995e-10
    1	 4779		    1	-1.57347e-08
			  726	-1.57878e-08
    2	  387		    2	-2.23611e-08
			  750	-2.23351e-08
    3	 6523		    3	-1.13776e-08
			  755	-1.12681e-08
    4	 3016		    4	-7.62393e-09
			  360	-7.26182e-09
			  739	-7.4624e-09
			 1089	-7.1274e-09
			 1471	-7.26293e-09
			 1830	-8.33983e-09
			 2234	-7.26182e-09
			 2628	-7.12629e-09
			 3308	-7.26293e-09
			 3986	-7.62282e-09
			 4353	-7.85193e-09
			 5293	-7.26182e-09
			 5731	-8.12077e-09
			 6078	-7.98524e-09
			 6929	-7.26182e-09
			 7371	-7.95924e-09
			 7749	-7.59682e-09
			 8111	-7.82371e-09
			 8475	-8.09477e-09
			 8818	-8.25519e-09
			 9187	-7.26182e-09
			 9514	-7.59682e-09
			 9965	-7.26182e-09
			10345	-7.93324e-09
			10691	-8.11966e-09
			11081	-7.95924e-09
			11468	-7.82482e-09
			11953	-8.09477e-09
			12419	-7.98524e-09
			12716	-8.09256e-09
			13070	-7.82371e-09
			13510	-8.22919e-09
    5	  764		    5	-2.43637e-09
			 3718	-2.22109e-08
			14474	-9.08528e-10
    6	  761		    6	-2.21071e-08
    7	15072		    7	-1.56241e-08
    8	15565		    8	-1.28292e-09
			  372	-1.41845e-09
			  753	-1.1225e-09
			 1082	-1.1474e-09
			 1470	-1.01297e-09
			 1825	-2.08987e-09
			 2245	-2.09499e-09
			 2635	-1.95946e-09
			 3306	-8.9995e-10
			 3992	-1.95836e-09
			 4360	-1.1474e-09
			 5286	-1.41845e-09
			 5718	-1.01187e-09
			 6058	-1.28292e-09
			 6947	-1.82283e-09
			 7372	-1.55398e-09
			 7739	-1.82283e-09
			 8133	-9.85867e-10
			 8467	-1.41845e-09
			 8847	-1.6884e-09
			 9198	-2.22941e-09
			 9517	-1.41845e-09
			 9953	-1.95836e-09
			10350	-1.95836e-09
			10700	-1.82393e-09
			11093	-1.52798e-09
    9	 1482		    9	-1.3164e-09
			  374	-1.06895e-09
			  749	-1.6514e-09
			 1088	-1.3164e-09
			 1827	-2.01143e-09
			 2253	-1.34001e-09
			 2622	-1.06895e-09
			 2983	-2.14935e-09
			 3307	-7.98999e-10
			 3993	-1.20448e-09
			 4361	-1.36089e-09
			 5292	-1.29389e-09
			 5722	-1.49531e-09
			 6081	-1.20337e-09
			 6927	-1.06895e-09
			 7380	-2.03743e-09
			 7740	-1.67501e-09
			 8110	-1.49531e-09
			 8468	-2.17185e-09
			 8822	-1.34001e-09
			 9199	-1.47443e-09
			 9524	-1.53948e-09
			 9966	-1.3389e-09
			10343	-1.6739e-09
			10695	-1.53948e-09
			11097	-2.03632e-09
			11955	-1.9019e-09
			12417	-2.30738e-09
			12742	-2.41708e-09
			13091	-2.17074e-09
   10	 4780		   10	-1.5331e-08
			  732	-1.61911e-08
   11	 4781		   11	-1.50622e-08
   12	  763		   12	-2.17718e-08
   13	 5311		   13	-2.20703e-08
			  361	-2.21616e-08
			  751	-2.17082e-08
   14	15622		   14	-8.9995e-10
   15	  759		   15	-2.19333e-08
   16	  758		   16	-2.17978e-08
   17	15619		   17	-9.01057e-10
   18	 6525		   18	-1.08406e-08
   19	  386		   19	-2.25226e-08
   20	   20		  729	-2.21071e-08
   21	   21		  747	-2.21953e-09
			 3719	-2.24819e-08
			14479	-1.44843e-09
   22	   22		 3721	-2.24808e-08
			11951	-9.07421e-10
			15059	-2.32684e-09
   23	   23		 3720	-2.20764e-08
			11937	-9.08528e-10
   24	16060		   24	--
			  390	--
			  765	--
			 1114	--
			 1489	--
			 1863	--
			 2268	--
			 2651	--
			 3341	--
			 4009	--
			 4377	--
			 5316	--
			 5745	--
			 6095	--
			 6963	--
			 7394	--
			 7765	--
			 8143	--
			 8489	--
			 8853	--
			 9213	--
			 9543	--
			 9981	--
			10366	--
			10712	--
			11110	--
			11501	--
			11976	--
			12765	--
			13107	--
			13538	--
			13987	--
			14505	--
			15078	--
   25	 4776		  356	-1.68834e-08
			11482	-1.72975e-08
   26	15628		  357	-1.03548e-09
   27	 4777		  358	-1.61466e-08
			  735	-1.63215e-08
			 5300	-1.58781e-08
   28	 3010		  359	-2.13041e-08
   29	 6521		  362	-1.1293e-08
			 6083	-1.0597e-08
   30	 6092		  363	-2.19622e-08
   31	15634		  364	-1.01187e-09
   32	15631		  365	-8.58397e-10
   33	 6522		  366	-1.17906e-08
			 5291	-1.15221e-08
   34	 4774		  367	-1.64556e-08
			  734	-1.67356e-08
			 1090	-1.67356e-08
   35	 4775		  368	-1.63201e-08
			  742	-1.66001e-08
			 1091	-1.67356e-08
   36	 3011		  369	-2.14656e-08
   37	  757		  370	-2.22946e-08
			 5298	-2.21616e-08
   38	 5315		  371	-1.69795e-08
   39	 1110		  373	-2.25226e-08
			 6066	-2.19622e-08
   40	  756		  375	-2.21071e-08
			 1093	-2.25226e-08
   41	 6520		  376	-1.14285e-08
			 6082	-1.05981e-08
   42	15637		  377	-1.03437e-09
   43	 6094		  378	-2.18006e-08
   44	  379		  752	-2.14371e-08
   45	  380		  743	-3.57279e-09
			 1102	-3.57279e-09
			 3713	-2.2212e-08
			11470	-1.04295e-09
   46	  381		  730	-3.30173e-09
			 1092	-3.70721e-09
			 3714	-2.20753e-08
			11479	-7.71892e-10
   47	  382		  740	-1.68834e-08
			 5299	-1.65755e-08
   48	  383		  745	-2.7532e-09
			 3716	-2.23464e-08
			 5301	-2.30978e-09
   49	  384		 3715	-2.20764e-08
			11480	-4.13579e-09
   50	  385		 6064	-2.16391e-08
   51	  388		  741	-2.21356e-08
   52	  389		 6079	-2.1638e-08
   53	 6524		  727	-1.13871e-08
   54	15742		  728	-9.86899e-10
   55	11492		  731	-1.72975e-08
   56	 3012		  733	-2.09067e-08
   57	 4772		  736	-1.7459e-08
			 1077	-1.70695e-08
			 3006	-1.7459e-08
   58	 4773		  737	-1.75934e-08
			 3005	-1.79295e-08
   59	 1104		  738	-3.89073e-09
			 2984	-4.02626e-09
			 3711	-2.20753e-08
			11476	-7.72999e-10
   60	 4778		  744	-1.63215e-08
			 5287	-1.69795e-08
   61	 3009		  746	-1.78865e-08
   62	 3014		  748	-2.25226e-08
   63	15526		  754	-1.31024e-09
   64	  760		 2987	-4.36237e-09
			 3712	-2.22109e-08
			11469	-9.07421e-10
   65	  762		 3717	-2.22109e-08
			 5302	-3.41126e-09
   66	 6518		 1078	-1.25787e-08
   67	 1486		 1079	-2.20236e-08
			 2986	-2.10476e-08
			11471	-2.02172e-08
   68	 4770		 1080	-1.74045e-08
			 1455	-1.76856e-08
			 2996	-1.80469e-08
   69	 1488		 1081	-4.10726e-09
			 3008	-4.74968e-09
			 3708	-2.2212e-08
			 4346	-1.49531e-09
			11464	-9.07421e-10
   70	 6515		 1083	-1.29235e-08
   71	 6519		 1084	-1.25118e-08
   72	 1483		 1085	-3.97173e-09
			 2988	-4.61415e-09
			 3709	-2.20753e-08
			11461	-9.07421e-10
   73	 1477		 1086	-2.18802e-08
			 2997	-2.25226e-08
   74	 3015		 1087	-2.22957e-08
   75	15643		 1094	-8.39708e-10
   76	11491		 1095	-2.01934e-08
   77	 4769		 1096	-1.75411e-08
			 1475	-1.78211e-08
			 2995	-1.8318e-08
   78	 4771		 1097	-1.86088e-08
			 2989	-1.78865e-08
   79	11500		 1098	-2.03018e-08
   80	15640		 1099	-7.64421e-10
   81	 3013		 1100	-2.17992e-08
   82	 6516		 1101	-1.24905e-08
			 2980	-1.138e-08
			11481	-1.05756e-08
   83	 1103		 2982	-2.09978e-08
			11478	-2.03018e-08
   84	 1105		 2990	-4.83671e-09
			 3710	-2.23239e-08
			11467	-7.72999e-10
   85	 1106		 2998	-1.86088e-08
   86	 1107		 2994	-2.13052e-08
   87	 1108		 2993	-2.13301e-08
   88	 1109		 3003	-2.14656e-08
   89	 1111		 2985	-2.11322e-08
			11465	-2.03018e-08
   90	 1112		 3002	-2.09967e-08
			11477	-2.01923e-08
   91	 1113		 3004	-2.14396e-08
   92	 6513		 1452	-1.35499e-08
   93	15754		 1453	-8.31438e-10
   94	 4369		 1454	-2.01901e-08
   95	15661		 1456	-8.57438e-10
   96	11975		 1457	-1.98302e-08
   97	 4375		 1458	-2.1836e-08
			11958	-1.90796e-08
   98	 4767		 1459	-1.87714e-08
			 4352	-1.82464e-08
   99	 4768		 1460	-1.87714e-08
			 4350	-1.87429e-08
  100	 4367		 1461	-5.33868e-09
			 3707	-2.23464e-08
			11463	-1.3129e-09
  101	 6511		 1462	-1.34618e-08
			 4357	-1.0369e-08
			11957	-1.0571e-08
  102	 3337		 1463	-2.16092e-08
			 4365	-1.94157e-08
  103	 6514		 1464	-1.3577e-08
  104	 6512		 1465	-1.39584e-08
			 4349	-1.38243e-08
  105	 4372		 1466	-1.93344e-08
  106	 3336		 1467	-2.25226e-08
			 4354	-2.15282e-08
  107	 4370		 1468	-1.87429e-08
  108	15646		 1469	-8.57438e-10
  109	 3329		 1472	-2.17447e-08
			 4347	-1.95513e-08
  110	 1858		 1473	-2.20236e-08
			 4356	-1.98302e-08
  111	 4371		 1474	-2.15282e-08
  112	 4368		 1476	-2.02172e-08
  113	 1478		 3706	-2.22109e-08
			 4358	-4.81473e-09
			11474	-7.72999e-10
  114	 1479		 4345	-1.89307e-08
  115	 1480		 4344	-2.02172e-08
  116	 1481		 4359	-1.94948e-08
  117	 1484		 4355	-1.96564e-08
  118	 1485		 4351	-1.95208e-08
  119	 1487		 4363	-1.94937e-08
  120	15760		 1826	-8.75057e-10
  121	 5742		 1828	-2.13937e-08
  122	15682		 1829	-1.0129e-09
  123	 5743		 1831	-1.83335e-08
  124	 4761		 1832	-2.09154e-08
  125	15763		 1833	-8.52477e-10
  126	 6507		 1834	-1.50214e-08
			 5720	-1.47529e-08
  127	 6506		 1835	-1.45038e-08
			 5708	-1.08244e-08
  128	 5737		 1836	-1.79974e-08
  129	 3330		 1837	-2.18632e-08
			 5717	-1.84104e-08
  130	 3331		 1838	-2.18892e-08
			 5726	-1.84364e-08
  131	 4760		 1839	-2.05793e-08
  132	 2259		 1840	-2.25226e-08
  133	 5744		 1841	-1.95585e-08
  134	11962		 1842	-1.70312e-08
  135	 3338		 1843	-2.19987e-08
			 5714	-1.8546e-08
  136	13098		 1844	-1.7905e-08
  137	 2267		 1845	-2.18383e-08
			 5712	-1.84939e-08
  138	 4762		 1846	-1.89944e-08
			 3310	-1.98558e-08
			 5732	-1.88614e-08
  139	 6505		 1847	-1.45463e-08
			 5723	-1.10664e-08
  140	 4759		 1848	-2.07159e-08
			 2255	-1.98035e-08
  141	 3332		 1849	-2.20236e-08
			 5709	-1.85708e-08
  142	 1850		 3318	-2.04188e-08
			 5730	-1.94244e-08
  143	 1851		 3315	-2.25226e-08
			 5715	-2.13937e-08
  144	 1852		 5711	-1.79818e-08
  145	 1853		 5288	-8.06877e-09
			10696	-8.20319e-09
			11094	-8.2043e-09
			11462	-7.93435e-09
			11954	-8.2043e-09
			12731	-8.06877e-09
			13085	-8.06877e-09
			13518	-8.33872e-09
			13958	-8.33983e-09
			14480	-7.93435e-09
			15063	-8.2043e-09
  146	 1854		 2236	-2.18383e-08
			13066	-1.7905e-08
  147	 1855		 3314	-6.80822e-09
			 3701	-2.2212e-08
			 5733	-5.42973e-09
			14478	-7.72999e-10
  148	 1856		 3699	-2.20753e-08
			 5295	-9.07421e-10
			13083	-1.49531e-09
  149	 1857		 5710	-1.77954e-08
  150	 1859		 5716	-1.89485e-08
  151	 1860		 2235	-6.50521e-09
			 3698	-2.19409e-08
			11946	-1.49531e-09
  152	 1861		 3700	-2.19409e-08
			 5729	-1.36089e-09
			15062	-1.45064e-09
  153	 1862		 5725	-1.81304e-08
  154	15703		 2232	-1.01187e-09
  155	15700		 2233	-9.01057e-10
  156	 4755		 2237	-2.16637e-08
			 2619	-2.06169e-08
  157	13529		 2238	-1.65766e-08
  158	 4758		 2239	-2.13038e-08
  159	15694		 2240	-9.76344e-10
  160	 2645		 2241	-8.36647e-09
			 3693	-2.23453e-08
			11950	-9.07421e-10
  161	 2646		 2242	-8.23205e-09
			 3694	-2.2212e-08
			11936	-9.08528e-10
  162	 2643		 2243	-2.25226e-08
			 3991	-1.55419e-08
  163	 6504		 2244	-1.50889e-08
			13064	-1.11545e-08
  164	 6501		 2246	-1.54714e-08
			13507	-1.09071e-08
  165	 6502		 2247	-1.53358e-08
			13521	-1.04366e-08
  166	13537		 2248	-1.70471e-08
  167	 4754		 2249	-2.15293e-08
			 2639	-2.0953e-08
  168	15074		 2250	-1.66482e-08
  169	 4757		 2251	-2.14382e-08
  170	 4756		 2252	-2.19987e-08
			 2630	-2.09519e-08
  171	 6503		 2254	-1.49157e-08
			11947	-1.05108e-08
  172	 2650		 2256	-2.13425e-08
			13514	-1.70471e-08
  173	 2257		13522	-1.54911e-08
  174	 2258		 3697	-2.20753e-08
			11952	-1.17737e-09
  175	 2260		 2631	-7.65579e-09
			 3695	-2.2212e-08
			11938	-7.72999e-10
  176	 2261		 3696	-2.22109e-08
			11935	-1.04295e-09
  177	 2262		13523	-1.70449e-08
  178	 2263		11941	-1.70312e-08
  179	 2264		13076	-1.76361e-08
  180	 2265		13520	-1.67099e-08
  181	 2266		11956	-1.69354e-08
  182	15712		 2617	-8.58397e-10
  183	15709		 2618	-8.76338e-10
  184	15721		 2620	-1.1699e-09
  185	 4000		 2621	-1.53606e-08
  186	 4752		 2623	-2.25226e-08
			 3988	-2.13414e-08
  187	 4753		 2624	-2.25226e-08
			 3989	-2.13403e-08
  188	 4001		 2625	-1.55419e-08
  189	 6497		 2626	-1.63529e-08
			 3979	-1.06889e-08
  190	 6500		 2627	-1.58988e-08
			15055	-1.08443e-08
  191	 4005		 2629	-2.13414e-08
  192	 4006		 2632	-8.95547e-09
			 3690	-2.23464e-08
  193	15718		 2633	-1.0129e-09
  194	 6498		 2634	-1.62384e-08
			 3978	-1.03045e-08
  195	 4004		 2636	-2.13425e-08
  196	 4751		 2637	-2.23882e-08
			 3982	-2.13425e-08
  197	 6499		 2638	-1.60355e-08
			15054	-1.09776e-08
  198	 4008		 2640	-1.52913e-08
  199	 2641		 3691	-2.23453e-08
			 3994	-7.90868e-09
			15037	-7.72999e-10
  200	 2642		 3692	-2.2212e-08
			 3984	-7.77315e-09
			11475	-1.17848e-09
  201	 2644		15032	-1.66482e-08
  202	 2647		 3981	-1.53826e-08
  203	 2648		15039	-1.62835e-08
  204	 2649		15047	-1.62575e-08
  205	15544		 2981	-1.67376e-09
  206	15394		 2991	-3.15415e-09
			 8839	-7.84131e-09
			15031	-7.55941e-09
  207	15391		 2992	-2.90171e-09
			 8831	-8.20231e-09
			15033	-7.69384e-09
  208	 8850		 2999	-2.9788e-09
			 4749	-1.34248e-08
			 9206	-9.33421e-10
			15041	-7.78843e-09
  209	 8852		 3000	-2.84438e-09
			 4750	-1.35614e-08
			13956	-1.04295e-09
			15042	-7.51959e-09
  210	 9211		 3001	-8.33983e-09
			 8819	-6.56551e-09
  211	 6517		 3007	-1.33505e-08
  212	 4763		 3309	-1.98558e-08
			 5734	-1.95585e-08
  213	15679		 3311	-7.64421e-10
  214	 5739		 3312	-1.84939e-08
  215	15757		 3313	-8.51445e-10
  216	 4764		 3316	-1.97659e-08
  217	 6510		 3317	-1.41593e-08
  218	 4766		 3319	-1.85174e-08
			 4362	-2.00578e-08
  219	 5741		 3320	-1.89485e-08
  220	 5740		 3321	-1.89214e-08
  221	 4376		 3322	-2.00578e-08
  222	 8483		 3323	-8.09477e-09
  223	 4374		 3324	-4.95026e-09
			 3705	-2.20764e-08
			14475	-7.72999e-10
  224	 6509		 3325	-1.49087e-08
  225	 6508		 3326	-1.48849e-08
  226	 4765		 3327	-1.94948e-08
  227	15670		 3328	-7.64421e-10
  228	 3333		 3702	-2.22109e-08
			 5724	-6.12573e-09
			14470	-7.72999e-10
  229	 3334		 4740	-1.35389e-08
			 8470	-7.14743e-09
			12414	-6.50091e-09
			14476	-9.07421e-10
  230	 3335		 3704	-2.23464e-08
			14481	-9.07421e-10
  231	 3339		 4348	-2.1836e-08
  232	 3340		 3703	-2.22109e-08
			 5721	-1.36089e-09
			14482	-7.72999e-10
  233	 5276		 3722	-2.21183e-08
			 5279	-7.86096e-09
			 6723	-1.68991e-08
			15027	-1.89554e-09
  234	 5222		 3723	-2.20003e-08
			 5281	-7.93514e-09
			 6724	-1.67635e-08
			15029	-1.60301e-09
  235	 5267		 3724	-2.20204e-08
			 5285	-7.83838e-09
			 6725	-1.68955e-08
			15034	-2.00738e-09
  236	 5201		 3725	-2.2314e-08
			 5283	-7.59172e-09
			 6726	-1.68991e-08
			15060	-2.23125e-09
  237	 5252		 3726	-2.23657e-08
			 5284	-7.6107e-09
			 6727	-1.69417e-08
  238	 5183		 3727	-2.21347e-08
			 6728	-1.70335e-08
			 6948	-6.62324e-09
			15040	-2.09461e-09
  239	 5264		 3728	-2.25226e-08
			 6729	-1.66707e-08
			 6938	-6.47013e-09
			15048	-1.7329e-09
  240	 5186		 3729	-2.21548e-08
			 6730	-1.69919e-08
			 6931	-6.15382e-09
			13077	-1.84474e-09
  241	 5258		 3730	-2.21774e-08
			 6731	-1.65126e-08
			 6934	-6.05985e-09
			13078	-1.7329e-09
  242	 5249		 3731	-2.2043e-08
			 6732	-1.69406e-08
			 6941	-5.97333e-09
			12718	-1.86843e-09
  243	 5255		 3732	-2.21774e-08
			 6733	-1.7012e-08
			 6942	-5.81882e-09
			12721	-1.69135e-09
  244	 5261		 3733	-2.23637e-08
			 6734	-1.6859e-08
			 6944	-5.60066e-09
			12735	-2.54327e-09
  245	 5246		 3734	-2.22527e-08
			 6735	-1.67025e-08
			 6945	-5.48176e-09
			 7735	-1.79739e-09
			12404	-1.99112e-09
  246	 5240		 3735	-2.24048e-08
			 6736	-1.6685e-08
			 7750	-4.82574e-09
  247	 5243		 3736	-2.22693e-08
			 6737	-1.62652e-08
			 7748	-4.91876e-09
  248	 5237		 3737	-2.21763e-08
			 6738	-1.69395e-08
			 7732	-4.7358e-09
			 8116	-2.87121e-09
			11472	-1.46184e-09
  249	 5234		 3738	-2.21785e-08
			 6739	-1.70772e-08
			 7734	-5.14239e-09
			 8113	-2.90125e-09
  250	 5270		 3739	-2.21785e-08
			 6740	-1.69921e-08
			 8114	-5.43433e-09
  251	 5204		 3740	-2.23107e-08
			 6741	-1.65137e-08
			 7752	-4.10374e-09
			 8126	-1.79573e-09
			12411	-1.84482e-09
  252	 5228		 3741	-2.2043e-08
			 6742	-1.68062e-08
			 7754	-4.51033e-09
			 8128	-2.2728e-09
  253	 5213		 3742	-2.20204e-08
			 6743	-1.70346e-08
			 8461	-2.89832e-09
			12423	-4.05686e-09
  254	 5195		 3743	-2.22507e-08
			 6744	-1.6685e-08
			 8476	-2.5033e-09
			12400	-3.86131e-09
  255	 5225		 3744	-2.21785e-08
			 6745	-1.6918e-08
			 8480	-4.59617e-09
			12425	-2.00627e-09
  256	 5273		 3745	-2.22882e-08
			 6746	-1.62652e-08
			 7376	-3.03877e-09
			 8463	-1.59976e-09
			12390	-1.69667e-09
  257	 5189		 3746	-2.21785e-08
			 6747	-1.69944e-08
			 7377	-3.19791e-09
			 8472	-1.7589e-09
  258	 5231		 3747	-2.23118e-08
			 6748	-1.66065e-08
			 7368	-2.6788e-09
			 8821	-2.23396e-09
			12406	-1.71143e-09
  259	 5219		 3748	-2.22507e-08
			 6749	-1.65126e-08
			 7383	-2.54224e-09
			 8824	-1.84995e-09
  260	 5198		 3749	-2.25217e-08
			 6750	-1.67411e-08
			 7373	-3.02615e-09
			 8820	-1.96883e-09
			11940	-2.90768e-09
  261	 5207		 3750	-2.22703e-08
			 6751	-1.64751e-08
			 7381	-1.88971e-09
			 8838	-1.69777e-09
  262	 5192		 3751	-2.22518e-08
			 6752	-1.67637e-08
			 7369	-1.8062e-09
			 8823	-1.46153e-09
  263	 5216		 3752	-2.22682e-08
			 6753	-1.66115e-08
			 8836	-1.10053e-09
  264	 5210		 3753	-2.21347e-08
			 6754	-1.67646e-08
			 8837	-1.70841e-09
  265	 3754		 4979	-2.20053e-08
			 9968	-1.15888e-08
			15030	-6.14419e-09
  266	 3755		 4980	-2.19827e-08
			 9970	-1.17243e-08
			15044	-6.00867e-09
  267	 3756		 4981	-2.25226e-08
			 9961	-1.21298e-08
			15036	-6.03467e-09
  268	 3757		 4982	-2.22527e-08
			 9951	-1.10933e-08
			13968	-5.87314e-09
  269	 3758		 4983	-2.21397e-08
			 9952	-1.12278e-08
			13952	-5.87203e-09
  270	 3759		 4984	-2.22326e-08
			 9959	-1.08928e-08
			13948	-6.00756e-09
  271	 3760		 4985	-2.23269e-08
			 9955	-1.08928e-08
			13949	-6.00756e-09
  272	 3761		 4986	-2.20053e-08
			 9515	-1.03309e-08
			10688	-5.9173e-09
  273	 3762		 4987	-2.22764e-08
			 9519	-1.04664e-08
  274	 3763		 4988	-2.21408e-08
			 9525	-9.86034e-09
			13065	-5.73871e-09
  275	 3764		 4989	-2.20053e-08
			 9516	-9.86034e-09
			13092	-6.27862e-09
  276	 3765		 4990	-2.23269e-08
			 9513	-9.52534e-09
			13090	-5.73871e-09
  277	 3766		 4991	-2.20053e-08
			 9510	-9.66087e-09
			12733	-6.27751e-09
  278	 3767		 4992	-2.20053e-08
			 9508	-9.19034e-09
			12741	-6.41304e-09
  279	 3768		 4993	-2.21408e-08
			 9527	-9.32587e-09
  280	 3769		 4994	-2.22326e-08
			 5719	-7.73851e-09
			11082	-8.73687e-09
  281	 3770		 4995	-2.19827e-08
			11080	-8.73687e-09
  282	 3771		 4996	-2.2367e-08
			11091	-9.34293e-09
			12728	-6.68188e-09
  283	 3772		 4997	-2.22764e-08
			 6061	-8.15009e-09
			11089	-6.70719e-09
  284	 3773		 4998	-2.23882e-08
			 6062	-8.28451e-09
			11948	-6.27751e-09
  285	 3774		 4999	-2.22753e-08
			 6065	-7.92351e-09
  286	 3775		 5000	-2.23269e-08
			 6072	-7.78909e-09
			10687	-6.70467e-09
			12744	-6.00867e-09
  287	 3776		 5001	-2.20053e-08
			10685	-8.62093e-09
  288	 3777		 5002	-2.22527e-08
			 6063	-7.83357e-09
			10689	-6.16909e-09
  289	 3778		 5003	-2.21397e-08
			 6068	-7.56251e-09
			10698	-6.16909e-09
  290	 3779		 3996	-5.89954e-09
			 5004	-2.20982e-08
			10357	-6.70356e-09
			12751	-6.50348e-09
  291	 3780		 3987	-5.80667e-09
			 5005	-2.23656e-08
			10358	-6.83909e-09
  292	 3781		 5006	-2.23681e-08
			10347	-7.57846e-09
			15057	-7.71541e-09
  293	 3782		 5007	-2.22764e-08
			10346	-6.61362e-09
  294	 3783		 5008	-2.21408e-08
			10356	-6.47809e-09
  295	 3784		 5009	-2.22753e-08
			10353	-6.38815e-09
			11087	-5.78067e-09
  296	 3785		 5010	-2.19827e-08
			10354	-5.98156e-09
  297	 6496		 3980	-1.70772e-08
  298	 7385		 3983	-7.95924e-09
  299	12763		 3985	-1.12993e-08
  300	 6495		 3990	-1.68263e-08
  301	15574		 3995	-1.03437e-09
  302	15727		 3997	-8.9995e-10
  303	 6086		 3998	-1.10973e-08
			10348	-1.21298e-08
			12734	-1.12993e-08
  304	 3999		 6489	-1.24284e-08
			10360	-2.19242e-09
			13503	-1.40481e-09
  305	 4002		 4748	-1.34259e-08
			 7374	-1.49642e-09
			 8825	-8.2969e-09
			14483	-1.04295e-09
			15038	-7.38406e-09
  306	 4003		 6488	-1.23139e-08
			10352	-2.19131e-09
			12746	-1.9019e-09
			13519	-9.07421e-10
  307	 4007		15859	-7.78607e-10
  308	15667		 4364	-8.77445e-10
  309	15658		 4366	-8.9995e-10
  310	 4373		11939	-1.98302e-08
  311	 5013		 4685	-2.2386e-08
  312	 5014		 4686	-2.23849e-08
  313	 5015		 4687	-2.19805e-08
  314	 5016		 4688	-2.2386e-08
  315	 5017		 4689	-2.23871e-08
  316	 5018		 4690	-2.22505e-08
  317	 5019		 4691	-2.19805e-08
  318	 5020		 4692	-2.2386e-08
  319	 5021		 4693	-2.22505e-08
  320	 5022		 4694	-2.2386e-08
  321	 5023		 4695	-2.2386e-08
  322	 5024		 4696	-2.19805e-08
  323	 5025		 4697	-2.23849e-08
  324	 5026		 4698	-2.25226e-08
  325	 5027		 4699	-2.24613e-08
  326	 5028		 4700	-2.22505e-08
  327	 5029		 4701	-2.19805e-08
  328	 5030		 4702	-2.2386e-08
  329	 5031		 4703	-2.23871e-08
  330	 5032		 4704	-2.24789e-08
  331	 5033		 4705	-2.2386e-08
  332	 5034		 4706	-2.23849e-08
  333	 5035		 4707	-2.23849e-08
  334	 5036		 4708	-2.23871e-08
  335	 5037		 4709	-2.23444e-08
  336	 5038		 4710	-2.22516e-08
  337	 5039		 4711	-2.23623e-08
  338	 5040		 4712	-2.19805e-08
  339	 5041		 4713	-2.2116e-08
  340	 5042		 4714	-2.22516e-08
  341	 5043		 4715	-2.22516e-08
  342	 5044		 4716	-2.19805e-08
  343	 5045		 4717	-2.23871e-08
  344	 5046		 4718	-2.23871e-08
  345	 5305		 4719	-1.35614e-08
			 9186	-5.36528e-09
			13954	-1.04295e-09
			15035	-2.06454e-09
  346	 5307		 4720	-1.34259e-08
			 9195	-5.23196e-09
			15053	-2.06454e-09
  347	 5304		 4721	-1.35614e-08
			 9196	-5.36749e-09
			15043	-2.3367e-09
  348	 9212		 4722	-1.33832e-08
			 5289	-7.53343e-09
			13953	-1.04295e-09
			15061	-2.03854e-09
  349	 5303		 4723	-1.34259e-08
			 9191	-4.5988e-09
			11945	-9.07421e-10
  350	 6956		 4724	-1.32904e-08
			 9192	-4.39933e-09
			13967	-9.08528e-10
			15049	-1.49642e-09
  351	 6955		 4725	-1.32904e-08
			 9193	-4.39933e-09
			13086	-7.72999e-10
			15050	-1.63084e-09
  352	 6953		 4726	-1.3156e-08
			 9194	-3.79327e-09
			13088	-1.76526e-09
  353	 6954		 4727	-1.32678e-08
			 9188	-4.39933e-09
			13089	-1.76637e-09
  354	 6951		 4728	-1.35614e-08
			 9200	-4.12938e-09
			12726	-4.29233e-09
			13074	-1.04295e-09
  355	 6959		 4729	-1.34248e-08
			 9204	-3.76727e-09
			12720	-4.69781e-09
			14473	-9.07421e-10
  356	 6957		 4730	-1.35614e-08
			 9205	-4.42123e-09
			12719	-4.6967e-09
  357	 6949		 4731	-1.34248e-08
			 7744	-1.46789e-09
			 8119	-4.29011e-09
			 9180	-3.76727e-09
			12418	-1.49531e-09
			14472	-1.04184e-09
  358	 7762		 4732	-1.32904e-08
			 8122	-4.56117e-09
			 9182	-3.9028e-09
			14464	-1.04295e-09
  359	 7764		 4733	-1.34259e-08
			 8118	-4.65222e-09
			14466	-9.07421e-10
  360	 7759		 4734	-1.32904e-08
			 8131	-4.65222e-09
			11466	-2.03632e-09
  361	 7763		 4735	-1.31548e-08
			 8112	-4.98611e-09
			12403	-5.239e-09
			14465	-7.71892e-10
  362	 8142		 4736	-1.35603e-08
			12410	-5.37453e-09
			14469	-1.04295e-09
  363	 7758		 4737	-1.31548e-08
			 8125	-1.69478e-09
			12422	-5.68353e-09
			14471	-1.04184e-09
  364	 7756		 4738	-1.34248e-08
			 8123	-1.35978e-09
			11473	-1.17626e-09
			12394	-5.68353e-09
  365	 8484		 4739	-1.34248e-08
			12413	-5.96101e-09
			14477	-1.31179e-09
  366	 8488		 4741	-1.32904e-08
			12396	-7.38295e-09
			14468	-9.07421e-10
  367	 7387		 4742	-1.3427e-08
			 8469	-7.07806e-09
			12405	-7.51848e-09
			14467	-1.17959e-09
  368	 7388		 4743	-1.34033e-08
			 8464	-6.74306e-09
			12391	-7.92396e-09
			14484	-1.29143e-09
  369	 7393		 4744	-1.32904e-08
			 8826	-2.01784e-09
			12399	-1.362e-09
			13502	-8.1639e-09
  370	 7391		 4745	-1.32904e-08
			 8833	-2.15337e-09
			13504	-8.1639e-09
  371	 7390		 4746	-1.34033e-08
			 8828	-7.6009e-09
			11943	-2.73232e-09
			13505	-7.71685e-09
  372	 7384		 4747	-1.3156e-08
			 8845	-8.16138e-09
			13501	-7.22032e-09
  373	 4782		15052	-1.56241e-08
  374	15069		 5011	--
			 5012	--
			 6755	--
			 6756	--
  375	15730		 5280	-8.58397e-10
  376	15075		 5282	-2.03743e-09
  377	15625		 5290	-8.78477e-10
  378	15610		 5294	-8.9995e-10
  379	15586		 5296	-9.92819e-10
  380	15066		 5297	-2.3367e-09
  381	 5306		15056	-2.53161e-09
  382	 5308		16042	-1.04878e-09
  383	 5309		15829	-7.9523e-10
  384	 5310		15775	-9.13029e-10
  385	 5312		 6933	-7.93514e-09
			15051	-3.13545e-09
  386	 5313		16045	-7.78607e-10
  387	 5314		15778	-6.44185e-10
  388	15616		 5713	-8.9995e-10
  389	 9532		 5727	-1.19413e-08
			11085	-1.21298e-08
  390	12756		 5728	-1.18751e-08
  391	 5735		11084	-1.19413e-08
  392	 5736		 6478	-1.26808e-08
			11086	-4.63121e-09
			13961	-1.17848e-09
  393	 5738		 6480	-1.25637e-08
			11092	-4.82958e-09
			12739	-1.63084e-09
			13964	-1.17737e-09
  394	15598		 6059	-8.56331e-10
  395	11974		 6060	-1.19413e-08
  396	11101		 6067	-9.25299e-09
  397	15592		 6069	-8.58397e-10
  398	11102		 6070	-1.21298e-08
  399	15739		 6071	-8.51445e-10
  400	12757		 6073	-1.09123e-08
  401	10710		 6074	-8.25993e-09
  402	15580		 6075	-9.7546e-10
  403	10704		 6076	-1.16072e-08
  404	10705		 6077	-8.62093e-09
  405	10706		 6080	-3.05137e-09
			 6486	-1.25648e-08
  406	11100		 6084	-9.76145e-09
  407	 6085		 6487	-1.22949e-08
			10694	-1.38689e-09
			13512	-9.08528e-10
  408	 6087		10693	-1.06008e-08
  409	 6088		 6484	-1.26075e-08
			10697	-2.19242e-09
			12752	-1.49642e-09
  410	 6089		 6482	-1.25248e-08
			11949	-1.76637e-09
  411	 6090		 6483	-1.24709e-08
			13509	-9.07421e-10
  412	 6091		10690	-1.16072e-08
			12737	-1.09123e-08
  413	 6093		 6481	-1.24109e-08
			11090	-2.19495e-09
			13517	-9.07421e-10
  414	 6757		 6429	-1.68249e-08
  415	 6758		 6430	-1.69244e-08
  416	 6759		 6431	-1.69244e-08
  417	 6760		 6432	-1.65799e-08
  418	 6761		 6433	-1.70467e-08
  419	 6762		 6434	-1.67154e-08
  420	 6763		 6435	-1.7002e-08
  421	 6764		 6436	-1.66401e-08
  422	 6765		 6437	-1.70231e-08
  423	 6766		 6438	-1.67145e-08
  424	 6767		 6439	-1.65974e-08
  425	 6768		 6440	-1.7022e-08
  426	 6769		 6441	-1.69794e-08
  427	 6770		 6442	-1.70772e-08
  428	 6771		 6443	-1.68509e-08
  429	 6772		 6444	-1.68674e-08
  430	 6773		 6445	-1.66401e-08
  431	 6774		 6446	-1.70374e-08
  432	 6775		 6447	-1.6865e-08
  433	 6776		 6448	-1.6753e-08
  434	 6777		 6449	-1.65974e-08
  435	 6778		 6450	-1.69995e-08
  436	 6779		 6451	-1.66401e-08
  437	 6780		 6452	-1.65799e-08
  438	 6781		 6453	-1.67145e-08
  439	 6782		 6454	-1.67154e-08
  440	 6783		 6455	-1.69253e-08
  441	 6784		 6456	-1.7002e-08
  442	 6785		 6457	-1.6733e-08
  443	 6786		 6458	-1.67145e-08
  444	 6787		 6459	-1.65974e-08
  445	 6788		 6460	-1.66401e-08
  446	 6789		 6461	-1.66401e-08
  447	 6790		 6462	-1.69604e-08
  448	 9978		 6463	-1.23365e-08
			13957	-7.72999e-10
			15045	-1.49753e-09
  449	 9975		 6464	-1.24284e-08
			13082	-1.04184e-09
			15064	-1.76637e-09
  450	 9976		 6465	-1.24284e-08
			13511	-1.04295e-09
			15046	-1.388e-09
  451	 9973		 6466	-1.24284e-08
			13962	-1.36089e-09
  452	 9974		 6467	-1.23365e-08
			13963	-1.49531e-09
  453	 9971		 6468	-1.25247e-08
			13946	-1.76526e-09
  454	 9972		 6469	-1.25648e-08
			13947	-1.49642e-09
  455	10708		 6470	-1.23139e-08
			 9520	-6.08858e-09
  456	 9529		 6471	-1.25648e-08
			13966	-9.07421e-10
  457	 9530		 6472	-1.23365e-08
			13068	-1.63084e-09
  458	 9538		 6473	-1.24709e-08
			13080	-1.76637e-09
  459	 9534		 6474	-1.23353e-08
			13087	-1.49642e-09
  460	 9541		 6475	-1.26064e-08
			12743	-2.17074e-09
			13084	-1.17848e-09
  461	 9536		 6476	-1.25849e-08
			12747	-2.2848e-09
			13959	-9.07421e-10
  462	 9542		 6477	-1.24731e-08
			13965	-1.04406e-09
  463	11103		 6479	-1.24484e-08
  464	10711		 6485	-1.23376e-08
  465	10363		 6490	-1.24284e-08
			13513	-1.26928e-09
			15026	-2.52884e-09
  466	10362		 6491	-1.24484e-08
			13955	-7.71892e-10
  467	10365		 6492	-1.24494e-08
			13950	-9.07421e-10
  468	11104		 6493	-1.24284e-08
			10355	-1.73926e-09
  469	11109		 6494	-1.25639e-08
  470	 6526		15058	-1.138e-08
  471	15736		 6928	-9.01057e-10
  472	15676		 6930	-1.0129e-09
  473	13103		 6932	-3.83619e-09
  474	12762		 6935	-7.82371e-09
  475	12760		 6936	-7.82371e-09
  476	12758		 6937	-7.82371e-09
  477	15583		 6939	-9.01057e-10
  478	15073		 6940	-3.13545e-09
  479	12426		 6943	-7.95924e-09
  480	15607		 6946	-8.78477e-10
  481	 6950		 7741	-5.48176e-09
  482	 6952		12727	-4.37066e-09
  483	 6958		 7733	-7.93514e-09
  484	 6960		12736	-4.93366e-09
  485	 6961		12722	-4.17009e-09
  486	 6962		13073	-3.83619e-09
  487	15604		 7361	-8.78477e-10
  488	15601		 7362	-1.01187e-09
  489	12432		 7363	-7.93514e-09
  490	 8485		 7364	-7.84971e-09
  491	15577		 7365	-1.01187e-09
  492	 8849		 7366	-8.25519e-09
  493	 8482		 7367	-4.00606e-09
  494	12431		 7370	-7.98524e-09
  495	12427		 7375	-7.82482e-09
  496	11961		 7378	-8.09477e-09
  497	15490		 7379	-1.86621e-09
  498	15595		 7382	-9.92819e-10
  499	 7386		 8835	-3.02615e-09
  500	 7389		 8834	-7.71608e-09
			12412	-7.19577e-09
  501	 7392		11944	-7.93514e-09
  502	12428		 7736	-7.82371e-09
  503	 8138		 7737	-4.9389e-09
			12415	-2.43032e-09
  504	15664		 7738	-8.40815e-10
  505	15733		 7742	-8.78477e-10
  506	11499		 7743	-7.82482e-09
  507	15748		 7745	-9.6586e-10
  508	 8141		 7746	-7.82371e-09
  509	 8139		 7747	-5.43433e-09
  510	 8137		 7751	-7.82371e-09
  511	15487		 7753	-1.23495e-09
  512	15745		 7755	-8.14815e-10
  513	 7757		 8462	-7.18209e-09
			12424	-7.93514e-09
  514	 7760		12416	-5.51903e-09
  515	 7761		 8117	-6.29856e-09
			11483	-5.70014e-09
  516	15466		 8115	-4.35062e-09
			 9176	-3.82777e-09
  517	15562		 8120	-1.46295e-09
  518	12433		 8121	-8.33983e-09
  519	15448		 8124	-4.75428e-09
  520	12429		 8127	-8.2563e-09
  521	15439		 8129	-5.22259e-09
			12386	-5.34106e-09
  522	15436		 8130	-5.08817e-09
			12392	-5.34106e-09
  523	15451		 8132	-4.86509e-09
  524	15559		 8134	-1.21134e-09
  525	15469		 8135	-4.46547e-09
			 9174	-4.13928e-09
  526	 8136		 9177	-8.33983e-09
  527	 8140		 9201	-8.15341e-09
  528	15649		 8460	-8.56331e-10
  529	15406		 8465	-7.31343e-09
			12408	-7.61833e-09
  530	15415		 8466	-6.80246e-09
			12409	-6.02151e-09
  531	15412		 8471	-6.82254e-09
			12388	-7.46243e-09
  532	 8848		 8473	-8.33983e-09
  533	15418		 8474	-6.55719e-09
			12393	-6.19749e-09
  534	15538		 8477	-1.84585e-09
  535	15409		 8478	-7.1554e-09
			12407	-7.46029e-09
  536	15532		 8479	-1.31134e-09
  537	 8481		12401	-8.14788e-09
  538	 8486		12398	-4.59617e-09
  539	 8487		12395	-8.33983e-09
  540	15568		 8827	-8.58397e-10
  541	15388		 8829	-8.20231e-09
			13506	-7.29987e-09
  542	15385		 8830	-8.33983e-09
			15028	-7.46354e-09
  543	11963		 8832	-2.90768e-09
  544	15403		 8840	-7.50631e-09
			13516	-7.75778e-09
  545	13535		 8841	-8.1639e-09
  546	12430		 8842	-7.92396e-09
  547	13536		 8843	-7.75778e-09
  548	15067		 8844	-7.78843e-09
  549	15769		 8846	-8.75057e-10
  550	 8851		12402	-7.92396e-09
  551	12759		 9175	-4.69781e-09
  552	15445		 9178	-4.67614e-09
  553	15478		 9179	-3.89644e-09
  554	15457		 9181	-4.34224e-09
  555	15460		 9183	-4.18878e-09
  556	15430		 9184	-5.00162e-09
  557	15427		 9185	-4.88478e-09
  558	15071		 9189	-2.53161e-09
  559	15442		 9190	-4.52378e-09
  560	15454		 9197	-4.20886e-09
			12723	-4.37291e-09
  561	15475		 9202	-3.84786e-09
			12724	-4.37181e-09
  562	15472		 9203	-4.14039e-09
			12725	-4.52881e-09
  563	15691		 9207	-8.78477e-10
  564	15433		 9208	-4.92522e-09
  565	15463		 9209	-4.34438e-09
  566	 9210		15961	-9.75484e-10
  567	15652		 9509	-7.65528e-10
  568	15523		 9511	-1.21237e-09
  569	12754		 9512	-9.30941e-09
  570	13100		 9518	-9.10994e-09
  571	15751		 9521	-8.5137e-10
  572	12755		 9522	-9.58046e-09
  573	13101		 9523	-8.57114e-09
  574	13099		 9526	-8.77604e-09
  575	 9979		 9528	-1.21298e-08
			10692	-7.7162e-09
  576	 9531		13081	-9.10994e-09
  577	 9533		12732	-9.30941e-09
  578	 9535		12745	-6.84162e-09
  579	 9537		13072	-8.77604e-09
  580	 9539		13079	-8.57114e-09
  581	 9540		12748	-9.58047e-09
  582	15688		 9950	-8.76338e-10
  583	15715		 9954	-8.76338e-10
  584	15706		 9956	-7.65528e-10
  585	13983		 9957	-7.13646e-09
  586	15076		 9958	-6.14419e-09
  587	15673		 9960	-8.40815e-10
  588	15068		 9962	-6.03467e-09
  589	13981		 9963	-7.47257e-09
  590	15685		 9964	-8.76338e-10
  591	15697		 9967	-7.65528e-10
  592	15724		 9969	-1.0129e-09
  593	 9977		13960	-7.13646e-09
  594	 9980		13951	-7.47257e-09
  595	15493		10344	-1.21134e-09
  596	15065		10349	-7.71541e-09
  597	15571		10351	-8.76338e-10
  598	15484		10359	-1.10053e-09
  599	10361		11088	-1.20213e-08
  600	10364		11095	-1.21298e-08
  601	15502		10686	-1.23495e-09
  602	15655		10699	-8.78477e-10
  603	15589		10701	-8.76338e-10
  604	10702		15892	-7.73609e-10
  605	10703		15889	-7.73684e-10
  606	10707		15934	-7.96189e-10
  607	10709		15886	-8.47938e-10
  608	15517		11083	-1.21134e-09
  609	15766		11096	-8.7395e-10
  610	15481		11098	-1.17581e-09
  611	11099		15907	-6.44185e-10
  612	11105		11959	-1.19413e-08
  613	11106		12740	-1.18751e-08
  614	11107		15862	-9.30611e-10
  615	11108		15856	-7.0332e-10
  616	11484		15991	-1.02716e-09
  617	11485		15781	-7.0332e-10
  618	11486		15787	-7.78607e-10
  619	11487		15793	-8.91631e-10
  620	11488		15850	-9.09212e-10
  621	11489		15802	-1.06482e-09
  622	11490		15808	-7.78607e-10
  623	11493		15784	-6.80815e-10
  624	11494		15790	-5.68898e-10
  625	11495		15796	-7.96189e-10
  626	11496		15799	-9.14136e-10
  627	11497		15805	-6.80815e-10
  628	11498		16003	-7.79714e-10
  629	15499		11942	-1.82481e-09
  630	11960		16036	-7.96189e-10
  631	11964		15835	-8.38849e-10
  632	11965		15841	-9.50766e-10
  633	11966		16048	-8.16269e-10
  634	11967		15847	-8.16269e-10
  635	11968		15967	-8.37742e-10
  636	11969		15832	-9.73271e-10
  637	11970		15838	-8.16269e-10
  638	11971		15844	-8.16269e-10
  639	11972		16051	-8.91631e-10
  640	11973		15898	-1.02605e-09
  641	15424		12387	-5.78559e-09
  642	15421		12389	-5.76412e-09
  643	15508		12397	-1.53824e-09
  644	12764		12420	-4.93366e-09
  645	15511		12421	-1.40381e-09
  646	15553		12717	-1.5759e-09
  647	15496		12729	-1.46406e-09
  648	15529		12730	-1.7329e-09
  649	15514		12738	-1.71032e-09
  650	15535		12749	-1.84474e-09
  651	15505		12750	-1.84585e-09
  652	15520		12753	-1.57487e-09
  653	12761		16015	-8.16269e-10
  654	15550		13067	-1.46295e-09
  655	15556		13069	-1.67266e-09
  656	15547		13071	-1.70929e-09
  657	15541		13075	-1.46406e-09
  658	13093		15919	-9.07147e-10
  659	13094		16021	-1.08622e-09
  660	13095		16027	-9.14136e-10
  661	13096		15922	-8.16269e-10
  662	13097		15928	-9.50766e-10
  663	13102		15952	-9.08106e-10
  664	13104		16024	-1.06518e-09
  665	13105		16030	-9.73271e-10
  666	13106		15925	-8.91556e-10
  667	15400		13508	-8.13154e-09
  668	15397		13515	-8.10793e-09
  669	13524		15874	-9.12145e-10
  670	13525		15880	-6.80815e-10
  671	13526		15895	-8.15237e-10
  672	13527		15901	-7.0332e-10
  673	13528		15970	-8.16343e-10
  674	13530		15877	-1.21961e-09
  675	13531		15883	-9.0818e-10
  676	13532		15949	-8.37742e-10
  677	13533		15973	-6.80815e-10
  678	13534		15964	-1.08519e-09
  679	13969		16039	-6.8074e-10
  680	13970		15916	-7.73609e-10
  681	13971		15910	-7.5257e-10
  682	13972		15955	-9.31718e-10
  683	13973		16057	-7.56028e-10
  684	13974		15940	-7.56028e-10
  685	13975		15946	-6.37122e-10
  686	13976		15871	-7.56028e-10
  687	13977		16033	-7.72651e-10
  688	13978		15913	-7.73609e-10
  689	13979		15904	-6.8074e-10
  690	13980		15958	-7.73609e-10
  691	13982		15937	-5.46318e-10
  692	13984		15943	-8.16269e-10
  693	13985		15865	-6.6066e-10
  694	13986		15931	-5.46318e-10
  695	14485		15823	-6.8074e-10
  696	14486		15817	-7.78607e-10
  697	14487		15811	-7.78607e-10
  698	14488		16054	-8.16269e-10
  699	14489		16012	-6.8074e-10
  700	14490		16006	-7.78607e-10
  701	14491		15997	-7.78607e-10
  702	14492		15988	-5.68898e-10
  703	14493		15982	-6.8074e-10
  704	14494		15976	-8.16269e-10
  705	14495		15820	-6.43078e-10
  706	14496		15814	-7.78607e-10
  707	14497		15772	-6.43078e-10
  708	14498		16018	-9.09287e-10
  709	14499		16009	-6.43078e-10
  710	14500		16000	-7.0332e-10
  711	14501		15994	-6.8074e-10
  712	14502		15985	-7.78607e-10
  713	14503		15979	-7.0332e-10
  714	14504		15868	-7.78607e-10
  715	15070		15853	-9.50766e-10
  716	15077		15826	-7.9523e-10
