
/home/xuchang/nas/project/daTuner/experiment/vtr_release/vtr_flow/../vpr/vpr k6_frac_N10_mem32K_40nm.xml diffeq1 --blif_file diffeq1.pre-vpr.blif --timing_analysis on --timing_driven_clustering on --cluster_seed_type timing --sdc_file /home/xuchang/nas/project/daTuner/experiment/vtr_release/vtr_flow/sdc/diffeq1.sdc --seed 1 --nodisp

VPR FPGA Placement and Routing.
Version: Version 7.0
Compiled: Nov  7 2016.
University of Toronto
vpr@eecg.utoronto.ca
This is free open source code under MIT license.

Architecture file: k6_frac_N10_mem32K_40nm.xml
Circuit name: diffeq1.blif

Building complex block graph.
WARNING(1): io[0].clock[0] unconnected pin in architecture.
Loop for doall = 0, init_parse took 0 seconds.
Loop for doall = 0 took 0 seconds.
Loop for doall = 1, init_parse took 0 seconds.
Loop for doall = 1 took 0.01 seconds.
Swept away 196 nets with no fanout.
Net is a constant generator: vcc.
WARNING(2): logical_block #456 with output vcc has only 0 pin.
WARNING(3): Block contains output -- may be a constant generator.
0 unconnected blocks in input netlist.
Removed 96 LUT buffers.
Sweeped away 96 nodes.
BLIF circuit stats:
	1 LUTs of size 0
	0 LUTs of size 1
	64 LUTs of size 2
	131 LUTs of size 3
	40 LUTs of size 4
	59 LUTs of size 5
	190 LUTs of size 6
	162 of type input
	96 of type output
	193 of type latch
	485 of type names
	0 of type dual_port_ram
	0 of type single_port_ram
	5 of type multiply
Timing analysis: ON
Circuit netlist file: diffeq1.net
Circuit placement file: diffeq1.place
Circuit routing file: diffeq1.route
Circuit SDC file: /home/xuchang/nas/project/daTuner/experiment/vtr_release/vtr_flow/sdc/diffeq1.sdc
Operation: RUN_FLOW

Packer: ENABLED
Placer: ENABLED
Router: ENABLED
PackerOpts.allow_early_exit: FALSE
PackerOpts.allow_unrelated_clustering: TRUE
PackerOpts.alpha_clustering: 0.750000
PackerOpts.aspect: 1.000000
PackerOpts.beta_clustering: 0.900000
PackerOpts.block_delay: 0.000000
PackerOpts.cluster_seed_type: TIMING
PackerOpts.connection_driven: TRUE
PackerOpts.global_clocks: TRUE
PackerOpts.hill_climbing_flag: FALSE
PackerOpts.inter_cluster_net_delay: 1.000000
PackerOpts.intra_cluster_net_delay: 0.000000
PackerOpts.recompute_timing_after: 32767
PackerOpts.sweep_hanging_nets_and_inputs: TRUE
PackerOpts.timing_driven: TRUE

PlacerOpts.place_freq: PLACE_ONCE
PlacerOpts.place_algorithm: PATH_TIMING_DRIVEN_PLACE
PlacerOpts.pad_loc_type: FREE
PlacerOpts.place_cost_exp: 1.000000
PlacerOpts.inner_loop_recompute_divider: 0
PlacerOpts.recompute_crit_iter: 1
PlacerOpts.timing_tradeoff: 0.500000
PlacerOpts.td_place_exp_first: 1.000000
PlacerOpts.td_place_exp_last: 8.000000
PlaceOpts.seed: 1
AnnealSched.type: AUTO_SCHED
AnnealSched.inner_num: 1.000000

RouterOpts.route_type: DETAILED
RouterOpts.router_algorithm: TIMING_DRIVEN
RouterOpts.base_cost_type: DELAY_NORMALIZED
RouterOpts.fixed_channel_width: NO_FIXED_CHANNEL_WIDTH
RouterOpts.acc_fac: 1.000000
RouterOpts.bb_factor: 3
RouterOpts.bend_cost: 0.000000
RouterOpts.first_iter_pres_fac: 0.500000
RouterOpts.initial_pres_fac: 0.500000
RouterOpts.pres_fac_mult: 1.300000
RouterOpts.max_router_iterations: 50
RouterOpts.astar_fac: 1.200000
RouterOpts.criticality_exp: 1.000000
RouterOpts.max_criticality: 0.990000

RoutingArch.directionality: UNI_DIRECTIONAL
RoutingArch.switch_block_type: WILTON
RoutingArch.Fs: 3

Initialize packing.
Begin packing 'diffeq1.pre-vpr.blif'.

After removing unused inputs...
	total blocks: 941, total nets: 1004, total inputs: 162, total outputs: 96
Begin prepacking.
Finish prepacking.
Using inter-cluster delay: 1.33777e-09

SDC file '/home/xuchang/nas/project/daTuner/experiment/vtr_release/vtr_flow/sdc/diffeq1.sdc' blank or not found.

Defaulting to: constrain all 0 inputs and 0 outputs on the netlist clock.
Optimize this clock to run as fast as possible.
Not enough resources expand FPGA size to x = 2 y = 2.
Complex block 0: cb.n1416, type: clb
	.............
Passed route at end.
Complex block 1: cb.n1719, type: clb
	..........................................
Passed route at end.
Not enough resources expand FPGA size to x = 3 y = 3.
Complex block 2: cb.n1406, type: clb
	........................................
Passed route at end.
Complex block 3: cb.n1688, type: clb
	...............................................
Passed route at end.
Complex block 4: cb.n1660, type: clb
	.......................
Passed route at end.
Complex block 5: cb.n1621_1, type: clb
	...........................................
Passed route at end.
Not enough resources expand FPGA size to x = 4 y = 4.
Complex block 6: cb.n1602_1, type: clb
	........................
Passed route at end.
Complex block 7: cb.n1581_1, type: clb
	..........................................
Passed route at end.
Complex block 8: cb.n1672_1, type: clb
	........................................
Passed route at end.
Complex block 9: cb.n1640, type: clb
	........................................................
Passed route at end.
Not enough resources expand FPGA size to x = 5 y = 5.
Not enough resources expand FPGA size to x = 6 y = 6.
Complex block 10: cb.top^MULTIPLY~0[0], type: mult_36
	
Passed route at end.
Complex block 11: cb.n1266, type: clb
	................................................
Passed route at end.
Complex block 12: cb.n1341, type: clb
	.........................................
Passed route at end.
Not enough resources expand FPGA size to x = 7 y = 7.
Not enough resources expand FPGA size to x = 8 y = 8.
Complex block 13: cb.top^MULTIPLY~43[0], type: mult_36
	
Passed route at end.
Not enough resources expand FPGA size to x = 9 y = 9.
Not enough resources expand FPGA size to x = 10 y = 10.
Not enough resources expand FPGA size to x = 11 y = 11.
Not enough resources expand FPGA size to x = 12 y = 12.
Complex block 14: cb.top^MULTIPLY~42[0], type: mult_36
	
Passed route at end.
Complex block 15: cb.top^DXport~5, type: io
	
Passed route at end.
Complex block 16: cb.top^DXport~7, type: io
	
Passed route at end.
Complex block 17: cb.top^DXport~24, type: io
	
Passed route at end.
Complex block 18: cb.top^DXport~29, type: io
	
Passed route at end.
Complex block 19: cb.top^DXport~21, type: io
	
Passed route at end.
Complex block 20: cb.top^DXport~27, type: io
	
Passed route at end.
Complex block 21: cb.top^DXport~3, type: io
	
Passed route at end.
Complex block 22: cb.top^DXport~18, type: io
	
Passed route at end.
Complex block 23: cb.top^DXport~28, type: io
	
Passed route at end.
Complex block 24: cb.top^DXport~31, type: io
	
Passed route at end.
Complex block 25: cb.top^DXport~20, type: io
	
Passed route at end.
Complex block 26: cb.top^DXport~30, type: io
	
Passed route at end.
Complex block 27: cb.top^DXport~26, type: io
	
Passed route at end.
Complex block 28: cb.top^DXport~1, type: io
	
Passed route at end.
Complex block 29: cb.top^DXport~22, type: io
	
Passed route at end.
Complex block 30: cb.top^DXport~19, type: io
	
Passed route at end.
Complex block 31: cb.top^DXport~25, type: io
	
Passed route at end.
Complex block 32: cb.top^DXport~16, type: io
	
Passed route at end.
Complex block 33: cb.top^DXport~15, type: io
	
Passed route at end.
Complex block 34: cb.top^DXport~13, type: io
	
Passed route at end.
Complex block 35: cb.top^DXport~14, type: io
	
Passed route at end.
Complex block 36: cb.top^DXport~12, type: io
	
Passed route at end.
Complex block 37: cb.top^DXport~9, type: io
	
Passed route at end.
Complex block 38: cb.top^DXport~4, type: io
	
Passed route at end.
Complex block 39: cb.top^DXport~10, type: io
	
Passed route at end.
Complex block 40: cb.top^DXport~8, type: io
	
Passed route at end.
Complex block 41: cb.top^DXport~11, type: io
	
Passed route at end.
Complex block 42: cb.top^DXport~6, type: io
	
Passed route at end.
Complex block 43: cb.top^DXport~2, type: io
	
Passed route at end.
Complex block 44: cb.top^DXport~17, type: io
	
Passed route at end.
Complex block 45: cb.top^DXport~23, type: io
	
Passed route at end.
Complex block 46: cb.top^DXport~0, type: io
	
Passed route at end.
Complex block 47: cb.n1695, type: clb
	........................
Passed route at end.
Complex block 48: cb.n1609, type: clb
	...............................................
Passed route at end.
Complex block 49: cb.n1691_1, type: clb
	..........................................
Passed route at end.
Not enough resources expand FPGA size to x = 13 y = 13.
Not enough resources expand FPGA size to x = 14 y = 14.
Complex block 50: cb.top^MULTIPLY~46[0], type: mult_36
	
Passed route at end.
Complex block 51: cb.top^MULTIPLY~45[0], type: mult_36
	
Passed route at end.
Complex block 52: cb.n1611, type: clb
	.......................
Passed route at end.
Complex block 53: cb.n1716, type: clb
	............................................
Passed route at end.
Complex block 54: cb.n1656, type: clb
	........................................
Passed route at end.
Complex block 55: cb.n1671, type: clb
	.........................................
Passed route at end.
Complex block 56: cb.n1696, type: clb
	...........................................
Passed route at end.
Complex block 57: cb.n1741, type: clb
	.....................................
Passed route at end.
Complex block 58: cb.n1601, type: clb
	......................................
Passed route at end.
Complex block 59: cb.n1496, type: clb
	.........................
Passed route at end.
Complex block 60: cb.n1426, type: clb
	............
Passed route at end.
Complex block 61: cb.n1571, type: clb
	.............................
Passed route at end.
Complex block 62: cb.n1461, type: clb
	..............
Passed route at end.
Complex block 63: cb.n1581, type: clb
	...........................................
Passed route at end.
Complex block 64: cb.n1662_1, type: clb
	.............................................
Passed route at end.
Complex block 65: cb.n1633, type: clb
	............................................
Passed route at end.
Complex block 66: cb.n1885, type: clb
	......................
Passed route at end.
Complex block 67: cb.n1797, type: clb
	...............
Passed route at end.
Complex block 68: cb.n1751, type: clb
	...........................................
Passed route at end.
Complex block 69: cb.n1583, type: clb
	............................................
Passed route at end.
Complex block 70: cb.n1256, type: clb
	...........................................
Passed route at end.
Complex block 71: cb.n1056, type: clb
	...................
Passed route at end.
Complex block 72: cb.n796, type: clb
	............
Passed route at end.
Complex block 73: cb.top^Aport~29, type: io
	
Passed route at end.
Complex block 74: cb.top^Aport~28, type: io
	
Passed route at end.
Complex block 75: cb.top^Aport~31, type: io
	
Passed route at end.
Complex block 76: cb.top^Aport~30, type: io
	
Passed route at end.
Complex block 77: cb.top^Aport~26, type: io
	
Passed route at end.
Complex block 78: cb.top^Aport~25, type: io
	
Passed route at end.
Complex block 79: cb.top^Aport~27, type: io
	
Passed route at end.
Complex block 80: cb.top^Aport~23, type: io
	
Passed route at end.
Complex block 81: cb.top^Aport~22, type: io
	
Passed route at end.
Complex block 82: cb.top^Aport~24, type: io
	
Passed route at end.
Complex block 83: cb.top^Aport~21, type: io
	
Passed route at end.
Complex block 84: cb.top^Aport~20, type: io
	
Passed route at end.
Complex block 85: cb.top^Aport~19, type: io
	
Passed route at end.
Complex block 86: cb.top^Aport~18, type: io
	
Passed route at end.
Complex block 87: cb.top^Aport~2, type: io
	
Passed route at end.
Complex block 88: cb.top^Aport~1, type: io
	
Passed route at end.
Complex block 89: cb.top^Aport~0, type: io
	
Passed route at end.
Complex block 90: cb.top^Aport~17, type: io
	
Passed route at end.
Complex block 91: cb.top^Aport~16, type: io
	
Passed route at end.
Complex block 92: cb.top^Aport~4, type: io
	
Passed route at end.
Complex block 93: cb.top^Aport~3, type: io
	
Passed route at end.
Complex block 94: cb.top^Aport~15, type: io
	
Passed route at end.
Complex block 95: cb.top^Aport~14, type: io
	
Passed route at end.
Complex block 96: cb.top^Aport~9, type: io
	
Passed route at end.
Complex block 97: cb.top^Aport~8, type: io
	
Passed route at end.
Complex block 98: cb.top^Aport~6, type: io
	
Passed route at end.
Complex block 99: cb.top^Aport~5, type: io
	
Passed route at end.
Complex block 100: cb.top^Aport~13, type: io
	
Passed route at end.
Complex block 101: cb.top^Aport~12, type: io
	
Passed route at end.
Complex block 102: cb.top^Aport~11, type: io
	
Passed route at end.
Complex block 103: cb.top^Aport~10, type: io
	
Passed route at end.
Complex block 104: cb.top^Aport~7, type: io
	
Passed route at end.
Complex block 105: cb.top^Yinport~30, type: io
	
Passed route at end.
Complex block 106: cb.top^Yinport~29, type: io
	
Passed route at end.
Complex block 107: cb.top^Xinport~14, type: io
	
Passed route at end.
Complex block 108: cb.top^Xinport~29, type: io
	
Passed route at end.
Complex block 109: cb.top^Yinport~27, type: io
	
Passed route at end.
Complex block 110: cb.top^Yinport~25, type: io
	
Passed route at end.
Complex block 111: cb.top^Xinport~27, type: io
	
Passed route at end.
Complex block 112: cb.top^Yinport~22, type: io
	
Passed route at end.
Complex block 113: cb.top^Yinport~21, type: io
	
Passed route at end.
Complex block 114: cb.top^Xinport~12, type: io
	
Passed route at end.
Complex block 115: cb.top^Xinport~25, type: io
	
Passed route at end.
Complex block 116: cb.top^Yinport~17, type: io
	
Passed route at end.
Complex block 117: cb.top^Yinport~16, type: io
	
Passed route at end.
Complex block 118: cb.top^Xinport~11, type: io
	
Passed route at end.
Complex block 119: cb.top^Yinport~14, type: io
	
Passed route at end.
Complex block 120: cb.top^Uinport~28, type: io
	
Passed route at end.
Complex block 121: cb.top^Xinport~10, type: io
	
Passed route at end.
Complex block 122: cb.top^Xinport~22, type: io
	
Passed route at end.
Complex block 123: cb.top^Yinport~12, type: io
	
Passed route at end.
Complex block 124: cb.top^Xinport~21, type: io
	
Passed route at end.
Complex block 125: cb.top^Yinport~11, type: io
	
Passed route at end.
Complex block 126: cb.top^Uinport~22, type: io
	
Passed route at end.
Complex block 127: cb.top^Yinport~10, type: io
	
Passed route at end.
Complex block 128: cb.top^Yinport~9, type: io
	
Passed route at end.
Complex block 129: cb.top^Xinport~9, type: io
	
Passed route at end.
Complex block 130: cb.top^Uinport~9, type: io
	
Passed route at end.
Complex block 131: cb.top^Xinport~17, type: io
	
Passed route at end.
Complex block 132: cb.top^Xinport~16, type: io
	
Passed route at end.
Complex block 133: cb.top^reset, type: io
	
Passed route at end.
Complex block 134: cb.top^Xinport~30, type: io
	
Passed route at end.
Complex block 135: cb.top^Yinport~28, type: io
	
Passed route at end.
Complex block 136: cb.top^Yinport~26, type: io
	
Passed route at end.
Complex block 137: cb.top^Xinport~28, type: io
	
Passed route at end.
Complex block 138: cb.top^Yinport~24, type: io
	
Passed route at end.
Complex block 139: cb.top^Xinport~6, type: io
	
Passed route at end.
Complex block 140: cb.top^Xinport~2, type: io
	
Passed route at end.
Complex block 141: cb.top^Yinport~23, type: io
	
Passed route at end.
Complex block 142: cb.top^Yinport~20, type: io
	
Passed route at end.
Complex block 143: cb.top^Xinport~26, type: io
	
Passed route at end.
Complex block 144: cb.top^Yinport~19, type: io
	
Passed route at end.
Complex block 145: cb.top^Xinport~24, type: io
	
Passed route at end.
Complex block 146: cb.top^Xinport~23, type: io
	
Passed route at end.
Complex block 147: cb.top^Xinport~5, type: io
	
Passed route at end.
Complex block 148: cb.top^Xinport~0, type: io
	
Passed route at end.
Complex block 149: cb.top^Uinport~31, type: io
	
Passed route at end.
Complex block 150: cb.top^Yinport~15, type: io
	
Passed route at end.
Complex block 151: cb.top^Uinport~30, type: io
	
Passed route at end.
Complex block 152: cb.top^Uinport~29, type: io
	
Passed route at end.
Complex block 153: cb.top^Xinport~4, type: io
	
Passed route at end.
Complex block 154: cb.top^Uinport~26, type: io
	
Passed route at end.
Complex block 155: cb.top^Uinport~25, type: io
	
Passed route at end.
Complex block 156: cb.top^Uinport~24, type: io
	
Passed route at end.
Complex block 157: cb.top^Uinport~23, type: io
	
Passed route at end.
Complex block 158: cb.top^Uinport~21, type: io
	
Passed route at end.
Complex block 159: cb.top^Uinport~20, type: io
	
Passed route at end.
Complex block 160: cb.top^Uinport~19, type: io
	
Passed route at end.
Complex block 161: cb.top^Xinport~20, type: io
	
Passed route at end.
Complex block 162: cb.top^Yinport~8, type: io
	
Passed route at end.
Complex block 163: cb.top^Yinport~7, type: io
	
Passed route at end.
Complex block 164: cb.top^Uinport~17, type: io
	
Passed route at end.
Complex block 165: cb.top^Uinport~16, type: io
	
Passed route at end.
Complex block 166: cb.top^Xinport~19, type: io
	
Passed route at end.
Complex block 167: cb.top^Uinport~15, type: io
	
Passed route at end.
Complex block 168: cb.top^Uinport~14, type: io
	
Passed route at end.
Complex block 169: cb.top^Yinport~6, type: io
	
Passed route at end.
Complex block 170: cb.top^Xinport~8, type: io
	
Passed route at end.
Complex block 171: cb.top^Uinport~12, type: io
	
Passed route at end.
Complex block 172: cb.top^Uinport~11, type: io
	
Passed route at end.
Complex block 173: cb.top^Yinport~5, type: io
	
Passed route at end.
Complex block 174: cb.top^Yinport~4, type: io
	
Passed route at end.
Complex block 175: cb.top^Xinport~3, type: io
	
Passed route at end.
Complex block 176: cb.top^Uinport~7, type: io
	
Passed route at end.
Complex block 177: cb.top^Yinport~3, type: io
	
Passed route at end.
Complex block 178: cb.top^Uinport~6, type: io
	
Passed route at end.
Complex block 179: cb.top^Uinport~5, type: io
	
Passed route at end.
Complex block 180: cb.top^Yinport~2, type: io
	
Passed route at end.
Complex block 181: cb.top^Uinport~4, type: io
	
Passed route at end.
Complex block 182: cb.top^Uinport~3, type: io
	
Passed route at end.
Complex block 183: cb.top^Yinport~1, type: io
	
Passed route at end.
Complex block 184: cb.top^Uinport~2, type: io
	
Passed route at end.
Complex block 185: cb.top^Uinport~1, type: io
	
Passed route at end.
Complex block 186: cb.top^Yinport~0, type: io
	
Passed route at end.
Complex block 187: cb.top^Uinport~0, type: io
	
Passed route at end.
Complex block 188: cb.top^Xinport~1, type: io
	
Passed route at end.
Complex block 189: cb.top^Xinport~15, type: io
	
Passed route at end.
Complex block 190: cb.top^Xinport~7, type: io
	
Passed route at end.
Complex block 191: cb.top^Yinport~18, type: io
	
Passed route at end.
Complex block 192: cb.top^Uinport~27, type: io
	
Passed route at end.
Complex block 193: cb.top^Xinport~18, type: io
	
Passed route at end.
Complex block 194: cb.top^Xinport~13, type: io
	
Passed route at end.
Complex block 195: cb.top^Yinport~13, type: io
	
Passed route at end.
Complex block 196: cb.top^Uinport~18, type: io
	
Passed route at end.
Complex block 197: cb.top^Uinport~13, type: io
	
Passed route at end.
Complex block 198: cb.top^Uinport~10, type: io
	
Passed route at end.
Complex block 199: cb.top^Uinport~8, type: io
	
Passed route at end.
Complex block 200: cb.top^Yinport~31, type: io
	
Passed route at end.
Complex block 201: cb.top^Xinport~31, type: io
	
Passed route at end.
Complex block 202: cb.out:top^Uoutport~28, type: io
	
Passed route at end.
Complex block 203: cb.out:top^Uoutport~27, type: io
	
Passed route at end.
Complex block 204: cb.out:top^Uoutport~26, type: io
	
Passed route at end.
Complex block 205: cb.out:top^Uoutport~25, type: io
	
Passed route at end.
Complex block 206: cb.out:top^Uoutport~24, type: io
	
Passed route at end.
Complex block 207: cb.out:top^Uoutport~23, type: io
	
Passed route at end.
Complex block 208: cb.out:top^Uoutport~22, type: io
	
Passed route at end.
Complex block 209: cb.out:top^Uoutport~21, type: io
	
Passed route at end.
Complex block 210: cb.out:top^Uoutport~20, type: io
	
Passed route at end.
Complex block 211: cb.out:top^Uoutport~19, type: io
	
Passed route at end.
Complex block 212: cb.out:top^Uoutport~18, type: io
	
Passed route at end.
Complex block 213: cb.out:top^Uoutport~17, type: io
	
Passed route at end.
Complex block 214: cb.out:top^Uoutport~16, type: io
	
Passed route at end.
Complex block 215: cb.out:top^Uoutport~15, type: io
	
Passed route at end.
Complex block 216: cb.out:top^Uoutport~14, type: io
	
Passed route at end.
Complex block 217: cb.out:top^Uoutport~13, type: io
	
Passed route at end.
Complex block 218: cb.out:top^Uoutport~12, type: io
	
Passed route at end.
Complex block 219: cb.out:top^Uoutport~11, type: io
	
Passed route at end.
Complex block 220: cb.out:top^Uoutport~10, type: io
	
Passed route at end.
Complex block 221: cb.out:top^Uoutport~9, type: io
	
Passed route at end.
Complex block 222: cb.out:top^Uoutport~8, type: io
	
Passed route at end.
Complex block 223: cb.out:top^Uoutport~7, type: io
	
Passed route at end.
Complex block 224: cb.out:top^Uoutport~6, type: io
	
Passed route at end.
Complex block 225: cb.out:top^Uoutport~5, type: io
	
Passed route at end.
Complex block 226: cb.out:top^Uoutport~4, type: io
	
Passed route at end.
Complex block 227: cb.out:top^Uoutport~3, type: io
	
Passed route at end.
Complex block 228: cb.out:top^Uoutport~2, type: io
	
Passed route at end.
Complex block 229: cb.out:top^Uoutport~1, type: io
	
Passed route at end.
Complex block 230: cb.out:top^Youtport~31, type: io
	
Passed route at end.
Complex block 231: cb.out:top^Uoutport~0, type: io
	
Passed route at end.
Complex block 232: cb.out:top^Youtport~30, type: io
	
Passed route at end.
Complex block 233: cb.out:top^Youtport~29, type: io
	
Passed route at end.
Complex block 234: cb.out:top^Xoutport~29, type: io
	
Passed route at end.
Complex block 235: cb.out:top^Youtport~28, type: io
	
Passed route at end.
Complex block 236: cb.out:top^Youtport~27, type: io
	
Passed route at end.
Complex block 237: cb.out:top^Youtport~26, type: io
	
Passed route at end.
Complex block 238: cb.out:top^Youtport~25, type: io
	
Passed route at end.
Complex block 239: cb.out:top^Youtport~24, type: io
	
Passed route at end.
Complex block 240: cb.out:top^Youtport~23, type: io
	
Passed route at end.
Complex block 241: cb.out:top^Youtport~22, type: io
	
Passed route at end.
Complex block 242: cb.out:top^Youtport~21, type: io
	
Passed route at end.
Complex block 243: cb.out:top^Youtport~20, type: io
	
Passed route at end.
Complex block 244: cb.out:top^Youtport~19, type: io
	
Passed route at end.
Complex block 245: cb.out:top^Youtport~18, type: io
	
Passed route at end.
Complex block 246: cb.out:top^Youtport~17, type: io
	
Passed route at end.
Complex block 247: cb.out:top^Youtport~16, type: io
	
Passed route at end.
Complex block 248: cb.out:top^Youtport~15, type: io
	
Passed route at end.
Complex block 249: cb.out:top^Youtport~14, type: io
	
Passed route at end.
Complex block 250: cb.out:top^Youtport~13, type: io
	
Passed route at end.
Complex block 251: cb.out:top^Youtport~12, type: io
	
Passed route at end.
Complex block 252: cb.out:top^Youtport~11, type: io
	
Passed route at end.
Complex block 253: cb.out:top^Youtport~10, type: io
	
Passed route at end.
Complex block 254: cb.out:top^Youtport~9, type: io
	
Passed route at end.
Complex block 255: cb.out:top^Youtport~8, type: io
	
Passed route at end.
Complex block 256: cb.out:top^Youtport~7, type: io
	
Passed route at end.
Complex block 257: cb.out:top^Youtport~6, type: io
	
Passed route at end.
Complex block 258: cb.out:top^Youtport~5, type: io
	
Passed route at end.
Complex block 259: cb.out:top^Youtport~4, type: io
	
Passed route at end.
Complex block 260: cb.out:top^Youtport~3, type: io
	
Passed route at end.
Complex block 261: cb.out:top^Youtport~2, type: io
	
Passed route at end.
Complex block 262: cb.out:top^Youtport~1, type: io
	
Passed route at end.
Complex block 263: cb.out:top^Youtport~0, type: io
	
Passed route at end.
Complex block 264: cb.out:top^Xoutport~31, type: io
	
Passed route at end.
Complex block 265: cb.out:top^Xoutport~30, type: io
	
Passed route at end.
Complex block 266: cb.out:top^Xoutport~28, type: io
	
Passed route at end.
Complex block 267: cb.out:top^Xoutport~27, type: io
	
Passed route at end.
Complex block 268: cb.out:top^Xoutport~26, type: io
	
Passed route at end.
Complex block 269: cb.out:top^Xoutport~25, type: io
	
Passed route at end.
Complex block 270: cb.out:top^Xoutport~24, type: io
	
Passed route at end.
Complex block 271: cb.out:top^Xoutport~23, type: io
	
Passed route at end.
Complex block 272: cb.out:top^Xoutport~22, type: io
	
Passed route at end.
Complex block 273: cb.out:top^Xoutport~21, type: io
	
Passed route at end.
Complex block 274: cb.out:top^Xoutport~20, type: io
	
Passed route at end.
Complex block 275: cb.out:top^Xoutport~19, type: io
	
Passed route at end.
Complex block 276: cb.out:top^Xoutport~18, type: io
	
Passed route at end.
Complex block 277: cb.out:top^Xoutport~17, type: io
	
Passed route at end.
Complex block 278: cb.out:top^Xoutport~16, type: io
	
Passed route at end.
Complex block 279: cb.out:top^Xoutport~15, type: io
	
Passed route at end.
Complex block 280: cb.out:top^Xoutport~14, type: io
	
Passed route at end.
Complex block 281: cb.out:top^Xoutport~13, type: io
	
Passed route at end.
Complex block 282: cb.out:top^Xoutport~12, type: io
	
Passed route at end.
Complex block 283: cb.out:top^Xoutport~11, type: io
	
Passed route at end.
Complex block 284: cb.out:top^Xoutport~10, type: io
	
Passed route at end.
Complex block 285: cb.out:top^Xoutport~9, type: io
	
Passed route at end.
Complex block 286: cb.out:top^Xoutport~8, type: io
	
Passed route at end.
Complex block 287: cb.out:top^Xoutport~7, type: io
	
Passed route at end.
Complex block 288: cb.out:top^Xoutport~6, type: io
	
Passed route at end.
Complex block 289: cb.out:top^Xoutport~5, type: io
	
Passed route at end.
Complex block 290: cb.out:top^Xoutport~4, type: io
	
Passed route at end.
Complex block 291: cb.out:top^Xoutport~3, type: io
	
Passed route at end.
Complex block 292: cb.out:top^Xoutport~2, type: io
	
Passed route at end.
Complex block 293: cb.out:top^Xoutport~1, type: io
	
Passed route at end.
Complex block 294: cb.out:top^Uoutport~31, type: io
	
Passed route at end.
Complex block 295: cb.out:top^Uoutport~30, type: io
	
Passed route at end.
Complex block 296: cb.out:top^Uoutport~29, type: io
	
Passed route at end.
Complex block 297: cb.out:top^Xoutport~0, type: io
	
Passed route at end.
Complex block 298: cb.top^clk, type: io
	
Passed route at end.
	<EMPTY>: # blocks: 0, average # input + clock pins used: 0, average # output pins used: 0
	io: # blocks: 258, average # input + clock pins used: 0.372093, average # output pins used: 0.627907
	clb: # blocks: 36, average # input + clock pins used: 26.25, average # output pins used: 10.8611
	mult_36: # blocks: 5, average # input + clock pins used: 52.8, average # output pins used: 32.8
	memory: # blocks: 0, average # input + clock pins used: 0, average # output pins used: 0
Absorbed logical nets 287 out of 1004 nets, 717 nets not absorbed.

Netlist conversion complete.

Packing took 0.51 seconds.
Packing completed.
Begin parsing packed FPGA netlist file.
Finished parsing packed FPGA netlist file.
Netlist generated from file 'diffeq1.net'.
vcc is a constant generator.

Netlist num_nets: 717
Netlist num_blocks: 299
Netlist <EMPTY> blocks: 0.
Netlist clb blocks: 36.
Netlist mult_36 blocks: 5.
Netlist memory blocks: 0.
Netlist inputs pins: 162
Netlist output pins: 96

Auto-sizing FPGA at x = 17 y = 17
Auto-sizing FPGA at x = 9 y = 9
Auto-sizing FPGA at x = 13 y = 13
Auto-sizing FPGA at x = 15 y = 15
Auto-sizing FPGA at x = 14 y = 14
Auto-sizing FPGA at x = 13 y = 13
FPGA auto-sized to x = 14 y = 14
The circuit will be mapped into a 14 x 14 array of clbs.

Resource usage...
	Netlist      0	blocks of type: <EMPTY>
	Architecture 12	blocks of type: <EMPTY>
	Netlist      258	blocks of type: io
	Architecture 448	blocks of type: io
	Netlist      36	blocks of type: clb
	Architecture 140	blocks of type: clb
	Netlist      5	blocks of type: mult_36
	Architecture 6	blocks of type: mult_36
	Netlist      0	blocks of type: memory
	Architecture 4	blocks of type: memory

Computing delta_io_to_io lookup matrix, may take a few seconds, please wait...
Computing delta_io_to_clb lookup matrix, may take a few seconds, please wait...
Computing delta_clb_to_io lookup matrix, may take a few seconds, please wait...
Computing delta_clb_to_clb lookup matrix, may take a few seconds, please wait...

There are 1267 point to point connections in this circuit.

Initial placement cost: 1.06422 bb_cost: 112.891 td_cost: 2.75104e-07 delay_cost: 6.62898e-07

--------- --------- ----------- ----------- ----------- ----------- -------- -------- ------- ------- ------- --------- -------
        T      Cost  Av BB Cost  Av TD Cost  Av Tot Del  P to P Del    d_max  Ac Rate Std Dev R limit     Exp Tot Moves   Alpha
--------- --------- ----------- ----------- ----------- ----------- -------- -------- ------- ------- ------- --------- -------
  0.37587   0.94004     107.162 2.65607e-07 6.35325e-07 5.23203e-10  24.0785   0.9985  0.0262 15.0000  1.0000      1998  0.5000
  0.18794   0.99965     105.173 2.65297e-07 6.29682e-07 5.10592e-10  23.5332   0.9955  0.0220 15.0000  1.0000      3996  0.5000
  0.09397   0.95798     105.693 2.62847e-07 6.23566e-07 5.09155e-10  23.5081   0.9940  0.0272 15.0000  1.0000      5994  0.5000
  0.04698     1.001     106.147 2.71879e-07 6.36349e-07 4.94244e-10  22.5413   0.9860  0.0249 15.0000  1.0000      7992  0.5000
  0.02349   0.94085     106.023 2.57489e-07 6.28814e-07 5.12089e-10  24.8006   0.9785  0.0309 15.0000  1.0000      9990  0.5000
  0.01175   0.94442     101.719 2.53039e-07 6.06245e-07 5.07736e-10  23.1065   0.9565  0.0426 15.0000  1.0000     11988  0.9000
  0.01057   0.97991     97.3544 2.42899e-07  5.9295e-07 4.78793e-10  22.6705   0.9374  0.0204 15.0000  1.0000     13986  0.9000
  0.00951   0.94543     93.6796 2.40679e-07   5.733e-07 4.73122e-10  22.2222   0.9234  0.0213 15.0000  1.0000     15984  0.9000
  0.00856   0.98236     95.0201 2.42033e-07 5.82518e-07 4.64976e-10  22.6062   0.9319  0.0344 15.0000  1.0000     17982  0.9000
  0.00771    1.0156     93.9483 2.43163e-07 5.86392e-07 4.55665e-10  22.5517   0.9209  0.0161 15.0000  1.0000     19980  0.9000
  0.00694   0.95759       91.95 2.40305e-07 5.74694e-07 4.69088e-10  22.6207   0.9169  0.0281 15.0000  1.0000     21978  0.9000
  0.00624    1.0096     90.7822 2.35653e-07 5.62955e-07 4.47584e-10  21.6105   0.9019  0.0235 15.0000  1.0000     23976  0.9000
  0.00562   0.99025     90.1296 2.33779e-07 5.61316e-07 4.45392e-10  21.3825   0.8969  0.0123 15.0000  1.0000     25974  0.9000
  0.00506    1.0061     92.0585 2.36442e-07 5.66654e-07  4.4805e-10  21.6583   0.8884  0.0169 15.0000  1.0000     27972  0.9000
  0.00455   0.97916     89.3327 2.23446e-07 5.52862e-07 4.47516e-10  22.3025   0.8924  0.0151 15.0000  1.0000     29970  0.9000
  0.00410   0.95369     86.1744 2.25287e-07 5.46295e-07 4.40923e-10  22.0773   0.8769  0.0164 15.0000  1.0000     31968  0.9000
  0.00369   0.97144     83.2342 2.22714e-07 5.40442e-07 4.36583e-10  21.1986   0.8564  0.0201 15.0000  1.0000     33966  0.9000
  0.00332    0.9926     85.3722  2.1624e-07 5.34794e-07 4.26689e-10  21.7453   0.8514  0.0078 15.0000  1.0000     35964  0.9000
  0.00299   0.97212     81.1875 2.10504e-07 5.16495e-07 4.17847e-10  20.9953   0.8448  0.0118 15.0000  1.0000     37962  0.9000
  0.00269   0.99734     81.0205 2.10467e-07 5.19223e-07 4.06144e-10  20.9182   0.8333  0.0126 15.0000  1.0000     39960  0.9000
  0.00242   0.99847      79.693 2.13731e-07 5.17343e-07 4.09758e-10  20.8053   0.8328  0.0057 15.0000  1.0000     41958  0.9000
  0.00218   0.99305     78.5467 2.07545e-07 5.10103e-07  4.0807e-10  21.3563   0.8198  0.0087 15.0000  1.0000     43956  0.9000
  0.00196   0.99269     76.6702 2.04298e-07 5.00071e-07 3.96266e-10  20.5862   0.8218  0.0111 15.0000  1.0000     45954  0.9000
  0.00176    1.0003     74.3302 1.97664e-07 4.84067e-07 3.84554e-10  20.5632   0.7778  0.0044 15.0000  1.0000     47952  0.9500
  0.00167    1.0036     73.6556 1.95486e-07 4.76499e-07 3.78374e-10  20.9472   0.7668  0.0038 15.0000  1.0000     49950  0.9500
  0.00159     1.006     73.9202 1.95292e-07 4.80622e-07 3.73905e-10  20.8343   0.7743  0.0058 15.0000  1.0000     51948  0.9500
  0.00151   0.99868      73.058 1.92362e-07 4.75969e-07 3.75705e-10  20.9408   0.7633  0.0034 15.0000  1.0000     53946  0.9500
  0.00144   0.99642     71.6466 1.92168e-07 4.75603e-07 3.73514e-10  20.8117   0.7693  0.0040 15.0000  1.0000     55944  0.9500
  0.00136    1.0033     72.2949  1.9226e-07 4.77918e-07 3.72597e-10  20.7966   0.7628  0.0041 15.0000  1.0000     57942  0.9500
  0.00130   0.98893     72.0407 1.92103e-07 4.74263e-07 3.79623e-10  20.6611   0.7357  0.0068 15.0000  1.0000     59940  0.9500
  0.00123   0.99727     71.3712 1.89211e-07 4.68958e-07 3.70009e-10  20.6561   0.7287  0.0062 15.0000  1.0000     61938  0.9500
  0.00117   0.99017      71.661  1.8823e-07  4.6893e-07 3.72236e-10  20.6787   0.7187  0.0046 15.0000  1.0000     63936  0.9500
  0.00111    1.0064     71.2095 1.88818e-07 4.69927e-07 3.68369e-10  20.5406   0.7042  0.0066 15.0000  1.0000     65934  0.9500
  0.00106    1.0036     70.6657 1.88123e-07 4.69358e-07 3.67646e-10  20.6611   0.7157  0.0073 15.0000  1.0000     67932  0.9500
  0.00100    1.0003     70.4333 1.87725e-07 4.65429e-07 3.68724e-10  20.5406   0.7007  0.0056 15.0000  1.0000     69930  0.9500
  0.00095   0.99303     70.7708  1.8751e-07 4.65073e-07 3.68279e-10  20.6611   0.6787  0.0061 15.0000  1.0000     71928  0.9500
  0.00091    1.0028     70.7201 1.85983e-07 4.66608e-07 3.66448e-10  20.8422   0.7287  0.0037 15.0000  1.0000     73926  0.9500
  0.00086   0.99099     69.3875 1.86708e-07 4.63076e-07 3.69109e-10  20.3900   0.6707  0.0073 15.0000  1.0000     75924  0.9500
  0.00082    1.0005     68.9624 1.84515e-07 4.58172e-07 3.60692e-10  20.6611   0.6842  0.0042 15.0000  1.0000     77922  0.9500
  0.00078    1.0014     68.5028 1.83354e-07 4.56021e-07 3.57474e-10  20.8343   0.6602  0.0033 15.0000  1.0000     79920  0.9500
  0.00074   0.99961     68.6075 1.82075e-07 4.56874e-07 3.57581e-10  20.9321   0.6717  0.0022 15.0000  1.0000     81918  0.9500
  0.00070   0.98941     68.1487 1.82485e-07 4.54058e-07 3.62585e-10  20.6787   0.6251  0.0046 15.0000  1.0000     83916  0.9500
  0.00067    1.0015     68.0391 1.82397e-07 4.52841e-07 3.56059e-10  20.6787   0.6291  0.0029 15.0000  1.0000     85914  0.9500
  0.00063   0.99203     67.5298 1.82107e-07 4.52041e-07 3.58841e-10  20.6762   0.6592  0.0046 15.0000  1.0000     87912  0.9500
  0.00060    0.9999     67.5487 1.81411e-07 4.53597e-07  3.5852e-10  20.6988   0.6126  0.0057 15.0000  1.0000     89910  0.9500
  0.00057   0.99366     67.5388 1.81884e-07 4.53364e-07 3.60045e-10  20.7966   0.5971  0.0042 15.0000  1.0000     91908  0.9500
  0.00054   0.99966     67.0661  1.8162e-07 4.52257e-07 3.55471e-10  20.6762   0.5821  0.0031 15.0000  1.0000     93906  0.9500
  0.00051    0.9998     67.2936 1.81817e-07 4.52183e-07  3.5898e-10  20.6787   0.5801  0.0027 15.0000  1.0000     95904  0.9500
  0.00049   0.99181     67.1242 1.81324e-07 4.50544e-07 3.58487e-10  20.6762   0.5626  0.0053 15.0000  1.0000     97902  0.9500
  0.00046   0.99927     66.5026 1.80104e-07 4.46466e-07 3.53736e-10  20.6988   0.5270  0.0023 15.0000  1.0000     99900  0.9500
  0.00044    0.9999     66.4145 1.78712e-07 4.45771e-07 3.50549e-10  20.7966   0.5110  0.0027 15.0000  1.0000    101898  0.9500
  0.00042   0.99596     65.8796 1.80526e-07 4.45082e-07 3.51609e-10  20.5431   0.5035  0.0036 15.0000  1.0000    103896  0.9500
  0.00040    1.0023     66.3742  1.8003e-07 4.45815e-07  3.5302e-10  20.6787   0.5075  0.0030 15.0000  1.0000    105894  0.9500
  0.00038    1.0015     66.5323 1.79889e-07 4.46057e-07 3.51554e-10  20.7966   0.4830  0.0031 15.0000  1.0000    107892  0.9500
  0.00036     0.997      65.876 1.80626e-07 4.46351e-07 3.50979e-10  20.6762   0.4690  0.0038 15.0000  1.0000    109890  0.9500
  0.00034   0.99662      64.903 1.81631e-07 4.41189e-07 3.48231e-10  20.2721   0.4279  0.0023 15.0000  1.0000    111888  0.9500
  0.00032   0.99773     64.2396 1.72717e-07 4.39262e-07 3.48323e-10  20.3900   0.4304  0.0015 14.8189  1.0905    113886  0.9500
  0.00031   0.99835     64.3713 1.66854e-07 4.38931e-07 3.47239e-10  20.2922   0.4079  0.0023 14.6771  1.1614    115884  0.9500
  0.00029    1.0005     64.2688 1.53007e-07 4.37131e-07 3.45979e-10  20.2696   0.4249  0.0017 14.2061  1.3970    117882  0.9500
  0.00028   0.99774     63.9556 1.47895e-07 4.35616e-07 3.43717e-10  20.2721   0.4379  0.0032 13.9919  1.5040    119880  0.9500
  0.00026   0.99966     63.4792 1.47043e-07 4.35463e-07  3.4274e-10  20.2721   0.4169  0.0015 13.9631  1.5185    121878  0.9500
  0.00025   0.99678      63.101 1.40069e-07 4.35069e-07 3.44303e-10  20.2696   0.4089  0.0017 13.6408  1.6796    123876  0.9500
  0.00024     1.001     63.1461 1.31548e-07 4.35985e-07 3.42476e-10  20.2696   0.4369  0.0017 13.2167  1.8917    125874  0.9500
  0.00023   0.99534      62.441 1.30751e-07  4.3117e-07 3.44858e-10  20.2696   0.3899  0.0023 13.1762  1.9119    127872  0.9500
  0.00022    1.0009     62.1553 1.21832e-07 4.29394e-07 3.38006e-10  20.2545   0.3909  0.0022 12.5159  2.2420    129870  0.9500
  0.00020   0.99783     62.2884  1.1532e-07 4.32093e-07 3.39594e-10  20.2696   0.4099  0.0014 11.9013  2.5494    131868  0.9500
  0.00019   0.99692     61.6368 1.11559e-07 4.29584e-07 3.39398e-10  20.2495   0.3844  0.0018 11.5432  2.7284    133866  0.9500
  0.00018   0.99967     61.6527 1.06169e-07 4.29008e-07 3.38501e-10  20.2495   0.3929  0.0013 10.9012  3.0494    135864  0.9500
  0.00018    1.0018     61.5672 1.02528e-07 4.28643e-07 3.36843e-10  20.2495   0.3879  0.0022 10.3877  3.3062    137862  0.9500
  0.00017   0.99584     60.4836 9.96479e-08 4.24748e-07  3.3824e-10  20.2545   0.3829  0.0021  9.8463  3.5768    139860  0.9500
  0.00016    1.0031     60.8831  9.6339e-08  4.2691e-07  3.3606e-10  20.2495   0.3884  0.0014  9.2839  3.8580    141858  0.9500
  0.00015   0.99808     60.4757 9.43821e-08 4.27211e-07 3.36209e-10  20.2495   0.3914  0.0008  8.8048  4.0976    143856  0.9500
  0.00014     0.999     60.3785 9.32509e-08 4.28482e-07 3.38301e-10  20.1566   0.3579  0.0009  8.3768  4.3116    145854  0.9500
  0.00014   0.99967     60.5836 8.97956e-08 4.26791e-07 3.38118e-10  20.2545   0.3984  0.0011  7.6887  4.6556    147852  0.9500
  0.00013   0.99862      60.747 8.85065e-08 4.26575e-07 3.36732e-10  20.2545   0.4194  0.0008  7.3688  4.8156    149850  0.9500
  0.00012   0.99899     60.7755 8.78256e-08  4.2651e-07 3.36091e-10  20.2495   0.3784  0.0015  7.2172  4.8914    151848  0.9500
  0.00012   0.99966     60.6724 8.70492e-08 4.25972e-07 3.35571e-10  20.1366   0.3854  0.0008  6.7725  5.1138    153846  0.9500
  0.00011    0.9964     60.4341 8.56349e-08 4.25655e-07 3.37255e-10  20.1366   0.3589  0.0018  6.4026  5.2987    155844  0.9500
  0.00010   0.99733     60.2991 8.45861e-08 4.26079e-07 3.34921e-10  20.1366   0.3579  0.0012  5.8831  5.5585    157842  0.9500
  0.00010    1.0005     60.0361   8.265e-08  4.2871e-07 3.36686e-10  20.1366   0.3944  0.0007  5.3998  5.8001    159840  0.9500
  0.00009    0.9994     60.1286 8.17065e-08 4.29885e-07 3.39647e-10  20.1366   0.3584  0.0006  5.1536  5.9232    161838  0.9500
  0.00009   0.99839     59.9133  8.1278e-08 4.28701e-07 3.39186e-10  20.1366   0.3734  0.0010  4.7328  6.1336    163836  0.9500
  0.00009   0.99797     59.5831 8.05054e-08 4.27129e-07 3.37812e-10  20.1366   0.3524  0.0006  4.4175  6.2913    165834  0.9500
  0.00008    1.0009     59.5683   7.974e-08 4.28159e-07 3.36791e-10  20.1366   0.3619  0.0007  4.0303  6.4849    167832  0.9500
  0.00008   0.99913     59.6653 7.90242e-08 4.28698e-07 3.38188e-10  20.1366   0.3774  0.0008  3.7154  6.6423    169830  0.9500
  0.00007   0.99926     59.5754 7.84787e-08 4.28826e-07 3.38245e-10  20.1366   0.3719  0.0010  3.4827  6.7586    171828  0.9500
  0.00007    1.0001     59.2185 7.74679e-08 4.27751e-07 3.38474e-10  20.1366   0.3524  0.0011  3.2454  6.8773    173826  0.9500
  0.00007   0.99845     59.1056 7.69246e-08 4.27424e-07 3.37972e-10  20.1366   0.3879  0.0006  2.9610  7.0195    175824  0.9500
  0.00006   0.99805     58.8478 7.65123e-08 4.27456e-07 3.37215e-10  20.1366   0.3719  0.0010  2.8067  7.0967    177822  0.9500
  0.00006    1.0006     58.8448 7.61255e-08 4.26962e-07 3.37068e-10  20.1366   0.3794  0.0007  2.6155  7.1923    179820  0.9500
  0.00006   0.99857     58.8281 7.58473e-08 4.27124e-07 3.37594e-10  20.1366   0.3649  0.0005  2.4569  7.2715    181818  0.9500
  0.00005   0.99779     58.6868 7.55286e-08 4.26766e-07 3.37631e-10  20.1366   0.3594  0.0006  2.2723  7.3638    183816  0.9500
  0.00005   0.99875     58.5217 7.52275e-08 4.26485e-07 3.37479e-10  20.1341   0.3338  0.0006  2.0891  7.4555    185814  0.9500
  0.00005   0.99964     58.4784 7.48105e-08 4.26428e-07 3.36663e-10  20.1366   0.3884  0.0004  1.8673  7.5664    187812  0.9500
  0.00005    1.0001     58.5103 7.46192e-08 4.26917e-07 3.36632e-10  20.1366   0.3914  0.0002  1.7709  7.6145    189810  0.9500
  0.00004   0.99948     58.4098 7.46115e-08 4.26023e-07 3.36801e-10  20.1190   0.3689  0.0005  1.6848  7.6576    191808  0.9500
  0.00004   0.99911     58.2511 7.42925e-08 4.25387e-07 3.35628e-10  20.1341   0.3473  0.0003  1.5650  7.7175    193806  0.9500
  0.00004   0.99988     58.1882 7.40707e-08 4.25174e-07 3.35666e-10  20.1366   0.3463  0.0001  1.4200  7.7900    195804  0.9500
  0.00004   0.99973     58.1723 7.38599e-08 4.25126e-07 3.35543e-10  20.1366   0.3323  0.0003  1.2870  7.8565    197802  0.9500
  0.00004         1     58.0891 7.36675e-08 4.24818e-07 3.35777e-10  20.1366   0.3468  0.0002  1.1484  7.9258    199800  0.9500
  0.00003    0.9996     58.0387 7.35088e-08 4.25206e-07 3.35129e-10  20.1366   0.3238  0.0002  1.0415  7.9793    201798  0.9500
  0.00003    1.0002     58.0159 7.34539e-08 4.25958e-07 3.36094e-10  20.1366   0.3248  0.0002  1.0000  8.0000    203796  0.9500
  0.00003   0.99992     57.9781 7.34717e-08 4.25453e-07 3.35979e-10  20.1366   0.3143  0.0001  1.0000  8.0000    205794  0.9500
  0.00003   0.99997     57.9499 7.34979e-08 4.25335e-07 3.34977e-10  20.1366   0.3093  0.0001  1.0000  8.0000    207792  0.9500
  0.00003   0.99977       57.97 7.34718e-08 4.26096e-07 3.35836e-10  20.1366   0.3128  0.0002  1.0000  8.0000    209790  0.9500
  0.00003   0.99974     57.9629 7.34427e-08 4.25781e-07 3.36652e-10  20.1366   0.3158  0.0003  1.0000  8.0000    211788  0.9500
  0.00002    1.0003     57.9775  7.3442e-08 4.25638e-07 3.35533e-10  20.1366   0.3118  0.0003  1.0000  8.0000    213786  0.9500
  0.00002    0.9999     57.9635 7.34424e-08 4.25117e-07 3.35927e-10  20.1366   0.3258  0.0000  1.0000  8.0000    215784  0.9500
  0.00002   0.99985     57.9472 7.34433e-08 4.25025e-07 3.35363e-10  20.1366   0.3098  0.0001  1.0000  8.0000    217782  0.9500
  0.00002   0.99998      57.942 7.34436e-08 4.25552e-07  3.3583e-10  20.1366   0.3058  0.0001  1.0000  8.0000    219780  0.9500
  0.00002   0.99985     57.8838 7.34482e-08 4.25542e-07 3.35927e-10  20.1366   0.3023  0.0001  1.0000  8.0000    221778  0.9500
  0.00002    0.9999     57.8638 7.34428e-08 4.25919e-07 3.36236e-10  20.1366   0.2708  0.0001  1.0000  8.0000    223776  0.9500
  0.00002    1.0001     57.8824 7.34445e-08 4.25659e-07 3.36078e-10  20.1366   0.2883  0.0000  1.0000  8.0000    225774  0.9500
  0.00002   0.99978      57.867  7.3443e-08 4.25652e-07 3.36072e-10  20.1366   0.2958  0.0001  1.0000  8.0000    227772  0.9500
  0.00002   0.99994      57.854 7.34442e-08 4.25464e-07 3.35721e-10  20.1366   0.3073  0.0000  1.0000  8.0000    229770  0.9500
  0.00002   0.99993     57.8543 7.34415e-08 4.25106e-07 3.35885e-10  20.1366   0.2653  0.0001  1.0000  8.0000    231768  0.9500
  0.00001   0.99982     57.8255 7.34408e-08 4.24358e-07 3.35301e-10  20.1366   0.3033  0.0001  1.0000  8.0000    233766  0.9500
  0.00001   0.99991     57.8228 7.34402e-08 4.24343e-07 3.34988e-10  20.1366   0.2973  0.0000  1.0000  8.0000    235764  0.9500
  0.00001   0.99997     57.8218 7.34389e-08 4.24417e-07 3.34931e-10  20.1366   0.2923  0.0000  1.0000  8.0000    237762  0.9500
  0.00001         1     57.8286 7.34398e-08 4.24766e-07 3.34388e-10  20.1366   0.2723  0.0000  1.0000  8.0000    239760  0.9500
  0.00001   0.99992     57.8241 7.34407e-08 4.24621e-07 3.34988e-10  20.1366   0.2958  0.0001  1.0000  8.0000    241758  0.9500
  0.00001   0.99998     57.8124 7.34407e-08 4.24826e-07 3.35214e-10  20.1366   0.2803  0.0000  1.0000  8.0000    243756  0.9500
  0.00001   0.99997     57.8125 7.34414e-08 4.24746e-07  3.3585e-10  20.1366   0.2813  0.0000  1.0000  8.0000    245754  0.9500
  0.00001   0.99997     57.8116 7.34407e-08 4.24521e-07 3.35238e-10  20.1366   0.2788  0.0000  1.0000  8.0000    247752  0.9500
  0.00001   0.99997     57.8121 7.34391e-08 4.23721e-07 3.34286e-10  20.1366   0.2963  0.0000  1.0000  8.0000    249750  0.9500
  0.00001   0.99997      57.812   7.344e-08 4.24195e-07 3.34228e-10  20.1366   0.2573  0.0000  1.0000  8.0000    251748  0.9500
  0.00001   0.99998     57.8115 7.34423e-08 4.24705e-07 3.34721e-10  20.1366   0.2848  0.0000  1.0000  8.0000    253746  0.9500
  0.00001   0.99998     57.8122 7.34407e-08 4.24691e-07 3.35735e-10  20.1366   0.2858  0.0000  1.0000  8.0000    255744  0.9500
  0.00001   0.99997     57.8107 7.34402e-08 4.24501e-07 3.34737e-10  20.1366   0.3083  0.0000  1.0000  8.0000    257742  0.9500
  0.00001   0.99998     57.8107 7.34398e-08 4.24334e-07 3.35093e-10  20.1366   0.2818  0.0000  1.0000  8.0000    259740  0.9500
  0.00001   0.99997     57.8111 7.34399e-08 4.24424e-07  3.3487e-10  20.1366   0.2758  0.0000  1.0000  8.0000    261738  0.9500
  0.00000   0.99994     57.8105 7.34418e-08 4.23691e-07 3.35094e-10            0.0696  0.0000  1.0000  8.0000    263736

BB estimate of min-dist (placement) wirelength: 5781
bb_cost recomputed from scratch: 57.8105
timing_cost recomputed from scratch: 7.34396e-08
delay_cost recomputed from scratch: 4.23471e-07

Completed placement consistency check successfully.

Swaps called: 264035

Placement estimated critical path delay: 20.1366 ns
Placement cost: 0.999921, bb_cost: 57.8105, td_cost: 7.34396e-08, delay_cost: 4.23472e-07
Placement total # of swap attempts: 264035
	Swap reject rate: 0
	Swap accept rate: 0
	Swap abort rate: 0
Placement took 1.18 seconds.
Using low: -1, high: -1, current: 162
Build rr_graph took 0.4 seconds.
Confirming Router Algorithm: TIMING_DRIVEN.

Routing iteration: 1
Wire length after first iteration 9683, total available wire length 68040, ratio 0.142313
Critical path: 22.1897 ns
Routing iteration took 0.06 seconds.

Routing iteration: 2
Critical path: 22.1897 ns
Routing iteration took 0.05 seconds.

Routing iteration: 3
Critical path: 22.1897 ns
Routing iteration took 0.05 seconds.

Routing iteration: 4
Critical path: 22.1897 ns
Routing iteration took 0.06 seconds.

Routing iteration: 5
Critical path: 22.1897 ns
Routing iteration took 0.05 seconds.

Routing iteration: 6
Critical path: 22.1897 ns
Routing iteration took 0.05 seconds.

Routing iteration: 7
Critical path: 22.1897 ns
Routing iteration took 0.06 seconds.

Routing iteration: 8
Critical path: 22.1897 ns
Routing iteration took 0.05 seconds.

Routing iteration: 9
Critical path: 22.1897 ns
Routing iteration took 0.05 seconds.

Routing iteration: 10
Critical path: 22.1897 ns
Routing iteration took 0.05 seconds.

Routing iteration: 11
Critical path: 22.1908 ns
Routing iteration took 0.04 seconds.

Routing iteration: 12
Critical path: 22.1908 ns
Routing iteration took 0.05 seconds.

Routing iteration: 13
Critical path: 22.1919 ns
Routing iteration took 0.05 seconds.

Routing iteration: 14
Critical path: 22.1919 ns
Routing iteration took 0.05 seconds.

Routing iteration: 15
Critical path: 22.1919 ns
Routing iteration took 0.04 seconds.

Routing iteration: 16
Critical path: 22.1908 ns
Routing iteration took 0.05 seconds.

Routing iteration: 17
Critical path: 22.1908 ns
Routing iteration took 0.04 seconds.

Routing iteration: 18
Critical path: 22.1908 ns
Routing iteration took 0.04 seconds.

Routing iteration: 19
Critical path: 22.1908 ns
Routing iteration took 0.05 seconds.

Routing iteration: 20
Critical path: 22.1908 ns
Routing iteration took 0.04 seconds.

Routing iteration: 21
Critical path: 22.1908 ns
Routing iteration took 0.04 seconds.

Routing iteration: 22
Successfully routed after 22 routing iterations.
Completed net delay value cross check successfully.
Using low: -1, high: 162, current: 82
Build rr_graph took 0.11 seconds.
Confirming Router Algorithm: TIMING_DRIVEN.

Routing iteration: 1
Wire length after first iteration 9808, total available wire length 34440, ratio 0.284785
Critical path: 22.2873 ns
Routing iteration took 0.04 seconds.

Routing iteration: 2
Critical path: 22.2873 ns
Routing iteration took 0.04 seconds.

Routing iteration: 3
Critical path: 22.2873 ns
Routing iteration took 0.04 seconds.

Routing iteration: 4
Critical path: 22.2873 ns
Routing iteration took 0.04 seconds.

Routing iteration: 5
Critical path: 22.2895 ns
Routing iteration took 0.04 seconds.

Routing iteration: 6
Critical path: 22.2884 ns
Routing iteration took 0.04 seconds.

Routing iteration: 7
Critical path: 22.2884 ns
Routing iteration took 0.04 seconds.

Routing iteration: 8
Critical path: 22.2895 ns
Routing iteration took 0.04 seconds.

Routing iteration: 9
Critical path: 22.2884 ns
Routing iteration took 0.03 seconds.

Routing iteration: 10
Critical path: 22.2906 ns
Routing iteration took 0.04 seconds.

Routing iteration: 11
Critical path: 22.2906 ns
Routing iteration took 0.04 seconds.

Routing iteration: 12
Critical path: 22.2906 ns
Routing iteration took 0.03 seconds.

Routing iteration: 13
Critical path: 22.2906 ns
Routing iteration took 0.04 seconds.

Routing iteration: 14
Critical path: 22.3132 ns
Routing iteration took 0.03 seconds.

Routing iteration: 15
Critical path: 22.2917 ns
Routing iteration took 0.03 seconds.

Routing iteration: 16
Critical path: 22.2906 ns
Routing iteration took 0.03 seconds.

Routing iteration: 17
Critical path: 22.2906 ns
Routing iteration took 0.03 seconds.

Routing iteration: 18
Critical path: 22.2906 ns
Routing iteration took 0.04 seconds.

Routing iteration: 19
Critical path: 22.2906 ns
Routing iteration took 0.02 seconds.

Routing iteration: 20
Critical path: 22.3271 ns
Routing iteration took 0.03 seconds.

Routing iteration: 21
Critical path: 22.3486 ns
Routing iteration took 0.03 seconds.

Routing iteration: 22
Critical path: 22.3271 ns
Routing iteration took 0.02 seconds.

Routing iteration: 23
Critical path: 22.3271 ns
Routing iteration took 0.02 seconds.

Routing iteration: 24
Successfully routed after 24 routing iterations.
Completed net delay value cross check successfully.
Using low: -1, high: 82, current: 42
Build rr_graph took 0.04 seconds.
Confirming Router Algorithm: TIMING_DRIVEN.

Routing iteration: 1
Wire length after first iteration 10013, total available wire length 17640, ratio 0.56763
Critical path: 22.2884 ns
Routing iteration took 0.04 seconds.

Routing iteration: 2
Critical path: 22.2884 ns
Routing iteration took 0.04 seconds.

Routing iteration: 3
Critical path: 22.2884 ns
Routing iteration took 0.04 seconds.

Routing iteration: 4
Critical path: 22.2895 ns
Routing iteration took 0.04 seconds.

Routing iteration: 5
Critical path: 22.2895 ns
Routing iteration took 0.05 seconds.

Routing iteration: 6
Critical path: 22.2895 ns
Routing iteration took 0.05 seconds.

Routing iteration: 7
Critical path: 22.306 ns
Routing iteration took 0.07 seconds.

Routing iteration: 8
Critical path: 22.3071 ns
Routing iteration took 0.07 seconds.

Routing iteration: 9
Critical path: 22.3071 ns
Routing iteration took 0.09 seconds.

Routing iteration: 10
Critical path: 22.306 ns
Routing iteration took 0.1 seconds.

Routing iteration: 11
Critical path: 22.306 ns
Routing iteration took 0.13 seconds.

Routing iteration: 12
Critical path: 22.3048 ns
Routing iteration took 0.13 seconds.

Routing iteration: 13
Critical path: 22.3238 ns
Routing iteration took 0.14 seconds.

Routing iteration: 14
Critical path: 22.3227 ns
Routing iteration took 0.13 seconds.

Routing iteration: 15
Critical path: 22.3227 ns
Routing iteration took 0.14 seconds.

Routing iteration: 16
Critical path: 22.3238 ns
Routing iteration took 0.15 seconds.

Routing iteration: 17
Critical path: 22.3238 ns
Routing iteration took 0.15 seconds.

Routing iteration: 18
Critical path: 22.3668 ns
Routing iteration took 0.14 seconds.

Routing iteration: 19
Critical path: 22.3464 ns
Routing iteration took 0.16 seconds.

Routing iteration: 20
Critical path: 22.463 ns
Routing iteration took 0.16 seconds.

Routing iteration: 21
Critical path: 22.6507 ns
Routing iteration took 0.15 seconds.

Routing iteration: 22
Critical path: 22.7425 ns
Routing iteration took 0.13 seconds.

Routing iteration: 23
Critical path: 22.9084 ns
Routing iteration took 0.13 seconds.

Routing iteration: 24
Critical path: 23.0251 ns
Routing iteration took 0.14 seconds.

Routing iteration: 25
Critical path: 23.2817 ns
Routing iteration took 0.12 seconds.

Routing iteration: 26
Critical path: 23.8908 ns
Routing iteration took 0.14 seconds.

Routing iteration: 27
Critical path: 24.5629 ns
Routing iteration took 0.14 seconds.

Routing iteration: 28
Critical path: 24.5392 ns
Routing iteration took 0.15 seconds.

Routing iteration: 29
Critical path: 25.0171 ns
Routing iteration took 0.13 seconds.

Routing iteration: 30
Critical path: 25.1683 ns
Routing iteration took 0.12 seconds.

Routing iteration: 31
Critical path: 24.8256 ns
Routing iteration took 0.13 seconds.

Routing iteration: 32
Critical path: 25.0468 ns
Routing iteration took 0.11 seconds.

Routing iteration: 33
Critical path: 25.5372 ns
Routing iteration took 0.11 seconds.

Routing iteration: 34
Critical path: 25.2257 ns
Routing iteration took 0.11 seconds.

Routing iteration: 35
Critical path: 25.7395 ns
Routing iteration took 0.11 seconds.

Routing iteration: 36
Critical path: 25.1066 ns
Routing iteration took 0.11 seconds.

Routing iteration: 37
Critical path: 25.1167 ns
Routing iteration took 0.1 seconds.

Routing iteration: 38
Critical path: 26.266 ns
Routing iteration took 0.11 seconds.

Routing iteration: 39
Critical path: 26.0091 ns
Routing iteration took 0.09 seconds.

Routing iteration: 40
Critical path: 25.9915 ns
Routing iteration took 0.12 seconds.

Routing iteration: 41
Critical path: 25.7503 ns
Routing iteration took 0.11 seconds.

Routing iteration: 42
Critical path: 25.7339 ns
Routing iteration took 0.09 seconds.

Routing iteration: 43
Critical path: 26.8015 ns
Routing iteration took 0.1 seconds.

Routing iteration: 44
Critical path: 26.6007 ns
Routing iteration took 0.11 seconds.

Routing iteration: 45
Critical path: 26.077 ns
Routing iteration took 0.1 seconds.

Routing iteration: 46
Critical path: 26.4805 ns
Routing iteration took 0.1 seconds.

Routing iteration: 47
Critical path: 26.7694 ns
Routing iteration took 0.1 seconds.

Routing iteration: 48
Critical path: 27.1819 ns
Routing iteration took 0.11 seconds.

Routing iteration: 49
Critical path: 26.5529 ns
Routing iteration took 0.12 seconds.

Routing iteration: 50
Critical path: 26.6382 ns
Routing iteration took 0.09 seconds.
Routing failed.
Using low: 42, high: 82, current: 62
Build rr_graph took 0.07 seconds.
Confirming Router Algorithm: TIMING_DRIVEN.

Routing iteration: 1
Wire length after first iteration 9921, total available wire length 26040, ratio 0.380991
Critical path: 22.3274 ns
Routing iteration took 0.05 seconds.

Routing iteration: 2
Critical path: 22.3274 ns
Routing iteration took 0.04 seconds.

Routing iteration: 3
Critical path: 22.3285 ns
Routing iteration took 0.05 seconds.

Routing iteration: 4
Critical path: 22.3285 ns
Routing iteration took 0.05 seconds.

Routing iteration: 5
Critical path: 22.3296 ns
Routing iteration took 0.05 seconds.

Routing iteration: 6
Critical path: 22.3285 ns
Routing iteration took 0.05 seconds.

Routing iteration: 7
Critical path: 22.3285 ns
Routing iteration took 0.05 seconds.

Routing iteration: 8
Critical path: 22.3285 ns
Routing iteration took 0.05 seconds.

Routing iteration: 9
Critical path: 22.3285 ns
Routing iteration took 0.04 seconds.

Routing iteration: 10
Critical path: 22.3285 ns
Routing iteration took 0.05 seconds.

Routing iteration: 11
Critical path: 22.3285 ns
Routing iteration took 0.05 seconds.

Routing iteration: 12
Critical path: 22.3285 ns
Routing iteration took 0.05 seconds.

Routing iteration: 13
Critical path: 22.3274 ns
Routing iteration took 0.05 seconds.

Routing iteration: 14
Critical path: 22.3274 ns
Routing iteration took 0.04 seconds.

Routing iteration: 15
Critical path: 22.3274 ns
Routing iteration took 0.05 seconds.

Routing iteration: 16
Critical path: 22.3274 ns
Routing iteration took 0.04 seconds.

Routing iteration: 17
Critical path: 22.3712 ns
Routing iteration took 0.04 seconds.

Routing iteration: 18
Critical path: 22.3712 ns
Routing iteration took 0.04 seconds.

Routing iteration: 19
Critical path: 22.3712 ns
Routing iteration took 0.03 seconds.

Routing iteration: 20
Critical path: 22.3712 ns
Routing iteration took 0.03 seconds.

Routing iteration: 21
Critical path: 22.3712 ns
Routing iteration took 0.03 seconds.

Routing iteration: 22
Critical path: 22.3701 ns
Routing iteration took 0.03 seconds.

Routing iteration: 23
Critical path: 22.3701 ns
Routing iteration took 0.03 seconds.

Routing iteration: 24
Critical path: 22.4507 ns
Routing iteration took 0.03 seconds.

Routing iteration: 25
Critical path: 22.4507 ns
Routing iteration took 0.02 seconds.

Routing iteration: 26
Critical path: 22.64 ns
Routing iteration took 0.03 seconds.

Routing iteration: 27
Successfully routed after 27 routing iterations.
Completed net delay value cross check successfully.
Using low: 42, high: 62, current: 52
Build rr_graph took 0.06 seconds.
Confirming Router Algorithm: TIMING_DRIVEN.

Routing iteration: 1
Wire length after first iteration 10072, total available wire length 21840, ratio 0.461172
Critical path: 22.2884 ns
Routing iteration took 0.04 seconds.

Routing iteration: 2
Critical path: 22.2884 ns
Routing iteration took 0.04 seconds.

Routing iteration: 3
Critical path: 22.2884 ns
Routing iteration took 0.04 seconds.

Routing iteration: 4
Critical path: 22.2895 ns
Routing iteration took 0.05 seconds.

Routing iteration: 5
Critical path: 22.2884 ns
Routing iteration took 0.04 seconds.

Routing iteration: 6
Critical path: 22.2895 ns
Routing iteration took 0.05 seconds.

Routing iteration: 7
Critical path: 22.2906 ns
Routing iteration took 0.05 seconds.

Routing iteration: 8
Critical path: 22.2917 ns
Routing iteration took 0.06 seconds.

Routing iteration: 9
Critical path: 22.2906 ns
Routing iteration took 0.06 seconds.

Routing iteration: 10
Critical path: 22.2895 ns
Routing iteration took 0.07 seconds.

Routing iteration: 11
Critical path: 22.2884 ns
Routing iteration took 0.08 seconds.

Routing iteration: 12
Critical path: 22.2884 ns
Routing iteration took 0.08 seconds.

Routing iteration: 13
Critical path: 22.2873 ns
Routing iteration took 0.09 seconds.

Routing iteration: 14
Critical path: 22.3425 ns
Routing iteration took 0.07 seconds.

Routing iteration: 15
Critical path: 22.3425 ns
Routing iteration took 0.09 seconds.

Routing iteration: 16
Critical path: 22.3425 ns
Routing iteration took 0.07 seconds.

Routing iteration: 17
Critical path: 22.3578 ns
Routing iteration took 0.09 seconds.

Routing iteration: 18
Critical path: 22.4769 ns
Routing iteration took 0.07 seconds.

Routing iteration: 19
Critical path: 22.4769 ns
Routing iteration took 0.07 seconds.

Routing iteration: 20
Critical path: 22.4769 ns
Routing iteration took 0.07 seconds.

Routing iteration: 21
Critical path: 22.4769 ns
Routing iteration took 0.07 seconds.

Routing iteration: 22
Critical path: 22.5134 ns
Routing iteration took 0.06 seconds.

Routing iteration: 23
Critical path: 22.4769 ns
Routing iteration took 0.05 seconds.

Routing iteration: 24
Critical path: 22.806 ns
Routing iteration took 0.04 seconds.

Routing iteration: 25
Critical path: 22.806 ns
Routing iteration took 0.05 seconds.

Routing iteration: 26
Critical path: 22.806 ns
Routing iteration took 0.04 seconds.

Routing iteration: 27
Critical path: 22.806 ns
Routing iteration took 0.05 seconds.

Routing iteration: 28
Critical path: 22.806 ns
Routing iteration took 0.05 seconds.

Routing iteration: 29
Critical path: 23.8722 ns
Routing iteration took 0.03 seconds.

Routing iteration: 30
Critical path: 23.262 ns
Routing iteration took 0.04 seconds.

Routing iteration: 31
Critical path: 22.8942 ns
Routing iteration took 0.03 seconds.

Routing iteration: 32
Critical path: 22.8942 ns
Routing iteration took 0.03 seconds.

Routing iteration: 33
Critical path: 23.27 ns
Routing iteration took 0.04 seconds.

Routing iteration: 34
Critical path: 24.0899 ns
Routing iteration took 0.03 seconds.

Routing iteration: 35
Critical path: 24.0899 ns
Routing iteration took 0.03 seconds.

Routing iteration: 36
Critical path: 24.0899 ns
Routing iteration took 0.04 seconds.

Routing iteration: 37
Critical path: 24.0899 ns
Routing iteration took 0.03 seconds.

Routing iteration: 38
Critical path: 24.0899 ns
Routing iteration took 0.03 seconds.

Routing iteration: 39
Critical path: 24.0899 ns
Routing iteration took 0.03 seconds.

Routing iteration: 40
Critical path: 24.0899 ns
Routing iteration took 0.02 seconds.

Routing iteration: 41
Critical path: 24.0899 ns
Routing iteration took 0.03 seconds.

Routing iteration: 42
Critical path: 24.3154 ns
Routing iteration took 0.03 seconds.

Routing iteration: 43
Critical path: 23.7417 ns
Routing iteration took 0.02 seconds.

Routing iteration: 44
Critical path: 23.7417 ns
Routing iteration took 0.03 seconds.

Routing iteration: 45
Critical path: 23.7417 ns
Routing iteration took 0.03 seconds.

Routing iteration: 46
Critical path: 24.4678 ns
Routing iteration took 0.02 seconds.

Routing iteration: 47
Critical path: 24.4678 ns
Routing iteration took 0.03 seconds.

Routing iteration: 48
Successfully routed after 48 routing iterations.
Completed net delay value cross check successfully.
Using low: 42, high: 52, current: 48
Build rr_graph took 0.05 seconds.
Confirming Router Algorithm: TIMING_DRIVEN.

Routing iteration: 1
Wire length after first iteration 10124, total available wire length 20160, ratio 0.502183
Critical path: 22.2658 ns
Routing iteration took 0.05 seconds.

Routing iteration: 2
Critical path: 22.2658 ns
Routing iteration took 0.05 seconds.

Routing iteration: 3
Critical path: 22.2432 ns
Routing iteration took 0.05 seconds.

Routing iteration: 4
Critical path: 22.2432 ns
Routing iteration took 0.06 seconds.

Routing iteration: 5
Critical path: 22.2432 ns
Routing iteration took 0.05 seconds.

Routing iteration: 6
Critical path: 22.2432 ns
Routing iteration took 0.06 seconds.

Routing iteration: 7
Critical path: 22.2443 ns
Routing iteration took 0.06 seconds.

Routing iteration: 8
Critical path: 22.2895 ns
Routing iteration took 0.07 seconds.

Routing iteration: 9
Critical path: 22.2884 ns
Routing iteration took 0.08 seconds.

Routing iteration: 10
Critical path: 22.3048 ns
Routing iteration took 0.1 seconds.

Routing iteration: 11
Critical path: 22.306 ns
Routing iteration took 0.1 seconds.

Routing iteration: 12
Critical path: 22.306 ns
Routing iteration took 0.11 seconds.

Routing iteration: 13
Critical path: 22.306 ns
Routing iteration took 0.12 seconds.

Routing iteration: 14
Critical path: 22.306 ns
Routing iteration took 0.12 seconds.

Routing iteration: 15
Critical path: 22.306 ns
Routing iteration took 0.12 seconds.

Routing iteration: 16
Critical path: 22.306 ns
Routing iteration took 0.15 seconds.

Routing iteration: 17
Critical path: 22.306 ns
Routing iteration took 0.14 seconds.

Routing iteration: 18
Critical path: 22.3274 ns
Routing iteration took 0.12 seconds.

Routing iteration: 19
Critical path: 22.3701 ns
Routing iteration took 0.12 seconds.

Routing iteration: 20
Critical path: 22.4474 ns
Routing iteration took 0.1 seconds.

Routing iteration: 21
Critical path: 22.5414 ns
Routing iteration took 0.11 seconds.

Routing iteration: 22
Critical path: 22.4474 ns
Routing iteration took 0.08 seconds.

Routing iteration: 23
Critical path: 22.7499 ns
Routing iteration took 0.08 seconds.

Routing iteration: 24
Critical path: 22.9117 ns
Routing iteration took 0.08 seconds.

Routing iteration: 25
Critical path: 23.1585 ns
Routing iteration took 0.08 seconds.

Routing iteration: 26
Critical path: 23.5159 ns
Routing iteration took 0.08 seconds.

Routing iteration: 27
Critical path: 23.404 ns
Routing iteration took 0.09 seconds.

Routing iteration: 28
Critical path: 24.595 ns
Routing iteration took 0.09 seconds.

Routing iteration: 29
Critical path: 24.0315 ns
Routing iteration took 0.08 seconds.

Routing iteration: 30
Critical path: 24.2553 ns
Routing iteration took 0.1 seconds.

Routing iteration: 31
Critical path: 24.3035 ns
Routing iteration took 0.08 seconds.

Routing iteration: 32
Critical path: 24.7849 ns
Routing iteration took 0.09 seconds.

Routing iteration: 33
Critical path: 24.6293 ns
Routing iteration took 0.08 seconds.

Routing iteration: 34
Critical path: 25.6393 ns
Routing iteration took 0.1 seconds.

Routing iteration: 35
Critical path: 25.5931 ns
Routing iteration took 0.09 seconds.

Routing iteration: 36
Critical path: 25.5765 ns
Routing iteration took 0.08 seconds.

Routing iteration: 37
Critical path: 24.3459 ns
Routing iteration took 0.09 seconds.

Routing iteration: 38
Critical path: 24.2732 ns
Routing iteration took 0.07 seconds.

Routing iteration: 39
Critical path: 25.0727 ns
Routing iteration took 0.07 seconds.

Routing iteration: 40
Critical path: 24.5206 ns
Routing iteration took 0.08 seconds.

Routing iteration: 41
Critical path: 24.5206 ns
Routing iteration took 0.07 seconds.

Routing iteration: 42
Critical path: 24.3907 ns
Routing iteration took 0.08 seconds.

Routing iteration: 43
Critical path: 25.2345 ns
Routing iteration took 0.07 seconds.

Routing iteration: 44
Critical path: 25.2345 ns
Routing iteration took 0.07 seconds.

Routing iteration: 45
Critical path: 25.0903 ns
Routing iteration took 0.08 seconds.

Routing iteration: 46
Critical path: 24.9171 ns
Routing iteration took 0.06 seconds.

Routing iteration: 47
Critical path: 24.9171 ns
Routing iteration took 0.07 seconds.

Routing iteration: 48
Critical path: 24.9171 ns
Routing iteration took 0.07 seconds.

Routing iteration: 49
Critical path: 25.0762 ns
Routing iteration took 0.07 seconds.

Routing iteration: 50
Critical path: 25.0762 ns
Routing iteration took 0.07 seconds.
Routing failed.
Using low: 48, high: 52, current: 50
Build rr_graph took 0.06 seconds.
Confirming Router Algorithm: TIMING_DRIVEN.

Routing iteration: 1
Wire length after first iteration 9945, total available wire length 21000, ratio 0.473571
Critical path: 22.3039 ns
Routing iteration took 0.04 seconds.

Routing iteration: 2
Critical path: 22.3039 ns
Routing iteration took 0.04 seconds.

Routing iteration: 3
Critical path: 22.3039 ns
Routing iteration took 0.05 seconds.

Routing iteration: 4
Critical path: 22.305 ns
Routing iteration took 0.04 seconds.

Routing iteration: 5
Critical path: 22.3039 ns
Routing iteration took 0.05 seconds.

Routing iteration: 6
Critical path: 22.305 ns
Routing iteration took 0.05 seconds.

Routing iteration: 7
Critical path: 22.305 ns
Routing iteration took 0.05 seconds.

Routing iteration: 8
Critical path: 22.3028 ns
Routing iteration took 0.06 seconds.

Routing iteration: 9
Critical path: 22.3028 ns
Routing iteration took 0.07 seconds.

Routing iteration: 10
Critical path: 22.3039 ns
Routing iteration took 0.06 seconds.

Routing iteration: 11
Critical path: 22.3039 ns
Routing iteration took 0.07 seconds.

Routing iteration: 12
Critical path: 22.305 ns
Routing iteration took 0.08 seconds.

Routing iteration: 13
Critical path: 22.326 ns
Routing iteration took 0.09 seconds.

Routing iteration: 14
Critical path: 22.326 ns
Routing iteration took 0.09 seconds.

Routing iteration: 15
Critical path: 22.326 ns
Routing iteration took 0.09 seconds.

Routing iteration: 16
Critical path: 22.326 ns
Routing iteration took 0.1 seconds.

Routing iteration: 17
Critical path: 22.326 ns
Routing iteration took 0.1 seconds.

Routing iteration: 18
Critical path: 22.326 ns
Routing iteration took 0.09 seconds.

Routing iteration: 19
Critical path: 22.326 ns
Routing iteration took 0.07 seconds.

Routing iteration: 20
Critical path: 22.4168 ns
Routing iteration took 0.08 seconds.

Routing iteration: 21
Critical path: 22.5336 ns
Routing iteration took 0.06 seconds.

Routing iteration: 22
Critical path: 22.5336 ns
Routing iteration took 0.08 seconds.

Routing iteration: 23
Critical path: 22.5336 ns
Routing iteration took 0.07 seconds.

Routing iteration: 24
Critical path: 22.612 ns
Routing iteration took 0.07 seconds.

Routing iteration: 25
Critical path: 22.9918 ns
Routing iteration took 0.05 seconds.

Routing iteration: 26
Critical path: 23.2191 ns
Routing iteration took 0.05 seconds.

Routing iteration: 27
Critical path: 23.2556 ns
Routing iteration took 0.04 seconds.

Routing iteration: 28
Critical path: 23.5601 ns
Routing iteration took 0.04 seconds.

Routing iteration: 29
Critical path: 23.5784 ns
Routing iteration took 0.04 seconds.

Routing iteration: 30
Critical path: 23.4339 ns
Routing iteration took 0.04 seconds.

Routing iteration: 31
Critical path: 24.0755 ns
Routing iteration took 0.04 seconds.

Routing iteration: 32
Critical path: 24.0055 ns
Routing iteration took 0.04 seconds.

Routing iteration: 33
Critical path: 24.0055 ns
Routing iteration took 0.03 seconds.

Routing iteration: 34
Critical path: 24.5454 ns
Routing iteration took 0.06 seconds.

Routing iteration: 35
Critical path: 24.5454 ns
Routing iteration took 0.04 seconds.

Routing iteration: 36
Critical path: 24.5454 ns
Routing iteration took 0.05 seconds.

Routing iteration: 37
Critical path: 24.5454 ns
Routing iteration took 0.04 seconds.

Routing iteration: 38
Critical path: 24.5454 ns
Routing iteration took 0.05 seconds.

Routing iteration: 39
Critical path: 24.5454 ns
Routing iteration took 0.05 seconds.

Routing iteration: 40
Critical path: 24.5454 ns
Routing iteration took 0.04 seconds.

Routing iteration: 41
Critical path: 24.5454 ns
Routing iteration took 0.04 seconds.

Routing iteration: 42
Critical path: 24.5454 ns
Routing iteration took 0.03 seconds.

Routing iteration: 43
Critical path: 24.5454 ns
Routing iteration took 0.04 seconds.

Routing iteration: 44
Critical path: 24.5454 ns
Routing iteration took 0.03 seconds.

Routing iteration: 45
Critical path: 24.5454 ns
Routing iteration took 0.04 seconds.

Routing iteration: 46
Critical path: 24.5454 ns
Routing iteration took 0.03 seconds.

Routing iteration: 47
Critical path: 24.7179 ns
Routing iteration took 0.03 seconds.

Routing iteration: 48
Critical path: 24.723 ns
Routing iteration took 0.04 seconds.

Routing iteration: 49
Critical path: 24.2816 ns
Routing iteration took 0.03 seconds.

Routing iteration: 50
Critical path: 24.2816 ns
Routing iteration took 0.04 seconds.
Routing failed.

Checking to ensure routing is legal...
Completed routing consistency check successfully.

Serial number (magic cookie) for the routing is: -1149948158
Best routing used a channel width factor of 52.

Average number of bends per net: 3.40559  Maximum # of bends: 39

Number of routed nets (nonglobal): 715
Wirelength results (in units of 1 clb segments)...
	Total wirelength: 13500, average net length: 18.8811
	Maximum net length: 182

Wirelength results in terms of physical segments...
	Total wiring segments used: 3626, average wire segments per net: 5.07133
	Maximum segments used by a net: 50
	Total local nets with reserved CLB opins: 0

X - Directed channels: j	max occ	av_occ		capacity
0	47	30.3571  	52
1	31	21.2857  	52
2	47	32.3571  	52
3	47	30.3571  	52
4	49	33.9286  	52
5	51	37.0714  	52
6	50	37.7857  	52
7	52	38.8571  	52
8	50	41.3571  	52
9	48	34.8571  	52
10	48	32.5714  	52
11	39	28.4286  	52
12	31	25.2857  	52
13	26	18.2143  	52
14	36	21.2143  	52

Y - Directed channels: i	max occ	av_occ		capacity
0	38	21.1429  	52
1	24	17.1429  	52
2	40	27.8571  	52
3	43	30.5000  	52
4	50	35.8571  	52
5	51	41.7143  	52
6	52	42.8571  	52
7	52	39.4286  	52
8	52	39.9286  	52
9	47	37.1429  	52
10	45	33.6429  	52
11	46	33.3571  	52
12	43	30.0000  	52
13	47	31.2143  	52
14	52	38.5714  	52

Total tracks in x-direction: 780, in y-direction: 780

Logic area (in minimum width transistor areas, excludes I/Os and empty grid tiles)...
	Total logic block area (Warning, need to add pitch of routing to blocks with height > 3): 1.21132e+07
	Total used logic block area: 3.92018e+06

Routing area (in minimum width transistor areas)...
	Total routing area: 1.18485e+06, per logic tile: 6045.15

Segment usage by type (index):
Segment type       Fractional utilization
------------       ----------------------
       0                  0.547

Segment usage by length:
Segment length       Fractional utilization
--------------       ----------------------
        4                   0.547

Nets on critical path: 13 normal, 0 global.
Total logic delay: 1.64334e-08 (s), total net delay: 8.30282e-09 (s)
Final critical path: 24.6938 ns
f_max: 40.496 MHz

Least slack in design: -24.6938 ns

Routing took 18.54 seconds.
The entire flow of VPR took 20.37 seconds.
