INFO: [HLS 200-0] Workspace /home/sx233/datuner/src/opticalflow_hls/o_flow.prj/solution1 opened at Sat Nov 18 02:34:07 EST 2017
INFO: [HLS 200-100] Command   open_solution returned 0; 0.03 sec.
INFO: [HLS 200-100] Execute   set_part xc7z045ffg900-2 
INFO: [HLS 200-100] Execute     add_library xilinx/zynq/zynq:xc7z045:ffg900:-2 
INFO: [HLS 200-100] Execute       get_default_platform 
INFO: [HLS 200-100] Command       get_default_platform returned 0; 0 sec.
INFO: [HLS 200-100] Execute       license_isbetapart xc7z045 
INFO: [HLS 200-100] Command       license_isbetapart returned 1; 0.02 sec.
INFO: [HLS 200-100] Execute       open_platform DefaultPlatform 
INFO: [HLS 200-100] Command       open_platform returned 0; 0 sec.
INFO: [HLS 200-100] Execute       import_lib /scratch/xilinx/SDx/2017.1/Vivado_HLS/common/technology/xilinx/zynq/zynq 
INFO: [HLS 200-100] Execute         source /scratch/xilinx/SDx/2017.1/Vivado_HLS/common/technology/xilinx/common/xilinx.lib 
INFO: [HLS 200-100] Execute           source /scratch/xilinx/SDx/2017.1/Vivado_HLS/common/technology/xilinx/interface/xilinx_interface.lib 
INFO: [HLS 200-100] Execute             source /scratch/xilinx/SDx/2017.1/Vivado_HLS/common/technology/xilinx/interface/plb46.lib 
INFO: [HLS 200-100] Command             ap_source returned 0; 0 sec.
INFO: [HLS 200-100] Execute             source /scratch/xilinx/SDx/2017.1/Vivado_HLS/common/technology/xilinx/interface/fsl.lib 
INFO: [HLS 200-100] Command             ap_source returned 0; 0 sec.
INFO: [HLS 200-100] Execute             source /scratch/xilinx/SDx/2017.1/Vivado_HLS/common/technology/xilinx/interface/axi4.lib 
INFO: [HLS 200-100] Command             ap_source returned 0; 0 sec.
INFO: [HLS 200-100] Execute             source /scratch/xilinx/SDx/2017.1/Vivado_HLS/common/technology/xilinx/interface/maxi.lib 
INFO: [HLS 200-100] Command             ap_source returned 0; 0 sec.
INFO: [HLS 200-100] Execute             source /scratch/xilinx/SDx/2017.1/Vivado_HLS/common/technology/xilinx/interface/saxilite.lib 
INFO: [HLS 200-100] Command             ap_source returned 0; 0.01 sec.
INFO: [HLS 200-100] Command           ap_source returned 0; 0.02 sec.
INFO: [HLS 200-100] Execute           source /scratch/xilinx/SDx/2017.1/Vivado_HLS/common/technology/xilinx/common/dsp48.lib 
INFO: [HLS 200-100] Command           ap_source returned 0; 0 sec.
INFO: [HLS 200-100] Execute           source /scratch/xilinx/SDx/2017.1/Vivado_HLS/common/technology/xilinx/ip/dds_compiler.lib 
INFO: [HLS 200-100] Command           ap_source returned 0; 0 sec.
INFO: [HLS 200-100] Execute           source /scratch/xilinx/SDx/2017.1/Vivado_HLS/common/technology/xilinx/ip/xfir.lib 
INFO: [HLS 200-100] Command           ap_source returned 0; 0 sec.
INFO: [HLS 200-100] Execute           source /scratch/xilinx/SDx/2017.1/Vivado_HLS/common/technology/xilinx/ip/xfft.lib 
INFO: [HLS 200-100] Command           ap_source returned 0; 0 sec.
INFO: [HLS 200-100] Command         ap_source returned 0; 0.04 sec.
INFO: [HLS 200-100] Execute         source /scratch/xilinx/SDx/2017.1/Vivado_HLS/common/technology/xilinx/common/xilinx_old.lib 
INFO: [HLS 200-100] Command         ap_source returned 0; 0 sec.
INFO: [HLS 200-100] Execute         source /scratch/xilinx/SDx/2017.1/Vivado_HLS/common/technology/xilinx/common/xilinx_vivado.lib 
INFO: [HLS 200-100] Command         ap_source returned 0; 0 sec.
INFO: [HLS 200-100] Execute         source /scratch/xilinx/SDx/2017.1/Vivado_HLS/common/technology/xilinx/common/xilinx.hlp 
INFO: [HLS 200-100] Execute           source /scratch/xilinx/SDx/2017.1/Vivado_HLS/common/technology/xilinx/common/target_info.tcl 
INFO: [HLS 200-100] Command           ap_source returned 0; 0 sec.
INFO: [HLS 200-100] Execute           source /scratch/xilinx/SDx/2017.1/Vivado_HLS/common/technology/xilinx/interface/xilinx_interface.hlp 
INFO: [HLS 200-100] Execute             source /scratch/xilinx/SDx/2017.1/Vivado_HLS/common/technology/xilinx/interface/maxi.hlp 
INFO: [HLS 200-100] Command             ap_source returned 0; 0.01 sec.
INFO: [HLS 200-100] Execute             source /scratch/xilinx/SDx/2017.1/Vivado_HLS/common/technology/xilinx/interface/saxilite.hlp 
INFO: [HLS 200-100] Command             ap_source returned 0; 0 sec.
INFO: [HLS 200-100] Command           ap_source returned 0; 0.01 sec.
INFO: [HLS 200-100] Execute           source /scratch/xilinx/SDx/2017.1/Vivado_HLS/common/technology/xilinx/common/dsp48.hlp 
INFO: [HLS 200-100] Command           ap_source returned 0; 0 sec.
INFO: [HLS 200-100] Command         ap_source returned 0; 0.01 sec.
INFO: [HLS 200-100] Execute         source /scratch/xilinx/SDx/2017.1/Vivado_HLS/common/technology/xilinx/zynq/dsp48e1.hlp 
INFO: [HLS 200-100] Command         ap_source returned 0; 0 sec.
INFO: [HLS 200-100] Execute         get_default_platform 
INFO: [HLS 200-100] Command         get_default_platform returned 0; 0 sec.
INFO: [HLS 200-100] Execute         config_chip_info -quiet -resource  {SLICE 13300}  {LUT 53200}     {FF 106400} {DSP48E 220}   {BRAM 280}  
INFO: [HLS 200-100] Command         config_chip_info returned 0; 0 sec.
INFO: [HLS 200-100] Execute         config_chip_info -quiet -speed medium 
INFO: [HLS 200-100] Command         config_chip_info returned 0; 0 sec.
INFO: [HLS 200-100] Execute         source /scratch/xilinx/SDx/2017.1/Vivado_HLS/common/technology/xilinx/common/xilinx.hlp 
INFO: [HLS 200-100] Execute           source /scratch/xilinx/SDx/2017.1/Vivado_HLS/common/technology/xilinx/common/target_info.tcl 
INFO: [HLS 200-100] Command           ap_source returned 0; 0 sec.
INFO: [HLS 200-100] Execute           source /scratch/xilinx/SDx/2017.1/Vivado_HLS/common/technology/xilinx/interface/xilinx_interface.hlp 
INFO: [HLS 200-100] Execute             source /scratch/xilinx/SDx/2017.1/Vivado_HLS/common/technology/xilinx/interface/maxi.hlp 
INFO: [HLS 200-100] Command             ap_source returned 0; 0 sec.
INFO: [HLS 200-100] Execute             source /scratch/xilinx/SDx/2017.1/Vivado_HLS/common/technology/xilinx/interface/saxilite.hlp 
INFO: [HLS 200-100] Command             ap_source returned 0; 0 sec.
INFO: [HLS 200-100] Command           ap_source returned 0; 0 sec.
INFO: [HLS 200-100] Execute           source /scratch/xilinx/SDx/2017.1/Vivado_HLS/common/technology/xilinx/common/dsp48.hlp 
INFO: [HLS 200-100] Command           ap_source returned 0; 0 sec.
INFO: [HLS 200-100] Command         ap_source returned 0; 0 sec.
INFO: [HLS 200-100] Command       import_lib returned 0; 0.07 sec.
INFO: [HLS 200-100] Execute       source /scratch/xilinx/SDx/2017.1/Vivado_HLS/common/technology/xilinx/zynq/zynq.gen 
INFO: [HLS 200-100] Execute         source /scratch/xilinx/SDx/2017.1/Vivado_HLS/common/technology/xilinx/common/virtex.gen 
INFO: [HLS 200-100] Execute           source /scratch/xilinx/SDx/2017.1/Vivado_HLS/common/technology/xilinx/common/xilinx.gen 
INFO: [HLS 200-100] Execute             source /scratch/xilinx/SDx/2017.1/Vivado_HLS/common/technology/xilinx/interface/plb46.gen 
INFO: [HLS 200-100] Command             ap_source returned 0; 0 sec.
INFO: [HLS 200-100] Execute             source /scratch/xilinx/SDx/2017.1/Vivado_HLS/common/technology/xilinx/interface/fsl.gen 
INFO: [HLS 200-100] Command             ap_source returned 0; 0 sec.
INFO: [HLS 200-100] Execute             source /scratch/xilinx/SDx/2017.1/Vivado_HLS/common/technology/xilinx/interface/axi4.gen 
INFO: [HLS 200-100] Command             ap_source returned 0; 0 sec.
INFO: [HLS 200-100] Execute             source /scratch/xilinx/SDx/2017.1/Vivado_HLS/common/technology/xilinx/interface/nativeAXI4.gen 
INFO: [HLS 200-100] Execute               source /scratch/xilinx/SDx/2017.1/Vivado_HLS/common/technology/xilinx/interface/saxilite.gen 
INFO: [HLS 200-100] Command               ap_source returned 0; 0.01 sec.
INFO: [HLS 200-100] Execute               source /scratch/xilinx/SDx/2017.1/Vivado_HLS/common/technology/xilinx/interface/maxi.gen 
INFO: [HLS 200-100] Command               ap_source returned 0; 0.01 sec.
INFO: [HLS 200-100] Command             ap_source returned 0; 0.02 sec.
INFO: [HLS 200-100] Execute             source /scratch/xilinx/SDx/2017.1/Vivado_HLS/common/technology/xilinx/scripts/xilinxcoregen.gen 
INFO: [HLS 200-100] Command             ap_source returned 0; 0.02 sec.
INFO: [HLS 200-100] Execute             source /scratch/xilinx/SDx/2017.1/Vivado_HLS/common/technology/xilinx/interface/XilEDKCoreGen.gen 
INFO: [HLS 200-100] Command             ap_source returned 0; 0.01 sec.
INFO: [HLS 200-100] Execute             source /scratch/xilinx/SDx/2017.1/Vivado_HLS/common/technology/xilinx/ip/xfir.gen 
INFO: [HLS 200-100] Command             ap_source returned 0; 0 sec.
INFO: [HLS 200-100] Execute             source /scratch/xilinx/SDx/2017.1/Vivado_HLS/common/technology/xilinx/ip/dds_compiler.gen 
INFO: [HLS 200-100] Command             ap_source returned 0; 0 sec.
INFO: [HLS 200-100] Execute             source /scratch/xilinx/SDx/2017.1/Vivado_HLS/common/technology/xilinx/ip/xfft.gen 
INFO: [HLS 200-100] Command             ap_source returned 0; 0.14 sec.
INFO: [HLS 200-100] Execute             source /scratch/xilinx/SDx/2017.1/Vivado_HLS/common/technology/xilinx/ip/util.gen 
INFO: [HLS 200-100] Command             ap_source returned 0; 0 sec.
INFO: [HLS 200-100] Command           ap_source returned 0; 0.22 sec.
INFO: [HLS 200-100] Execute           source /scratch/xilinx/SDx/2017.1/Vivado_HLS/common/technology/xilinx/common/dsp48.gen 
INFO: [HLS 200-100] Command           ap_source returned 0; 0 sec.
INFO: [HLS 200-100] Command         ap_source returned 0; 0.22 sec.
INFO: [HLS 200-100] Command       ap_source returned 0; 0.22 sec.
INFO: [HLS 200-100] Execute       get_default_platform 
INFO: [HLS 200-100] Command       get_default_platform returned 0; 0 sec.
INFO: [HLS 200-100] Execute       config_chip_info -quiet -resource  {SLICE 54650}  {LUT 218600}    {FF 437200} {DSP48E 900}   {BRAM 1090}  
INFO: [HLS 200-100] Command       config_chip_info returned 0; 0 sec.
INFO: [HLS 200-100] Execute       config_chip_info -quiet -speed medium 
INFO: [HLS 200-100] Command       config_chip_info returned 0; 0 sec.
INFO: [HLS 200-100] Command     add_library returned 0; 0.34 sec.
INFO: [HLS 200-100] Execute     add_library xilinx/zynq/zynq_fpv6 
INFO: [HLS 200-100] Execute       get_default_platform 
INFO: [HLS 200-100] Command       get_default_platform returned 0; 0 sec.
INFO: [HLS 200-100] Execute       open_platform DefaultPlatform 
INFO: [HLS 200-100] Command       open_platform returned 0; 0 sec.
INFO: [HLS 200-100] Execute       import_lib /scratch/xilinx/SDx/2017.1/Vivado_HLS/common/technology/xilinx/zynq/zynq_fpv6 
INFO: [HLS 200-100] Execute         source /scratch/xilinx/SDx/2017.1/Vivado_HLS/common/technology/xilinx/common/xilinx_fpv7.lib 
INFO: [HLS 200-100] Execute           source /scratch/xilinx/SDx/2017.1/Vivado_HLS/common/technology/xilinx/common/xilinx_hp.lib 
INFO: [HLS 200-100] Command           ap_source returned 0; 0 sec.
INFO: [HLS 200-100] Command         ap_source returned 0; 0.01 sec.
INFO: [HLS 200-100] Execute         source /scratch/xilinx/SDx/2017.1/Vivado_HLS/common/technology/xilinx/common/xilinx_fpv.hlp 
INFO: [HLS 200-100] Execute           source /scratch/xilinx/SDx/2017.1/Vivado_HLS/common/technology/xilinx/common/xilinx.hlp 
INFO: [HLS 200-100] Execute             source /scratch/xilinx/SDx/2017.1/Vivado_HLS/common/technology/xilinx/common/target_info.tcl 
INFO: [HLS 200-100] Command             ap_source returned 0; 0 sec.
INFO: [HLS 200-100] Execute             source /scratch/xilinx/SDx/2017.1/Vivado_HLS/common/technology/xilinx/interface/xilinx_interface.hlp 
INFO: [HLS 200-100] Execute               source /scratch/xilinx/SDx/2017.1/Vivado_HLS/common/technology/xilinx/interface/maxi.hlp 
INFO: [HLS 200-100] Command               ap_source returned 0; 0 sec.
INFO: [HLS 200-100] Execute               source /scratch/xilinx/SDx/2017.1/Vivado_HLS/common/technology/xilinx/interface/saxilite.hlp 
INFO: [HLS 200-100] Command               ap_source returned 0; 0 sec.
INFO: [HLS 200-100] Command             ap_source returned 0; 0 sec.
INFO: [HLS 200-100] Execute             source /scratch/xilinx/SDx/2017.1/Vivado_HLS/common/technology/xilinx/common/dsp48.hlp 
INFO: [HLS 200-100] Command             ap_source returned 0; 0 sec.
INFO: [HLS 200-100] Command           ap_source returned 0; 0 sec.
INFO: [HLS 200-100] Command         ap_source returned 0; 0.01 sec.
INFO: [HLS 200-100] Execute         source /scratch/xilinx/SDx/2017.1/Vivado_HLS/common/technology/xilinx/zynq/zynq_hp.hlp 
INFO: [HLS 200-100] Command         ap_source returned 0; 0.01 sec.
INFO: [HLS 200-100] Command       import_lib returned 0; 0.06 sec.
INFO: [HLS 200-100] Execute       source /scratch/xilinx/SDx/2017.1/Vivado_HLS/common/technology/xilinx/zynq/zynq_fpv6.gen 
INFO: [HLS 200-100] Execute         source /scratch/xilinx/SDx/2017.1/Vivado_HLS/common/technology/xilinx/common/xilinx_fpv6.gen 
INFO: [HLS 200-100] Command         ap_source returned 0; 0 sec.
INFO: [HLS 200-100] Command       ap_source returned 0; 0 sec.
INFO: [HLS 200-100] Command     add_library returned 0; 0.07 sec.
INFO: [HLS 200-10] Setting target device to 'xc7z045ffg900-2'
INFO: [HLS 200-100] Execute     get_default_platform 
INFO: [HLS 200-100] Command     get_default_platform returned 0; 0 sec.
INFO: [HLS 200-100] Command   set_part returned 0; 0.49 sec.
INFO: [HLS 200-100] Execute   create_clock -period 10 
INFO: [HLS 200-100] Execute     config_clock -quiet -name default -period 10 -default=false 
INFO: [SYN 201-201] Setting up clock 'default' with a period of 10ns.
INFO: [HLS 200-100] Command     config_clock returned 0; 0 sec.
INFO: [HLS 200-100] Command   create_clock returned 0; 0.01 sec.
INFO: [HLS 200-100] Execute   csim_design -argv datasets/current/frame1.ppm datasets/current/frame2.ppm datasets/current/frame3.ppm datasets/current/frame4.ppm datasets/current/frame5.ppm out.flo datasets/current/ref.flo 
INFO: [SIM 211-2] *************** CSIM start ***************
INFO: [SIM 211-4] CSIM will launch GCC as the compiler.
INFO: [HLS 200-100] Execute     is_encrypted /home/sx233/datuner/src/opticalflow_hls/optical_flow_test.cpp 
INFO: [HLS 200-100] Command     is_encrypted returned 0; 0.01 sec.
INFO: [HLS 200-100] Execute     is_xip /home/sx233/datuner/src/opticalflow_hls/optical_flow_test.cpp 
INFO: [HLS 200-100] Command     is_xip returned 0; 0 sec.
INFO: [HLS 200-100] Execute     is_encrypted /home/sx233/datuner/src/opticalflow_hls/imageLib/Convert.cpp 
INFO: [HLS 200-100] Command     is_encrypted returned 0; 0 sec.
INFO: [HLS 200-100] Execute     is_xip /home/sx233/datuner/src/opticalflow_hls/imageLib/Convert.cpp 
INFO: [HLS 200-100] Command     is_xip returned 0; 0 sec.
INFO: [HLS 200-100] Execute     is_encrypted /home/sx233/datuner/src/opticalflow_hls/imageLib/Convolve.cpp 
INFO: [HLS 200-100] Command     is_encrypted returned 0; 0 sec.
INFO: [HLS 200-100] Execute     is_xip /home/sx233/datuner/src/opticalflow_hls/imageLib/Convolve.cpp 
INFO: [HLS 200-100] Command     is_xip returned 0; 0 sec.
INFO: [HLS 200-100] Execute     is_encrypted /home/sx233/datuner/src/opticalflow_hls/imageLib/flowIO.cpp 
INFO: [HLS 200-100] Command     is_encrypted returned 0; 0 sec.
INFO: [HLS 200-100] Execute     is_xip /home/sx233/datuner/src/opticalflow_hls/imageLib/flowIO.cpp 
INFO: [HLS 200-100] Command     is_xip returned 0; 0 sec.
INFO: [HLS 200-100] Execute     is_encrypted /home/sx233/datuner/src/opticalflow_hls/imageLib/Image.cpp 
INFO: [HLS 200-100] Command     is_encrypted returned 0; 0 sec.
INFO: [HLS 200-100] Execute     is_xip /home/sx233/datuner/src/opticalflow_hls/imageLib/Image.cpp 
INFO: [HLS 200-100] Command     is_xip returned 0; 0 sec.
INFO: [HLS 200-100] Execute     is_encrypted /home/sx233/datuner/src/opticalflow_hls/imageLib/ImageIO.cpp 
INFO: [HLS 200-100] Command     is_encrypted returned 0; 0 sec.
INFO: [HLS 200-100] Execute     is_xip /home/sx233/datuner/src/opticalflow_hls/imageLib/ImageIO.cpp 
INFO: [HLS 200-100] Command     is_xip returned 0; 0 sec.
INFO: [HLS 200-100] Execute     is_encrypted /home/sx233/datuner/src/opticalflow_hls/imageLib/ImageIOpng.cpp 
INFO: [HLS 200-100] Command     is_encrypted returned 0; 0 sec.
INFO: [HLS 200-100] Execute     is_xip /home/sx233/datuner/src/opticalflow_hls/imageLib/ImageIOpng.cpp 
INFO: [HLS 200-100] Command     is_xip returned 0; 0 sec.
INFO: [HLS 200-100] Execute     is_encrypted /home/sx233/datuner/src/opticalflow_hls/imageLib/RefCntMem.cpp 
INFO: [HLS 200-100] Command     is_encrypted returned 0; 0 sec.
INFO: [HLS 200-100] Execute     is_xip /home/sx233/datuner/src/opticalflow_hls/imageLib/RefCntMem.cpp 
INFO: [HLS 200-100] Command     is_xip returned 0; 0 sec.
INFO: [HLS 200-100] Execute     is_encrypted /home/sx233/datuner/src/opticalflow_hls/optical_flow.cpp 
INFO: [HLS 200-100] Command     is_encrypted returned 0; 0.01 sec.
INFO: [HLS 200-100] Execute     is_xip /home/sx233/datuner/src/opticalflow_hls/optical_flow.cpp 
INFO: [HLS 200-100] Command     is_xip returned 0; 0 sec.
INFO: [HLS 200-100] Execute     source run_sim.tcl 
INFO: [HLS 200-100] Command     ap_source returned 0; 7.43 sec.
INFO: [SIM 211-1] CSim done with 0 errors.
INFO: [SIM 211-3] *************** CSIM finish ***************
INFO: [HLS 200-100] Command   csim_design returned 0; 183.63 sec.
INFO: [HLS 200-100] Execute   csynth_design 
INFO: [HLS 200-100] Execute     elaborate -effort=medium -skip_syncheck=0 -keep_printf=0 -lm=0 -skip_cdt=0 -skip_transform=0 -ng=0 -g=0 -opt_fp=0 -enable_clang39=0 
INFO: [HLS 200-10] Analyzing design file 'optical_flow.cpp' ... 
INFO: [HLS 200-0] Compiling one TU...
INFO: [HLS 200-100] Execute       is_m_axi_addr64 
INFO: [HLS 200-100] Command       is_m_axi_addr64 returned 0; 0 sec.
INFO: [HLS 200-0] Handling optical_flow.cpp as C++
INFO: [HLS 200-0] Syntax Checking before pre-processing...
INFO: [HLS 200-100] Execute       clang  -fno-limit-debug-info -gcc-toolchain "/scratch/xilinx/SDx/2017.1/Vivado_HLS/lnx64/tools/gcc" -hls    -fno-math-errno -c -emit-llvm -O0  -mllvm -disable-llvm-optzns -fno-threadsafe-statics  -fno-use-cxa-atexit  -fno-threadsafe-statics -fno-use-cxa-atexit -D__CLANG_3_1__   -I "/scratch/xilinx/SDx/2017.1/Vivado_HLS/lnx64/tools/systemc/include" -I "/scratch/xilinx/SDx/2017.1/Vivado_HLS/include" -I "/scratch/xilinx/SDx/2017.1/Vivado_HLS/include/ap_sysc" -fexceptions -I "/scratch/xilinx/SDx/2017.1/Vivado_HLS/common/technology/autopilot" -include etc/autopilot_ssdm_op.h "optical_flow.cpp"  -o "/home/sx233/datuner/src/opticalflow_hls/o_flow.prj/solution1/.autopilot/db/optical_flow.pp.00.o" 
INFO: [HLS 200-0] exec clang -fno-limit-debug-info -gcc-toolchain /scratch/xilinx/SDx/2017.1/Vivado_HLS/lnx64/tools/gcc -hls -fno-math-errno -c -emit-llvm -O0 -mllvm -disable-llvm-optzns -fno-threadsafe-statics -fno-use-cxa-atexit -fno-threadsafe-statics -fno-use-cxa-atexit -D__CLANG_3_1__ -I /scratch/xilinx/SDx/2017.1/Vivado_HLS/lnx64/tools/systemc/include -I /scratch/xilinx/SDx/2017.1/Vivado_HLS/include -I /scratch/xilinx/SDx/2017.1/Vivado_HLS/include/ap_sysc -fexceptions -I /scratch/xilinx/SDx/2017.1/Vivado_HLS/common/technology/autopilot -include etc/autopilot_ssdm_op.h optical_flow.cpp -o /home/sx233/datuner/src/opticalflow_hls/o_flow.prj/solution1/.autopilot/db/optical_flow.pp.00.o
INFO: [HLS 200-100] Command       clang returned 0; 79.27 sec.
INFO: [HLS 200-100] Execute       is_encrypted /home/sx233/datuner/src/opticalflow_hls/o_flow.prj/solution1/.autopilot/db/optical_flow.pp.00.o 
INFO: [HLS 200-100] Command       is_encrypted returned 0; 0 sec.
INFO: [HLS 200-0] Source preprocessing
INFO: [HLS 200-100] Execute       clang  -fno-limit-debug-info -gcc-toolchain "/scratch/xilinx/SDx/2017.1/Vivado_HLS/lnx64/tools/gcc" -hls -fno-exceptions  -D__llvm__  -CC -E "optical_flow.cpp"     -fno-math-errno -c -emit-llvm -O0  -mllvm -disable-llvm-optzns -fno-threadsafe-statics  -fno-use-cxa-atexit  -fno-threadsafe-statics -fno-use-cxa-atexit -D__CLANG_3_1__ -DAESL_SYN -D__SYNTHESIS__ -D__HLS_SYN__ -I "/scratch/xilinx/SDx/2017.1/Vivado_HLS/common/technology/autopilot" -I "/scratch/xilinx/SDx/2017.1/Vivado_HLS/common/technology/autopilot/ap_sysc" -include etc/autopilot_ssdm_op.h  -o "/home/sx233/datuner/src/opticalflow_hls/o_flow.prj/solution1/.autopilot/db/optical_flow.pp.0.cpp" 
INFO: [HLS 200-0] exec clang -fno-limit-debug-info -gcc-toolchain /scratch/xilinx/SDx/2017.1/Vivado_HLS/lnx64/tools/gcc -hls -fno-exceptions -D__llvm__ -CC -E optical_flow.cpp -fno-math-errno -c -emit-llvm -O0 -mllvm -disable-llvm-optzns -fno-threadsafe-statics -fno-use-cxa-atexit -fno-threadsafe-statics -fno-use-cxa-atexit -D__CLANG_3_1__ -DAESL_SYN -D__SYNTHESIS__ -D__HLS_SYN__ -I /scratch/xilinx/SDx/2017.1/Vivado_HLS/common/technology/autopilot -I /scratch/xilinx/SDx/2017.1/Vivado_HLS/common/technology/autopilot/ap_sysc -include etc/autopilot_ssdm_op.h -o /home/sx233/datuner/src/opticalflow_hls/o_flow.prj/solution1/.autopilot/db/optical_flow.pp.0.cpp
INFO: [HLS 200-100] Command       clang returned 0; 1.97 sec.
INFO: [HLS 200-0] GCC PP time: 1 seconds per iteration
INFO: [HLS 200-100] Execute       list_core -type functional_unit 
INFO: [HLS 200-100] Command       list_core returned 0; 0 sec.
INFO: [HLS 200-0] CDT Preprocessing...
INFO: [HLS 200-0] Marker-Pragma convertor: /home/sx233/datuner/src/opticalflow_hls/o_flow.prj/solution1/.autopilot/db/optical_flow.pp.0.cpp /home/sx233/datuner/src/opticalflow_hls/o_flow.prj/solution1/.autopilot/db/optical_flow.pp.0.cpp.ap-line.cpp /home/sx233/datuner/src/opticalflow_hls/o_flow.prj/solution1/.autopilot/db/optical_flow.pp.0.cpp.ap-line.cpp.CXX 1
INFO: [HLS 200-0] Converting Markers to Pragmas...
INFO: [HLS 200-100] Execute       cdt  "/home/sx233/datuner/src/opticalflow_hls/o_flow.prj/solution1/.autopilot/db/optical_flow.pp.0.cpp.ap-line.cpp"  -m "optical_flow" -o "/home/sx233/datuner/src/opticalflow_hls/o_flow.prj/solution1/.autopilot/db/optical_flow.pp.0.cpp.ap-cdt.cpp" --pp --directive /home/sx233/datuner/src/opticalflow_hls/o_flow.prj/solution1/solution1.directive --source /home/sx233/datuner/src/opticalflow_hls/optical_flow.cpp --error /home/sx233/datuner/src/opticalflow_hls/o_flow.prj/solution1/.autopilot/db --funcunit "AddSub AddSub_DSP AddSubnS DAddSub_fulldsp DAddSub_nodsp DDiv DExp_fulldsp DExp_meddsp DExp_nodsp DLog_fulldsp DLog_meddsp DLog_nodsp DMul_fulldsp DMul_maxdsp DMul_meddsp DMul_nodsp DRSqrt DRecip DSqrt DivnS FAddSub_fulldsp FAddSub_nodsp FDiv FExp_fulldsp FExp_meddsp FExp_nodsp FLog_fulldsp FLog_meddsp FLog_nodsp FMul_fulldsp FMul_maxdsp FMul_meddsp FMul_nodsp FRSqrt_fulldsp FRSqrt_nodsp FRecip_fulldsp FRecip_nodsp FSqrt HAddSub_fulldsp HAddSub_meddsp HAddSub_nodsp HDiv HMul_fulldsp HMul_maxdsp HMul_nodsp HSqrt Mul Mul2S Mul3S Mul4S Mul5S Mul6S Mul_LUT MulnS MuxnS" --ve --vetcl /home/sx233/datuner/src/opticalflow_hls/o_flow.prj/solution1/.autopilot/db --ca --es --gf --pd --p2d /home/sx233/datuner/src/opticalflow_hls/o_flow.prj/solution1/.autopilot/db --sd --scff /home/sx233/datuner/src/opticalflow_hls/o_flow.prj/solution1/.autopilot/db/.systemc_flag --ad 
INFO: [HLS 200-0] Error:Syntax error in source:for (__decltype(__n + 0) __niter = __n;
Error:Missing ; in source:t
Error:Syntax error in source:)
 *__first = __value;
Error:Syntax error in source:for (__decltype(__n + 0) __niter = __n;
Error:Missing ; in source:t
Error:Syntax error in source:)
 *__first = __tmp;
INFO: [HLS 200-100] Command       cdt returned 0; 25.68 sec.
INFO: [HLS 200-0] Marker-Pragma convertor: /home/sx233/datuner/src/opticalflow_hls/o_flow.prj/solution1/.autopilot/db/optical_flow.pp.0.cpp.ap-cdt.cpp /home/sx233/datuner/src/opticalflow_hls/o_flow.prj/solution1/.autopilot/db/optical_flow.pragma.0.cpp /home/sx233/datuner/src/opticalflow_hls/o_flow.prj/solution1/.autopilot/db/optical_flow.pragma.0.cpp.ap-line.CXX 0
INFO: [HLS 200-0] Converting Pragmas to Markers...
INFO: [HLS 200-100] Execute       source /home/sx233/datuner/src/opticalflow_hls/o_flow.prj/solution1/.autopilot/db/pragma.status.tcl 
INFO: [HLS 200-100] Command       ap_source returned 0; 0 sec.
INFO: [HLS 200-0] Pragma Handling...
INFO: [HLS 200-0] Source preprocessing
INFO: [HLS 200-100] Execute       clang  -fno-limit-debug-info -gcc-toolchain "/scratch/xilinx/SDx/2017.1/Vivado_HLS/lnx64/tools/gcc" -hls -fno-exceptions  -D__llvm__  -CC -E "/home/sx233/datuner/src/opticalflow_hls/o_flow.prj/solution1/.autopilot/db/optical_flow.pragma.1.cpp"     -fno-math-errno -c -emit-llvm -O0  -mllvm -disable-llvm-optzns -fno-threadsafe-statics  -fno-use-cxa-atexit  -fno-threadsafe-statics -fno-use-cxa-atexit -D__CLANG_3_1__ -DAESL_SYN -D__SYNTHESIS__ -D__HLS_SYN__ -I "/scratch/xilinx/SDx/2017.1/Vivado_HLS/common/technology/autopilot" -I "/scratch/xilinx/SDx/2017.1/Vivado_HLS/common/technology/autopilot/ap_sysc" -include etc/autopilot_ssdm_op.h  -o "/home/sx233/datuner/src/opticalflow_hls/o_flow.prj/solution1/.autopilot/db/optical_flow.pragma.2.cpp" 
INFO: [HLS 200-0] exec clang -fno-limit-debug-info -gcc-toolchain /scratch/xilinx/SDx/2017.1/Vivado_HLS/lnx64/tools/gcc -hls -fno-exceptions -D__llvm__ -CC -E /home/sx233/datuner/src/opticalflow_hls/o_flow.prj/solution1/.autopilot/db/optical_flow.pragma.1.cpp -fno-math-errno -c -emit-llvm -O0 -mllvm -disable-llvm-optzns -fno-threadsafe-statics -fno-use-cxa-atexit -fno-threadsafe-statics -fno-use-cxa-atexit -D__CLANG_3_1__ -DAESL_SYN -D__SYNTHESIS__ -D__HLS_SYN__ -I /scratch/xilinx/SDx/2017.1/Vivado_HLS/common/technology/autopilot -I /scratch/xilinx/SDx/2017.1/Vivado_HLS/common/technology/autopilot/ap_sysc -include etc/autopilot_ssdm_op.h -o /home/sx233/datuner/src/opticalflow_hls/o_flow.prj/solution1/.autopilot/db/optical_flow.pragma.2.cpp
INFO: [HLS 200-100] Command       clang returned 0; 1 sec.
INFO: [HLS 200-0] Processing labels
INFO: [HLS 200-100] Execute       clang  -fno-limit-debug-info -gcc-toolchain /scratch/xilinx/SDx/2017.1/Vivado_HLS/lnx64/tools/gcc -hls -hls-analyze-label -hls-analyze-pragma -fno-exceptions  -D__llvm__  -w  "/home/sx233/datuner/src/opticalflow_hls/o_flow.prj/solution1/.autopilot/db/optical_flow.pragma.2.cpp"    -fno-math-errno -c -emit-llvm -O0  -mllvm -disable-llvm-optzns -fno-threadsafe-statics  -fno-use-cxa-atexit -DAESL_SYN -D__SYNTHESIS__ -D__HLS_SYN__ -I "/scratch/xilinx/SDx/2017.1/Vivado_HLS/common/technology/autopilot" -I "/scratch/xilinx/SDx/2017.1/Vivado_HLS/common/technology/autopilot/ap_sysc" -include etc/autopilot_ssdm_op.h -g -o "/home/sx233/datuner/src/opticalflow_hls/o_flow.prj/solution1/.autopilot/db/optical_flow.g.bc" 
INFO: [HLS 200-0] exec clang -fno-limit-debug-info -gcc-toolchain /scratch/xilinx/SDx/2017.1/Vivado_HLS/lnx64/tools/gcc -hls -hls-analyze-label -hls-analyze-pragma -fno-exceptions -D__llvm__ -w /home/sx233/datuner/src/opticalflow_hls/o_flow.prj/solution1/.autopilot/db/optical_flow.pragma.2.cpp -fno-math-errno -c -emit-llvm -O0 -mllvm -disable-llvm-optzns -fno-threadsafe-statics -fno-use-cxa-atexit -DAESL_SYN -D__SYNTHESIS__ -D__HLS_SYN__ -I /scratch/xilinx/SDx/2017.1/Vivado_HLS/common/technology/autopilot -I /scratch/xilinx/SDx/2017.1/Vivado_HLS/common/technology/autopilot/ap_sysc -include etc/autopilot_ssdm_op.h -g -o /home/sx233/datuner/src/opticalflow_hls/o_flow.prj/solution1/.autopilot/db/optical_flow.g.bc
INFO: [HLS 200-100] Command       clang returned 0; 31.34 sec.
INFO: [HLS 200-100] Execute       source /home/sx233/datuner/src/opticalflow_hls/o_flow.prj/solution1/.autopilot/db/ve_warning.tcl 
INFO: [HLS 200-100] Command       ap_source returned 0; 0 sec.
INFO: [HLS 200-10] Validating synthesis directives ...
INFO: [HLS 200-100] Execute       source /home/sx233/datuner/src/opticalflow_hls/o_flow.prj/solution1/.autopilot/db/pragma.status.tcl 
INFO: [HLS 200-100] Command       ap_source returned 0; 0 sec.
INFO: [HLS 200-111] Finished Checking Pragmas Time (s): cpu = 00:05:17 ; elapsed = 00:05:33 . Memory (MB): peak = 448.367 ; gain = 17.711 ; free physical = 6149 ; free virtual = 20537
INFO: [HLS 200-0] Linking Release ...
INFO: [HLS 200-100] Execute       llvm-ld /home/sx233/datuner/src/opticalflow_hls/o_flow.prj/solution1/.autopilot/db/optical_flow.bc -disable-opt -L/scratch/xilinx/SDx/2017.1/Vivado_HLS/lnx64/lib -lm_basic -o /home/sx233/datuner/src/opticalflow_hls/o_flow.prj/solution1/.autopilot/db/a.o 
INFO: [HLS 200-100] Command       llvm-ld returned 0; 4.75 sec.
INFO: [HLS 200-100] Execute       disassemble /home/sx233/datuner/src/opticalflow_hls/o_flow.prj/solution1/.autopilot/db/a.o /home/sx233/datuner/src/opticalflow_hls/o_flow.prj/solution1/.autopilot/db/a.o 
INFO: [HLS 200-100] Execute         is_encrypted /home/sx233/datuner/src/opticalflow_hls/o_flow.prj/solution1/.autopilot/db/a.o.bc 
INFO: [HLS 200-100] Command         is_encrypted returned 0; 0 sec.
INFO: [HLS 200-100] Command       disassemble returned 0; 3.07 sec.
INFO: [HLS 200-0] Disassemble time: 3 seconds per iteration
INFO: [HLS 200-0] Linking Debug ...
INFO: [HLS 200-100] Execute       llvm-ld /home/sx233/datuner/src/opticalflow_hls/o_flow.prj/solution1/.autopilot/db/optical_flow.g.bc -disable-opt -L/scratch/xilinx/SDx/2017.1/Vivado_HLS/lnx64/lib -lm_basic -o /home/sx233/datuner/src/opticalflow_hls/o_flow.prj/solution1/.autopilot/db/a.g 
INFO: [HLS 200-100] Command       llvm-ld returned 0; 4.71 sec.
INFO: [HLS 200-100] Execute       disassemble /home/sx233/datuner/src/opticalflow_hls/o_flow.prj/solution1/.autopilot/db/a.g /home/sx233/datuner/src/opticalflow_hls/o_flow.prj/solution1/.autopilot/db/a.g 
INFO: [HLS 200-100] Execute         is_encrypted /home/sx233/datuner/src/opticalflow_hls/o_flow.prj/solution1/.autopilot/db/a.g.bc 
INFO: [HLS 200-100] Command         is_encrypted returned 0; 0.01 sec.
INFO: [HLS 200-100] Command       disassemble returned 0; 3.04 sec.
INFO: [HLS 200-0] Disassemble time: 3 seconds per iteration
INFO: [HLS 200-111] Finished Linking Time (s): cpu = 00:05:29 ; elapsed = 00:05:49 . Memory (MB): peak = 448.367 ; gain = 17.711 ; free physical = 6029 ; free virtual = 20535
INFO: [HLS 200-100] Execute       opt_and_import_c a -opt_level=2 -skip_syncheck=0 -ng=0 -keep_printf=0 -enable_clang39=0 
INFO: [HLS 200-100] Execute         cleanup_all_models 
INFO: [HLS 200-100] Command         cleanup_all_models returned 0; 0 sec.
INFO: [HLS 200-10] Starting code transformations ...
INFO: [HLS 200-100] Execute         transform -promote-dbg-pointer /home/sx233/datuner/src/opticalflow_hls/o_flow.prj/solution1/.autopilot/db/a.pp.bc -o /home/sx233/datuner/src/opticalflow_hls/o_flow.prj/solution1/.autopilot/db/a.pp.0.bc -f 
INFO: [HLS 200-100] Command         transform returned 0; 2.03 sec.
INFO: [HLS 200-100] Execute         llvm-ld /home/sx233/datuner/src/opticalflow_hls/o_flow.prj/solution1/.autopilot/db/a.pp.0.bc -disable-opt -L/scratch/xilinx/SDx/2017.1/Vivado_HLS/lnx64/lib -lfloatconversion -o /home/sx233/datuner/src/opticalflow_hls/o_flow.prj/solution1/.autopilot/db/a.g.0 
INFO: [HLS 200-100] Command         llvm-ld returned 0; 4.45 sec.
INFO: [HLS 200-0] Running Standard Transforms...
INFO: [HLS 200-100] Execute         transform -hls -share-std-xform -demangle-name -inline-byval-memcpy -always-inline -promote-dbg-pointer -interface-preproc -scalarrepl -mem2reg -keep-read-access -instcombine -dce -promote-dbg-pointer -bitop-raise -loop-simplify -indvarspre -indvars -loop-simplify -xunroll -constprop -instcombine -simplifycfg -indvars -simplifycfg -dce -globaldce -basicaa -simplifycfg -mem2reg -globalopt -global-constprop -deadargelim -instcombine -simplifycfg -prune-eh -simplifycfg -scalarrepl -instcombine -reassociate -licm -simplifycfg -loop-simplify -indvars -instcombine -simplifycfg -mem2reg -loop-simplify -indvars -instcombine -gvn -gvn -instcombine -adce -break-crit-edges -simplifycfg -loop-delete -global-array-opt -dce -dse -adce -find-syn-modules -top optical_flow -deadargelim -mem2reg -instcombine -dce -presyn-prepare -auto-rom-infer -interface-preproc -syn-check -check-rec-only -find-region -simplifycfg -func-extr -function-inline -globaldce -mem2reg -instcombine -dce -gvn -globaldce -adce -adse -constprop -instcombine -bit-constprop -instcombine -dce -simplifycfg -bitop-raise -simplifycfg -dce -loop-delete -reassociate -globalopt -global-privatize -mem2reg -dce -global-constprop -pointer-simplify -constprop -dce -func-inst -deadargelim -auto-shift-reg-idiom -promote-dbg-pointer -norm-name /home/sx233/datuner/src/opticalflow_hls/o_flow.prj/solution1/.autopilot/db/a.g.0.bc -o /home/sx233/datuner/src/opticalflow_hls/o_flow.prj/solution1/.autopilot/db/a.g.1.bc -f -phase std-opt 
INFO: [XFORM 203-501] Unrolling loop 'Loop-1' (/scratch/xilinx/SDx/2017.1/Vivado_HLS/common/technology/autopilot/hls/hls_video_mem.h:123) in function 'hls::Window<1, 7, gradient_t>::shift_pixels_left()' completely.
INFO: [XFORM 203-501] Unrolling loop 'Loop-1' (/scratch/xilinx/SDx/2017.1/Vivado_HLS/common/technology/autopilot/hls/hls_video_mem.h:123) in function 'hls::Window<1, 3, tensor_t>::shift_pixels_left()' completely.
INFO: [XFORM 203-603] Inlining function 'hls::LineBuffer<5, 1024, float, 0>::shift_pixels_up' into 'gradient_xy_calc' (optical_flow.cpp:110).
INFO: [XFORM 203-603] Inlining function 'hls::LineBuffer<5, 1024, float, 0>::shift_pixels_up' into 'gradient_xy_calc' (optical_flow.cpp:106).
INFO: [XFORM 203-603] Inlining function 'hls::LineBuffer<5, 1024, float, 0>::insert_bottom_row' into 'gradient_xy_calc' (optical_flow.cpp:111).
INFO: [XFORM 203-603] Inlining function 'hls::LineBuffer<5, 1024, float, 0>::insert_bottom_row' into 'gradient_xy_calc' (optical_flow.cpp:107).
INFO: [XFORM 203-603] Inlining function 'hls::Window<5, 5, float>::shift_pixels_left' into 'gradient_xy_calc' (optical_flow.cpp:124).
INFO: [XFORM 203-603] Inlining function 'hls::Window<5, 5, float>::shift_pixels_left' into 'gradient_xy_calc' (optical_flow.cpp:116).
INFO: [XFORM 203-603] Inlining function 'hls::LineBuffer<5, 1024, float, 0>::getval' into 'gradient_xy_calc' (optical_flow.cpp:121).
INFO: [XFORM 203-603] Inlining function 'hls::LineBuffer<5, 1024, float, 0>::getval' into 'gradient_xy_calc' (optical_flow.cpp:120).
INFO: [XFORM 203-603] Inlining function 'hls::LineBuffer<5, 1024, float, 0>::getval' into 'gradient_xy_calc' (optical_flow.cpp:119).
INFO: [XFORM 203-603] Inlining function 'hls::LineBuffer<5, 1024, float, 0>::getval' into 'gradient_xy_calc' (optical_flow.cpp:118).
INFO: [XFORM 203-603] Inlining function 'hls::LineBuffer<5, 1024, float, 0>::getval' into 'gradient_xy_calc' (optical_flow.cpp:117).
INFO: [XFORM 203-603] Inlining function 'hls::Window<5, 5, float>::insert_pixel' into 'gradient_xy_calc' (optical_flow.cpp:129).
INFO: [XFORM 203-603] Inlining function 'hls::Window<5, 5, float>::insert_pixel' into 'gradient_xy_calc' (optical_flow.cpp:128).
INFO: [XFORM 203-603] Inlining function 'hls::Window<5, 5, float>::insert_pixel' into 'gradient_xy_calc' (optical_flow.cpp:127).
INFO: [XFORM 203-603] Inlining function 'hls::Window<5, 5, float>::insert_pixel' into 'gradient_xy_calc' (optical_flow.cpp:126).
INFO: [XFORM 203-603] Inlining function 'hls::Window<5, 5, float>::insert_pixel' into 'gradient_xy_calc' (optical_flow.cpp:125).
INFO: [XFORM 203-603] Inlining function 'hls::Window<5, 5, float>::insert_pixel' into 'gradient_xy_calc' (optical_flow.cpp:121).
INFO: [XFORM 203-603] Inlining function 'hls::Window<5, 5, float>::insert_pixel' into 'gradient_xy_calc' (optical_flow.cpp:120).
INFO: [XFORM 203-603] Inlining function 'hls::Window<5, 5, float>::insert_pixel' into 'gradient_xy_calc' (optical_flow.cpp:119).
INFO: [XFORM 203-603] Inlining function 'hls::Window<5, 5, float>::insert_pixel' into 'gradient_xy_calc' (optical_flow.cpp:118).
INFO: [XFORM 203-603] Inlining function 'hls::Window<5, 5, float>::insert_pixel' into 'gradient_xy_calc' (optical_flow.cpp:117).
INFO: [XFORM 203-603] Inlining function 'hls::Window<5, 5, float>::getval' into 'gradient_xy_calc' (optical_flow.cpp:134).
INFO: [XFORM 203-603] Inlining function 'hls::Window<5, 5, float>::getval' into 'gradient_xy_calc' (optical_flow.cpp:133).
INFO: [XFORM 203-603] Inlining function 'hls::LineBuffer<7, 1024, gradient_t, 0>::shift_pixels_up' into 'gradient_weight_y' (optical_flow.cpp:228).
INFO: [XFORM 203-603] Inlining function 'hls::LineBuffer<7, 1024, gradient_t, 0>::shift_pixels_up' into 'gradient_weight_y' (optical_flow.cpp:218).
INFO: [XFORM 203-603] Inlining function 'hls::LineBuffer<7, 1024, gradient_t, 0>::insert_bottom_row' into 'gradient_weight_y' (optical_flow.cpp:233).
INFO: [XFORM 203-603] Inlining function 'hls::LineBuffer<7, 1024, gradient_t, 0>::insert_bottom_row' into 'gradient_weight_y' (optical_flow.cpp:225).
INFO: [XFORM 203-603] Inlining function 'hls::LineBuffer<7, 1024, gradient_t, 0>::getval' into 'gradient_weight_y' (optical_flow.cpp:244).
INFO: [XFORM 203-603] Inlining function 'hls::LineBuffer<7, 1024, gradient_t, 0>::getval' into 'gradient_weight_y' (optical_flow.cpp:243).
INFO: [XFORM 203-603] Inlining function 'hls::LineBuffer<7, 1024, gradient_t, 0>::getval' into 'gradient_weight_y' (optical_flow.cpp:242).
INFO: [XFORM 203-603] Inlining function 'hls::Window<1, 7, gradient_t>::shift_pixels_left' into 'gradient_weight_x' (optical_flow.cpp:268).
INFO: [XFORM 203-603] Inlining function 'hls::Window<1, 7, gradient_t>::insert_pixel' into 'gradient_weight_x' (optical_flow.cpp:281).
INFO: [XFORM 203-603] Inlining function 'hls::Window<1, 7, gradient_t>::getval' into 'gradient_weight_x' (optical_flow.cpp:291).
INFO: [XFORM 203-603] Inlining function 'hls::Window<1, 7, gradient_t>::getval' into 'gradient_weight_x' (optical_flow.cpp:290).
INFO: [XFORM 203-603] Inlining function 'hls::Window<1, 7, gradient_t>::getval' into 'gradient_weight_x' (optical_flow.cpp:289).
INFO: [XFORM 203-603] Inlining function 'hls::LineBuffer<3, 1024, outer_t, 0>::shift_pixels_up' into 'tensor_weight_y' (optical_flow.cpp:375).
INFO: [XFORM 203-603] Inlining function 'hls::LineBuffer<3, 1024, outer_t, 0>::insert_bottom_row' into 'tensor_weight_y' (optical_flow.cpp:386).
INFO: [XFORM 203-603] Inlining function 'hls::LineBuffer<3, 1024, outer_t, 0>::getval' into 'tensor_weight_y' (optical_flow.cpp:394).
INFO: [XFORM 203-603] Inlining function 'hls::Window<1, 3, tensor_t>::shift_pixels_left' into 'tensor_weight_x' (optical_flow.cpp:419).
INFO: [XFORM 203-603] Inlining function 'hls::Window<1, 3, tensor_t>::insert_pixel' into 'tensor_weight_x' (optical_flow.cpp:432).
INFO: [XFORM 203-603] Inlining function 'hls::Window<1, 3, tensor_t>::getval' into 'tensor_weight_x' (optical_flow.cpp:440).
INFO: [HLS 200-100] Command         transform returned 0; 9.84 sec.
INFO: [HLS 200-100] Execute         disassemble /home/sx233/datuner/src/opticalflow_hls/o_flow.prj/solution1/.autopilot/db/a.g.1 /home/sx233/datuner/src/opticalflow_hls/o_flow.prj/solution1/.autopilot/db/a.g.1 
INFO: [HLS 200-100] Execute           is_encrypted /home/sx233/datuner/src/opticalflow_hls/o_flow.prj/solution1/.autopilot/db/a.g.1.bc 
INFO: [HLS 200-100] Command           is_encrypted returned 0; 0 sec.
INFO: [HLS 200-100] Command         disassemble returned 0; 2.74 sec.
INFO: [HLS 200-111] Finished Standard Transforms Time (s): cpu = 00:05:45 ; elapsed = 00:06:08 . Memory (MB): peak = 838.668 ; gain = 408.012 ; free physical = 5591 ; free virtual = 20192
INFO: [HLS 200-10] Checking synthesizability ...
INFO: [HLS 200-0] Checking Synthesizability 1/2..
INFO: [HLS 200-100] Execute         transform -hls -syn-check -check-rec-only -disaggr -scalarrepl -norm-name -dce -mem2reg -instcombine -function-uniquify -directive-preproc -mem2reg -dse -dce -auto-rom-infer -dce -array-normalize -instcombine -dce -warn-fifo-pointer -array-seg-normalize -instcombine -dce -array-flatten -instcombine -dce -array-burst -dce -deadargelim -promote-global-argument -simplifycfg -mem2reg -globaldce -resolve-double-ptr -dce -deadargelim -dce -instcombine -function-inline -globaldce -dce -doublePtrSimplify -doublePtrElim -dce -doublePtrSimplify -promote-dbg-pointer -dce -scalarrepl -dse -adse -instcombine -ptrLegalization -simplifycfg -dce -instcombine -pointer-simplify -ptrArgReplace -dce -instcombine -disaggr -scalarrepl -norm-name -dce -mem2reg -instcombine -ptrLegalization -simplifycfg -deadargelim -instcombine -dce -inst-simplify -function-uniquify -directive-preproc -mem2reg -dse -dce -globaldce /home/sx233/datuner/src/opticalflow_hls/o_flow.prj/solution1/.autopilot/db/a.g.1.bc -o /home/sx233/datuner/src/opticalflow_hls/o_flow.prj/solution1/.autopilot/db/a.g.2.prechk.bc -f 
INFO: [HLS 200-100] Command         transform returned 0; 2.49 sec.
INFO: [HLS 200-0] Checking Synthesizability 2/2..
INFO: [HLS 200-100] Execute         transform -syn-check /home/sx233/datuner/src/opticalflow_hls/o_flow.prj/solution1/.autopilot/db/a.g.2.prechk.bc -o /home/sx233/datuner/src/opticalflow_hls/o_flow.prj/solution1/.autopilot/db/a.g.2.bc -f -phase syn-check 
INFO: [HLS 200-100] Command         transform returned 0; 1.97 sec.
INFO: [HLS 200-111] Finished Checking Synthesizability Time (s): cpu = 00:05:49 ; elapsed = 00:06:12 . Memory (MB): peak = 998.668 ; gain = 568.012 ; free physical = 5447 ; free virtual = 20073
INFO: [HLS 200-0] Compiler optimizing ...
INFO: [HLS 200-0] Share syncheck's 1.bc for syn flow: copy /home/sx233/datuner/src/opticalflow_hls/o_flow.prj/solution1/.autopilot/db/a.g.1.bc to /home/sx233/datuner/src/opticalflow_hls/o_flow.prj/solution1/.autopilot/db/a.o.1.bc
INFO: [HLS 200-0] Presyn 1...
INFO: [HLS 200-100] Execute         transform -hls -tmp /home/sx233/datuner/src/opticalflow_hls/o_flow.prj/solution1/.autopilot/db -interface-port-rename -type-info -function-uniquify -directive-preproc -mem2reg -dse -dce -disaggr -scalarrepl -norm-name -deadargelim -mem2reg -instcombine -dce -auto-rom-infer -dce -function-uniquify -resource-proc -simplifycfg -mem2reg -globaldce -resolve-double-ptr -dce -deadargelim -dce -instcombine -clib-intrinsic-prepare -dce -func-buffer -dce -array-normalize -func-legal -instcombine -gvn -constprop -dce -ptrArgReplace -mem2reg -instcombine -dce -array-seg-normalize -deadargelim -instcombine -dce -pointer-simplify -dce -port-alignment -dce -interface-preproc -data-pack -instcombine -dce -basicaa -aggr-aa -aggrmodref-aa -aggr-aa -gvn -gvn -basicaa -aggr-aa -aggrmodref-aa -aggr-aa -dse -adse -adce -loop-simplify -indvars -instcombine -gvn -loop-simplify -mem2reg -dce -simplifycfg -find-region -instcombine -auto-loop-pipeline -inst-simplify -interface-preproc -cfgopt -instcombine -indvars -auto-loop-unroll -loop-simplify -loop-bound -xunroll -constprop -instcombine -simplifycfg -indvars -simplifycfg -dce -globaldce -clean-region -attach-range -gvn -inst-simplify -constprop -simplifycfg -dce -pointer-simplify -dce -globalopt -constprop -dce -array-promote -constprop -instcombine -dce -ptrArgReplace -mem2reg -instcombine -simplifycfg -dce -auto-par -instcombine -dce -array-transform-check -array-reshape -instcombine -simplifycfg -dce -ptrArgReplace -deadargelim -mem2reg -instcombine -simplifycfg -dce -indvars -loop-simplify -loop-bound -xunroll -constprop -instcombine -simplifycfg -indvars -simplifycfg -dce -globaldce -duplicate-dataflow-processes -globaldce -instcombine -array-partition -instcombine -simplifycfg -dce -ptrArgReplace -global-constprop -deadargelim -mem2reg -func-legal -instcombine -dce -global-constprop -deadargelim -mem2reg -instcombine -simplifycfg -dce -globalopt -constprop -dce -array-promote -constprop -instcombine -dce -ptrArgReplace -mem2reg -instcombine -simplifycfg -dce -mem-intrinsic-preproc -dce -global-privatize -mem2reg -globaldce -promote-global-argument -ptrArgReplace -mem2reg -instcombine -dce -globalopt -mergereturn -simplify-global-access -mem2reg -dce -pointer-simplify -dce -functionattrs -basicaa -aggr-aa -aggrmodref-aa -aggr-aa -gvn -gvn -basicaa -aggr-aa -aggrmodref-aa -aggr-aa -dse -adse -adce -inst-simplify -dce -norm-name -function-inline -globaldce -func-inst -constprop -instcombine -simplifycfg -dce -func-legal -dce -loop-bound -arraycheck -bitwidthmin -on-by-dataflow -loop-delete -instcombine -simplifycfg -globaldce -dce -gvn -deadargelim -dce -loop-simplify -clean-region -simplifycfg -propagate-stable-arguments -loop-stream -instcombine -simplifycfg -dce -globaldce -stream-intrinsic-preproc -dce -check-ap-stream -loop-simplify -eliminate-keepreads -extract-dataflow-in-loop -loop-simplify -dce -gvn -deadargelim -dse -check-dataflow-syntax -legalize-stream-variable -legalize-global -extract-subproc -dce -dead-channel-elimination -canonicalize-gep -globaldce -dce -gvn -deadargelim -annotate-dataflow-channels -scalar-propagation -deadargelim -globaldce -mem2reg -check-dataflow-channels -function-stream -dce -globaldce -prop-fifo-spec -internal-stream-gen -canonicalize-gep -globaldce -dce -gvn -deadargelim -mergereturn -indvars -loop-simplify -instcombine -array-stream -array-seg-normalize -array-partition -func-legal -instcombine -simplifycfg -dce -bundle-memfifo-ops -deadargelim -function-uniquify -directive-preproc -mem2reg -dse -dce -group-axi-access -licm -simplifycfg -dce -loop-delete -norm-name /home/sx233/datuner/src/opticalflow_hls/o_flow.prj/solution1/.autopilot/db/a.o.1.bc -o /home/sx233/datuner/src/opticalflow_hls/o_flow.prj/solution1/.autopilot/db/a.o.1.tmp.bc -f 
INFO: [XFORM 203-1101] Packing variable 'tmp.val' (optical_flow.cpp:372) into a 192-bit variable.
INFO: [XFORM 203-1101] Packing variable 'buf.val.val' (optical_flow.cpp:366) into a 192-bit variable.
WARNING: [XFORM 203-152] Cannot apply array mapping directives with instance name 'out_product.val': cannot find another array to be merged with.
WARNING: [XFORM 203-152] Cannot apply array mapping directives with instance name 'tensor_y.val': cannot find another array to be merged with.
WARNING: [XFORM 203-152] Cannot apply array mapping directives with instance name 'tensor.val': cannot find another array to be merged with.
WARNING: [XFORM 203-152] Cannot apply array mapping directives with instance name 'buf.val.val' (optical_flow.cpp:366): cannot find another array to be merged with.
WARNING: [XFORM 203-152] Cannot apply array mapping directives with instance name 'tmp.val' (optical_flow.cpp:372): cannot find another array to be merged with.
INFO: [XFORM 203-502] Unrolling all sub-loops inside loop 'Loop-1.1' (optical_flow.cpp:266) in function 'gradient_weight_x' for pipelining.
INFO: [XFORM 203-502] Unrolling all sub-loops inside loop 'Loop-1.1' (optical_flow.cpp:213) in function 'gradient_weight_y' for pipelining.
INFO: [XFORM 203-502] Unrolling all sub-loops inside loop 'Loop-1.1' (optical_flow.cpp:101) in function 'gradient_xy_calc' for pipelining.
INFO: [XFORM 203-502] Unrolling all sub-loops inside loop 'Loop-1.1' (optical_flow.cpp:368) in function 'tensor_weight_y' for pipelining.
INFO: [XFORM 203-502] Unrolling all sub-loops inside loop 'Loop-1.1' (optical_flow.cpp:417) in function 'tensor_weight_x' for pipelining.
INFO: [XFORM 203-501] Unrolling loop 'Loop-1.1.1' (/scratch/xilinx/SDx/2017.1/Vivado_HLS/common/technology/autopilot/hls/hls_video_mem.h:125) in function 'gradient_weight_x' completely.
INFO: [XFORM 203-501] Unrolling loop 'Loop-1.1.2' (optical_flow.cpp:288) in function 'gradient_weight_x' completely.
INFO: [XFORM 203-501] Unrolling loop 'Loop-1.1.1' (/scratch/xilinx/SDx/2017.1/Vivado_HLS/common/technology/autopilot/hls/hls_video_mem.h:727) in function 'gradient_weight_y' completely.
INFO: [XFORM 203-501] Unrolling loop 'Loop-1.1.2' (/scratch/xilinx/SDx/2017.1/Vivado_HLS/common/technology/autopilot/hls/hls_video_mem.h:727) in function 'gradient_weight_y' completely.
INFO: [XFORM 203-501] Unrolling loop 'Loop-1.1.3' (optical_flow.cpp:241) in function 'gradient_weight_y' completely.
INFO: [XFORM 203-501] Unrolling loop 'Loop-1.1.1' (/scratch/xilinx/SDx/2017.1/Vivado_HLS/common/technology/autopilot/hls/hls_video_mem.h:727) in function 'gradient_xy_calc' completely.
INFO: [XFORM 203-501] Unrolling loop 'Loop-1.1.2' (/scratch/xilinx/SDx/2017.1/Vivado_HLS/common/technology/autopilot/hls/hls_video_mem.h:727) in function 'gradient_xy_calc' completely.
INFO: [XFORM 203-501] Unrolling loop 'Loop-1.1.3' (/scratch/xilinx/SDx/2017.1/Vivado_HLS/common/technology/autopilot/hls/hls_video_mem.h:123) in function 'gradient_xy_calc' completely.
INFO: [XFORM 203-501] Unrolling loop 'Loop-1.1.3.1' (/scratch/xilinx/SDx/2017.1/Vivado_HLS/common/technology/autopilot/hls/hls_video_mem.h:125) in function 'gradient_xy_calc' completely.
INFO: [XFORM 203-501] Unrolling loop 'Loop-1.1.4' (/scratch/xilinx/SDx/2017.1/Vivado_HLS/common/technology/autopilot/hls/hls_video_mem.h:123) in function 'gradient_xy_calc' completely.
INFO: [XFORM 203-501] Unrolling loop 'Loop-1.1.4.1' (/scratch/xilinx/SDx/2017.1/Vivado_HLS/common/technology/autopilot/hls/hls_video_mem.h:125) in function 'gradient_xy_calc' completely.
INFO: [XFORM 203-501] Unrolling loop 'Loop-1.1.5' (optical_flow.cpp:132) in function 'gradient_xy_calc' completely.
INFO: [XFORM 203-501] Unrolling loop 'Loop-1.1.1' (/scratch/xilinx/SDx/2017.1/Vivado_HLS/common/technology/autopilot/hls/hls_video_mem.h:727) in function 'tensor_weight_y' completely.
INFO: [XFORM 203-501] Unrolling loop 'Loop-1.1.2' (optical_flow.cpp:382) in function 'tensor_weight_y' completely.
INFO: [XFORM 203-501] Unrolling loop 'Loop-1.1.3' (optical_flow.cpp:389) in function 'tensor_weight_y' completely.
INFO: [XFORM 203-501] Unrolling loop 'Loop-1.1.4' (optical_flow.cpp:393) in function 'tensor_weight_y' completely.
INFO: [XFORM 203-501] Unrolling loop 'dumb' (optical_flow.cpp:396) in function 'tensor_weight_y' completely.
INFO: [XFORM 203-501] Unrolling loop 'Loop-1.1.1' (/scratch/xilinx/SDx/2017.1/Vivado_HLS/common/technology/autopilot/hls/hls_video_mem.h:125) in function 'tensor_weight_x' completely.
INFO: [XFORM 203-501] Unrolling loop 'Loop-1.1.2' (optical_flow.cpp:428) in function 'tensor_weight_x' completely.
INFO: [XFORM 203-501] Unrolling loop 'Loop-1.1.3' (optical_flow.cpp:435) in function 'tensor_weight_x' completely.
INFO: [XFORM 203-501] Unrolling loop 'Loop-1.1.4' (optical_flow.cpp:439) in function 'tensor_weight_x' completely.
INFO: [XFORM 203-501] Unrolling loop 'stupid' (optical_flow.cpp:441) in function 'tensor_weight_x' completely.
INFO: [XFORM 203-102] Partitioning array 'acc.val' (optical_flow.cpp:388) automatically.
INFO: [XFORM 203-102] Partitioning array 'tmp.val' (optical_flow.cpp:420) automatically.
INFO: [XFORM 203-102] Partitioning array 'acc.val' (optical_flow.cpp:434) automatically.
WARNING: [XFORM 203-561] Updating loop lower bound from 1 to 1024 for loop 'Loop-0-0' in function 'optical_flow'.
WARNING: [XFORM 203-561] Updating loop lower bound from 1 to 436 for loop 'Loop-0' in function 'optical_flow'.
INFO: [XFORM 203-101] Partitioning array 'buf.val.x' (optical_flow.cpp:264) in dimension 1 completely.
INFO: [XFORM 203-101] Partitioning array 'buf.val.y' (optical_flow.cpp:264) in dimension 1 completely.
INFO: [XFORM 203-101] Partitioning array 'buf.val.z' (optical_flow.cpp:264) in dimension 1 completely.
INFO: [XFORM 203-101] Partitioning array 'buf.val.x' (optical_flow.cpp:211) in dimension 1 completely.
INFO: [XFORM 203-101] Partitioning array 'buf.val.y' (optical_flow.cpp:211) in dimension 1 completely.
INFO: [XFORM 203-101] Partitioning array 'buf.val.z' (optical_flow.cpp:211) in dimension 1 completely.
INFO: [XFORM 203-101] Partitioning array 'buf.val' (optical_flow.cpp:98) in dimension 1 completely.
INFO: [XFORM 203-101] Partitioning array 'window.val' (optical_flow.cpp:99) in dimension 1 completely.
INFO: [XFORM 203-101] Partitioning array 'buf.val.val' (optical_flow.cpp:366) in dimension 1 completely.
INFO: [XFORM 203-101] Partitioning array 'buf.val.val' (optical_flow.cpp:415) in dimension 1 completely.
INFO: [XFORM 203-101] Partitioning array 'buf.val.x.0' (optical_flow.cpp:264) in dimension 1 completely.
INFO: [XFORM 203-101] Partitioning array 'buf.val.y.0' (optical_flow.cpp:264) in dimension 1 completely.
INFO: [XFORM 203-101] Partitioning array 'buf.val.z.0' (optical_flow.cpp:264) in dimension 1 completely.
INFO: [XFORM 203-101] Partitioning array 'window.val.0' (optical_flow.cpp:99) in dimension 1 completely.
INFO: [XFORM 203-101] Partitioning array 'window.val.1' (optical_flow.cpp:99) in dimension 1 completely.
INFO: [XFORM 203-101] Partitioning array 'window.val.2' (optical_flow.cpp:99) in dimension 1 completely.
INFO: [XFORM 203-101] Partitioning array 'window.val.3' (optical_flow.cpp:99) in dimension 1 completely.
INFO: [XFORM 203-101] Partitioning array 'window.val.4' (optical_flow.cpp:99) in dimension 1 completely.
INFO: [XFORM 203-101] Partitioning array 'buf.val.val.0' (optical_flow.cpp:415) in dimension 1 completely.
WARNING: [ANALYSIS 214-31] The program may have out of bound access of array variable 'buf.val[1]' in function 'gradient_xy_calc'.
WARNING: [ANALYSIS 214-31] The program may have out of bound access of array variable 'buf.val[2]' in function 'gradient_xy_calc'.
WARNING: [ANALYSIS 214-31] The program may have out of bound access of array variable 'buf.val[3]' in function 'gradient_xy_calc'.
WARNING: [ANALYSIS 214-31] The program may have out of bound access of array variable 'buf.val[4]' in function 'gradient_xy_calc'.
WARNING: [ANALYSIS 214-31] The program may have out of bound access of array variable 'buf.val[0]' in function 'gradient_xy_calc'.
WARNING: [ANALYSIS 214-31] The program may have out of bound access of array variable 'frame' in function 'gradient_xy_calc' (optical_flow.cpp:107:17).
WARNING: [ANALYSIS 214-31] The program may have out of bound access of array variable 'buf.val[0]' in function 'gradient_xy_calc'.
WARNING: [ANALYSIS 214-31] The program may have out of bound access of array variable 'buf.val[0]' in function 'gradient_xy_calc'.
INFO: [XFORM 203-721] Changing loop 'Loop_1_proc' (optical_flow.cpp:52) to a process function for dataflow in function 'optical_flow'.
INFO: [XFORM 203-721] Changing loop 'Loop_2_proc' (optical_flow.cpp:68) to a process function for dataflow in function 'optical_flow'.
INFO: [XFORM 203-721] Changing loop 'Loop_3_proc' (optical_flow.cpp:80) to a process function for dataflow in function 'optical_flow'.
ERROR: [XFORM 203-711] Internal stream 'gradient_x' failed dataflow checking: it must be produced and consumed exactly once.
                         Internal global variable 'gradient_x' has write operations in process function 'gradient_xy_calc' (optical_flow.cpp:91).
                         Internal global variable 'gradient_x' has read operations in process function 'gradient_weight_y' (optical_flow.cpp:202).
                         Internal global variable 'gradient_x' has read operations in process function 'Loop_2_proc' (optical_flow.cpp:68:29).
ERROR: [XFORM 203-711] Internal stream 'gradient_y' failed dataflow checking: it must be produced and consumed exactly once.
                         Internal global variable 'gradient_y' has write operations in process function 'gradient_xy_calc' (optical_flow.cpp:91).
                         Internal global variable 'gradient_y' has read operations in process function 'gradient_weight_y' (optical_flow.cpp:202).
                         Internal global variable 'gradient_y' has read operations in process function 'Loop_2_proc' (optical_flow.cpp:68:29).
ERROR: [XFORM 203-711] Internal stream 'gradient_z' failed dataflow checking: it must be produced and consumed exactly once.
                         Internal global variable 'gradient_z' has write operations in process function 'gradient_z_calc' (optical_flow.cpp:175).
                         Internal global variable 'gradient_z' has read operations in process function 'gradient_weight_y' (optical_flow.cpp:202).
                         Internal global variable 'gradient_z' has read operations in process function 'Loop_2_proc' (optical_flow.cpp:68:29).
ERROR: [XFORM 203-711] Internal stream 'tensor.val' failed dataflow checking: it must be produced and consumed exactly once.
                         Internal global variable 'tensor.val' has write operations in process function 'tensor_weight_x' (optical_flow.cpp:410).
                         Internal global variable 'tensor.val' has read operations in process function 'flow_calc' (optical_flow.cpp:455).
                         Internal global variable 'tensor.val' has read operations in process function 'Loop_3_proc' (optical_flow.cpp:80:28).
INFO: [HLS 200-100] Command         transform returned 1; 2.64 sec.
ERROR: [HLS 200-70] Pre-synthesis failed.
INFO: [HLS 200-100] Command       opt_and_import_c returned 2; 26.86 sec.
INFO: [HLS 200-100] Command     elaborate returned 2; 187.01 sec.
INFO: [HLS 200-100] Command   csynth_design returned 2; 187.01 sec.
INFO: [HLS 200-100] Command ap_source returned 1; 371.28 sec.
command 'ap_source' returned error code
    while executing
"source run.tcl"
    invoked from within
"hls::main run.tcl"
    ("uplevel" body line 1)
    invoked from within
"uplevel 1 hls::main {*}$args"
    (procedure "hls_proc" line 5)
    invoked from within
"hls_proc $argv"
INFO: [HLS 200-100] Execute cleanup_all 
INFO: [HLS 200-100] Command cleanup_all returned 0; 0.01 sec.
