This file contains any messages produced by compilers while
running configure, to aid debugging if configure makes a mistake.

It was created by daTuner configure 1.0, which was
generated by GNU Autoconf 2.69.  Invocation command line was

  $ ./configure 

## --------- ##
## Platform. ##
## --------- ##

hostname = ceca19
uname -m = x86_64
uname -r = 3.10.0-327.36.3.el7.x86_64
uname -s = Linux
uname -v = #1 SMP Mon Oct 24 16:09:20 UTC 2016

/usr/bin/uname -p = x86_64
/bin/uname -X     = unknown

/bin/arch              = x86_64
/usr/bin/arch -k       = unknown
/usr/convex/getsysinfo = unknown
/usr/bin/hostinfo      = unknown
/bin/machine           = unknown
/usr/bin/oslevel       = unknown
/bin/universe          = unknown

PATH: /home/xuchang/opt/mpich3.2/bin/
PATH: /opt/Xilinx/Vivado/2015.4/bin/
PATH: /usr/lib64/mpich/bin
PATH: /usr/local/IMOD/bin
PATH: /usr/local/bin
PATH: /usr/bin
PATH: /usr/local/sbin
PATH: /usr/sbin
PATH: /home/xuchang/nas/src/sqlite-amalgamation-3150000/
PATH: /home/xuchang/.local/bin
PATH: /home/xuchang/bin


## ----------- ##
## Core tests. ##
## ----------- ##

configure:2294: checking for a BSD-compatible install
configure:2362: result: /usr/bin/install -c
configure:2373: checking whether build environment is sane
configure:2428: result: yes
configure:2579: checking for a thread-safe mkdir -p
configure:2618: result: /usr/bin/mkdir -p
configure:2625: checking for gawk
configure:2641: found /usr/bin/gawk
configure:2652: result: gawk
configure:2663: checking whether make sets $(MAKE)
configure:2685: result: yes
configure:2714: checking whether make supports nested variables
configure:2731: result: yes
configure:2877: checking for g++
configure:2893: found /usr/bin/g++
configure:2904: result: g++
configure:2931: checking for C++ compiler version
configure:2940: g++ --version >&5
g++ (GCC) 4.8.5 20150623 (Red Hat 4.8.5-11)
Copyright (C) 2015 Free Software Foundation, Inc.
This is free software; see the source for copying conditions.  There is NO
warranty; not even for MERCHANTABILITY or FITNESS FOR A PARTICULAR PURPOSE.

configure:2951: $? = 0
configure:2940: g++ -v >&5
Using built-in specs.
COLLECT_GCC=g++
COLLECT_LTO_WRAPPER=/usr/libexec/gcc/x86_64-redhat-linux/4.8.5/lto-wrapper
Target: x86_64-redhat-linux
Configured with: ../configure --prefix=/usr --mandir=/usr/share/man --infodir=/usr/share/info --with-bugurl=http://bugzilla.redhat.com/bugzilla --enable-bootstrap --enable-shared --enable-threads=posix --enable-checking=release --with-system-zlib --enable-__cxa_atexit --disable-libunwind-exceptions --enable-gnu-unique-object --enable-linker-build-id --with-linker-hash-style=gnu --enable-languages=c,c++,objc,obj-c++,java,fortran,ada,go,lto --enable-plugin --enable-initfini-array --disable-libgcj --with-isl=/builddir/build/BUILD/gcc-4.8.5-20150702/obj-x86_64-redhat-linux/isl-install --with-cloog=/builddir/build/BUILD/gcc-4.8.5-20150702/obj-x86_64-redhat-linux/cloog-install --enable-gnu-indirect-function --with-tune=generic --with-arch_32=x86-64 --build=x86_64-redhat-linux
Thread model: posix
gcc version 4.8.5 20150623 (Red Hat 4.8.5-11) (GCC) 
configure:2951: $? = 0
configure:2940: g++ -V >&5
g++: error: unrecognized command line option '-V'
g++: fatal error: no input files
compilation terminated.
configure:2951: $? = 4
configure:2940: g++ -qversion >&5
g++: error: unrecognized command line option '-qversion'
g++: fatal error: no input files
compilation terminated.
configure:2951: $? = 4
configure:2971: checking whether the C++ compiler works
configure:2993: g++    conftest.cpp  >&5
configure:2997: $? = 0
configure:3045: result: yes
configure:3048: checking for C++ compiler default output file name
configure:3050: result: a.out
configure:3056: checking for suffix of executables
configure:3063: g++ -o conftest    conftest.cpp  >&5
configure:3067: $? = 0
configure:3089: result: 
configure:3111: checking whether we are cross compiling
configure:3119: g++ -o conftest    conftest.cpp  >&5
configure:3123: $? = 0
configure:3130: ./conftest
configure:3134: $? = 0
configure:3149: result: no
configure:3154: checking for suffix of object files
configure:3176: g++ -c   conftest.cpp >&5
configure:3180: $? = 0
configure:3201: result: o
configure:3205: checking whether we are using the GNU C++ compiler
configure:3224: g++ -c   conftest.cpp >&5
configure:3224: $? = 0
configure:3233: result: yes
configure:3242: checking whether g++ accepts -g
configure:3262: g++ -c -g  conftest.cpp >&5
configure:3262: $? = 0
configure:3303: result: yes
configure:3337: checking for style of include used by make
configure:3365: result: GNU
configure:3391: checking dependency style of g++
configure:3502: result: gcc3
configure:3565: checking for gcc
configure:3581: found /usr/bin/gcc
configure:3592: result: gcc
configure:3821: checking for C compiler version
configure:3830: gcc --version >&5
gcc (GCC) 4.8.5 20150623 (Red Hat 4.8.5-11)
Copyright (C) 2015 Free Software Foundation, Inc.
This is free software; see the source for copying conditions.  There is NO
warranty; not even for MERCHANTABILITY or FITNESS FOR A PARTICULAR PURPOSE.

configure:3841: $? = 0
configure:3830: gcc -v >&5
Using built-in specs.
COLLECT_GCC=gcc
COLLECT_LTO_WRAPPER=/usr/libexec/gcc/x86_64-redhat-linux/4.8.5/lto-wrapper
Target: x86_64-redhat-linux
Configured with: ../configure --prefix=/usr --mandir=/usr/share/man --infodir=/usr/share/info --with-bugurl=http://bugzilla.redhat.com/bugzilla --enable-bootstrap --enable-shared --enable-threads=posix --enable-checking=release --with-system-zlib --enable-__cxa_atexit --disable-libunwind-exceptions --enable-gnu-unique-object --enable-linker-build-id --with-linker-hash-style=gnu --enable-languages=c,c++,objc,obj-c++,java,fortran,ada,go,lto --enable-plugin --enable-initfini-array --disable-libgcj --with-isl=/builddir/build/BUILD/gcc-4.8.5-20150702/obj-x86_64-redhat-linux/isl-install --with-cloog=/builddir/build/BUILD/gcc-4.8.5-20150702/obj-x86_64-redhat-linux/cloog-install --enable-gnu-indirect-function --with-tune=generic --with-arch_32=x86-64 --build=x86_64-redhat-linux
Thread model: posix
gcc version 4.8.5 20150623 (Red Hat 4.8.5-11) (GCC) 
configure:3841: $? = 0
configure:3830: gcc -V >&5
gcc: error: unrecognized command line option '-V'
gcc: fatal error: no input files
compilation terminated.
configure:3841: $? = 4
configure:3830: gcc -qversion >&5
gcc: error: unrecognized command line option '-qversion'
gcc: fatal error: no input files
compilation terminated.
configure:3841: $? = 4
configure:3845: checking whether we are using the GNU C compiler
configure:3864: gcc -c   conftest.c >&5
configure:3864: $? = 0
configure:3873: result: yes
configure:3882: checking whether gcc accepts -g
configure:3902: gcc -c -g  conftest.c >&5
configure:3902: $? = 0
configure:3943: result: yes
configure:3960: checking for gcc option to accept ISO C89
configure:4023: gcc  -c -g -O2  conftest.c >&5
configure:4023: $? = 0
configure:4036: result: none needed
configure:4058: checking dependency style of gcc
configure:4169: result: gcc3
configure:4229: checking for ranlib
configure:4245: found /usr/bin/ranlib
configure:4256: result: ranlib
configure:4285: checking how to run the C preprocessor
configure:4316: gcc -E  conftest.c
configure:4316: $? = 0
configure:4330: gcc -E  conftest.c
conftest.c:11:28: fatal error: ac_nonexistent.h: No such file or directory
 #include <ac_nonexistent.h>
                            ^
compilation terminated.
configure:4330: $? = 1
configure: failed program was:
| /* confdefs.h */
| #define PACKAGE_NAME "daTuner"
| #define PACKAGE_TARNAME "datuner"
| #define PACKAGE_VERSION "1.0"
| #define PACKAGE_STRING "daTuner 1.0"
| #define PACKAGE_BUGREPORT "xuchang.xjtu@gmail.com"
| #define PACKAGE_URL ""
| #define PACKAGE "daTuner"
| #define VERSION "1.0"
| /* end confdefs.h.  */
| #include <ac_nonexistent.h>
configure:4355: result: gcc -E
configure:4375: gcc -E  conftest.c
configure:4375: $? = 0
configure:4389: gcc -E  conftest.c
conftest.c:11:28: fatal error: ac_nonexistent.h: No such file or directory
 #include <ac_nonexistent.h>
                            ^
compilation terminated.
configure:4389: $? = 1
configure: failed program was:
| /* confdefs.h */
| #define PACKAGE_NAME "daTuner"
| #define PACKAGE_TARNAME "datuner"
| #define PACKAGE_VERSION "1.0"
| #define PACKAGE_STRING "daTuner 1.0"
| #define PACKAGE_BUGREPORT "xuchang.xjtu@gmail.com"
| #define PACKAGE_URL ""
| #define PACKAGE "daTuner"
| #define VERSION "1.0"
| /* end confdefs.h.  */
| #include <ac_nonexistent.h>
configure:4418: checking for grep that handles long lines and -e
configure:4476: result: /usr/bin/grep
configure:4481: checking for egrep
configure:4543: result: /usr/bin/grep -E
configure:4548: checking for ANSI C header files
configure:4568: gcc -c -g -O2  conftest.c >&5
configure:4568: $? = 0
configure:4641: gcc -o conftest -g -O2   conftest.c  >&5
configure:4641: $? = 0
configure:4641: ./conftest
configure:4641: $? = 0
configure:4652: result: yes
configure:4665: checking for sys/types.h
configure:4665: gcc -c -g -O2  conftest.c >&5
configure:4665: $? = 0
configure:4665: result: yes
configure:4665: checking for sys/stat.h
configure:4665: gcc -c -g -O2  conftest.c >&5
configure:4665: $? = 0
configure:4665: result: yes
configure:4665: checking for stdlib.h
configure:4665: gcc -c -g -O2  conftest.c >&5
configure:4665: $? = 0
configure:4665: result: yes
configure:4665: checking for string.h
configure:4665: gcc -c -g -O2  conftest.c >&5
configure:4665: $? = 0
configure:4665: result: yes
configure:4665: checking for memory.h
configure:4665: gcc -c -g -O2  conftest.c >&5
configure:4665: $? = 0
configure:4665: result: yes
configure:4665: checking for strings.h
configure:4665: gcc -c -g -O2  conftest.c >&5
configure:4665: $? = 0
configure:4665: result: yes
configure:4665: checking for inttypes.h
configure:4665: gcc -c -g -O2  conftest.c >&5
configure:4665: $? = 0
configure:4665: result: yes
configure:4665: checking for stdint.h
configure:4665: gcc -c -g -O2  conftest.c >&5
configure:4665: $? = 0
configure:4665: result: yes
configure:4665: checking for unistd.h
configure:4665: gcc -c -g -O2  conftest.c >&5
configure:4665: $? = 0
configure:4665: result: yes
configure:4679: checking for unistd.h
configure:4679: result: yes
configure:4691: checking for stdbool.h that conforms to C99
configure:4758: gcc -c -g -O2  conftest.c >&5
configure:4758: $? = 0
configure:4765: result: yes
configure:4767: checking for _Bool
configure:4767: gcc -c -g -O2  conftest.c >&5
configure:4767: $? = 0
configure:4767: gcc -c -g -O2  conftest.c >&5
conftest.c: In function 'main':
conftest.c:58:20: error: expected expression before ')' token
 if (sizeof ((_Bool)))
                    ^
configure:4767: $? = 1
configure: failed program was:
| /* confdefs.h */
| #define PACKAGE_NAME "daTuner"
| #define PACKAGE_TARNAME "datuner"
| #define PACKAGE_VERSION "1.0"
| #define PACKAGE_STRING "daTuner 1.0"
| #define PACKAGE_BUGREPORT "xuchang.xjtu@gmail.com"
| #define PACKAGE_URL ""
| #define PACKAGE "daTuner"
| #define VERSION "1.0"
| #define STDC_HEADERS 1
| #define HAVE_SYS_TYPES_H 1
| #define HAVE_SYS_STAT_H 1
| #define HAVE_STDLIB_H 1
| #define HAVE_STRING_H 1
| #define HAVE_MEMORY_H 1
| #define HAVE_STRINGS_H 1
| #define HAVE_INTTYPES_H 1
| #define HAVE_STDINT_H 1
| #define HAVE_UNISTD_H 1
| #define HAVE_UNISTD_H 1
| /* end confdefs.h.  */
| #include <stdio.h>
| #ifdef HAVE_SYS_TYPES_H
| # include <sys/types.h>
| #endif
| #ifdef HAVE_SYS_STAT_H
| # include <sys/stat.h>
| #endif
| #ifdef STDC_HEADERS
| # include <stdlib.h>
| # include <stddef.h>
| #else
| # ifdef HAVE_STDLIB_H
| #  include <stdlib.h>
| # endif
| #endif
| #ifdef HAVE_STRING_H
| # if !defined STDC_HEADERS && defined HAVE_MEMORY_H
| #  include <memory.h>
| # endif
| # include <string.h>
| #endif
| #ifdef HAVE_STRINGS_H
| # include <strings.h>
| #endif
| #ifdef HAVE_INTTYPES_H
| # include <inttypes.h>
| #endif
| #ifdef HAVE_STDINT_H
| # include <stdint.h>
| #endif
| #ifdef HAVE_UNISTD_H
| # include <unistd.h>
| #endif
| int
| main ()
| {
| if (sizeof ((_Bool)))
| 	    return 0;
|   ;
|   return 0;
| }
configure:4767: result: yes
configure:4783: checking for floor
configure:4783: gcc -o conftest -g -O2   conftest.c  >&5
conftest.c:46:6: warning: conflicting types for built-in function 'floor' [enabled by default]
 char floor ();
      ^
/tmp/ccDbtRWK.o: In function `main':
/home/xuchang/nas/project/daTuner/release/conftest.c:57: undefined reference to `floor'
collect2: error: ld returned 1 exit status
configure:4783: $? = 1
configure: failed program was:
| /* confdefs.h */
| #define PACKAGE_NAME "daTuner"
| #define PACKAGE_TARNAME "datuner"
| #define PACKAGE_VERSION "1.0"
| #define PACKAGE_STRING "daTuner 1.0"
| #define PACKAGE_BUGREPORT "xuchang.xjtu@gmail.com"
| #define PACKAGE_URL ""
| #define PACKAGE "daTuner"
| #define VERSION "1.0"
| #define STDC_HEADERS 1
| #define HAVE_SYS_TYPES_H 1
| #define HAVE_SYS_STAT_H 1
| #define HAVE_STDLIB_H 1
| #define HAVE_STRING_H 1
| #define HAVE_MEMORY_H 1
| #define HAVE_STRINGS_H 1
| #define HAVE_INTTYPES_H 1
| #define HAVE_STDINT_H 1
| #define HAVE_UNISTD_H 1
| #define HAVE_UNISTD_H 1
| #define HAVE__BOOL 1
| /* end confdefs.h.  */
| /* Define floor to an innocuous variant, in case <limits.h> declares floor.
|    For example, HP-UX 11i <limits.h> declares gettimeofday.  */
| #define floor innocuous_floor
| 
| /* System header to define __stub macros and hopefully few prototypes,
|     which can conflict with char floor (); below.
|     Prefer <limits.h> to <assert.h> if __STDC__ is defined, since
|     <limits.h> exists even on freestanding compilers.  */
| 
| #ifdef __STDC__
| # include <limits.h>
| #else
| # include <assert.h>
| #endif
| 
| #undef floor
| 
| /* Override any GCC internal prototype to avoid an error.
|    Use char because int might match the return type of a GCC
|    builtin and then its argument prototype would still apply.  */
| #ifdef __cplusplus
| extern "C"
| #endif
| char floor ();
| /* The GNU C library defines this for functions which it implements
|     to always fail with ENOSYS.  Some functions are actually named
|     something starting with __ and the normal name is an alias.  */
| #if defined __stub_floor || defined __stub___floor
| choke me
| #endif
| 
| int
| main ()
| {
| return floor ();
|   ;
|   return 0;
| }
configure:4783: result: no
configure:4783: checking for sqrt
configure:4783: gcc -o conftest -g -O2   conftest.c  >&5
conftest.c:46:6: warning: conflicting types for built-in function 'sqrt' [enabled by default]
 char sqrt ();
      ^
/tmp/cczVTNeU.o: In function `main':
/home/xuchang/nas/project/daTuner/release/conftest.c:57: undefined reference to `sqrt'
collect2: error: ld returned 1 exit status
configure:4783: $? = 1
configure: failed program was:
| /* confdefs.h */
| #define PACKAGE_NAME "daTuner"
| #define PACKAGE_TARNAME "datuner"
| #define PACKAGE_VERSION "1.0"
| #define PACKAGE_STRING "daTuner 1.0"
| #define PACKAGE_BUGREPORT "xuchang.xjtu@gmail.com"
| #define PACKAGE_URL ""
| #define PACKAGE "daTuner"
| #define VERSION "1.0"
| #define STDC_HEADERS 1
| #define HAVE_SYS_TYPES_H 1
| #define HAVE_SYS_STAT_H 1
| #define HAVE_STDLIB_H 1
| #define HAVE_STRING_H 1
| #define HAVE_MEMORY_H 1
| #define HAVE_STRINGS_H 1
| #define HAVE_INTTYPES_H 1
| #define HAVE_STDINT_H 1
| #define HAVE_UNISTD_H 1
| #define HAVE_UNISTD_H 1
| #define HAVE__BOOL 1
| /* end confdefs.h.  */
| /* Define sqrt to an innocuous variant, in case <limits.h> declares sqrt.
|    For example, HP-UX 11i <limits.h> declares gettimeofday.  */
| #define sqrt innocuous_sqrt
| 
| /* System header to define __stub macros and hopefully few prototypes,
|     which can conflict with char sqrt (); below.
|     Prefer <limits.h> to <assert.h> if __STDC__ is defined, since
|     <limits.h> exists even on freestanding compilers.  */
| 
| #ifdef __STDC__
| # include <limits.h>
| #else
| # include <assert.h>
| #endif
| 
| #undef sqrt
| 
| /* Override any GCC internal prototype to avoid an error.
|    Use char because int might match the return type of a GCC
|    builtin and then its argument prototype would still apply.  */
| #ifdef __cplusplus
| extern "C"
| #endif
| char sqrt ();
| /* The GNU C library defines this for functions which it implements
|     to always fail with ENOSYS.  Some functions are actually named
|     something starting with __ and the normal name is an alias.  */
| #if defined __stub_sqrt || defined __stub___sqrt
| choke me
| #endif
| 
| int
| main ()
| {
| return sqrt ();
|   ;
|   return 0;
| }
configure:4783: result: no
configure:4941: checking that generated files are newer than configure
configure:4947: result: done
configure:4974: creating ./config.status

## ---------------------- ##
## Running config.status. ##
## ---------------------- ##

This file was extended by daTuner config.status 1.0, which was
generated by GNU Autoconf 2.69.  Invocation command line was

  CONFIG_FILES    = 
  CONFIG_HEADERS  = 
  CONFIG_LINKS    = 
  CONFIG_COMMANDS = 
  $ ./config.status 

on ceca19

config.status:784: creating Makefile
config.status:784: creating src/Makefile
config.status:956: executing depfiles commands

## ---------------- ##
## Cache variables. ##
## ---------------- ##

ac_cv_c_compiler_gnu=yes
ac_cv_cxx_compiler_gnu=yes
ac_cv_env_CCC_set=
ac_cv_env_CCC_value=
ac_cv_env_CC_set=
ac_cv_env_CC_value=
ac_cv_env_CFLAGS_set=
ac_cv_env_CFLAGS_value=
ac_cv_env_CPPFLAGS_set=
ac_cv_env_CPPFLAGS_value=
ac_cv_env_CPP_set=
ac_cv_env_CPP_value=
ac_cv_env_CXXFLAGS_set=
ac_cv_env_CXXFLAGS_value=
ac_cv_env_CXX_set=
ac_cv_env_CXX_value=
ac_cv_env_LDFLAGS_set=
ac_cv_env_LDFLAGS_value=
ac_cv_env_LIBS_set=
ac_cv_env_LIBS_value=
ac_cv_env_build_alias_set=
ac_cv_env_build_alias_value=
ac_cv_env_host_alias_set=
ac_cv_env_host_alias_value=
ac_cv_env_target_alias_set=
ac_cv_env_target_alias_value=
ac_cv_func_floor=no
ac_cv_func_sqrt=no
ac_cv_header_inttypes_h=yes
ac_cv_header_memory_h=yes
ac_cv_header_stdbool_h=yes
ac_cv_header_stdc=yes
ac_cv_header_stdint_h=yes
ac_cv_header_stdlib_h=yes
ac_cv_header_string_h=yes
ac_cv_header_strings_h=yes
ac_cv_header_sys_stat_h=yes
ac_cv_header_sys_types_h=yes
ac_cv_header_unistd_h=yes
ac_cv_objext=o
ac_cv_path_EGREP='/usr/bin/grep -E'
ac_cv_path_GREP=/usr/bin/grep
ac_cv_path_install='/usr/bin/install -c'
ac_cv_path_mkdir=/usr/bin/mkdir
ac_cv_prog_AWK=gawk
ac_cv_prog_CPP='gcc -E'
ac_cv_prog_ac_ct_CC=gcc
ac_cv_prog_ac_ct_CXX=g++
ac_cv_prog_ac_ct_RANLIB=ranlib
ac_cv_prog_cc_c89=
ac_cv_prog_cc_g=yes
ac_cv_prog_cxx_g=yes
ac_cv_prog_make_make_set=yes
ac_cv_type__Bool=yes
am_cv_CC_dependencies_compiler_type=gcc3
am_cv_CXX_dependencies_compiler_type=gcc3
am_cv_make_support_nested_variables=yes

## ----------------- ##
## Output variables. ##
## ----------------- ##

ACLOCAL='${SHELL} /home/xuchang/nas/project/daTuner/release/missing aclocal-1.13'
AMDEPBACKSLASH='\'
AMDEP_FALSE='#'
AMDEP_TRUE=''
AMTAR='$${TAR-tar}'
AM_BACKSLASH='\'
AM_DEFAULT_V='$(AM_DEFAULT_VERBOSITY)'
AM_DEFAULT_VERBOSITY='1'
AM_V='$(V)'
AUTOCONF='${SHELL} /home/xuchang/nas/project/daTuner/release/missing autoconf'
AUTOHEADER='${SHELL} /home/xuchang/nas/project/daTuner/release/missing autoheader'
AUTOMAKE='${SHELL} /home/xuchang/nas/project/daTuner/release/missing automake-1.13'
AWK='gawk'
CC='gcc'
CCDEPMODE='depmode=gcc3'
CFLAGS='-g -O2'
CPP='gcc -E'
CPPFLAGS=''
CXX='g++'
CXXDEPMODE='depmode=gcc3'
CXXFLAGS='-g -O2'
CYGPATH_W='echo'
DEFS='-DPACKAGE_NAME=\"daTuner\" -DPACKAGE_TARNAME=\"datuner\" -DPACKAGE_VERSION=\"1.0\" -DPACKAGE_STRING=\"daTuner\ 1.0\" -DPACKAGE_BUGREPORT=\"xuchang.xjtu@gmail.com\" -DPACKAGE_URL=\"\" -DPACKAGE=\"daTuner\" -DVERSION=\"1.0\" -DSTDC_HEADERS=1 -DHAVE_SYS_TYPES_H=1 -DHAVE_SYS_STAT_H=1 -DHAVE_STDLIB_H=1 -DHAVE_STRING_H=1 -DHAVE_MEMORY_H=1 -DHAVE_STRINGS_H=1 -DHAVE_INTTYPES_H=1 -DHAVE_STDINT_H=1 -DHAVE_UNISTD_H=1 -DHAVE_UNISTD_H=1 -DHAVE__BOOL=1'
DEPDIR='.deps'
ECHO_C=''
ECHO_N='-n'
ECHO_T=''
EGREP='/usr/bin/grep -E'
EXEEXT=''
GREP='/usr/bin/grep'
INSTALL_DATA='${INSTALL} -m 644'
INSTALL_PROGRAM='${INSTALL}'
INSTALL_SCRIPT='${INSTALL}'
INSTALL_STRIP_PROGRAM='$(install_sh) -c -s'
LDFLAGS=''
LIBOBJS=''
LIBS=''
LTLIBOBJS=''
MAKEINFO='${SHELL} /home/xuchang/nas/project/daTuner/release/missing makeinfo'
MKDIR_P='/usr/bin/mkdir -p'
OBJEXT='o'
PACKAGE='daTuner'
PACKAGE_BUGREPORT='xuchang.xjtu@gmail.com'
PACKAGE_NAME='daTuner'
PACKAGE_STRING='daTuner 1.0'
PACKAGE_TARNAME='datuner'
PACKAGE_URL=''
PACKAGE_VERSION='1.0'
PATH_SEPARATOR=':'
RANLIB='ranlib'
SET_MAKE=''
SHELL='/bin/sh'
STRIP=''
VERSION='1.0'
ac_ct_CC='gcc'
ac_ct_CXX='g++'
am__EXEEXT_FALSE=''
am__EXEEXT_TRUE='#'
am__fastdepCC_FALSE='#'
am__fastdepCC_TRUE=''
am__fastdepCXX_FALSE='#'
am__fastdepCXX_TRUE=''
am__include='include'
am__isrc=''
am__leading_dot='.'
am__nodep='_no'
am__quote=''
am__tar='$${TAR-tar} chof - "$$tardir"'
am__untar='$${TAR-tar} xf -'
bindir='${exec_prefix}/bin'
build_alias=''
datadir='${datarootdir}'
datarootdir='${prefix}/share'
docdir='${datarootdir}/doc/${PACKAGE_TARNAME}'
dvidir='${docdir}'
exec_prefix='${prefix}'
host_alias=''
htmldir='${docdir}'
includedir='${prefix}/include'
infodir='${datarootdir}/info'
install_sh='${SHELL} /home/xuchang/nas/project/daTuner/release/install-sh'
libdir='${exec_prefix}/lib'
libexecdir='${exec_prefix}/libexec'
localedir='${datarootdir}/locale'
localstatedir='${prefix}/var'
mandir='${datarootdir}/man'
mkdir_p='$(MKDIR_P)'
oldincludedir='/usr/include'
pdfdir='${docdir}'
prefix='/usr/local'
program_transform_name='s,x,x,'
psdir='${docdir}'
sbindir='${exec_prefix}/sbin'
sharedstatedir='${prefix}/com'
sysconfdir='${prefix}/etc'
target_alias=''

## ----------- ##
## confdefs.h. ##
## ----------- ##

/* confdefs.h */
#define PACKAGE_NAME "daTuner"
#define PACKAGE_TARNAME "datuner"
#define PACKAGE_VERSION "1.0"
#define PACKAGE_STRING "daTuner 1.0"
#define PACKAGE_BUGREPORT "xuchang.xjtu@gmail.com"
#define PACKAGE_URL ""
#define PACKAGE "daTuner"
#define VERSION "1.0"
#define STDC_HEADERS 1
#define HAVE_SYS_TYPES_H 1
#define HAVE_SYS_STAT_H 1
#define HAVE_STDLIB_H 1
#define HAVE_STRING_H 1
#define HAVE_MEMORY_H 1
#define HAVE_STRINGS_H 1
#define HAVE_INTTYPES_H 1
#define HAVE_STDINT_H 1
#define HAVE_UNISTD_H 1
#define HAVE_UNISTD_H 1
#define HAVE__BOOL 1

configure: exit 0
