
/work/zhang/users/chang/project/daTuner/apps/vtr_release/vtr_flow/../vpr/vpr k6_frac_N10_mem32K_40nm.xml diffeq1 --blif_file diffeq1.pre-vpr.blif --timing_analysis on --timing_driven_clustering on --cluster_seed_type timing --sdc_file  --alpha_clustering 0.269255293804 --beta_clustering 0.169766027811 --allow_unrelated_clustering on --connection_driven_clustering off --alpha_t 0.619484888729 --seed 1 --inner_num 1 --timing_tradeoff 0.380204751461 --inner_loop_recompute_divider 1 --td_place_exp_first 0 --td_place_exp_last 5 --max_router_iterations 80 --initial_pres_fac 11.1151927771 --pres_fac_mult 1.98328288192 --acc_fac 1.64788959415 --bb_factor 3 --base_cost_type delay_normalized --astar_fac 1.61815454752 --max_criticality 0.839076956751 --criticality_exp 0.938491096409 --nodisp

VPR FPGA Placement and Routing.
Version: Version 7.0
Compiled: Apr  4 2016.
University of Toronto
vpr@eecg.utoronto.ca
This is free open source code under MIT license.

Architecture file: k6_frac_N10_mem32K_40nm.xml
Circuit name: diffeq1.blif

Building complex block graph.
WARNING(1): io[0].clock[0] unconnected pin in architecture.
Loop for doall = 0, init_parse took 0 seconds.
Loop for doall = 0 took 0.02 seconds.
Loop for doall = 1, init_parse took 0.02 seconds.
Loop for doall = 1 took 0.01 seconds.
Swept away 196 nets with no fanout.
Net is a constant generator: vcc.
WARNING(2): logical_block #456 with output vcc has only 0 pin.
WARNING(3): Block contains output -- may be a constant generator.
0 unconnected blocks in input netlist.
Removed 96 LUT buffers.
Sweeped away 96 nodes.
BLIF circuit stats:
	1 LUTs of size 0
	0 LUTs of size 1
	64 LUTs of size 2
	131 LUTs of size 3
	40 LUTs of size 4
	59 LUTs of size 5
	190 LUTs of size 6
	162 of type input
	96 of type output
	193 of type latch
	485 of type names
	0 of type dual_port_ram
	0 of type single_port_ram
	5 of type multiply
Timing analysis: ON
Circuit netlist file: diffeq1.net
Circuit placement file: diffeq1.place
Circuit routing file: diffeq1.route
Circuit SDC file: 
Operation: RUN_FLOW

Packer: ENABLED
Placer: ENABLED
Router: ENABLED
PackerOpts.allow_early_exit: FALSE
PackerOpts.allow_unrelated_clustering: TRUE
PackerOpts.alpha_clustering: 0.269255
PackerOpts.aspect: 1.000000
PackerOpts.beta_clustering: 0.169766
PackerOpts.block_delay: 0.000000
PackerOpts.cluster_seed_type: TIMING
PackerOpts.connection_driven: FALSE
PackerOpts.global_clocks: TRUE
PackerOpts.hill_climbing_flag: FALSE
PackerOpts.inter_cluster_net_delay: 1.000000
PackerOpts.intra_cluster_net_delay: 0.000000
PackerOpts.recompute_timing_after: 32767
PackerOpts.sweep_hanging_nets_and_inputs: TRUE
PackerOpts.timing_driven: TRUE

PlacerOpts.place_freq: PLACE_ONCE
PlacerOpts.place_algorithm: PATH_TIMING_DRIVEN_PLACE
PlacerOpts.pad_loc_type: FREE
PlacerOpts.place_cost_exp: 1.000000
PlacerOpts.inner_loop_recompute_divider: 1
PlacerOpts.recompute_crit_iter: 1
PlacerOpts.timing_tradeoff: 0.380205
PlacerOpts.td_place_exp_first: 0.000000
PlacerOpts.td_place_exp_last: 5.000000
PlaceOpts.seed: 1
AnnealSched.type: USER_SCHED
AnnealSched.inner_num: 1.000000
AnnealSched.init_t: 100.000000
AnnealSched.alpha_t: 0.619485
AnnealSched.exit_t: 0.010000

RouterOpts.route_type: DETAILED
RouterOpts.router_algorithm: TIMING_DRIVEN
RouterOpts.base_cost_type: DELAY_NORMALIZED
RouterOpts.fixed_channel_width: NO_FIXED_CHANNEL_WIDTH
RouterOpts.acc_fac: 1.647890
RouterOpts.bb_factor: 3
RouterOpts.bend_cost: 0.000000
RouterOpts.first_iter_pres_fac: 0.500000
RouterOpts.initial_pres_fac: 11.115192
RouterOpts.pres_fac_mult: 1.983283
RouterOpts.max_router_iterations: 80
RouterOpts.astar_fac: 1.618155
RouterOpts.criticality_exp: 0.938491
RouterOpts.max_criticality: 0.839077

RoutingArch.directionality: UNI_DIRECTIONAL
RoutingArch.switch_block_type: WILTON
RoutingArch.Fs: 3

Initialize packing.
Begin packing 'diffeq1.pre-vpr.blif'.

After removing unused inputs...
	total blocks: 941, total nets: 1004, total inputs: 162, total outputs: 96
Begin prepacking.
Finish prepacking.
Using inter-cluster delay: 1.33777e-09

SDC file '' blank or not found.

Defaulting to: constrain all 0 inputs and 0 outputs on the netlist clock.
Optimize this clock to run as fast as possible.
Not enough resources expand FPGA size to x = 2 y = 2.
Complex block 0: cb.n1416, type: clb
	.................
Passed route at end.
Complex block 1: cb.n1718, type: clb
	...........................
Passed route at end.
Not enough resources expand FPGA size to x = 3 y = 3.
Complex block 2: cb.n1719, type: clb
	........................................
Passed route at end.
Complex block 3: cb.n1688, type: clb
	................
Passed route at end.
Complex block 4: cb.n1689, type: clb
	....................................................
Passed route at end.
Complex block 5: cb.n1660, type: clb
	..................................................
Passed route at end.
Not enough resources expand FPGA size to x = 4 y = 4.
Complex block 6: cb.n1621_1, type: clb
	...........................................................
Passed route at end.
Complex block 7: cb.n1602_1, type: clb
	................................
Passed route at end.
Complex block 8: cb.n1650, type: clb
	...........................................
Passed route at end.
Complex block 9: cb.n1592_1, type: clb
	..........................................
Passed route at end.
Complex block 10: cb.n1581_1, type: clb
	................................................
Passed route at end.
Complex block 11: cb.n1706_1, type: clb
	........................................
Passed route at end.
Not enough resources expand FPGA size to x = 5 y = 5.
Complex block 12: cb.n1640, type: clb
	........................................
Passed route at end.
Complex block 13: cb.n1567_1, type: clb
	.............................................
Passed route at end.
Not enough resources expand FPGA size to x = 6 y = 6.
Complex block 14: cb.top^MULTIPLY~0[0], type: mult_36
	
Passed route at end.
Not enough resources expand FPGA size to x = 7 y = 7.
Not enough resources expand FPGA size to x = 8 y = 8.
Complex block 15: cb.top^MULTIPLY~43[0], type: mult_36
	
Passed route at end.
Not enough resources expand FPGA size to x = 9 y = 9.
Not enough resources expand FPGA size to x = 10 y = 10.
Not enough resources expand FPGA size to x = 11 y = 11.
Not enough resources expand FPGA size to x = 12 y = 12.
Complex block 16: cb.top^MULTIPLY~42[0], type: mult_36
	
Passed route at end.
Complex block 17: cb.n1605, type: clb
	...........................................
Passed route at end.
Complex block 18: cb.top^DXport~5, type: io
	
Passed route at end.
Complex block 19: cb.top^DXport~7, type: io
	
Passed route at end.
Complex block 20: cb.top^DXport~24, type: io
	
Passed route at end.
Complex block 21: cb.top^DXport~29, type: io
	
Passed route at end.
Complex block 22: cb.top^DXport~21, type: io
	
Passed route at end.
Complex block 23: cb.top^DXport~27, type: io
	
Passed route at end.
Complex block 24: cb.top^DXport~3, type: io
	
Passed route at end.
Complex block 25: cb.top^DXport~18, type: io
	
Passed route at end.
Complex block 26: cb.top^DXport~28, type: io
	
Passed route at end.
Complex block 27: cb.top^DXport~31, type: io
	
Passed route at end.
Complex block 28: cb.top^DXport~20, type: io
	
Passed route at end.
Complex block 29: cb.top^DXport~30, type: io
	
Passed route at end.
Complex block 30: cb.top^DXport~26, type: io
	
Passed route at end.
Complex block 31: cb.top^DXport~1, type: io
	
Passed route at end.
Complex block 32: cb.top^DXport~22, type: io
	
Passed route at end.
Complex block 33: cb.top^DXport~19, type: io
	
Passed route at end.
Complex block 34: cb.top^DXport~25, type: io
	
Passed route at end.
Complex block 35: cb.top^DXport~16, type: io
	
Passed route at end.
Complex block 36: cb.top^DXport~15, type: io
	
Passed route at end.
Complex block 37: cb.top^DXport~13, type: io
	
Passed route at end.
Complex block 38: cb.top^DXport~14, type: io
	
Passed route at end.
Complex block 39: cb.top^DXport~12, type: io
	
Passed route at end.
Complex block 40: cb.top^DXport~9, type: io
	
Passed route at end.
Complex block 41: cb.top^DXport~4, type: io
	
Passed route at end.
Complex block 42: cb.top^DXport~10, type: io
	
Passed route at end.
Complex block 43: cb.top^DXport~8, type: io
	
Passed route at end.
Complex block 44: cb.top^DXport~11, type: io
	
Passed route at end.
Complex block 45: cb.top^DXport~6, type: io
	
Passed route at end.
Complex block 46: cb.top^DXport~2, type: io
	
Passed route at end.
Complex block 47: cb.top^DXport~17, type: io
	
Passed route at end.
Complex block 48: cb.top^DXport~23, type: io
	
Passed route at end.
Complex block 49: cb.top^DXport~0, type: io
	
Passed route at end.
Complex block 50: cb.n1638, type: clb
	...............
Passed route at end.
Not enough resources expand FPGA size to x = 13 y = 13.
Not enough resources expand FPGA size to x = 14 y = 14.
Complex block 51: cb.top^MULTIPLY~46[0], type: mult_36
	
Passed route at end.
Complex block 52: cb.top^MULTIPLY~45[0], type: mult_36
	
Passed route at end.
Complex block 53: cb.n1611, type: clb
	........................................
Passed route at end.
Complex block 54: cb.n1621, type: clb
	.........................................
Passed route at end.
Complex block 55: cb.n1716, type: clb
	.......................................
Passed route at end.
Complex block 56: cb.n1691, type: clb
	.........................................
Passed route at end.
Complex block 57: cb.n1681, type: clb
	.............................................
Passed route at end.
Complex block 58: cb.n1586, type: clb
	...................................
Passed route at end.
Complex block 59: cb.n1741, type: clb
	.................................
Passed route at end.
Complex block 60: cb.n1496, type: clb
	.................................
Passed route at end.
Complex block 61: cb.n1426, type: clb
	..............................
Passed route at end.
Complex block 62: cb.n1511, type: clb
	..............................
Passed route at end.
Complex block 63: cb.n1456, type: clb
	.........................
Passed route at end.
Complex block 64: cb.n1501, type: clb
	.....................
Passed route at end.
Complex block 65: cb.n1581, type: clb
	......................
Passed route at end.
Complex block 66: cb.n1506, type: clb
	..............
Passed route at end.
Complex block 67: cb.n1798, type: clb
	...........................................
Passed route at end.
Complex block 68: cb.n1430, type: clb
	........................................
Passed route at end.
Complex block 69: cb.n1748, type: clb
	............................................
Passed route at end.
Complex block 70: cb.n1261, type: clb
	...................
Passed route at end.
Complex block 71: cb.n1256, type: clb
	....................................
Passed route at end.
Complex block 72: cb.n921, type: clb
	...................
Passed route at end.
Complex block 73: cb.top^Aport~29, type: io
	
Passed route at end.
Complex block 74: cb.top^Aport~28, type: io
	
Passed route at end.
Complex block 75: cb.top^Aport~31, type: io
	
Passed route at end.
Complex block 76: cb.top^Aport~30, type: io
	
Passed route at end.
Complex block 77: cb.top^Aport~26, type: io
	
Passed route at end.
Complex block 78: cb.top^Aport~25, type: io
	
Passed route at end.
Complex block 79: cb.top^Aport~27, type: io
	
Passed route at end.
Complex block 80: cb.top^Aport~23, type: io
	
Passed route at end.
Complex block 81: cb.top^Aport~22, type: io
	
Passed route at end.
Complex block 82: cb.top^Aport~24, type: io
	
Passed route at end.
Complex block 83: cb.n1723, type: clb
	.
Passed route at end.
Complex block 84: cb.top^Aport~21, type: io
	
Passed route at end.
Complex block 85: cb.top^Aport~20, type: io
	
Passed route at end.
Complex block 86: cb.top^Aport~19, type: io
	
Passed route at end.
Complex block 87: cb.top^Aport~18, type: io
	
Passed route at end.
Complex block 88: cb.top^Aport~2, type: io
	
Passed route at end.
Complex block 89: cb.top^Aport~1, type: io
	
Passed route at end.
Complex block 90: cb.top^Aport~0, type: io
	
Passed route at end.
Complex block 91: cb.top^Aport~17, type: io
	
Passed route at end.
Complex block 92: cb.top^Aport~16, type: io
	
Passed route at end.
Complex block 93: cb.top^Aport~4, type: io
	
Passed route at end.
Complex block 94: cb.top^Aport~3, type: io
	
Passed route at end.
Complex block 95: cb.top^Aport~15, type: io
	
Passed route at end.
Complex block 96: cb.top^Aport~14, type: io
	
Passed route at end.
Complex block 97: cb.top^Aport~9, type: io
	
Passed route at end.
Complex block 98: cb.top^Aport~8, type: io
	
Passed route at end.
Complex block 99: cb.top^Aport~6, type: io
	
Passed route at end.
Complex block 100: cb.top^Aport~5, type: io
	
Passed route at end.
Complex block 101: cb.top^Aport~13, type: io
	
Passed route at end.
Complex block 102: cb.top^Aport~12, type: io
	
Passed route at end.
Complex block 103: cb.top^Aport~11, type: io
	
Passed route at end.
Complex block 104: cb.top^Aport~10, type: io
	
Passed route at end.
Complex block 105: cb.top^Aport~7, type: io
	
Passed route at end.
Complex block 106: cb.top^Yinport~30, type: io
	
Passed route at end.
Complex block 107: cb.top^Yinport~29, type: io
	
Passed route at end.
Complex block 108: cb.top^Xinport~14, type: io
	
Passed route at end.
Complex block 109: cb.top^Xinport~29, type: io
	
Passed route at end.
Complex block 110: cb.top^Yinport~27, type: io
	
Passed route at end.
Complex block 111: cb.top^Yinport~25, type: io
	
Passed route at end.
Complex block 112: cb.top^Xinport~27, type: io
	
Passed route at end.
Complex block 113: cb.top^Yinport~22, type: io
	
Passed route at end.
Complex block 114: cb.top^Yinport~21, type: io
	
Passed route at end.
Complex block 115: cb.top^Xinport~12, type: io
	
Passed route at end.
Complex block 116: cb.top^Xinport~25, type: io
	
Passed route at end.
Complex block 117: cb.top^Yinport~17, type: io
	
Passed route at end.
Complex block 118: cb.top^Yinport~16, type: io
	
Passed route at end.
Complex block 119: cb.top^Xinport~11, type: io
	
Passed route at end.
Complex block 120: cb.top^Yinport~14, type: io
	
Passed route at end.
Complex block 121: cb.top^Uinport~28, type: io
	
Passed route at end.
Complex block 122: cb.top^Xinport~10, type: io
	
Passed route at end.
Complex block 123: cb.top^Xinport~22, type: io
	
Passed route at end.
Complex block 124: cb.top^Yinport~12, type: io
	
Passed route at end.
Complex block 125: cb.top^Xinport~21, type: io
	
Passed route at end.
Complex block 126: cb.top^Yinport~11, type: io
	
Passed route at end.
Complex block 127: cb.top^Uinport~22, type: io
	
Passed route at end.
Complex block 128: cb.top^Yinport~10, type: io
	
Passed route at end.
Complex block 129: cb.top^Yinport~9, type: io
	
Passed route at end.
Complex block 130: cb.top^Xinport~9, type: io
	
Passed route at end.
Complex block 131: cb.top^Uinport~9, type: io
	
Passed route at end.
Complex block 132: cb.top^Xinport~17, type: io
	
Passed route at end.
Complex block 133: cb.top^Xinport~16, type: io
	
Passed route at end.
Complex block 134: cb.top^reset, type: io
	
Passed route at end.
Complex block 135: cb.top^Xinport~30, type: io
	
Passed route at end.
Complex block 136: cb.top^Yinport~28, type: io
	
Passed route at end.
Complex block 137: cb.top^Yinport~26, type: io
	
Passed route at end.
Complex block 138: cb.top^Xinport~28, type: io
	
Passed route at end.
Complex block 139: cb.top^Yinport~24, type: io
	
Passed route at end.
Complex block 140: cb.top^Xinport~6, type: io
	
Passed route at end.
Complex block 141: cb.top^Xinport~2, type: io
	
Passed route at end.
Complex block 142: cb.top^Yinport~23, type: io
	
Passed route at end.
Complex block 143: cb.top^Yinport~20, type: io
	
Passed route at end.
Complex block 144: cb.top^Xinport~26, type: io
	
Passed route at end.
Complex block 145: cb.top^Yinport~19, type: io
	
Passed route at end.
Complex block 146: cb.top^Xinport~24, type: io
	
Passed route at end.
Complex block 147: cb.top^Xinport~23, type: io
	
Passed route at end.
Complex block 148: cb.top^Xinport~5, type: io
	
Passed route at end.
Complex block 149: cb.top^Xinport~0, type: io
	
Passed route at end.
Complex block 150: cb.top^Uinport~31, type: io
	
Passed route at end.
Complex block 151: cb.top^Yinport~15, type: io
	
Passed route at end.
Complex block 152: cb.top^Uinport~30, type: io
	
Passed route at end.
Complex block 153: cb.top^Uinport~29, type: io
	
Passed route at end.
Complex block 154: cb.top^Xinport~4, type: io
	
Passed route at end.
Complex block 155: cb.top^Uinport~26, type: io
	
Passed route at end.
Complex block 156: cb.top^Uinport~25, type: io
	
Passed route at end.
Complex block 157: cb.top^Uinport~24, type: io
	
Passed route at end.
Complex block 158: cb.top^Uinport~23, type: io
	
Passed route at end.
Complex block 159: cb.top^Uinport~21, type: io
	
Passed route at end.
Complex block 160: cb.top^Uinport~20, type: io
	
Passed route at end.
Complex block 161: cb.top^Uinport~19, type: io
	
Passed route at end.
Complex block 162: cb.top^Xinport~20, type: io
	
Passed route at end.
Complex block 163: cb.top^Yinport~8, type: io
	
Passed route at end.
Complex block 164: cb.top^Yinport~7, type: io
	
Passed route at end.
Complex block 165: cb.top^Uinport~17, type: io
	
Passed route at end.
Complex block 166: cb.top^Uinport~16, type: io
	
Passed route at end.
Complex block 167: cb.top^Xinport~19, type: io
	
Passed route at end.
Complex block 168: cb.top^Uinport~15, type: io
	
Passed route at end.
Complex block 169: cb.top^Uinport~14, type: io
	
Passed route at end.
Complex block 170: cb.top^Yinport~6, type: io
	
Passed route at end.
Complex block 171: cb.top^Xinport~8, type: io
	
Passed route at end.
Complex block 172: cb.top^Uinport~12, type: io
	
Passed route at end.
Complex block 173: cb.top^Uinport~11, type: io
	
Passed route at end.
Complex block 174: cb.top^Yinport~5, type: io
	
Passed route at end.
Complex block 175: cb.top^Yinport~4, type: io
	
Passed route at end.
Complex block 176: cb.top^Xinport~3, type: io
	
Passed route at end.
Complex block 177: cb.top^Uinport~7, type: io
	
Passed route at end.
Complex block 178: cb.top^Yinport~3, type: io
	
Passed route at end.
Complex block 179: cb.top^Uinport~6, type: io
	
Passed route at end.
Complex block 180: cb.top^Uinport~5, type: io
	
Passed route at end.
Complex block 181: cb.top^Yinport~2, type: io
	
Passed route at end.
Complex block 182: cb.top^Uinport~4, type: io
	
Passed route at end.
Complex block 183: cb.top^Uinport~3, type: io
	
Passed route at end.
Complex block 184: cb.top^Yinport~1, type: io
	
Passed route at end.
Complex block 185: cb.top^Uinport~2, type: io
	
Passed route at end.
Complex block 186: cb.top^Uinport~1, type: io
	
Passed route at end.
Complex block 187: cb.top^Yinport~0, type: io
	
Passed route at end.
Complex block 188: cb.top^Uinport~0, type: io
	
Passed route at end.
Complex block 189: cb.top^Xinport~1, type: io
	
Passed route at end.
Complex block 190: cb.top^Xinport~15, type: io
	
Passed route at end.
Complex block 191: cb.top^Xinport~7, type: io
	
Passed route at end.
Complex block 192: cb.top^Yinport~18, type: io
	
Passed route at end.
Complex block 193: cb.top^Uinport~27, type: io
	
Passed route at end.
Complex block 194: cb.top^Xinport~18, type: io
	
Passed route at end.
Complex block 195: cb.top^Xinport~13, type: io
	
Passed route at end.
Complex block 196: cb.top^Yinport~13, type: io
	
Passed route at end.
Complex block 197: cb.top^Uinport~18, type: io
	
Passed route at end.
Complex block 198: cb.top^Uinport~13, type: io
	
Passed route at end.
Complex block 199: cb.top^Uinport~10, type: io
	
Passed route at end.
Complex block 200: cb.top^Uinport~8, type: io
	
Passed route at end.
Complex block 201: cb.top^Yinport~31, type: io
	
Passed route at end.
Complex block 202: cb.top^Xinport~31, type: io
	
Passed route at end.
Complex block 203: cb.out:top^Uoutport~28, type: io
	
Passed route at end.
Complex block 204: cb.out:top^Uoutport~27, type: io
	
Passed route at end.
Complex block 205: cb.out:top^Uoutport~26, type: io
	
Passed route at end.
Complex block 206: cb.out:top^Uoutport~25, type: io
	
Passed route at end.
Complex block 207: cb.out:top^Uoutport~24, type: io
	
Passed route at end.
Complex block 208: cb.out:top^Uoutport~23, type: io
	
Passed route at end.
Complex block 209: cb.out:top^Uoutport~22, type: io
	
Passed route at end.
Complex block 210: cb.out:top^Uoutport~21, type: io
	
Passed route at end.
Complex block 211: cb.out:top^Uoutport~20, type: io
	
Passed route at end.
Complex block 212: cb.out:top^Uoutport~19, type: io
	
Passed route at end.
Complex block 213: cb.out:top^Uoutport~18, type: io
	
Passed route at end.
Complex block 214: cb.out:top^Uoutport~17, type: io
	
Passed route at end.
Complex block 215: cb.out:top^Uoutport~16, type: io
	
Passed route at end.
Complex block 216: cb.out:top^Uoutport~15, type: io
	
Passed route at end.
Complex block 217: cb.out:top^Uoutport~14, type: io
	
Passed route at end.
Complex block 218: cb.out:top^Uoutport~13, type: io
	
Passed route at end.
Complex block 219: cb.out:top^Uoutport~12, type: io
	
Passed route at end.
Complex block 220: cb.out:top^Uoutport~11, type: io
	
Passed route at end.
Complex block 221: cb.out:top^Uoutport~10, type: io
	
Passed route at end.
Complex block 222: cb.out:top^Uoutport~9, type: io
	
Passed route at end.
Complex block 223: cb.out:top^Uoutport~8, type: io
	
Passed route at end.
Complex block 224: cb.out:top^Uoutport~7, type: io
	
Passed route at end.
Complex block 225: cb.out:top^Uoutport~6, type: io
	
Passed route at end.
Complex block 226: cb.out:top^Uoutport~5, type: io
	
Passed route at end.
Complex block 227: cb.out:top^Uoutport~4, type: io
	
Passed route at end.
Complex block 228: cb.out:top^Uoutport~3, type: io
	
Passed route at end.
Complex block 229: cb.out:top^Uoutport~2, type: io
	
Passed route at end.
Complex block 230: cb.out:top^Uoutport~1, type: io
	
Passed route at end.
Complex block 231: cb.out:top^Youtport~31, type: io
	
Passed route at end.
Complex block 232: cb.out:top^Uoutport~0, type: io
	
Passed route at end.
Complex block 233: cb.out:top^Youtport~30, type: io
	
Passed route at end.
Complex block 234: cb.out:top^Youtport~29, type: io
	
Passed route at end.
Complex block 235: cb.out:top^Xoutport~29, type: io
	
Passed route at end.
Complex block 236: cb.out:top^Youtport~28, type: io
	
Passed route at end.
Complex block 237: cb.out:top^Youtport~27, type: io
	
Passed route at end.
Complex block 238: cb.out:top^Youtport~26, type: io
	
Passed route at end.
Complex block 239: cb.out:top^Youtport~25, type: io
	
Passed route at end.
Complex block 240: cb.out:top^Youtport~24, type: io
	
Passed route at end.
Complex block 241: cb.out:top^Youtport~23, type: io
	
Passed route at end.
Complex block 242: cb.out:top^Youtport~22, type: io
	
Passed route at end.
Complex block 243: cb.out:top^Youtport~21, type: io
	
Passed route at end.
Complex block 244: cb.out:top^Youtport~20, type: io
	
Passed route at end.
Complex block 245: cb.out:top^Youtport~19, type: io
	
Passed route at end.
Complex block 246: cb.out:top^Youtport~18, type: io
	
Passed route at end.
Complex block 247: cb.out:top^Youtport~17, type: io
	
Passed route at end.
Complex block 248: cb.out:top^Youtport~16, type: io
	
Passed route at end.
Complex block 249: cb.out:top^Youtport~15, type: io
	
Passed route at end.
Complex block 250: cb.out:top^Youtport~14, type: io
	
Passed route at end.
Complex block 251: cb.out:top^Youtport~13, type: io
	
Passed route at end.
Complex block 252: cb.out:top^Youtport~12, type: io
	
Passed route at end.
Complex block 253: cb.out:top^Youtport~11, type: io
	
Passed route at end.
Complex block 254: cb.out:top^Youtport~10, type: io
	
Passed route at end.
Complex block 255: cb.out:top^Youtport~9, type: io
	
Passed route at end.
Complex block 256: cb.out:top^Youtport~8, type: io
	
Passed route at end.
Complex block 257: cb.out:top^Youtport~7, type: io
	
Passed route at end.
Complex block 258: cb.out:top^Youtport~6, type: io
	
Passed route at end.
Complex block 259: cb.out:top^Youtport~5, type: io
	
Passed route at end.
Complex block 260: cb.out:top^Youtport~4, type: io
	
Passed route at end.
Complex block 261: cb.out:top^Youtport~3, type: io
	
Passed route at end.
Complex block 262: cb.out:top^Youtport~2, type: io
	
Passed route at end.
Complex block 263: cb.out:top^Youtport~1, type: io
	
Passed route at end.
Complex block 264: cb.out:top^Youtport~0, type: io
	
Passed route at end.
Complex block 265: cb.out:top^Xoutport~31, type: io
	
Passed route at end.
Complex block 266: cb.out:top^Xoutport~30, type: io
	
Passed route at end.
Complex block 267: cb.out:top^Xoutport~28, type: io
	
Passed route at end.
Complex block 268: cb.out:top^Xoutport~27, type: io
	
Passed route at end.
Complex block 269: cb.out:top^Xoutport~26, type: io
	
Passed route at end.
Complex block 270: cb.out:top^Xoutport~25, type: io
	
Passed route at end.
Complex block 271: cb.out:top^Xoutport~24, type: io
	
Passed route at end.
Complex block 272: cb.out:top^Xoutport~23, type: io
	
Passed route at end.
Complex block 273: cb.out:top^Xoutport~22, type: io
	
Passed route at end.
Complex block 274: cb.out:top^Xoutport~21, type: io
	
Passed route at end.
Complex block 275: cb.out:top^Xoutport~20, type: io
	
Passed route at end.
Complex block 276: cb.out:top^Xoutport~19, type: io
	
Passed route at end.
Complex block 277: cb.out:top^Xoutport~18, type: io
	
Passed route at end.
Complex block 278: cb.out:top^Xoutport~17, type: io
	
Passed route at end.
Complex block 279: cb.out:top^Xoutport~16, type: io
	
Passed route at end.
Complex block 280: cb.out:top^Xoutport~15, type: io
	
Passed route at end.
Complex block 281: cb.out:top^Xoutport~14, type: io
	
Passed route at end.
Complex block 282: cb.out:top^Xoutport~13, type: io
	
Passed route at end.
Complex block 283: cb.out:top^Xoutport~12, type: io
	
Passed route at end.
Complex block 284: cb.out:top^Xoutport~11, type: io
	
Passed route at end.
Complex block 285: cb.out:top^Xoutport~10, type: io
	
Passed route at end.
Complex block 286: cb.out:top^Xoutport~9, type: io
	
Passed route at end.
Complex block 287: cb.out:top^Xoutport~8, type: io
	
Passed route at end.
Complex block 288: cb.out:top^Xoutport~7, type: io
	
Passed route at end.
Complex block 289: cb.out:top^Xoutport~6, type: io
	
Passed route at end.
Complex block 290: cb.out:top^Xoutport~5, type: io
	
Passed route at end.
Complex block 291: cb.out:top^Xoutport~4, type: io
	
Passed route at end.
Complex block 292: cb.out:top^Xoutport~3, type: io
	
Passed route at end.
Complex block 293: cb.out:top^Xoutport~2, type: io
	
Passed route at end.
Complex block 294: cb.out:top^Xoutport~1, type: io
	
Passed route at end.
Complex block 295: cb.out:top^Uoutport~31, type: io
	
Passed route at end.
Complex block 296: cb.out:top^Uoutport~30, type: io
	
Passed route at end.
Complex block 297: cb.out:top^Uoutport~29, type: io
	
Passed route at end.
Complex block 298: cb.out:top^Xoutport~0, type: io
	
Passed route at end.
Complex block 299: cb.top^clk, type: io
	
Passed route at end.
	<EMPTY>: # blocks: 0, average # input + clock pins used: 0, average # output pins used: 0
	io: # blocks: 258, average # input + clock pins used: 0.372093, average # output pins used: 0.627907
	clb: # blocks: 37, average # input + clock pins used: 18.5405, average # output pins used: 8.56757
	mult_36: # blocks: 5, average # input + clock pins used: 52.8, average # output pins used: 32.8
	memory: # blocks: 0, average # input + clock pins used: 0, average # output pins used: 0
Absorbed logical nets 361 out of 1004 nets, 643 nets not absorbed.

Netlist conversion complete.

Packing took 0.86 seconds.
Packing completed.
Begin parsing packed FPGA netlist file.
Finished parsing packed FPGA netlist file.
Netlist generated from file 'diffeq1.net'.
vcc is a constant generator.

Netlist num_nets: 643
Netlist num_blocks: 300
Netlist <EMPTY> blocks: 0.
Netlist clb blocks: 37.
Netlist mult_36 blocks: 5.
Netlist memory blocks: 0.
Netlist inputs pins: 162
Netlist output pins: 96

Auto-sizing FPGA at x = 17 y = 17
Auto-sizing FPGA at x = 9 y = 9
Auto-sizing FPGA at x = 13 y = 13
Auto-sizing FPGA at x = 15 y = 15
Auto-sizing FPGA at x = 14 y = 14
Auto-sizing FPGA at x = 13 y = 13
FPGA auto-sized to x = 14 y = 14
The circuit will be mapped into a 14 x 14 array of clbs.

Resource usage...
	Netlist      0	blocks of type: <EMPTY>
	Architecture 12	blocks of type: <EMPTY>
	Netlist      258	blocks of type: io
	Architecture 448	blocks of type: io
	Netlist      37	blocks of type: clb
	Architecture 140	blocks of type: clb
	Netlist      5	blocks of type: mult_36
	Architecture 6	blocks of type: mult_36
	Netlist      0	blocks of type: memory
	Architecture 4	blocks of type: memory

Computing delta_io_to_io lookup matrix, may take a few seconds, please wait...
Computing delta_io_to_clb lookup matrix, may take a few seconds, please wait...
Computing delta_clb_to_io lookup matrix, may take a few seconds, please wait...
Computing delta_clb_to_clb lookup matrix, may take a few seconds, please wait...

There are 1006 point to point connections in this circuit.

Initial placement cost: 1 bb_cost: 94.0965 td_cost: 5.15617e-07 delay_cost: 5.15617e-07

--------- --------- ----------- ----------- ----------- ----------- -------- -------- ------- ------- ------- --------- -------
        T      Cost  Av BB Cost  Av TD Cost  Av Tot Del  P to P Del    d_max  Ac Rate Std Dev R limit     Exp Tot Moves   Alpha
--------- --------- ----------- ----------- ----------- ----------- -------- -------- ------- ------- ------- --------- -------
100.00000    0.9739     90.7014 5.10549e-07 5.10549e-07 5.12542e-10  24.3493   0.9995  0.0307 15.0000  0.0000      2007  0.6195
 61.94849   0.96746     90.7475 5.07249e-07 5.07249e-07 5.13681e-10  24.5928   1.0000  0.0272 15.0000  0.0000      4014  0.6195
 38.37616   0.96038      91.975 5.10287e-07 5.10287e-07  5.2309e-10  24.8454   1.0000  0.0244 15.0000  0.0000      6021  0.6195
 23.77345   0.94696     90.7546  5.1205e-07  5.1205e-07 5.26179e-10  25.4871   1.0000  0.0228 15.0000  0.0000      8028  0.6195
 14.72729   0.95067     89.0999 5.08036e-07 5.08036e-07 5.26042e-10  24.4456   1.0000  0.0286 15.0000  0.0000     10035  0.6195
  9.12334   0.98708     89.7403 5.09437e-07 5.09437e-07 5.06548e-10  24.2840   1.0000  0.0350 15.0000  0.0000     12042  0.6195
  5.65177    1.0212     91.4931 5.13048e-07 5.13048e-07 4.96422e-10  24.5449   1.0000  0.0261 15.0000  0.0000     14049  0.6195
  3.50119    1.0259     92.5242 5.15738e-07 5.15738e-07 5.02967e-10  23.8297   0.9995  0.0255 15.0000  0.0000     16056  0.6195
  2.16893    1.0215     92.8861 5.16011e-07 5.16011e-07 5.06617e-10  25.4495   0.9985  0.0401 15.0000  0.0000     18063  0.6195
  1.34362    1.0039     92.1907 5.16008e-07 5.16008e-07 5.12498e-10  25.5406   0.9995  0.0202 15.0000  0.0000     20070  0.6195
  0.83235   0.98697     92.6772  5.1583e-07  5.1583e-07 5.17707e-10  24.9683   1.0000  0.0291 15.0000  0.0000     22077  0.6195
  0.51563    1.0249     89.9201 5.09121e-07 5.09121e-07 5.02499e-10  25.5725   0.9990  0.0284 15.0000  0.0000     24084  0.6195
  0.31942    1.0286     91.7675 5.17515e-07 5.17515e-07 5.01047e-10  23.6933   0.9970  0.0436 15.0000  0.0000     26091  0.6195
  0.19788   0.98068     91.0475  5.0869e-07  5.0869e-07 5.10704e-10  24.6279   0.9975  0.0244 15.0000  0.0000     28098  0.6195
  0.12258   0.96138     90.6686 5.10587e-07 5.10587e-07  5.1703e-10  24.3979   0.9915  0.0191 15.0000  0.0000     30105  0.6195
  0.07594    1.0016     90.0335 5.06059e-07 5.06059e-07  5.0656e-10  25.1474   0.9920  0.0227 15.0000  0.0000     32112  0.6195
  0.04704   0.99563     89.1477 5.04855e-07 5.04855e-07 5.13392e-10  24.5978   0.9836  0.0253 15.0000  0.0000     34119  0.6195
  0.02914    1.0187     92.2099 5.16521e-07 5.16521e-07 5.12384e-10  24.3986   0.9846  0.0251 15.0000  0.0000     36126  0.6195
  0.01805   0.98502     86.7091 4.96648e-07 4.96648e-07 5.06554e-10  25.2052   0.9557  0.0325 15.0000  0.0000     38133  0.6195
  0.01118   0.99583     84.2861 4.90365e-07 4.90365e-07 4.85255e-10  24.4689   0.9367  0.0181 15.0000  0.0000     40140  0.6195
  0.00000   0.83426     69.4788 4.26359e-07 4.26359e-07 4.82438e-10            0.2297  0.0621 15.0000  0.0000     42147

BB estimate of min-dist (placement) wirelength: 6128
bb_cost recomputed from scratch: 61.2821
timing_cost recomputed from scratch: 3.8516e-07
delay_cost recomputed from scratch: 3.8516e-07

Completed placement consistency check successfully.

Swaps called: 42147

Placement estimated critical path delay: 22.0419 ns
Placement cost: 0.739893, bb_cost: 61.2814, td_cost: 3.8516e-07, delay_cost: 3.8516e-07
Placement total # of swap attempts: 42147
	Swap reject rate: 0
	Swap accept rate: 0
	Swap abort rate: 0
Placement took 1.43 seconds.
Using low: -1, high: -1, current: 162
Build rr_graph took 0.61 seconds.
Confirming Router Algorithm: TIMING_DRIVEN.

Routing iteration: 1
Wire length after first iteration 9120, total available wire length 68040, ratio 0.134039
Critical path: 23.95 ns
Routing iteration took 0.06 seconds.

Routing iteration: 2
Critical path: 23.8544 ns
Routing iteration took 0.06 seconds.

Routing iteration: 3
Critical path: 23.7383 ns
Routing iteration took 0.05 seconds.

Routing iteration: 4
Successfully routed after 4 routing iterations.
Completed net delay value cross check successfully.
Using low: -1, high: 162, current: 82
Build rr_graph took 0.19 seconds.
Confirming Router Algorithm: TIMING_DRIVEN.

Routing iteration: 1
Wire length after first iteration 9283, total available wire length 34440, ratio 0.269541
Critical path: 23.8927 ns
Routing iteration took 0.06 seconds.

Routing iteration: 2
Critical path: 23.8213 ns
Routing iteration took 0.05 seconds.

Routing iteration: 3
Critical path: 23.9045 ns
Routing iteration took 0.04 seconds.

Routing iteration: 4
Successfully routed after 4 routing iterations.
Completed net delay value cross check successfully.
Using low: -1, high: 82, current: 42
Build rr_graph took 0.07 seconds.
Confirming Router Algorithm: TIMING_DRIVEN.

Routing iteration: 1
Wire length after first iteration 9602, total available wire length 17640, ratio 0.544331
Critical path: 24.0013 ns
Routing iteration took 0.05 seconds.

Routing iteration: 2
Critical path: 23.9077 ns
Routing iteration took 0.05 seconds.

Routing iteration: 3
Critical path: 24.3512 ns
Routing iteration took 0.07 seconds.

Routing iteration: 4
Critical path: 24.6908 ns
Routing iteration took 0.1 seconds.

Routing iteration: 5
Critical path: 25.826 ns
Routing iteration took 0.08 seconds.

Routing iteration: 6
Critical path: 26.9635 ns
Routing iteration took 0.11 seconds.

Routing iteration: 7
Critical path: 29.2614 ns
Routing iteration took 0.11 seconds.

Routing iteration: 8
Critical path: 28.3202 ns
Routing iteration took 0.1 seconds.

Routing iteration: 9
Critical path: 27.6995 ns
Routing iteration took 0.1 seconds.

Routing iteration: 10
Critical path: 27.4449 ns
Routing iteration took 0.11 seconds.

Routing iteration: 11
Critical path: 27.3869 ns
Routing iteration took 0.09 seconds.

Routing iteration: 12
Critical path: 27.954 ns
Routing iteration took 0.09 seconds.

Routing iteration: 13
Critical path: 28.0093 ns
Routing iteration took 0.08 seconds.

Routing iteration: 14
Critical path: 27.6592 ns
Routing iteration took 0.09 seconds.

Routing iteration: 15
Critical path: 27.9796 ns
Routing iteration took 0.1 seconds.

Routing iteration: 16
Critical path: 28.1374 ns
Routing iteration took 0.1 seconds.

Routing iteration: 17
Critical path: 27.742 ns
Routing iteration took 0.09 seconds.

Routing iteration: 18
Critical path: 29.4041 ns
Routing iteration took 0.09 seconds.

Routing iteration: 19
Critical path: 28.2328 ns
Routing iteration took 0.09 seconds.

Routing iteration: 20
Critical path: 28.5398 ns
Routing iteration took 0.1 seconds.

Routing iteration: 21
Critical path: 29.5622 ns
Routing iteration took 0.09 seconds.

Routing iteration: 22
Critical path: 30.3299 ns
Routing iteration took 0.1 seconds.

Routing iteration: 23
Critical path: 29.9876 ns
Routing iteration took 0.11 seconds.

Routing iteration: 24
Critical path: 29.6224 ns
Routing iteration took 0.1 seconds.

Routing iteration: 25
Critical path: 29.6235 ns
Routing iteration took 0.08 seconds.

Routing iteration: 26
Critical path: 28.8891 ns
Routing iteration took 0.08 seconds.

Routing iteration: 27
Critical path: 28.7813 ns
Routing iteration took 0.11 seconds.

Routing iteration: 28
Critical path: 28.1896 ns
Routing iteration took 0.1 seconds.

Routing iteration: 29
Critical path: 29.1737 ns
Routing iteration took 0.12 seconds.

Routing iteration: 30
Critical path: 28.3513 ns
Routing iteration took 0.1 seconds.

Routing iteration: 31
Critical path: 28.9798 ns
Routing iteration took 0.09 seconds.

Routing iteration: 32
Critical path: 28.8923 ns
Routing iteration took 0.08 seconds.

Routing iteration: 33
Critical path: 28.8414 ns
Routing iteration took 0.1 seconds.

Routing iteration: 34
Critical path: 29.1837 ns
Routing iteration took 0.11 seconds.

Routing iteration: 35
Critical path: 28.5282 ns
Routing iteration took 0.1 seconds.

Routing iteration: 36
Critical path: 28.0587 ns
Routing iteration took 0.11 seconds.

Routing iteration: 37
Critical path: 27.9799 ns
Routing iteration took 0.11 seconds.

Routing iteration: 38
Critical path: 28.1473 ns
Routing iteration took 0.09 seconds.

Routing iteration: 39
Critical path: 29.8963 ns
Routing iteration took 0.09 seconds.

Routing iteration: 40
Critical path: 29.1975 ns
Routing iteration took 0.08 seconds.

Routing iteration: 41
Critical path: 28.5233 ns
Routing iteration took 0.08 seconds.

Routing iteration: 42
Critical path: 28.3856 ns
Routing iteration took 0.1 seconds.

Routing iteration: 43
Critical path: 29.1006 ns
Routing iteration took 0.09 seconds.

Routing iteration: 44
Critical path: 28.8684 ns
Routing iteration took 0.1 seconds.

Routing iteration: 45
Critical path: 28.9536 ns
Routing iteration took 0.09 seconds.

Routing iteration: 46
Critical path: 28.4821 ns
Routing iteration took 0.09 seconds.

Routing iteration: 47
Critical path: 28.7756 ns
Routing iteration took 0.09 seconds.

Routing iteration: 48
Critical path: 28.9215 ns
Routing iteration took 0.09 seconds.

Routing iteration: 49
Critical path: 28.8676 ns
Routing iteration took 0.07 seconds.

Routing iteration: 50
Critical path: 29.5288 ns
Routing iteration took 0.06 seconds.

Routing iteration: 51
Critical path: 28.6718 ns
Routing iteration took 0.07 seconds.

Routing iteration: 52
Critical path: 29.3427 ns
Routing iteration took 0.06 seconds.

Routing iteration: 53
Critical path: 28.6752 ns
Routing iteration took 0.06 seconds.

Routing iteration: 54
Critical path: 29.3194 ns
Routing iteration took 0.05 seconds.

Routing iteration: 55
Critical path: 29.3205 ns
Routing iteration took 0.06 seconds.

Routing iteration: 56
Critical path: 29.0866 ns
Routing iteration took 0.07 seconds.

Routing iteration: 57
Critical path: 28.8758 ns
Routing iteration took 0.07 seconds.

Routing iteration: 58
Critical path: 29.3742 ns
Routing iteration took 0.07 seconds.

Routing iteration: 59
Critical path: 29.5282 ns
Routing iteration took 0.06 seconds.

Routing iteration: 60
Critical path: 30.1811 ns
Routing iteration took 0.08 seconds.

Routing iteration: 61
Critical path: 30.7333 ns
Routing iteration took 0.09 seconds.

Routing iteration: 62
Critical path: 29.3956 ns
Routing iteration took 0.08 seconds.

Routing iteration: 63
Critical path: 29.763 ns
Routing iteration took 0.06 seconds.

Routing iteration: 64
Critical path: 29.5757 ns
Routing iteration took 0.09 seconds.

Routing iteration: 65
Critical path: 28.9204 ns
Routing iteration took 0.07 seconds.

Routing iteration: 66
Critical path: 28.8073 ns
Routing iteration took 0.07 seconds.

Routing iteration: 67
Critical path: 28.836 ns
Routing iteration took 0.08 seconds.

Routing iteration: 68
Critical path: 28.4871 ns
Routing iteration took 0.07 seconds.

Routing iteration: 69
Critical path: 28.4903 ns
Routing iteration took 0.07 seconds.

Routing iteration: 70
Critical path: 28.9128 ns
Routing iteration took 0.07 seconds.

Routing iteration: 71
Critical path: 28.7135 ns
Routing iteration took 0.07 seconds.

Routing iteration: 72
Critical path: 29.6538 ns
Routing iteration took 0.06 seconds.

Routing iteration: 73
Critical path: 29.5619 ns
Routing iteration took 0.07 seconds.

Routing iteration: 74
Critical path: 29.8422 ns
Routing iteration took 0.06 seconds.

Routing iteration: 75
Critical path: 29.8259 ns
Routing iteration took 0.06 seconds.

Routing iteration: 76
Critical path: 29.9469 ns
Routing iteration took 0.07 seconds.

Routing iteration: 77
Critical path: 29.6612 ns
Routing iteration took 0.07 seconds.

Routing iteration: 78
Critical path: 29.5861 ns
Routing iteration took 0.09 seconds.

Routing iteration: 79
Critical path: 31.179 ns
Routing iteration took 0.07 seconds.

Routing iteration: 80
Critical path: 29.9616 ns
Routing iteration took 0.08 seconds.
Routing failed.
Using low: 42, high: 82, current: 62
Build rr_graph took 0.12 seconds.
Confirming Router Algorithm: TIMING_DRIVEN.

Routing iteration: 1
Wire length after first iteration 9511, total available wire length 26040, ratio 0.365246
Critical path: 23.8633 ns
Routing iteration took 0.06 seconds.

Routing iteration: 2
Critical path: 23.8667 ns
Routing iteration took 0.05 seconds.

Routing iteration: 3
Critical path: 24.1838 ns
Routing iteration took 0.04 seconds.

Routing iteration: 4
Critical path: 24.7411 ns
Routing iteration took 0.04 seconds.

Routing iteration: 5
Critical path: 24.8694 ns
Routing iteration took 0.03 seconds.

Routing iteration: 6
Critical path: 24.7023 ns
Routing iteration took 0.03 seconds.

Routing iteration: 7
Critical path: 24.6118 ns
Routing iteration took 0.03 seconds.

Routing iteration: 8
Successfully routed after 8 routing iterations.
Completed net delay value cross check successfully.
Using low: 42, high: 62, current: 52
Build rr_graph took 0.1 seconds.
Confirming Router Algorithm: TIMING_DRIVEN.

Routing iteration: 1
Wire length after first iteration 9412, total available wire length 21840, ratio 0.430952
Critical path: 23.9093 ns
Routing iteration took 0.04 seconds.

Routing iteration: 2
Critical path: 23.8774 ns
Routing iteration took 0.06 seconds.

Routing iteration: 3
Critical path: 24.3928 ns
Routing iteration took 0.04 seconds.

Routing iteration: 4
Critical path: 24.5252 ns
Routing iteration took 0.05 seconds.

Routing iteration: 5
Critical path: 25.3678 ns
Routing iteration took 0.04 seconds.

Routing iteration: 6
Critical path: 24.9284 ns
Routing iteration took 0.03 seconds.

Routing iteration: 7
Critical path: 25.2293 ns
Routing iteration took 0.04 seconds.

Routing iteration: 8
Critical path: 27.0519 ns
Routing iteration took 0.03 seconds.

Routing iteration: 9
Critical path: 25.2541 ns
Routing iteration took 0.03 seconds.

Routing iteration: 10
Critical path: 25.5565 ns
Routing iteration took 0.02 seconds.

Routing iteration: 11
Successfully routed after 11 routing iterations.
Completed net delay value cross check successfully.
Using low: 42, high: 52, current: 48
Build rr_graph took 0.09 seconds.
Confirming Router Algorithm: TIMING_DRIVEN.

Routing iteration: 1
Wire length after first iteration 9634, total available wire length 20160, ratio 0.477877
Critical path: 23.9243 ns
Routing iteration took 0.06 seconds.

Routing iteration: 2
Critical path: 24.0067 ns
Routing iteration took 0.06 seconds.

Routing iteration: 3
Critical path: 24.3057 ns
Routing iteration took 0.06 seconds.

Routing iteration: 4
Critical path: 24.8304 ns
Routing iteration took 0.06 seconds.

Routing iteration: 5
Critical path: 25.4879 ns
Routing iteration took 0.08 seconds.

Routing iteration: 6
Critical path: 26.2956 ns
Routing iteration took 0.07 seconds.

Routing iteration: 7
Critical path: 27.1216 ns
Routing iteration took 0.06 seconds.

Routing iteration: 8
Critical path: 28.3647 ns
Routing iteration took 0.07 seconds.

Routing iteration: 9
Critical path: 27.5334 ns
Routing iteration took 0.07 seconds.

Routing iteration: 10
Critical path: 27.1649 ns
Routing iteration took 0.05 seconds.

Routing iteration: 11
Critical path: 26.782 ns
Routing iteration took 0.05 seconds.

Routing iteration: 12
Critical path: 27.4074 ns
Routing iteration took 0.06 seconds.

Routing iteration: 13
Critical path: 27.0234 ns
Routing iteration took 0.05 seconds.

Routing iteration: 14
Critical path: 29.7632 ns
Routing iteration took 0.07 seconds.

Routing iteration: 15
Critical path: 29.0573 ns
Routing iteration took 0.05 seconds.

Routing iteration: 16
Critical path: 26.4784 ns
Routing iteration took 0.06 seconds.

Routing iteration: 17
Critical path: 26.6452 ns
Routing iteration took 0.05 seconds.

Routing iteration: 18
Critical path: 26.95 ns
Routing iteration took 0.04 seconds.

Routing iteration: 19
Critical path: 26.95 ns
Routing iteration took 0.04 seconds.

Routing iteration: 20
Critical path: 26.4812 ns
Routing iteration took 0.06 seconds.

Routing iteration: 21
Critical path: 27.0104 ns
Routing iteration took 0.05 seconds.

Routing iteration: 22
Critical path: 27.8585 ns
Routing iteration took 0.04 seconds.

Routing iteration: 23
Critical path: 27.6566 ns
Routing iteration took 0.04 seconds.

Routing iteration: 24
Critical path: 26.5928 ns
Routing iteration took 0.03 seconds.

Routing iteration: 25
Critical path: 27.6314 ns
Routing iteration took 0.03 seconds.

Routing iteration: 26
Critical path: 26.4601 ns
Routing iteration took 0.03 seconds.

Routing iteration: 27
Critical path: 26.1802 ns
Routing iteration took 0.04 seconds.

Routing iteration: 28
Critical path: 27.398 ns
Routing iteration took 0.06 seconds.

Routing iteration: 29
Critical path: 26.652 ns
Routing iteration took 0.04 seconds.

Routing iteration: 30
