Node: 9536  TN_FF_SOURCE Block #21 (n3021)
Pin: ff.Q[0] pb (top.or1200_operandmuxes+or1200_operandmuxes^FF_NODE~1354)
T_arr: 4.243e-11  T_req: -1.32939e-08  Tdel: 1.24e-10
Internal Net: #1295 (top.or1200_operandmuxes+or1200_operandmuxes^FF_NODE~1354).  Pins on net: 31.

Node: 9535  TN_FF_OPIN Block #21 (n3021)
Pin: ff.Q[0] pb (top.or1200_operandmuxes+or1200_operandmuxes^FF_NODE~1354)
T_arr: 1.6643e-10  T_req: -1.31699e-08  Tdel: 4.5e-11
Internal Net: #1295 (top.or1200_operandmuxes+or1200_operandmuxes^FF_NODE~1354).  Pins on net: 31.

Node: 9517  TN_INTERMEDIATE_NODE Block #21 (n3021)
Pin: ble6.out[0] pb (n3021)
T_arr: 2.1143e-10  T_req: -1.31249e-08  Tdel: 0
Internal Net: #1295 (top.or1200_operandmuxes+or1200_operandmuxes^FF_NODE~1354).  Pins on net: 31.

Node: 9509  TN_INTERMEDIATE_NODE Block #21 (n3021)
Pin: fle.out[0] pb (n3021)
T_arr: 2.1143e-10  T_req: -1.31249e-08  Tdel: 0
Internal Net: #1295 (top.or1200_operandmuxes+or1200_operandmuxes^FF_NODE~1354).  Pins on net: 31.

Node: 9202  TN_CB_OPIN Block #21 (n3021)
Pin: clb.O[9] pb (n3021)
T_arr: 2.1143e-10  T_req: -1.31249e-08  Tdel: 2.07999e-10
External-to-Block Net: #263 (top.or1200_operandmuxes+or1200_operandmuxes^FF_NODE~1354).  Pins on net: 19.

Node: 3432  TN_CB_IPIN Block #10 (n2191)
Pin: clb.I[0] pb (n2191)
T_arr: 4.19429e-10  T_req: -1.29169e-08  Tdel: 9.5e-11
Internal Net: #1295 (top.or1200_operandmuxes+or1200_operandmuxes^FF_NODE~1354).  Pins on net: 31.

Node: 3607  TN_INTERMEDIATE_NODE Block #10 (n2191)
Pin: fle.in[3] pb (n4066_1)
T_arr: 5.14429e-10  T_req: -1.28219e-08  Tdel: 0
Internal Net: #1295 (top.or1200_operandmuxes+or1200_operandmuxes^FF_NODE~1354).  Pins on net: 31.

Node: 3614  TN_INTERMEDIATE_NODE Block #10 (n2191)
Pin: ble6.in[3] pb (n4066_1)
T_arr: 5.14429e-10  T_req: -1.28219e-08  Tdel: 0
Internal Net: #1295 (top.or1200_operandmuxes+or1200_operandmuxes^FF_NODE~1354).  Pins on net: 31.

Node: 3621  TN_INTERMEDIATE_NODE Block #10 (n2191)
Pin: lut6.in[3] pb (n4066_1)
T_arr: 5.14429e-10  T_req: -1.28219e-08  Tdel: 0
Internal Net: #1295 (top.or1200_operandmuxes+or1200_operandmuxes^FF_NODE~1354).  Pins on net: 31.

Node: 3628  TN_PRIMITIVE_IPIN Block #10 (n2191)
Pin: lut.in[3] pb (n4066_1)
T_arr: 5.14429e-10  T_req: -1.28219e-08  Tdel: 2.61e-10
Internal Net: #1295 (top.or1200_operandmuxes+or1200_operandmuxes^FF_NODE~1354).  Pins on net: 31.

Node: 3631  TN_PRIMITIVE_OPIN Block #10 (n2191)
Pin: lut.out[0] pb (n4066_1)
T_arr: 7.75429e-10  T_req: -1.25609e-08  Tdel: 0
Internal Net: #2871 (n4066_1).  Pins on net: 4.

Node: 3624  TN_INTERMEDIATE_NODE Block #10 (n2191)
Pin: lut6.out[0] pb (n4066_1)
T_arr: 7.75429e-10  T_req: -1.25609e-08  Tdel: 2.5e-11
Internal Net: #2871 (n4066_1).  Pins on net: 4.

Node: 3617  TN_INTERMEDIATE_NODE Block #10 (n2191)
Pin: ble6.out[0] pb (n4066_1)
T_arr: 8.00429e-10  T_req: -1.25359e-08  Tdel: 0
Internal Net: #2871 (n4066_1).  Pins on net: 4.

Node: 3610  TN_INTERMEDIATE_NODE Block #10 (n2191)
Pin: fle.out[0] pb (n4066_1)
T_arr: 8.00429e-10  T_req: -1.25359e-08  Tdel: 0
Internal Net: #2871 (n4066_1).  Pins on net: 4.

Node: 3466  TN_CB_OPIN Block #10 (n2191)
Pin: clb.O[4] pb (n2191)
T_arr: 8.00429e-10  T_req: -1.25359e-08  Tdel: 3.42421e-10
External-to-Block Net: #288 (n4066_1).  Pins on net: 3.

Node: 7688  TN_CB_IPIN Block #17 (n4110)
Pin: clb.I[18] pb (n4110)
T_arr: 1.14285e-09  T_req: -1.21935e-08  Tdel: 9.5e-11
Internal Net: #2871 (n4066_1).  Pins on net: 4.

Node: 8040  TN_INTERMEDIATE_NODE Block #17 (n4110)
Pin: fle.in[4] pb (n4110)
T_arr: 1.23785e-09  T_req: -1.20985e-08  Tdel: 0
Internal Net: #2871 (n4066_1).  Pins on net: 4.

Node: 8047  TN_INTERMEDIATE_NODE Block #17 (n4110)
Pin: lut5inter.in[4] pb (n4110)
T_arr: 1.23785e-09  T_req: -1.20985e-08  Tdel: 0
Internal Net: #2871 (n4066_1).  Pins on net: 4.

Node: 8072  TN_INTERMEDIATE_NODE Block #17 (n4110)
Pin: ble5.in[4] pb (n4110)
T_arr: 1.23785e-09  T_req: -1.20985e-08  Tdel: 0
Internal Net: #2871 (n4066_1).  Pins on net: 4.

Node: 8078  TN_INTERMEDIATE_NODE Block #17 (n4110)
Pin: lut5.in[4] pb (n4110)
T_arr: 1.23785e-09  T_req: -1.20985e-08  Tdel: 0
Internal Net: #2871 (n4066_1).  Pins on net: 4.

Node: 8084  TN_PRIMITIVE_IPIN Block #17 (n4110)
Pin: lut.in[4] pb (n4110)
T_arr: 1.23785e-09  T_req: -1.20985e-08  Tdel: 2.35e-10
Internal Net: #2871 (n4066_1).  Pins on net: 4.

Node: 8085  TN_PRIMITIVE_OPIN Block #17 (n4110)
Pin: lut.out[0] pb (n4110)
T_arr: 1.47285e-09  T_req: -1.18635e-08  Tdel: 0
Internal Net: #2916 (n4110).  Pins on net: 4.

Node: 8079  TN_INTERMEDIATE_NODE Block #17 (n4110)
Pin: lut5.out[0] pb (n4110)
T_arr: 1.47285e-09  T_req: -1.18635e-08  Tdel: 2.5e-11
Internal Net: #2916 (n4110).  Pins on net: 4.

Node: 8073  TN_INTERMEDIATE_NODE Block #17 (n4110)
Pin: ble5.out[0] pb (n4110)
T_arr: 1.49785e-09  T_req: -1.18385e-08  Tdel: 0
Internal Net: #2916 (n4110).  Pins on net: 4.

Node: 8049  TN_INTERMEDIATE_NODE Block #17 (n4110)
Pin: lut5inter.out[1] pb (n4110)
T_arr: 1.49785e-09  T_req: -1.18385e-08  Tdel: 0
Internal Net: #2916 (n4110).  Pins on net: 4.

Node: 8042  TN_INTERMEDIATE_NODE Block #17 (n4110)
Pin: fle.out[1] pb (n4110)
T_arr: 1.49785e-09  T_req: -1.18385e-08  Tdel: 0
Internal Net: #2916 (n4110).  Pins on net: 4.

Node: 7712  TN_CB_OPIN Block #17 (n4110)
Pin: clb.O[19] pb (n4110)
T_arr: 1.49785e-09  T_req: -1.18385e-08  Tdel: 2.07999e-10
External-to-Block Net: #500 (n4110).  Pins on net: 4.

Node: 7317  TN_CB_IPIN Block #16 (n4293)
Pin: clb.I[12] pb (n4293)
T_arr: 1.70585e-09  T_req: -1.16305e-08  Tdel: 9.5e-11
Internal Net: #2916 (n4110).  Pins on net: 4.

Node: 7345  TN_INTERMEDIATE_NODE Block #16 (n4293)
Pin: fle.in[4] pb (n4145)
T_arr: 1.80085e-09  T_req: -1.15355e-08  Tdel: 0
Internal Net: #2916 (n4110).  Pins on net: 4.

Node: 7351  TN_INTERMEDIATE_NODE Block #16 (n4293)
Pin: lut5inter.in[4] pb (n4145)
T_arr: 1.80085e-09  T_req: -1.15355e-08  Tdel: 0
Internal Net: #2916 (n4110).  Pins on net: 4.

Node: 7357  TN_INTERMEDIATE_NODE Block #16 (n4293)
Pin: ble5.in[4] pb (n4145)
T_arr: 1.80085e-09  T_req: -1.15355e-08  Tdel: 0
Internal Net: #2916 (n4110).  Pins on net: 4.

Node: 7363  TN_INTERMEDIATE_NODE Block #16 (n4293)
Pin: lut5.in[4] pb (n4145)
T_arr: 1.80085e-09  T_req: -1.15355e-08  Tdel: 0
Internal Net: #2916 (n4110).  Pins on net: 4.

Node: 7369  TN_PRIMITIVE_IPIN Block #16 (n4293)
Pin: lut.in[4] pb (n4145)
T_arr: 1.80085e-09  T_req: -1.15355e-08  Tdel: 2.35e-10
Internal Net: #2916 (n4110).  Pins on net: 4.

Node: 7370  TN_PRIMITIVE_OPIN Block #16 (n4293)
Pin: lut.out[0] pb (n4145)
T_arr: 2.03585e-09  T_req: -1.13005e-08  Tdel: 0
Internal Net: #2950 (n4145).  Pins on net: 3.

Node: 7364  TN_INTERMEDIATE_NODE Block #16 (n4293)
Pin: lut5.out[0] pb (n4145)
T_arr: 2.03585e-09  T_req: -1.13005e-08  Tdel: 2.5e-11
Internal Net: #2950 (n4145).  Pins on net: 3.

Node: 7358  TN_INTERMEDIATE_NODE Block #16 (n4293)
Pin: ble5.out[0] pb (n4145)
T_arr: 2.06085e-09  T_req: -1.12755e-08  Tdel: 0
Internal Net: #2950 (n4145).  Pins on net: 3.

Node: 7352  TN_INTERMEDIATE_NODE Block #16 (n4293)
Pin: lut5inter.out[1] pb (n4145)
T_arr: 2.06085e-09  T_req: -1.12755e-08  Tdel: 0
Internal Net: #2950 (n4145).  Pins on net: 3.

Node: 7346  TN_INTERMEDIATE_NODE Block #16 (n4293)
Pin: fle.out[1] pb (n4145)
T_arr: 2.06085e-09  T_req: -1.12755e-08  Tdel: 7.5e-11
Internal Net: #2950 (n4145).  Pins on net: 3.

Node: 7373  TN_INTERMEDIATE_NODE Block #16 (n4293)
Pin: fle.in[2] pb (n4163)
T_arr: 2.13585e-09  T_req: -1.12005e-08  Tdel: 0
Internal Net: #2950 (n4145).  Pins on net: 3.

Node: 7378  TN_INTERMEDIATE_NODE Block #16 (n4293)
Pin: lut5inter.in[2] pb (n4163)
T_arr: 2.13585e-09  T_req: -1.12005e-08  Tdel: 0
Internal Net: #2950 (n4145).  Pins on net: 3.

Node: 7395  TN_INTERMEDIATE_NODE Block #16 (n4293)
Pin: ble5.in[2] pb (n4163)
T_arr: 2.13585e-09  T_req: -1.12005e-08  Tdel: 0
Internal Net: #2950 (n4145).  Pins on net: 3.

Node: 7399  TN_INTERMEDIATE_NODE Block #16 (n4293)
Pin: lut5.in[2] pb (n4163)
T_arr: 2.13585e-09  T_req: -1.12005e-08  Tdel: 0
Internal Net: #2950 (n4145).  Pins on net: 3.

Node: 7403  TN_PRIMITIVE_IPIN Block #16 (n4293)
Pin: lut.in[2] pb (n4163)
T_arr: 2.13585e-09  T_req: -1.12005e-08  Tdel: 2.35e-10
Internal Net: #2950 (n4145).  Pins on net: 3.

Node: 7404  TN_PRIMITIVE_OPIN Block #16 (n4293)
Pin: lut.out[0] pb (n4163)
T_arr: 2.37085e-09  T_req: -1.09655e-08  Tdel: 0
Internal Net: #2968 (n4163).  Pins on net: 3.

Node: 7400  TN_INTERMEDIATE_NODE Block #16 (n4293)
Pin: lut5.out[0] pb (n4163)
T_arr: 2.37085e-09  T_req: -1.09655e-08  Tdel: 2.5e-11
Internal Net: #2968 (n4163).  Pins on net: 3.

Node: 7396  TN_INTERMEDIATE_NODE Block #16 (n4293)
Pin: ble5.out[0] pb (n4163)
T_arr: 2.39585e-09  T_req: -1.09405e-08  Tdel: 0
Internal Net: #2968 (n4163).  Pins on net: 3.

Node: 7380  TN_INTERMEDIATE_NODE Block #16 (n4293)
Pin: lut5inter.out[1] pb (n4163)
T_arr: 2.39585e-09  T_req: -1.09405e-08  Tdel: 0
Internal Net: #2968 (n4163).  Pins on net: 3.

Node: 7375  TN_INTERMEDIATE_NODE Block #16 (n4293)
Pin: fle.out[1] pb (n4163)
T_arr: 2.39585e-09  T_req: -1.09405e-08  Tdel: 7.5e-11
Internal Net: #2968 (n4163).  Pins on net: 3.

Node: 7407  TN_INTERMEDIATE_NODE Block #16 (n4293)
Pin: fle.in[2] pb (n4183)
T_arr: 2.47085e-09  T_req: -1.08655e-08  Tdel: 0
Internal Net: #2968 (n4163).  Pins on net: 3.

Node: 7412  TN_INTERMEDIATE_NODE Block #16 (n4293)
Pin: lut5inter.in[2] pb (n4183)
T_arr: 2.47085e-09  T_req: -1.08655e-08  Tdel: 0
Internal Net: #2968 (n4163).  Pins on net: 3.

Node: 7429  TN_INTERMEDIATE_NODE Block #16 (n4293)
Pin: ble5.in[2] pb (n4183)
T_arr: 2.47085e-09  T_req: -1.08655e-08  Tdel: 0
Internal Net: #2968 (n4163).  Pins on net: 3.

Node: 7433  TN_INTERMEDIATE_NODE Block #16 (n4293)
Pin: lut5.in[2] pb (n4183)
T_arr: 2.47085e-09  T_req: -1.08655e-08  Tdel: 0
Internal Net: #2968 (n4163).  Pins on net: 3.

Node: 7437  TN_PRIMITIVE_IPIN Block #16 (n4293)
Pin: lut.in[2] pb (n4183)
T_arr: 2.47085e-09  T_req: -1.08655e-08  Tdel: 2.35e-10
Internal Net: #2968 (n4163).  Pins on net: 3.

Node: 7438  TN_PRIMITIVE_OPIN Block #16 (n4293)
Pin: lut.out[0] pb (n4183)
T_arr: 2.70585e-09  T_req: -1.06305e-08  Tdel: 0
Internal Net: #2988 (n4183).  Pins on net: 3.

Node: 7434  TN_INTERMEDIATE_NODE Block #16 (n4293)
Pin: lut5.out[0] pb (n4183)
T_arr: 2.70585e-09  T_req: -1.06305e-08  Tdel: 2.5e-11
Internal Net: #2988 (n4183).  Pins on net: 3.

Node: 7430  TN_INTERMEDIATE_NODE Block #16 (n4293)
Pin: ble5.out[0] pb (n4183)
T_arr: 2.73085e-09  T_req: -1.06055e-08  Tdel: 0
Internal Net: #2988 (n4183).  Pins on net: 3.

Node: 7414  TN_INTERMEDIATE_NODE Block #16 (n4293)
Pin: lut5inter.out[1] pb (n4183)
T_arr: 2.73085e-09  T_req: -1.06055e-08  Tdel: 0
Internal Net: #2988 (n4183).  Pins on net: 3.

Node: 7409  TN_INTERMEDIATE_NODE Block #16 (n4293)
Pin: fle.out[1] pb (n4183)
T_arr: 2.73085e-09  T_req: -1.06055e-08  Tdel: 7.5e-11
Internal Net: #2988 (n4183).  Pins on net: 3.

Node: 7441  TN_INTERMEDIATE_NODE Block #16 (n4293)
Pin: fle.in[2] pb (n4199)
T_arr: 2.80585e-09  T_req: -1.05305e-08  Tdel: 0
Internal Net: #2988 (n4183).  Pins on net: 3.

Node: 7446  TN_INTERMEDIATE_NODE Block #16 (n4293)
Pin: lut5inter.in[2] pb (n4199)
T_arr: 2.80585e-09  T_req: -1.05305e-08  Tdel: 0
Internal Net: #2988 (n4183).  Pins on net: 3.

Node: 7463  TN_INTERMEDIATE_NODE Block #16 (n4293)
Pin: ble5.in[2] pb (n4199)
T_arr: 2.80585e-09  T_req: -1.05305e-08  Tdel: 0
Internal Net: #2988 (n4183).  Pins on net: 3.

Node: 7467  TN_INTERMEDIATE_NODE Block #16 (n4293)
Pin: lut5.in[2] pb (n4199)
T_arr: 2.80585e-09  T_req: -1.05305e-08  Tdel: 0
Internal Net: #2988 (n4183).  Pins on net: 3.

Node: 7471  TN_PRIMITIVE_IPIN Block #16 (n4293)
Pin: lut.in[2] pb (n4199)
T_arr: 2.80585e-09  T_req: -1.05305e-08  Tdel: 2.35e-10
Internal Net: #2988 (n4183).  Pins on net: 3.

Node: 7472  TN_PRIMITIVE_OPIN Block #16 (n4293)
Pin: lut.out[0] pb (n4199)
T_arr: 3.04085e-09  T_req: -1.02955e-08  Tdel: 0
Internal Net: #3004 (n4199).  Pins on net: 3.

Node: 7468  TN_INTERMEDIATE_NODE Block #16 (n4293)
Pin: lut5.out[0] pb (n4199)
T_arr: 3.04085e-09  T_req: -1.02955e-08  Tdel: 2.5e-11
Internal Net: #3004 (n4199).  Pins on net: 3.

Node: 7464  TN_INTERMEDIATE_NODE Block #16 (n4293)
Pin: ble5.out[0] pb (n4199)
T_arr: 3.06585e-09  T_req: -1.02705e-08  Tdel: 0
Internal Net: #3004 (n4199).  Pins on net: 3.

Node: 7448  TN_INTERMEDIATE_NODE Block #16 (n4293)
Pin: lut5inter.out[1] pb (n4199)
T_arr: 3.06585e-09  T_req: -1.02705e-08  Tdel: 0
Internal Net: #3004 (n4199).  Pins on net: 3.

Node: 7443  TN_INTERMEDIATE_NODE Block #16 (n4293)
Pin: fle.out[1] pb (n4199)
T_arr: 3.06585e-09  T_req: -1.02705e-08  Tdel: 7.5e-11
Internal Net: #3004 (n4199).  Pins on net: 3.

Node: 7475  TN_INTERMEDIATE_NODE Block #16 (n4293)
Pin: fle.in[2] pb (n4215)
T_arr: 3.14085e-09  T_req: -1.01955e-08  Tdel: 0
Internal Net: #3004 (n4199).  Pins on net: 3.

Node: 7480  TN_INTERMEDIATE_NODE Block #16 (n4293)
Pin: lut5inter.in[2] pb (n4215)
T_arr: 3.14085e-09  T_req: -1.01955e-08  Tdel: 0
Internal Net: #3004 (n4199).  Pins on net: 3.

Node: 7497  TN_INTERMEDIATE_NODE Block #16 (n4293)
Pin: ble5.in[2] pb (n4215)
T_arr: 3.14085e-09  T_req: -1.01955e-08  Tdel: 0
Internal Net: #3004 (n4199).  Pins on net: 3.

Node: 7501  TN_INTERMEDIATE_NODE Block #16 (n4293)
Pin: lut5.in[2] pb (n4215)
T_arr: 3.14085e-09  T_req: -1.01955e-08  Tdel: 0
Internal Net: #3004 (n4199).  Pins on net: 3.

Node: 7505  TN_PRIMITIVE_IPIN Block #16 (n4293)
Pin: lut.in[2] pb (n4215)
T_arr: 3.14085e-09  T_req: -1.01955e-08  Tdel: 2.35e-10
Internal Net: #3004 (n4199).  Pins on net: 3.

Node: 7506  TN_PRIMITIVE_OPIN Block #16 (n4293)
Pin: lut.out[0] pb (n4215)
T_arr: 3.37585e-09  T_req: -9.96046e-09  Tdel: 0
Internal Net: #3020 (n4215).  Pins on net: 3.

Node: 7502  TN_INTERMEDIATE_NODE Block #16 (n4293)
Pin: lut5.out[0] pb (n4215)
T_arr: 3.37585e-09  T_req: -9.96046e-09  Tdel: 2.5e-11
Internal Net: #3020 (n4215).  Pins on net: 3.

Node: 7498  TN_INTERMEDIATE_NODE Block #16 (n4293)
Pin: ble5.out[0] pb (n4215)
T_arr: 3.40085e-09  T_req: -9.93546e-09  Tdel: 0
Internal Net: #3020 (n4215).  Pins on net: 3.

Node: 7482  TN_INTERMEDIATE_NODE Block #16 (n4293)
Pin: lut5inter.out[1] pb (n4215)
T_arr: 3.40085e-09  T_req: -9.93546e-09  Tdel: 0
Internal Net: #3020 (n4215).  Pins on net: 3.

Node: 7477  TN_INTERMEDIATE_NODE Block #16 (n4293)
Pin: fle.out[1] pb (n4215)
T_arr: 3.40085e-09  T_req: -9.93546e-09  Tdel: 7.5e-11
Internal Net: #3020 (n4215).  Pins on net: 3.

Node: 7509  TN_INTERMEDIATE_NODE Block #16 (n4293)
Pin: fle.in[2] pb (n4231_1)
T_arr: 3.47585e-09  T_req: -9.86046e-09  Tdel: 0
Internal Net: #3020 (n4215).  Pins on net: 3.

Node: 7514  TN_INTERMEDIATE_NODE Block #16 (n4293)
Pin: lut5inter.in[2] pb (n4231_1)
T_arr: 3.47585e-09  T_req: -9.86046e-09  Tdel: 0
Internal Net: #3020 (n4215).  Pins on net: 3.

Node: 7531  TN_INTERMEDIATE_NODE Block #16 (n4293)
Pin: ble5.in[2] pb (n4231_1)
T_arr: 3.47585e-09  T_req: -9.86046e-09  Tdel: 0
Internal Net: #3020 (n4215).  Pins on net: 3.

Node: 7535  TN_INTERMEDIATE_NODE Block #16 (n4293)
Pin: lut5.in[2] pb (n4231_1)
T_arr: 3.47585e-09  T_req: -9.86046e-09  Tdel: 0
Internal Net: #3020 (n4215).  Pins on net: 3.

Node: 7539  TN_PRIMITIVE_IPIN Block #16 (n4293)
Pin: lut.in[2] pb (n4231_1)
T_arr: 3.47585e-09  T_req: -9.86046e-09  Tdel: 2.35e-10
Internal Net: #3020 (n4215).  Pins on net: 3.

Node: 7540  TN_PRIMITIVE_OPIN Block #16 (n4293)
Pin: lut.out[0] pb (n4231_1)
T_arr: 3.71085e-09  T_req: -9.62546e-09  Tdel: 0
Internal Net: #3037 (n4231_1).  Pins on net: 3.

Node: 7536  TN_INTERMEDIATE_NODE Block #16 (n4293)
Pin: lut5.out[0] pb (n4231_1)
T_arr: 3.71085e-09  T_req: -9.62546e-09  Tdel: 2.5e-11
Internal Net: #3037 (n4231_1).  Pins on net: 3.

Node: 7532  TN_INTERMEDIATE_NODE Block #16 (n4293)
Pin: ble5.out[0] pb (n4231_1)
T_arr: 3.73585e-09  T_req: -9.60046e-09  Tdel: 0
Internal Net: #3037 (n4231_1).  Pins on net: 3.

Node: 7516  TN_INTERMEDIATE_NODE Block #16 (n4293)
Pin: lut5inter.out[1] pb (n4231_1)
T_arr: 3.73585e-09  T_req: -9.60046e-09  Tdel: 0
Internal Net: #3037 (n4231_1).  Pins on net: 3.

Node: 7511  TN_INTERMEDIATE_NODE Block #16 (n4293)
Pin: fle.out[1] pb (n4231_1)
T_arr: 3.73585e-09  T_req: -9.60046e-09  Tdel: 7.5e-11
Internal Net: #3037 (n4231_1).  Pins on net: 3.

Node: 7543  TN_INTERMEDIATE_NODE Block #16 (n4293)
Pin: fle.in[2] pb (n4246_1)
T_arr: 3.81085e-09  T_req: -9.52546e-09  Tdel: 0
Internal Net: #3037 (n4231_1).  Pins on net: 3.

Node: 7548  TN_INTERMEDIATE_NODE Block #16 (n4293)
Pin: lut5inter.in[2] pb (n4246_1)
T_arr: 3.81085e-09  T_req: -9.52546e-09  Tdel: 0
Internal Net: #3037 (n4231_1).  Pins on net: 3.

Node: 7565  TN_INTERMEDIATE_NODE Block #16 (n4293)
Pin: ble5.in[2] pb (n4246_1)
T_arr: 3.81085e-09  T_req: -9.52546e-09  Tdel: 0
Internal Net: #3037 (n4231_1).  Pins on net: 3.

Node: 7569  TN_INTERMEDIATE_NODE Block #16 (n4293)
Pin: lut5.in[2] pb (n4246_1)
T_arr: 3.81085e-09  T_req: -9.52546e-09  Tdel: 0
Internal Net: #3037 (n4231_1).  Pins on net: 3.

Node: 7573  TN_PRIMITIVE_IPIN Block #16 (n4293)
Pin: lut.in[2] pb (n4246_1)
T_arr: 3.81085e-09  T_req: -9.52546e-09  Tdel: 2.35e-10
Internal Net: #3037 (n4231_1).  Pins on net: 3.

Node: 7574  TN_PRIMITIVE_OPIN Block #16 (n4293)
Pin: lut.out[0] pb (n4246_1)
T_arr: 4.04585e-09  T_req: -9.29046e-09  Tdel: 0
Internal Net: #3053 (n4246_1).  Pins on net: 3.

Node: 7570  TN_INTERMEDIATE_NODE Block #16 (n4293)
Pin: lut5.out[0] pb (n4246_1)
T_arr: 4.04585e-09  T_req: -9.29046e-09  Tdel: 2.5e-11
Internal Net: #3053 (n4246_1).  Pins on net: 3.

Node: 7566  TN_INTERMEDIATE_NODE Block #16 (n4293)
Pin: ble5.out[0] pb (n4246_1)
T_arr: 4.07085e-09  T_req: -9.26546e-09  Tdel: 0
Internal Net: #3053 (n4246_1).  Pins on net: 3.

Node: 7550  TN_INTERMEDIATE_NODE Block #16 (n4293)
Pin: lut5inter.out[1] pb (n4246_1)
T_arr: 4.07085e-09  T_req: -9.26546e-09  Tdel: 0
Internal Net: #3053 (n4246_1).  Pins on net: 3.

Node: 7545  TN_INTERMEDIATE_NODE Block #16 (n4293)
Pin: fle.out[1] pb (n4246_1)
T_arr: 4.07085e-09  T_req: -9.26546e-09  Tdel: 7.5e-11
Internal Net: #3053 (n4246_1).  Pins on net: 3.

Node: 7577  TN_INTERMEDIATE_NODE Block #16 (n4293)
Pin: fle.in[2] pb (n4261_1)
T_arr: 4.14585e-09  T_req: -9.19046e-09  Tdel: 0
Internal Net: #3053 (n4246_1).  Pins on net: 3.

Node: 7582  TN_INTERMEDIATE_NODE Block #16 (n4293)
Pin: lut5inter.in[2] pb (n4261_1)
T_arr: 4.14585e-09  T_req: -9.19046e-09  Tdel: 0
Internal Net: #3053 (n4246_1).  Pins on net: 3.

Node: 7599  TN_INTERMEDIATE_NODE Block #16 (n4293)
Pin: ble5.in[2] pb (n4261_1)
T_arr: 4.14585e-09  T_req: -9.19046e-09  Tdel: 0
Internal Net: #3053 (n4246_1).  Pins on net: 3.

Node: 7603  TN_INTERMEDIATE_NODE Block #16 (n4293)
Pin: lut5.in[2] pb (n4261_1)
T_arr: 4.14585e-09  T_req: -9.19046e-09  Tdel: 0
Internal Net: #3053 (n4246_1).  Pins on net: 3.

Node: 7607  TN_PRIMITIVE_IPIN Block #16 (n4293)
Pin: lut.in[2] pb (n4261_1)
T_arr: 4.14585e-09  T_req: -9.19046e-09  Tdel: 2.35e-10
Internal Net: #3053 (n4246_1).  Pins on net: 3.

Node: 7608  TN_PRIMITIVE_OPIN Block #16 (n4293)
Pin: lut.out[0] pb (n4261_1)
T_arr: 4.38085e-09  T_req: -8.95546e-09  Tdel: 0
Internal Net: #3066 (n4261_1).  Pins on net: 3.

Node: 7604  TN_INTERMEDIATE_NODE Block #16 (n4293)
Pin: lut5.out[0] pb (n4261_1)
T_arr: 4.38085e-09  T_req: -8.95546e-09  Tdel: 2.5e-11
Internal Net: #3066 (n4261_1).  Pins on net: 3.

Node: 7600  TN_INTERMEDIATE_NODE Block #16 (n4293)
Pin: ble5.out[0] pb (n4261_1)
T_arr: 4.40585e-09  T_req: -8.93046e-09  Tdel: 0
Internal Net: #3066 (n4261_1).  Pins on net: 3.

Node: 7584  TN_INTERMEDIATE_NODE Block #16 (n4293)
Pin: lut5inter.out[1] pb (n4261_1)
T_arr: 4.40585e-09  T_req: -8.93046e-09  Tdel: 0
Internal Net: #3066 (n4261_1).  Pins on net: 3.

Node: 7579  TN_INTERMEDIATE_NODE Block #16 (n4293)
Pin: fle.out[1] pb (n4261_1)
T_arr: 4.40585e-09  T_req: -8.93046e-09  Tdel: 7.5e-11
Internal Net: #3066 (n4261_1).  Pins on net: 3.

Node: 7611  TN_INTERMEDIATE_NODE Block #16 (n4293)
Pin: fle.in[2] pb (n4278)
T_arr: 4.48085e-09  T_req: -8.85546e-09  Tdel: 0
Internal Net: #3066 (n4261_1).  Pins on net: 3.

Node: 7616  TN_INTERMEDIATE_NODE Block #16 (n4293)
Pin: lut5inter.in[2] pb (n4278)
T_arr: 4.48085e-09  T_req: -8.85546e-09  Tdel: 0
Internal Net: #3066 (n4261_1).  Pins on net: 3.

Node: 7633  TN_INTERMEDIATE_NODE Block #16 (n4293)
Pin: ble5.in[2] pb (n4278)
T_arr: 4.48085e-09  T_req: -8.85546e-09  Tdel: 0
Internal Net: #3066 (n4261_1).  Pins on net: 3.

Node: 7637  TN_INTERMEDIATE_NODE Block #16 (n4293)
Pin: lut5.in[2] pb (n4278)
T_arr: 4.48085e-09  T_req: -8.85546e-09  Tdel: 0
Internal Net: #3066 (n4261_1).  Pins on net: 3.

Node: 7641  TN_PRIMITIVE_IPIN Block #16 (n4293)
Pin: lut.in[2] pb (n4278)
T_arr: 4.48085e-09  T_req: -8.85546e-09  Tdel: 2.35e-10
Internal Net: #3066 (n4261_1).  Pins on net: 3.

Node: 7642  TN_PRIMITIVE_OPIN Block #16 (n4293)
Pin: lut.out[0] pb (n4278)
T_arr: 4.71585e-09  T_req: -8.62047e-09  Tdel: 0
Internal Net: #3085 (n4278).  Pins on net: 3.

Node: 7638  TN_INTERMEDIATE_NODE Block #16 (n4293)
Pin: lut5.out[0] pb (n4278)
T_arr: 4.71585e-09  T_req: -8.62047e-09  Tdel: 2.5e-11
Internal Net: #3085 (n4278).  Pins on net: 3.

Node: 7634  TN_INTERMEDIATE_NODE Block #16 (n4293)
Pin: ble5.out[0] pb (n4278)
T_arr: 4.74085e-09  T_req: -8.59547e-09  Tdel: 0
Internal Net: #3085 (n4278).  Pins on net: 3.

Node: 7618  TN_INTERMEDIATE_NODE Block #16 (n4293)
Pin: lut5inter.out[1] pb (n4278)
T_arr: 4.74085e-09  T_req: -8.59547e-09  Tdel: 0
Internal Net: #3085 (n4278).  Pins on net: 3.

Node: 7613  TN_INTERMEDIATE_NODE Block #16 (n4293)
Pin: fle.out[1] pb (n4278)
T_arr: 4.74085e-09  T_req: -8.59547e-09  Tdel: 7.5e-11
Internal Net: #3085 (n4278).  Pins on net: 3.

Node: 7645  TN_INTERMEDIATE_NODE Block #16 (n4293)
Pin: fle.in[2] pb (n4293)
T_arr: 4.81585e-09  T_req: -8.52047e-09  Tdel: 0
Internal Net: #3085 (n4278).  Pins on net: 3.

Node: 7650  TN_INTERMEDIATE_NODE Block #16 (n4293)
Pin: lut5inter.in[2] pb (n4293)
T_arr: 4.81585e-09  T_req: -8.52047e-09  Tdel: 0
Internal Net: #3085 (n4278).  Pins on net: 3.

Node: 7667  TN_INTERMEDIATE_NODE Block #16 (n4293)
Pin: ble5.in[2] pb (n4293)
T_arr: 4.81585e-09  T_req: -8.52047e-09  Tdel: 0
Internal Net: #3085 (n4278).  Pins on net: 3.

Node: 7671  TN_INTERMEDIATE_NODE Block #16 (n4293)
Pin: lut5.in[2] pb (n4293)
T_arr: 4.81585e-09  T_req: -8.52047e-09  Tdel: 0
Internal Net: #3085 (n4278).  Pins on net: 3.

Node: 7675  TN_PRIMITIVE_IPIN Block #16 (n4293)
Pin: lut.in[2] pb (n4293)
T_arr: 4.81585e-09  T_req: -8.52047e-09  Tdel: 2.35e-10
Internal Net: #3085 (n4278).  Pins on net: 3.

Node: 7676  TN_PRIMITIVE_OPIN Block #16 (n4293)
Pin: lut.out[0] pb (n4293)
T_arr: 5.05085e-09  T_req: -8.28547e-09  Tdel: 0
Internal Net: #3099 (n4293).  Pins on net: 3.

Node: 7672  TN_INTERMEDIATE_NODE Block #16 (n4293)
Pin: lut5.out[0] pb (n4293)
T_arr: 5.05085e-09  T_req: -8.28547e-09  Tdel: 2.5e-11
Internal Net: #3099 (n4293).  Pins on net: 3.

Node: 7668  TN_INTERMEDIATE_NODE Block #16 (n4293)
Pin: ble5.out[0] pb (n4293)
T_arr: 5.07585e-09  T_req: -8.26047e-09  Tdel: 0
Internal Net: #3099 (n4293).  Pins on net: 3.

Node: 7652  TN_INTERMEDIATE_NODE Block #16 (n4293)
Pin: lut5inter.out[1] pb (n4293)
T_arr: 5.07585e-09  T_req: -8.26047e-09  Tdel: 0
Internal Net: #3099 (n4293).  Pins on net: 3.

Node: 7647  TN_INTERMEDIATE_NODE Block #16 (n4293)
Pin: fle.out[1] pb (n4293)
T_arr: 5.07585e-09  T_req: -8.26047e-09  Tdel: 0
Internal Net: #3099 (n4293).  Pins on net: 3.

Node: 7340  TN_CB_OPIN Block #16 (n4293)
Pin: clb.O[19] pb (n4293)
T_arr: 5.07585e-09  T_req: -8.26047e-09  Tdel: 3.42421e-10
External-to-Block Net: #476 (n4293).  Pins on net: 3.

Node: 6944  TN_CB_IPIN Block #15 (n4474)
Pin: clb.I[23] pb (n4474)
T_arr: 5.41827e-09  T_req: -7.91805e-09  Tdel: 9.5e-11
Internal Net: #3099 (n4293).  Pins on net: 3.

Node: 6964  TN_INTERMEDIATE_NODE Block #15 (n4474)
Pin: fle.in[2] pb (n4319)
T_arr: 5.51327e-09  T_req: -7.82305e-09  Tdel: 0
Internal Net: #3099 (n4293).  Pins on net: 3.

Node: 6968  TN_INTERMEDIATE_NODE Block #15 (n4474)
Pin: lut5inter.in[2] pb (n4319)
T_arr: 5.51327e-09  T_req: -7.82305e-09  Tdel: 0
Internal Net: #3099 (n4293).  Pins on net: 3.

Node: 6972  TN_INTERMEDIATE_NODE Block #15 (n4474)
Pin: ble5.in[2] pb (n4319)
T_arr: 5.51327e-09  T_req: -7.82305e-09  Tdel: 0
Internal Net: #3099 (n4293).  Pins on net: 3.

Node: 6976  TN_INTERMEDIATE_NODE Block #15 (n4474)
Pin: lut5.in[2] pb (n4319)
T_arr: 5.51327e-09  T_req: -7.82305e-09  Tdel: 0
Internal Net: #3099 (n4293).  Pins on net: 3.

Node: 6980  TN_PRIMITIVE_IPIN Block #15 (n4474)
Pin: lut.in[2] pb (n4319)
T_arr: 5.51327e-09  T_req: -7.82305e-09  Tdel: 2.35e-10
Internal Net: #3099 (n4293).  Pins on net: 3.

Node: 6981  TN_PRIMITIVE_OPIN Block #15 (n4474)
Pin: lut.out[0] pb (n4319)
T_arr: 5.74827e-09  T_req: -7.58805e-09  Tdel: 0
Internal Net: #3124 (n4319).  Pins on net: 3.

Node: 6977  TN_INTERMEDIATE_NODE Block #15 (n4474)
Pin: lut5.out[0] pb (n4319)
T_arr: 5.74827e-09  T_req: -7.58805e-09  Tdel: 2.5e-11
Internal Net: #3124 (n4319).  Pins on net: 3.

Node: 6973  TN_INTERMEDIATE_NODE Block #15 (n4474)
Pin: ble5.out[0] pb (n4319)
T_arr: 5.77327e-09  T_req: -7.56305e-09  Tdel: 0
Internal Net: #3124 (n4319).  Pins on net: 3.

Node: 6969  TN_INTERMEDIATE_NODE Block #15 (n4474)
Pin: lut5inter.out[1] pb (n4319)
T_arr: 5.77327e-09  T_req: -7.56305e-09  Tdel: 0
Internal Net: #3124 (n4319).  Pins on net: 3.

Node: 6965  TN_INTERMEDIATE_NODE Block #15 (n4474)
Pin: fle.out[1] pb (n4319)
T_arr: 5.77327e-09  T_req: -7.56305e-09  Tdel: 7.5e-11
Internal Net: #3124 (n4319).  Pins on net: 3.

Node: 6984  TN_INTERMEDIATE_NODE Block #15 (n4474)
Pin: fle.in[2] pb (n4337_1)
T_arr: 5.84827e-09  T_req: -7.48805e-09  Tdel: 0
Internal Net: #3124 (n4319).  Pins on net: 3.

Node: 6989  TN_INTERMEDIATE_NODE Block #15 (n4474)
Pin: lut5inter.in[2] pb (n4337_1)
T_arr: 5.84827e-09  T_req: -7.48805e-09  Tdel: 0
Internal Net: #3124 (n4319).  Pins on net: 3.

Node: 7006  TN_INTERMEDIATE_NODE Block #15 (n4474)
Pin: ble5.in[2] pb (n4337_1)
T_arr: 5.84827e-09  T_req: -7.48805e-09  Tdel: 0
Internal Net: #3124 (n4319).  Pins on net: 3.

Node: 7010  TN_INTERMEDIATE_NODE Block #15 (n4474)
Pin: lut5.in[2] pb (n4337_1)
T_arr: 5.84827e-09  T_req: -7.48805e-09  Tdel: 0
Internal Net: #3124 (n4319).  Pins on net: 3.

Node: 7014  TN_PRIMITIVE_IPIN Block #15 (n4474)
Pin: lut.in[2] pb (n4337_1)
T_arr: 5.84827e-09  T_req: -7.48805e-09  Tdel: 2.35e-10
Internal Net: #3124 (n4319).  Pins on net: 3.

Node: 7015  TN_PRIMITIVE_OPIN Block #15 (n4474)
Pin: lut.out[0] pb (n4337_1)
T_arr: 6.08327e-09  T_req: -7.25305e-09  Tdel: 0
Internal Net: #3142 (n4337_1).  Pins on net: 3.

Node: 7011  TN_INTERMEDIATE_NODE Block #15 (n4474)
Pin: lut5.out[0] pb (n4337_1)
T_arr: 6.08327e-09  T_req: -7.25305e-09  Tdel: 2.5e-11
Internal Net: #3142 (n4337_1).  Pins on net: 3.

Node: 7007  TN_INTERMEDIATE_NODE Block #15 (n4474)
Pin: ble5.out[0] pb (n4337_1)
T_arr: 6.10827e-09  T_req: -7.22805e-09  Tdel: 0
Internal Net: #3142 (n4337_1).  Pins on net: 3.

Node: 6991  TN_INTERMEDIATE_NODE Block #15 (n4474)
Pin: lut5inter.out[1] pb (n4337_1)
T_arr: 6.10827e-09  T_req: -7.22805e-09  Tdel: 0
Internal Net: #3142 (n4337_1).  Pins on net: 3.

Node: 6986  TN_INTERMEDIATE_NODE Block #15 (n4474)
Pin: fle.out[1] pb (n4337_1)
T_arr: 6.10827e-09  T_req: -7.22805e-09  Tdel: 7.5e-11
Internal Net: #3142 (n4337_1).  Pins on net: 3.

Node: 7018  TN_INTERMEDIATE_NODE Block #15 (n4474)
Pin: fle.in[2] pb (n4357_1)
T_arr: 6.18327e-09  T_req: -7.15305e-09  Tdel: 0
Internal Net: #3142 (n4337_1).  Pins on net: 3.

Node: 7023  TN_INTERMEDIATE_NODE Block #15 (n4474)
Pin: lut5inter.in[2] pb (n4357_1)
T_arr: 6.18327e-09  T_req: -7.15305e-09  Tdel: 0
Internal Net: #3142 (n4337_1).  Pins on net: 3.

Node: 7040  TN_INTERMEDIATE_NODE Block #15 (n4474)
Pin: ble5.in[2] pb (n4357_1)
T_arr: 6.18327e-09  T_req: -7.15305e-09  Tdel: 0
Internal Net: #3142 (n4337_1).  Pins on net: 3.

Node: 7044  TN_INTERMEDIATE_NODE Block #15 (n4474)
Pin: lut5.in[2] pb (n4357_1)
T_arr: 6.18327e-09  T_req: -7.15305e-09  Tdel: 0
Internal Net: #3142 (n4337_1).  Pins on net: 3.

Node: 7048  TN_PRIMITIVE_IPIN Block #15 (n4474)
Pin: lut.in[2] pb (n4357_1)
T_arr: 6.18327e-09  T_req: -7.15305e-09  Tdel: 2.35e-10
Internal Net: #3142 (n4337_1).  Pins on net: 3.

Node: 7049  TN_PRIMITIVE_OPIN Block #15 (n4474)
Pin: lut.out[0] pb (n4357_1)
T_arr: 6.41827e-09  T_req: -6.91805e-09  Tdel: 0
Internal Net: #3163 (n4357_1).  Pins on net: 3.

Node: 7045  TN_INTERMEDIATE_NODE Block #15 (n4474)
Pin: lut5.out[0] pb (n4357_1)
T_arr: 6.41827e-09  T_req: -6.91805e-09  Tdel: 2.5e-11
Internal Net: #3163 (n4357_1).  Pins on net: 3.

Node: 7041  TN_INTERMEDIATE_NODE Block #15 (n4474)
Pin: ble5.out[0] pb (n4357_1)
T_arr: 6.44327e-09  T_req: -6.89305e-09  Tdel: 0
Internal Net: #3163 (n4357_1).  Pins on net: 3.

Node: 7025  TN_INTERMEDIATE_NODE Block #15 (n4474)
Pin: lut5inter.out[1] pb (n4357_1)
T_arr: 6.44327e-09  T_req: -6.89305e-09  Tdel: 0
Internal Net: #3163 (n4357_1).  Pins on net: 3.

Node: 7020  TN_INTERMEDIATE_NODE Block #15 (n4474)
Pin: fle.out[1] pb (n4357_1)
T_arr: 6.44327e-09  T_req: -6.89305e-09  Tdel: 7.5e-11
Internal Net: #3163 (n4357_1).  Pins on net: 3.

Node: 7052  TN_INTERMEDIATE_NODE Block #15 (n4474)
Pin: fle.in[2] pb (n4375)
T_arr: 6.51827e-09  T_req: -6.81805e-09  Tdel: 0
Internal Net: #3163 (n4357_1).  Pins on net: 3.

Node: 7057  TN_INTERMEDIATE_NODE Block #15 (n4474)
Pin: lut5inter.in[2] pb (n4375)
T_arr: 6.51827e-09  T_req: -6.81805e-09  Tdel: 0
Internal Net: #3163 (n4357_1).  Pins on net: 3.

Node: 7074  TN_INTERMEDIATE_NODE Block #15 (n4474)
Pin: ble5.in[2] pb (n4375)
T_arr: 6.51827e-09  T_req: -6.81805e-09  Tdel: 0
Internal Net: #3163 (n4357_1).  Pins on net: 3.

Node: 7078  TN_INTERMEDIATE_NODE Block #15 (n4474)
Pin: lut5.in[2] pb (n4375)
T_arr: 6.51827e-09  T_req: -6.81805e-09  Tdel: 0
Internal Net: #3163 (n4357_1).  Pins on net: 3.

Node: 7082  TN_PRIMITIVE_IPIN Block #15 (n4474)
Pin: lut.in[2] pb (n4375)
T_arr: 6.51827e-09  T_req: -6.81805e-09  Tdel: 2.35e-10
Internal Net: #3163 (n4357_1).  Pins on net: 3.

Node: 7083  TN_PRIMITIVE_OPIN Block #15 (n4474)
Pin: lut.out[0] pb (n4375)
T_arr: 6.75327e-09  T_req: -6.58305e-09  Tdel: 0
Internal Net: #3180 (n4375).  Pins on net: 3.

Node: 7079  TN_INTERMEDIATE_NODE Block #15 (n4474)
Pin: lut5.out[0] pb (n4375)
T_arr: 6.75327e-09  T_req: -6.58305e-09  Tdel: 2.5e-11
Internal Net: #3180 (n4375).  Pins on net: 3.

Node: 7075  TN_INTERMEDIATE_NODE Block #15 (n4474)
Pin: ble5.out[0] pb (n4375)
T_arr: 6.77827e-09  T_req: -6.55805e-09  Tdel: 0
Internal Net: #3180 (n4375).  Pins on net: 3.

Node: 7059  TN_INTERMEDIATE_NODE Block #15 (n4474)
Pin: lut5inter.out[1] pb (n4375)
T_arr: 6.77827e-09  T_req: -6.55805e-09  Tdel: 0
Internal Net: #3180 (n4375).  Pins on net: 3.

Node: 7054  TN_INTERMEDIATE_NODE Block #15 (n4474)
Pin: fle.out[1] pb (n4375)
T_arr: 6.77827e-09  T_req: -6.55805e-09  Tdel: 7.5e-11
Internal Net: #3180 (n4375).  Pins on net: 3.

Node: 7086  TN_INTERMEDIATE_NODE Block #15 (n4474)
Pin: fle.in[2] pb (n4395)
T_arr: 6.85327e-09  T_req: -6.48305e-09  Tdel: 0
Internal Net: #3180 (n4375).  Pins on net: 3.

Node: 7091  TN_INTERMEDIATE_NODE Block #15 (n4474)
Pin: lut5inter.in[2] pb (n4395)
T_arr: 6.85327e-09  T_req: -6.48305e-09  Tdel: 0
Internal Net: #3180 (n4375).  Pins on net: 3.

Node: 7108  TN_INTERMEDIATE_NODE Block #15 (n4474)
Pin: ble5.in[2] pb (n4395)
T_arr: 6.85327e-09  T_req: -6.48305e-09  Tdel: 0
Internal Net: #3180 (n4375).  Pins on net: 3.

Node: 7112  TN_INTERMEDIATE_NODE Block #15 (n4474)
Pin: lut5.in[2] pb (n4395)
T_arr: 6.85327e-09  T_req: -6.48305e-09  Tdel: 0
Internal Net: #3180 (n4375).  Pins on net: 3.

Node: 7116  TN_PRIMITIVE_IPIN Block #15 (n4474)
Pin: lut.in[2] pb (n4395)
T_arr: 6.85327e-09  T_req: -6.48305e-09  Tdel: 2.35e-10
Internal Net: #3180 (n4375).  Pins on net: 3.

Node: 7117  TN_PRIMITIVE_OPIN Block #15 (n4474)
Pin: lut.out[0] pb (n4395)
T_arr: 7.08827e-09  T_req: -6.24805e-09  Tdel: 0
Internal Net: #3200 (n4395).  Pins on net: 3.

Node: 7113  TN_INTERMEDIATE_NODE Block #15 (n4474)
Pin: lut5.out[0] pb (n4395)
T_arr: 7.08827e-09  T_req: -6.24805e-09  Tdel: 2.5e-11
Internal Net: #3200 (n4395).  Pins on net: 3.

Node: 7109  TN_INTERMEDIATE_NODE Block #15 (n4474)
Pin: ble5.out[0] pb (n4395)
T_arr: 7.11327e-09  T_req: -6.22305e-09  Tdel: 0
Internal Net: #3200 (n4395).  Pins on net: 3.

Node: 7093  TN_INTERMEDIATE_NODE Block #15 (n4474)
Pin: lut5inter.out[1] pb (n4395)
T_arr: 7.11327e-09  T_req: -6.22305e-09  Tdel: 0
Internal Net: #3200 (n4395).  Pins on net: 3.

Node: 7088  TN_INTERMEDIATE_NODE Block #15 (n4474)
Pin: fle.out[1] pb (n4395)
T_arr: 7.11327e-09  T_req: -6.22305e-09  Tdel: 7.5e-11
Internal Net: #3200 (n4395).  Pins on net: 3.

Node: 7120  TN_INTERMEDIATE_NODE Block #15 (n4474)
Pin: fle.in[2] pb (n4413)
T_arr: 7.18827e-09  T_req: -6.14805e-09  Tdel: 0
Internal Net: #3200 (n4395).  Pins on net: 3.

Node: 7125  TN_INTERMEDIATE_NODE Block #15 (n4474)
Pin: lut5inter.in[2] pb (n4413)
T_arr: 7.18827e-09  T_req: -6.14805e-09  Tdel: 0
Internal Net: #3200 (n4395).  Pins on net: 3.

Node: 7142  TN_INTERMEDIATE_NODE Block #15 (n4474)
Pin: ble5.in[2] pb (n4413)
T_arr: 7.18827e-09  T_req: -6.14805e-09  Tdel: 0
Internal Net: #3200 (n4395).  Pins on net: 3.

Node: 7146  TN_INTERMEDIATE_NODE Block #15 (n4474)
Pin: lut5.in[2] pb (n4413)
T_arr: 7.18827e-09  T_req: -6.14805e-09  Tdel: 0
Internal Net: #3200 (n4395).  Pins on net: 3.

Node: 7150  TN_PRIMITIVE_IPIN Block #15 (n4474)
Pin: lut.in[2] pb (n4413)
T_arr: 7.18827e-09  T_req: -6.14805e-09  Tdel: 2.35e-10
Internal Net: #3200 (n4395).  Pins on net: 3.

Node: 7151  TN_PRIMITIVE_OPIN Block #15 (n4474)
Pin: lut.out[0] pb (n4413)
T_arr: 7.42327e-09  T_req: -5.91305e-09  Tdel: 0
Internal Net: #3218 (n4413).  Pins on net: 4.

Node: 7147  TN_INTERMEDIATE_NODE Block #15 (n4474)
Pin: lut5.out[0] pb (n4413)
T_arr: 7.42327e-09  T_req: -5.91305e-09  Tdel: 2.5e-11
Internal Net: #3218 (n4413).  Pins on net: 4.

Node: 7143  TN_INTERMEDIATE_NODE Block #15 (n4474)
Pin: ble5.out[0] pb (n4413)
T_arr: 7.44827e-09  T_req: -5.88805e-09  Tdel: 0
Internal Net: #3218 (n4413).  Pins on net: 4.

Node: 7127  TN_INTERMEDIATE_NODE Block #15 (n4474)
Pin: lut5inter.out[1] pb (n4413)
T_arr: 7.44827e-09  T_req: -5.88805e-09  Tdel: 0
Internal Net: #3218 (n4413).  Pins on net: 4.

Node: 7122  TN_INTERMEDIATE_NODE Block #15 (n4474)
Pin: fle.out[1] pb (n4413)
T_arr: 7.44827e-09  T_req: -5.88805e-09  Tdel: 7.5e-11
Internal Net: #3218 (n4413).  Pins on net: 4.

Node: 7156  TN_INTERMEDIATE_NODE Block #15 (n4474)
Pin: fle.in[4] pb (n4450)
T_arr: 7.52327e-09  T_req: -5.81305e-09  Tdel: 0
Internal Net: #3218 (n4413).  Pins on net: 4.

Node: 7163  TN_INTERMEDIATE_NODE Block #15 (n4474)
Pin: lut5inter.in[4] pb (n4450)
T_arr: 7.52327e-09  T_req: -5.81305e-09  Tdel: 0
Internal Net: #3218 (n4413).  Pins on net: 4.

Node: 7182  TN_INTERMEDIATE_NODE Block #15 (n4474)
Pin: ble5.in[4] pb (n4450)
T_arr: 7.52327e-09  T_req: -5.81305e-09  Tdel: 0
Internal Net: #3218 (n4413).  Pins on net: 4.

Node: 7188  TN_INTERMEDIATE_NODE Block #15 (n4474)
Pin: lut5.in[4] pb (n4450)
T_arr: 7.52327e-09  T_req: -5.81305e-09  Tdel: 0
Internal Net: #3218 (n4413).  Pins on net: 4.

Node: 7194  TN_PRIMITIVE_IPIN Block #15 (n4474)
Pin: lut.in[4] pb (n4450)
T_arr: 7.52327e-09  T_req: -5.81305e-09  Tdel: 2.35e-10
Internal Net: #3218 (n4413).  Pins on net: 4.

Node: 7195  TN_PRIMITIVE_OPIN Block #15 (n4474)
Pin: lut.out[0] pb (n4450)
T_arr: 7.75827e-09  T_req: -5.57805e-09  Tdel: 0
Internal Net: #3255 (n4450).  Pins on net: 3.

Node: 7189  TN_INTERMEDIATE_NODE Block #15 (n4474)
Pin: lut5.out[0] pb (n4450)
T_arr: 7.75827e-09  T_req: -5.57805e-09  Tdel: 2.49996e-11
Internal Net: #3255 (n4450).  Pins on net: 3.

Node: 7183  TN_INTERMEDIATE_NODE Block #15 (n4474)
Pin: ble5.out[0] pb (n4450)
T_arr: 7.78327e-09  T_req: -5.55305e-09  Tdel: 0
Internal Net: #3255 (n4450).  Pins on net: 3.

Node: 7165  TN_INTERMEDIATE_NODE Block #15 (n4474)
Pin: lut5inter.out[1] pb (n4450)
T_arr: 7.78327e-09  T_req: -5.55305e-09  Tdel: 0
Internal Net: #3255 (n4450).  Pins on net: 3.

Node: 7158  TN_INTERMEDIATE_NODE Block #15 (n4474)
Pin: fle.out[1] pb (n4450)
T_arr: 7.78327e-09  T_req: -5.55305e-09  Tdel: 7.49996e-11
Internal Net: #3255 (n4450).  Pins on net: 3.

Node: 7276  TN_INTERMEDIATE_NODE Block #15 (n4474)
Pin: fle.in[2] pb (n4474)
T_arr: 7.85827e-09  T_req: -5.47805e-09  Tdel: 0
Internal Net: #3255 (n4450).  Pins on net: 3.

Node: 7281  TN_INTERMEDIATE_NODE Block #15 (n4474)
Pin: lut5inter.in[2] pb (n4474)
T_arr: 7.85827e-09  T_req: -5.47805e-09  Tdel: 0
Internal Net: #3255 (n4450).  Pins on net: 3.

Node: 7298  TN_INTERMEDIATE_NODE Block #15 (n4474)
Pin: ble5.in[2] pb (n4474)
T_arr: 7.85827e-09  T_req: -5.47805e-09  Tdel: 0
Internal Net: #3255 (n4450).  Pins on net: 3.

Node: 7302  TN_INTERMEDIATE_NODE Block #15 (n4474)
Pin: lut5.in[2] pb (n4474)
T_arr: 7.85827e-09  T_req: -5.47805e-09  Tdel: 0
Internal Net: #3255 (n4450).  Pins on net: 3.

Node: 7306  TN_PRIMITIVE_IPIN Block #15 (n4474)
Pin: lut.in[2] pb (n4474)
T_arr: 7.85827e-09  T_req: -5.47805e-09  Tdel: 2.35e-10
Internal Net: #3255 (n4450).  Pins on net: 3.

Node: 7307  TN_PRIMITIVE_OPIN Block #15 (n4474)
Pin: lut.out[0] pb (n4474)
T_arr: 8.09327e-09  T_req: -5.24305e-09  Tdel: 0
Internal Net: #3280 (n4474).  Pins on net: 3.

Node: 7303  TN_INTERMEDIATE_NODE Block #15 (n4474)
Pin: lut5.out[0] pb (n4474)
T_arr: 8.09327e-09  T_req: -5.24305e-09  Tdel: 2.49996e-11
Internal Net: #3280 (n4474).  Pins on net: 3.

Node: 7299  TN_INTERMEDIATE_NODE Block #15 (n4474)
Pin: ble5.out[0] pb (n4474)
T_arr: 8.11827e-09  T_req: -5.21805e-09  Tdel: 0
Internal Net: #3280 (n4474).  Pins on net: 3.

Node: 7283  TN_INTERMEDIATE_NODE Block #15 (n4474)
Pin: lut5inter.out[1] pb (n4474)
T_arr: 8.11827e-09  T_req: -5.21805e-09  Tdel: 0
Internal Net: #3280 (n4474).  Pins on net: 3.

Node: 7278  TN_INTERMEDIATE_NODE Block #15 (n4474)
Pin: fle.out[1] pb (n4474)
T_arr: 8.11827e-09  T_req: -5.21805e-09  Tdel: 7.49996e-11
Internal Net: #3280 (n4474).  Pins on net: 3.

Node: 7240  TN_INTERMEDIATE_NODE Block #15 (n4474)
Pin: fle.in[0] pb (n4492_1)
T_arr: 8.19327e-09  T_req: -5.14305e-09  Tdel: 0
Internal Net: #3280 (n4474).  Pins on net: 3.

Node: 7245  TN_INTERMEDIATE_NODE Block #15 (n4474)
Pin: lut5inter.in[0] pb (n4492_1)
T_arr: 8.19327e-09  T_req: -5.14305e-09  Tdel: 0
Internal Net: #3280 (n4474).  Pins on net: 3.

Node: 7262  TN_INTERMEDIATE_NODE Block #15 (n4474)
Pin: ble5.in[0] pb (n4492_1)
T_arr: 8.19327e-09  T_req: -5.14305e-09  Tdel: 0
Internal Net: #3280 (n4474).  Pins on net: 3.

Node: 7266  TN_INTERMEDIATE_NODE Block #15 (n4474)
Pin: lut5.in[0] pb (n4492_1)
T_arr: 8.19327e-09  T_req: -5.14305e-09  Tdel: 0
Internal Net: #3280 (n4474).  Pins on net: 3.

Node: 7270  TN_PRIMITIVE_IPIN Block #15 (n4474)
Pin: lut.in[0] pb (n4492_1)
T_arr: 8.19327e-09  T_req: -5.14305e-09  Tdel: 2.35e-10
Internal Net: #3280 (n4474).  Pins on net: 3.

Node: 7273  TN_PRIMITIVE_OPIN Block #15 (n4474)
Pin: lut.out[0] pb (n4492_1)
T_arr: 8.42827e-09  T_req: -4.90805e-09  Tdel: 0
Internal Net: #3298 (n4492_1).  Pins on net: 4.

Node: 7269  TN_INTERMEDIATE_NODE Block #15 (n4474)
Pin: lut5.out[0] pb (n4492_1)
T_arr: 8.42827e-09  T_req: -4.90805e-09  Tdel: 2.49996e-11
Internal Net: #3298 (n4492_1).  Pins on net: 4.

Node: 7265  TN_INTERMEDIATE_NODE Block #15 (n4474)
Pin: ble5.out[0] pb (n4492_1)
T_arr: 8.45327e-09  T_req: -4.88305e-09  Tdel: 0
Internal Net: #3298 (n4492_1).  Pins on net: 4.

Node: 7249  TN_INTERMEDIATE_NODE Block #15 (n4474)
Pin: lut5inter.out[1] pb (n4492_1)
T_arr: 8.45327e-09  T_req: -4.88305e-09  Tdel: 0
Internal Net: #3298 (n4492_1).  Pins on net: 4.

Node: 7244  TN_INTERMEDIATE_NODE Block #15 (n4474)
Pin: fle.out[1] pb (n4492_1)
T_arr: 8.45327e-09  T_req: -4.88305e-09  Tdel: 7.49996e-11
Internal Net: #3298 (n4492_1).  Pins on net: 4.

Node: 7196  TN_INTERMEDIATE_NODE Block #15 (n4474)
Pin: fle.in[0] pb (n4491_1)
T_arr: 8.52827e-09  T_req: -4.80805e-09  Tdel: 0
Internal Net: #3298 (n4492_1).  Pins on net: 4.

Node: 7203  TN_INTERMEDIATE_NODE Block #15 (n4474)
Pin: lut5inter.in[0] pb (n4491_1)
T_arr: 8.52827e-09  T_req: -4.80805e-09  Tdel: 0
Internal Net: #3298 (n4492_1).  Pins on net: 4.

Node: 7210  TN_INTERMEDIATE_NODE Block #15 (n4474)
Pin: ble5.in[0] pb (n4529)
T_arr: 8.52827e-09  T_req: -4.80805e-09  Tdel: 0
Internal Net: #3298 (n4492_1).  Pins on net: 4.

Node: 7216  TN_INTERMEDIATE_NODE Block #15 (n4474)
Pin: lut5.in[0] pb (n4529)
T_arr: 8.52827e-09  T_req: -4.80805e-09  Tdel: 0
Internal Net: #3298 (n4492_1).  Pins on net: 4.

Node: 7222  TN_PRIMITIVE_IPIN Block #15 (n4474)
Pin: lut.in[0] pb (n4529)
T_arr: 8.52827e-09  T_req: -4.80805e-09  Tdel: 2.35e-10
Internal Net: #3298 (n4492_1).  Pins on net: 4.

Node: 7227  TN_PRIMITIVE_OPIN Block #15 (n4474)
Pin: lut.out[0] pb (n4529)
T_arr: 8.76327e-09  T_req: -4.57305e-09  Tdel: 0
Internal Net: #3335 (n4529).  Pins on net: 4.

Node: 7221  TN_INTERMEDIATE_NODE Block #15 (n4474)
Pin: lut5.out[0] pb (n4529)
T_arr: 8.76327e-09  T_req: -4.57305e-09  Tdel: 2.49996e-11
Internal Net: #3335 (n4529).  Pins on net: 4.

Node: 7215  TN_INTERMEDIATE_NODE Block #15 (n4474)
Pin: ble5.out[0] pb (n4529)
T_arr: 8.78827e-09  T_req: -4.54805e-09  Tdel: 0
Internal Net: #3335 (n4529).  Pins on net: 4.

Node: 7208  TN_INTERMEDIATE_NODE Block #15 (n4474)
Pin: lut5inter.out[0] pb (n4491_1)
T_arr: 8.78827e-09  T_req: -4.54805e-09  Tdel: 0
Internal Net: #3335 (n4529).  Pins on net: 4.

Node: 7201  TN_INTERMEDIATE_NODE Block #15 (n4474)
Pin: fle.out[0] pb (n4491_1)
T_arr: 8.78827e-09  T_req: -4.54805e-09  Tdel: 0
Internal Net: #3335 (n4529).  Pins on net: 4.

Node: 6956  TN_CB_OPIN Block #15 (n4474)
Pin: clb.O[7] pb (n4474)
T_arr: 8.78827e-09  T_req: -4.54805e-09  Tdel: 3.42421e-10
External-to-Block Net: #333 (n4529).  Pins on net: 4.

Node: 4180  TN_CB_IPIN Block #12 (n4547_1)
Pin: clb.I[26] pb (n4547_1)
T_arr: 9.13069e-09  T_req: -4.20563e-09  Tdel: 9.49996e-11
Internal Net: #3335 (n4529).  Pins on net: 4.

Node: 4304  TN_INTERMEDIATE_NODE Block #12 (n4547_1)
Pin: fle.in[4] pb (n4567_1)
T_arr: 9.22569e-09  T_req: -4.11063e-09  Tdel: 0
Internal Net: #3335 (n4529).  Pins on net: 4.

Node: 4311  TN_INTERMEDIATE_NODE Block #12 (n4547_1)
Pin: ble6.in[4] pb (n4567_1)
T_arr: 9.22569e-09  T_req: -4.11063e-09  Tdel: 0
Internal Net: #3335 (n4529).  Pins on net: 4.

Node: 4318  TN_INTERMEDIATE_NODE Block #12 (n4547_1)
Pin: lut6.in[4] pb (n4567_1)
T_arr: 9.22569e-09  T_req: -4.11063e-09  Tdel: 0
Internal Net: #3335 (n4529).  Pins on net: 4.

Node: 4325  TN_PRIMITIVE_IPIN Block #12 (n4547_1)
Pin: lut.in[4] pb (n4567_1)
T_arr: 9.22569e-09  T_req: -4.11063e-09  Tdel: 2.61e-10
Internal Net: #3335 (n4529).  Pins on net: 4.

Node: 4327  TN_PRIMITIVE_OPIN Block #12 (n4547_1)
Pin: lut.out[0] pb (n4567_1)
T_arr: 9.48669e-09  T_req: -3.84963e-09  Tdel: 0
Internal Net: #3372 (n4567_1).  Pins on net: 3.

Node: 4320  TN_INTERMEDIATE_NODE Block #12 (n4547_1)
Pin: lut6.out[0] pb (n4567_1)
T_arr: 9.48669e-09  T_req: -3.84963e-09  Tdel: 2.49996e-11
Internal Net: #3372 (n4567_1).  Pins on net: 3.

Node: 4313  TN_INTERMEDIATE_NODE Block #12 (n4547_1)
Pin: ble6.out[0] pb (n4567_1)
T_arr: 9.51169e-09  T_req: -3.82463e-09  Tdel: 0
Internal Net: #3372 (n4567_1).  Pins on net: 3.

Node: 4306  TN_INTERMEDIATE_NODE Block #12 (n4547_1)
Pin: fle.out[0] pb (n4567_1)
T_arr: 9.51169e-09  T_req: -3.82463e-09  Tdel: 7.49996e-11
Internal Net: #3372 (n4567_1).  Pins on net: 3.

Node: 4329  TN_INTERMEDIATE_NODE Block #12 (n4547_1)
Pin: fle.in[1] pb (n4565)
T_arr: 9.58669e-09  T_req: -3.74963e-09  Tdel: 0
Internal Net: #3372 (n4567_1).  Pins on net: 3.

Node: 4336  TN_INTERMEDIATE_NODE Block #12 (n4547_1)
Pin: lut5inter.in[1] pb (n4565)
T_arr: 9.58669e-09  T_req: -3.74963e-09  Tdel: 0
Internal Net: #3372 (n4567_1).  Pins on net: 3.

Node: 4358  TN_INTERMEDIATE_NODE Block #12 (n4547_1)
Pin: ble5.in[1] pb (n4565)
T_arr: 9.58669e-09  T_req: -3.74963e-09  Tdel: 0
Internal Net: #3372 (n4567_1).  Pins on net: 3.

Node: 4361  TN_INTERMEDIATE_NODE Block #12 (n4547_1)
Pin: lut5.in[1] pb (n4565)
T_arr: 9.58669e-09  T_req: -3.74963e-09  Tdel: 0
Internal Net: #3372 (n4567_1).  Pins on net: 3.

Node: 4364  TN_PRIMITIVE_IPIN Block #12 (n4547_1)
Pin: lut.in[1] pb (n4565)
T_arr: 9.58669e-09  T_req: -3.74963e-09  Tdel: 2.35e-10
Internal Net: #3372 (n4567_1).  Pins on net: 3.

Node: 4365  TN_PRIMITIVE_OPIN Block #12 (n4547_1)
Pin: lut.out[0] pb (n4565)
T_arr: 9.82168e-09  T_req: -3.51463e-09  Tdel: 0
Internal Net: #3367 (n4565).  Pins on net: 7.

Node: 4362  TN_INTERMEDIATE_NODE Block #12 (n4547_1)
Pin: lut5.out[0] pb (n4565)
T_arr: 9.82168e-09  T_req: -3.51463e-09  Tdel: 2.49996e-11
Internal Net: #3367 (n4565).  Pins on net: 7.

Node: 4359  TN_INTERMEDIATE_NODE Block #12 (n4547_1)
Pin: ble5.out[0] pb (n4565)
T_arr: 9.84668e-09  T_req: -3.48963e-09  Tdel: 0
Internal Net: #3367 (n4565).  Pins on net: 7.

Node: 4341  TN_INTERMEDIATE_NODE Block #12 (n4547_1)
Pin: lut5inter.out[1] pb (n4565)
T_arr: 9.84668e-09  T_req: -3.48963e-09  Tdel: 0
Internal Net: #3367 (n4565).  Pins on net: 7.

Node: 4334  TN_INTERMEDIATE_NODE Block #12 (n4547_1)
Pin: fle.out[1] pb (n4565)
T_arr: 9.84668e-09  T_req: -3.48963e-09  Tdel: 0
Internal Net: #3367 (n4565).  Pins on net: 7.

Node: 4198  TN_CB_OPIN Block #12 (n4547_1)
Pin: clb.O[14] pb (n4547_1)
T_arr: 9.84668e-09  T_req: -3.48963e-09  Tdel: 3.42421e-10
External-to-Block Net: #312 (n4565).  Pins on net: 4.

Node: 3814  TN_CB_IPIN Block #11 (top.or1200_rf+or1200_rf^MULTI_PORT_MUX~1103^MUX_2~8459)
Pin: clb.I[30] pb (top.or1200_rf+or1200_rf^MULTI_PORT_MUX~1103^MUX_2~8459)
T_arr: 1.01891e-08  T_req: -3.14721e-09  Tdel: 9.49996e-11
Internal Net: #3367 (n4565).  Pins on net: 7.

Node: 3834  TN_INTERMEDIATE_NODE Block #11 (top.or1200_rf+or1200_rf^MULTI_PORT_MUX~1103^MUX_2~8459)
Pin: fle.in[3] pb (n4568)
T_arr: 1.02841e-08  T_req: -3.05221e-09  Tdel: 0
Internal Net: #3367 (n4565).  Pins on net: 7.

Node: 3841  TN_INTERMEDIATE_NODE Block #11 (top.or1200_rf+or1200_rf^MULTI_PORT_MUX~1103^MUX_2~8459)
Pin: ble6.in[3] pb (n4568)
T_arr: 1.02841e-08  T_req: -3.05221e-09  Tdel: 0
Internal Net: #3367 (n4565).  Pins on net: 7.

Node: 3848  TN_INTERMEDIATE_NODE Block #11 (top.or1200_rf+or1200_rf^MULTI_PORT_MUX~1103^MUX_2~8459)
Pin: lut6.in[3] pb (n4568)
T_arr: 1.02841e-08  T_req: -3.05221e-09  Tdel: 0
Internal Net: #3367 (n4565).  Pins on net: 7.

Node: 3855  TN_PRIMITIVE_IPIN Block #11 (top.or1200_rf+or1200_rf^MULTI_PORT_MUX~1103^MUX_2~8459)
Pin: lut.in[3] pb (n4568)
T_arr: 1.02841e-08  T_req: -3.05221e-09  Tdel: 2.61e-10
Internal Net: #3367 (n4565).  Pins on net: 7.

Node: 3858  TN_PRIMITIVE_OPIN Block #11 (top.or1200_rf+or1200_rf^MULTI_PORT_MUX~1103^MUX_2~8459)
Pin: lut.out[0] pb (n4568)
T_arr: 1.05451e-08  T_req: -2.79121e-09  Tdel: 0
Internal Net: #3368 (n4568).  Pins on net: 3.

Node: 3851  TN_INTERMEDIATE_NODE Block #11 (top.or1200_rf+or1200_rf^MULTI_PORT_MUX~1103^MUX_2~8459)
Pin: lut6.out[0] pb (n4568)
T_arr: 1.05451e-08  T_req: -2.79121e-09  Tdel: 2.49996e-11
Internal Net: #3368 (n4568).  Pins on net: 3.

Node: 3844  TN_INTERMEDIATE_NODE Block #11 (top.or1200_rf+or1200_rf^MULTI_PORT_MUX~1103^MUX_2~8459)
Pin: ble6.out[0] pb (n4568)
T_arr: 1.05701e-08  T_req: -2.76621e-09  Tdel: 0
Internal Net: #3368 (n4568).  Pins on net: 3.

Node: 3837  TN_INTERMEDIATE_NODE Block #11 (top.or1200_rf+or1200_rf^MULTI_PORT_MUX~1103^MUX_2~8459)
Pin: fle.out[0] pb (n4568)
T_arr: 1.05701e-08  T_req: -2.76621e-09  Tdel: 0
Internal Net: #3368 (n4568).  Pins on net: 3.

Node: 3821  TN_CB_OPIN Block #11 (top.or1200_rf+or1200_rf^MULTI_PORT_MUX~1103^MUX_2~8459)
Pin: clb.O[0] pb (top.or1200_rf+or1200_rf^MULTI_PORT_MUX~1103^MUX_2~8459)
T_arr: 1.05701e-08  T_req: -2.76621e-09  Tdel: 3.43528e-10
External-to-Block Net: #316 (n4568).  Pins on net: 3.

Node: 4176  TN_CB_IPIN Block #12 (n4547_1)
Pin: clb.I[22] pb (n4547_1)
T_arr: 1.09136e-08  T_req: -2.42268e-09  Tdel: 9.49996e-11
Internal Net: #3368 (n4568).  Pins on net: 3.

Node: 4422  TN_INTERMEDIATE_NODE Block #12 (n4547_1)
Pin: fle.in[3] pb (n4563)
T_arr: 1.10086e-08  T_req: -2.32768e-09  Tdel: 0
Internal Net: #3368 (n4568).  Pins on net: 3.

Node: 4429  TN_INTERMEDIATE_NODE Block #12 (n4547_1)
Pin: ble6.in[3] pb (n4563)
T_arr: 1.10086e-08  T_req: -2.32768e-09  Tdel: 0
Internal Net: #3368 (n4568).  Pins on net: 3.

Node: 4436  TN_INTERMEDIATE_NODE Block #12 (n4547_1)
Pin: lut6.in[3] pb (n4563)
T_arr: 1.10086e-08  T_req: -2.32768e-09  Tdel: 0
Internal Net: #3368 (n4568).  Pins on net: 3.

Node: 4443  TN_PRIMITIVE_IPIN Block #12 (n4547_1)
Pin: lut.in[3] pb (n4563)
T_arr: 1.10086e-08  T_req: -2.32768e-09  Tdel: 2.61e-10
Internal Net: #3368 (n4568).  Pins on net: 3.

Node: 4446  TN_PRIMITIVE_OPIN Block #12 (n4547_1)
Pin: lut.out[0] pb (n4563)
T_arr: 1.12696e-08  T_req: -2.06668e-09  Tdel: 0
Internal Net: #3370 (n4563).  Pins on net: 5.

Node: 4439  TN_INTERMEDIATE_NODE Block #12 (n4547_1)
Pin: lut6.out[0] pb (n4563)
T_arr: 1.12696e-08  T_req: -2.06668e-09  Tdel: 2.49996e-11
Internal Net: #3370 (n4563).  Pins on net: 5.

Node: 4432  TN_INTERMEDIATE_NODE Block #12 (n4547_1)
Pin: ble6.out[0] pb (n4563)
T_arr: 1.12946e-08  T_req: -2.04168e-09  Tdel: 0
Internal Net: #3370 (n4563).  Pins on net: 5.

Node: 4425  TN_INTERMEDIATE_NODE Block #12 (n4547_1)
Pin: fle.out[0] pb (n4563)
T_arr: 1.12946e-08  T_req: -2.04168e-09  Tdel: 0
Internal Net: #3370 (n4563).  Pins on net: 5.

Node: 4195  TN_CB_OPIN Block #12 (n4547_1)
Pin: clb.O[7] pb (n4547_1)
T_arr: 1.12946e-08  T_req: -2.04168e-09  Tdel: 3.42421e-10
External-to-Block Net: #342 (n4563).  Pins on net: 3.

Node: 8098  TN_CB_IPIN Block #18 (top.or1200_rf+or1200_rf^MULTI_PORT_MUX~1103^MUX_2~8460)
Pin: clb.I[14] pb (top.or1200_rf+or1200_rf^MULTI_PORT_MUX~1103^MUX_2~8460)
T_arr: 1.16371e-08  T_req: -1.69926e-09  Tdel: 9.49996e-11
Internal Net: #3370 (n4563).  Pins on net: 5.

Node: 8381  TN_INTERMEDIATE_NODE Block #18 (top.or1200_rf+or1200_rf^MULTI_PORT_MUX~1103^MUX_2~8460)
Pin: fle.in[1] pb (top.or1200_rf+or1200_rf^MULTI_PORT_MUX~1103^MUX_2~8460)
T_arr: 1.17321e-08  T_req: -1.60426e-09  Tdel: 0
Internal Net: #3370 (n4563).  Pins on net: 5.

Node: 8386  TN_INTERMEDIATE_NODE Block #18 (top.or1200_rf+or1200_rf^MULTI_PORT_MUX~1103^MUX_2~8460)
Pin: lut5inter.in[1] pb (top.or1200_rf+or1200_rf^MULTI_PORT_MUX~1103^MUX_2~8460)
T_arr: 1.17321e-08  T_req: -1.60426e-09  Tdel: 0
Internal Net: #3370 (n4563).  Pins on net: 5.

Node: 8391  TN_INTERMEDIATE_NODE Block #18 (top.or1200_rf+or1200_rf^MULTI_PORT_MUX~1103^MUX_2~8460)
Pin: ble5.in[1] pb (top.or1200_rf+or1200_rf^MULTI_PORT_MUX~1103^MUX_2~8460)
T_arr: 1.17321e-08  T_req: -1.60426e-09  Tdel: 0
Internal Net: #3370 (n4563).  Pins on net: 5.

Node: 8396  TN_INTERMEDIATE_NODE Block #18 (top.or1200_rf+or1200_rf^MULTI_PORT_MUX~1103^MUX_2~8460)
Pin: lut5.in[1] pb (top.or1200_rf+or1200_rf^MULTI_PORT_MUX~1103^MUX_2~8460)
T_arr: 1.17321e-08  T_req: -1.60426e-09  Tdel: 0
Internal Net: #3370 (n4563).  Pins on net: 5.

Node: 8401  TN_PRIMITIVE_IPIN Block #18 (top.or1200_rf+or1200_rf^MULTI_PORT_MUX~1103^MUX_2~8460)
Pin: lut.in[1] pb (top.or1200_rf+or1200_rf^MULTI_PORT_MUX~1103^MUX_2~8460)
T_arr: 1.17321e-08  T_req: -1.60426e-09  Tdel: 2.35e-10
Internal Net: #3370 (n4563).  Pins on net: 5.

Node: 8404  TN_PRIMITIVE_OPIN Block #18 (top.or1200_rf+or1200_rf^MULTI_PORT_MUX~1103^MUX_2~8460)
Pin: lut.out[0] pb (top.or1200_rf+or1200_rf^MULTI_PORT_MUX~1103^MUX_2~8460)
T_arr: 1.19671e-08  T_req: -1.36926e-09  Tdel: 0
Internal Net: #2288 (top.or1200_rf+or1200_rf^MULTI_PORT_MUX~1103^MUX_2~8460).  Pins on net: 3.

Node: 8399  TN_INTERMEDIATE_NODE Block #18 (top.or1200_rf+or1200_rf^MULTI_PORT_MUX~1103^MUX_2~8460)
Pin: lut5.out[0] pb (top.or1200_rf+or1200_rf^MULTI_PORT_MUX~1103^MUX_2~8460)
T_arr: 1.19671e-08  T_req: -1.36926e-09  Tdel: 2.49996e-11
Internal Net: #2288 (top.or1200_rf+or1200_rf^MULTI_PORT_MUX~1103^MUX_2~8460).  Pins on net: 3.

Node: 8394  TN_INTERMEDIATE_NODE Block #18 (top.or1200_rf+or1200_rf^MULTI_PORT_MUX~1103^MUX_2~8460)
Pin: ble5.out[0] pb (top.or1200_rf+or1200_rf^MULTI_PORT_MUX~1103^MUX_2~8460)
T_arr: 1.19921e-08  T_req: -1.34426e-09  Tdel: 0
Internal Net: #2288 (top.or1200_rf+or1200_rf^MULTI_PORT_MUX~1103^MUX_2~8460).  Pins on net: 3.

Node: 8389  TN_INTERMEDIATE_NODE Block #18 (top.or1200_rf+or1200_rf^MULTI_PORT_MUX~1103^MUX_2~8460)
Pin: lut5inter.out[1] pb (top.or1200_rf+or1200_rf^MULTI_PORT_MUX~1103^MUX_2~8460)
T_arr: 1.19921e-08  T_req: -1.34426e-09  Tdel: 0
Internal Net: #2288 (top.or1200_rf+or1200_rf^MULTI_PORT_MUX~1103^MUX_2~8460).  Pins on net: 3.

Node: 8384  TN_INTERMEDIATE_NODE Block #18 (top.or1200_rf+or1200_rf^MULTI_PORT_MUX~1103^MUX_2~8460)
Pin: fle.out[1] pb (top.or1200_rf+or1200_rf^MULTI_PORT_MUX~1103^MUX_2~8460)
T_arr: 1.19921e-08  T_req: -1.34426e-09  Tdel: 0
Internal Net: #2288 (top.or1200_rf+or1200_rf^MULTI_PORT_MUX~1103^MUX_2~8460).  Pins on net: 3.

Node: 8121  TN_CB_OPIN Block #18 (top.or1200_rf+or1200_rf^MULTI_PORT_MUX~1103^MUX_2~8460)
Pin: clb.O[19] pb (top.or1200_rf+or1200_rf^MULTI_PORT_MUX~1103^MUX_2~8460)
T_arr: 1.19921e-08  T_req: -1.34426e-09  Tdel: 7.45687e-10
External-to-Block Net: #357 (top.or1200_rf+or1200_rf^MULTI_PORT_MUX~1103^MUX_2~8460).  Pins on net: 3.

Node: 4547  TN_CB_IPIN Block #13 (top.or1200_rf+or1200_rf.dual_port_ram+rf_b^out2~29)
Pin: memory.data[32] pb (top.or1200_rf+or1200_rf.dual_port_ram+rf_b^out2~29)
T_arr: 1.27377e-08  T_req: -5.9857e-10  Tdel: 1.32e-10
Internal Net: #2288 (top.or1200_rf+or1200_rf^MULTI_PORT_MUX~1103^MUX_2~8460).  Pins on net: 3.

Node: 4656  TN_INTERMEDIATE_NODE Block #13 (top.or1200_rf+or1200_rf.dual_port_ram+rf_b^out2~29)
Pin: mem_1024x32_dp.data2[0] pb (top.or1200_rf+or1200_rf.dual_port_ram+rf_b^out2~29)
T_arr: 1.28697e-08  T_req: -4.6657e-10  Tdel: 0
Internal Net: #2288 (top.or1200_rf+or1200_rf^MULTI_PORT_MUX~1103^MUX_2~8460).  Pins on net: 3.

Node: 4745  TN_FF_IPIN Block #13 (top.or1200_rf+or1200_rf.dual_port_ram+rf_b^out2~29)
Pin: memory_slice.data2[0] pb (top.or1200_rf+or1200_rf.dual_port_ram+rf_b^out2~30)
T_arr: 1.28697e-08  T_req: -4.6657e-10  Tdel: 5.09e-10
Internal Net: #2288 (top.or1200_rf+or1200_rf^MULTI_PORT_MUX~1103^MUX_2~8460).  Pins on net: 3.

Node: 4746  TN_FF_SINK Block #13 (top.or1200_rf+or1200_rf.dual_port_ram+rf_b^out2~29)
Pin: memory_slice.data2[0] pb (top.or1200_rf+or1200_rf.dual_port_ram+rf_b^out2~30)
T_arr: 1.33787e-08  T_req: 4.243e-11  
Internal Net: #2288 (top.or1200_rf+or1200_rf^MULTI_PORT_MUX~1103^MUX_2~8460).  Pins on net: 3.


Tnodes on critical path: 287  Non-global nets on critical path: 9.
Global nets on critical path: 0.
Total logic delay: 1.0119e-08 (s)  Total net delay: 3.21732e-09 (s)
