
/work/zhang/users/chang/project/daTuner/apps/vtr_release/vtr_flow/../vpr/vpr k6_frac_N10_mem32K_40nm.xml diffeq1 --blif_file diffeq1.pre-vpr.blif --timing_analysis on --timing_driven_clustering on --cluster_seed_type timing --sdc_file  --alpha_clustering 0.553430567288 --beta_clustering 0.273846041097 --allow_unrelated_clustering on --connection_driven_clustering on --alpha_t 0.766158832733 --seed 1 --inner_num 100 --timing_tradeoff 0.544204425923 --inner_loop_recompute_divider 0 --td_place_exp_first 1 --td_place_exp_last 10 --max_router_iterations 50 --initial_pres_fac 17.9768803315 --pres_fac_mult 1.82711807694 --acc_fac 1.39070692442 --bb_factor 3 --base_cost_type delay_normalized --astar_fac 1.39362526598 --max_criticality 0.850452727281 --criticality_exp 0.870271997517 --nodisp

VPR FPGA Placement and Routing.
Version: Version 7.0
Compiled: Apr  4 2016.
University of Toronto
vpr@eecg.utoronto.ca
This is free open source code under MIT license.

Architecture file: k6_frac_N10_mem32K_40nm.xml
Circuit name: diffeq1.blif

Building complex block graph.
WARNING(1): io[0].clock[0] unconnected pin in architecture.
Loop for doall = 0, init_parse took 0 seconds.
Loop for doall = 0 took 0.02 seconds.
Loop for doall = 1, init_parse took 0.02 seconds.
Loop for doall = 1 took 0 seconds.
Swept away 196 nets with no fanout.
Net is a constant generator: vcc.
WARNING(2): logical_block #456 with output vcc has only 0 pin.
WARNING(3): Block contains output -- may be a constant generator.
0 unconnected blocks in input netlist.
Removed 96 LUT buffers.
Sweeped away 96 nodes.
BLIF circuit stats:
	1 LUTs of size 0
	0 LUTs of size 1
	43 LUTs of size 2
	32 LUTs of size 3
	137 LUTs of size 4
	148 LUTs of size 5
	124 LUTs of size 6
	162 of type input
	96 of type output
	193 of type latch
	485 of type names
	0 of type dual_port_ram
	0 of type single_port_ram
	5 of type multiply
Timing analysis: ON
Circuit netlist file: diffeq1.net
Circuit placement file: diffeq1.place
Circuit routing file: diffeq1.route
Circuit SDC file: 
Operation: RUN_FLOW

Packer: ENABLED
Placer: ENABLED
Router: ENABLED
PackerOpts.allow_early_exit: FALSE
PackerOpts.allow_unrelated_clustering: TRUE
PackerOpts.alpha_clustering: 0.553431
PackerOpts.aspect: 1.000000
PackerOpts.beta_clustering: 0.273846
PackerOpts.block_delay: 0.000000
PackerOpts.cluster_seed_type: TIMING
PackerOpts.connection_driven: TRUE
PackerOpts.global_clocks: TRUE
PackerOpts.hill_climbing_flag: FALSE
PackerOpts.inter_cluster_net_delay: 1.000000
PackerOpts.intra_cluster_net_delay: 0.000000
PackerOpts.recompute_timing_after: 32767
PackerOpts.sweep_hanging_nets_and_inputs: TRUE
PackerOpts.timing_driven: TRUE

PlacerOpts.place_freq: PLACE_ONCE
PlacerOpts.place_algorithm: PATH_TIMING_DRIVEN_PLACE
PlacerOpts.pad_loc_type: FREE
PlacerOpts.place_cost_exp: 1.000000
PlacerOpts.inner_loop_recompute_divider: 0
PlacerOpts.recompute_crit_iter: 1
PlacerOpts.timing_tradeoff: 0.544204
PlacerOpts.td_place_exp_first: 1.000000
PlacerOpts.td_place_exp_last: 10.000000
PlaceOpts.seed: 1
AnnealSched.type: USER_SCHED
AnnealSched.inner_num: 100.000000
AnnealSched.init_t: 100.000000
AnnealSched.alpha_t: 0.766159
AnnealSched.exit_t: 0.010000

RouterOpts.route_type: DETAILED
RouterOpts.router_algorithm: TIMING_DRIVEN
RouterOpts.base_cost_type: DELAY_NORMALIZED
RouterOpts.fixed_channel_width: NO_FIXED_CHANNEL_WIDTH
RouterOpts.acc_fac: 1.390707
RouterOpts.bb_factor: 3
RouterOpts.bend_cost: 0.000000
RouterOpts.first_iter_pres_fac: 0.500000
RouterOpts.initial_pres_fac: 17.976881
RouterOpts.pres_fac_mult: 1.827118
RouterOpts.max_router_iterations: 50
RouterOpts.astar_fac: 1.393625
RouterOpts.criticality_exp: 0.870272
RouterOpts.max_criticality: 0.850453

RoutingArch.directionality: UNI_DIRECTIONAL
RoutingArch.switch_block_type: WILTON
RoutingArch.Fs: 3

Initialize packing.
Begin packing 'diffeq1.pre-vpr.blif'.

After removing unused inputs...
	total blocks: 941, total nets: 1004, total inputs: 162, total outputs: 96
Begin prepacking.
Finish prepacking.
Using inter-cluster delay: 1.33777e-09

SDC file '' blank or not found.

Defaulting to: constrain all 0 inputs and 0 outputs on the netlist clock.
Optimize this clock to run as fast as possible.
Not enough resources expand FPGA size to x = 2 y = 2.
Complex block 0: cb.n1416, type: clb
	...................................................................
Passed route at end.
Complex block 1: cb.n1702_1, type: clb
	........................................
Passed route at end.
Not enough resources expand FPGA size to x = 3 y = 3.
Complex block 2: cb.n1692_1, type: clb
	........................................
Passed route at end.
Complex block 3: cb.n1406, type: clb
	.......................................
Passed route at end.
Complex block 4: cb.n1662_1, type: clb
	.............................................
Passed route at end.
Complex block 5: cb.n1622_1, type: clb
	..................................................
Passed route at end.
Not enough resources expand FPGA size to x = 4 y = 4.
Complex block 6: cb.n1603, type: clb
	.........................................
Passed route at end.
Complex block 7: cb.n1586_1, type: clb
	............
Passed route at end.
Complex block 8: cb.n1674, type: clb
	........................................
Passed route at end.
Complex block 9: cb.n1648, type: clb
	.......................................
Passed route at end.
Complex block 10: cb.n1607_1, type: clb
	........................................
Passed route at end.
Complex block 11: cb.n1635, type: clb
	.................................................
Passed route at end.
Not enough resources expand FPGA size to x = 5 y = 5.
Complex block 12: cb.n1621_1, type: clb
	........................................
Passed route at end.
Not enough resources expand FPGA size to x = 6 y = 6.
Complex block 13: cb.top^MULTIPLY~43[0], type: mult_36
	
Passed route at end.
Not enough resources expand FPGA size to x = 7 y = 7.
Not enough resources expand FPGA size to x = 8 y = 8.
Complex block 14: cb.top^MULTIPLY~0[0], type: mult_36
	
Passed route at end.
Complex block 15: cb.n1266, type: clb
	......................................
Passed route at end.
Not enough resources expand FPGA size to x = 9 y = 9.
Not enough resources expand FPGA size to x = 10 y = 10.
Not enough resources expand FPGA size to x = 11 y = 11.
Not enough resources expand FPGA size to x = 12 y = 12.
Complex block 16: cb.top^MULTIPLY~42[0], type: mult_36
	
Passed route at end.
Complex block 17: cb.n1659, type: clb
	.......................................
Passed route at end.
Complex block 18: cb.top^DXport~2, type: io
	
Passed route at end.
Complex block 19: cb.top^DXport~5, type: io
	
Passed route at end.
Complex block 20: cb.top^DXport~31, type: io
	
Passed route at end.
Complex block 21: cb.top^DXport~23, type: io
	
Passed route at end.
Complex block 22: cb.top^DXport~18, type: io
	
Passed route at end.
Complex block 23: cb.top^DXport~9, type: io
	
Passed route at end.
Complex block 24: cb.top^DXport~11, type: io
	
Passed route at end.
Complex block 25: cb.top^DXport~22, type: io
	
Passed route at end.
Complex block 26: cb.top^DXport~30, type: io
	
Passed route at end.
Complex block 27: cb.top^DXport~17, type: io
	
Passed route at end.
Complex block 28: cb.top^DXport~24, type: io
	
Passed route at end.
Complex block 29: cb.top^DXport~1, type: io
	
Passed route at end.
Complex block 30: cb.top^DXport~16, type: io
	
Passed route at end.
Complex block 31: cb.top^DXport~3, type: io
	
Passed route at end.
Complex block 32: cb.top^DXport~4, type: io
	
Passed route at end.
Complex block 33: cb.top^DXport~26, type: io
	
Passed route at end.
Complex block 34: cb.top^DXport~13, type: io
	
Passed route at end.
Complex block 35: cb.top^DXport~21, type: io
	
Passed route at end.
Complex block 36: cb.top^DXport~20, type: io
	
Passed route at end.
Complex block 37: cb.top^DXport~14, type: io
	
Passed route at end.
Complex block 38: cb.top^DXport~19, type: io
	
Passed route at end.
Complex block 39: cb.top^DXport~7, type: io
	
Passed route at end.
Complex block 40: cb.top^DXport~25, type: io
	
Passed route at end.
Complex block 41: cb.top^DXport~29, type: io
	
Passed route at end.
Complex block 42: cb.top^DXport~12, type: io
	
Passed route at end.
Complex block 43: cb.top^DXport~27, type: io
	
Passed route at end.
Complex block 44: cb.top^DXport~10, type: io
	
Passed route at end.
Complex block 45: cb.top^DXport~8, type: io
	
Passed route at end.
Complex block 46: cb.top^DXport~6, type: io
	
Passed route at end.
Complex block 47: cb.top^DXport~0, type: io
	
Passed route at end.
Complex block 48: cb.top^DXport~15, type: io
	
Passed route at end.
Complex block 49: cb.top^DXport~28, type: io
	
Passed route at end.
Not enough resources expand FPGA size to x = 13 y = 13.
Not enough resources expand FPGA size to x = 14 y = 14.
Complex block 50: cb.top^MULTIPLY~46[0], type: mult_36
	
Passed route at end.
Complex block 51: cb.top^MULTIPLY~45[0], type: mult_36
	
Passed route at end.
Complex block 52: cb.n1611, type: clb
	......................................
Passed route at end.
Complex block 53: cb.n1631, type: clb
	.........................................
Passed route at end.
Complex block 54: cb.n1716, type: clb
	.......................................
Passed route at end.
Complex block 55: cb.n1651, type: clb
	........................................
Passed route at end.
Complex block 56: cb.n1691, type: clb
	.........................................
Passed route at end.
Complex block 57: cb.n1661, type: clb
	........................................
Passed route at end.
Complex block 58: cb.n1696, type: clb
	......................................
Passed route at end.
Complex block 59: cb.n1726, type: clb
	......................................
Passed route at end.
Complex block 60: cb.n1496, type: clb
	........................................
Passed route at end.
Complex block 61: cb.n1426, type: clb
	.......................................
Passed route at end.
Complex block 62: cb.n1521, type: clb
	.........................................
Passed route at end.
Complex block 63: cb.n1461, type: clb
	........................................
Passed route at end.
Complex block 64: cb.n1446, type: clb
	......................................
Passed route at end.
Complex block 65: cb.n1501, type: clb
	........................................
Passed route at end.
Complex block 66: cb.n1541, type: clb
	.........................................
Passed route at end.
Complex block 67: cb.n1571, type: clb
	........................................
Passed route at end.
Complex block 68: cb.n1576, type: clb
	......................................
Passed route at end.
Complex block 69: cb.n1581, type: clb
	......................................
Passed route at end.
Complex block 70: cb.n1476, type: clb
	........................................
Passed route at end.
Complex block 71: cb.n1649, type: clb
	......................................
Passed route at end.
Complex block 72: cb.n1887, type: clb
	.......................................
Passed route at end.
Complex block 73: cb.n1837, type: clb
	......................................
Passed route at end.
Complex block 74: cb.n1673, type: clb
	......................................
Passed route at end.
Complex block 75: cb.n1700, type: clb
	.......................................................
Passed route at end.
Complex block 76: cb.n1588, type: clb
	......................
Passed route at end.
Complex block 77: cb.n1435, type: clb
	...............
Passed route at end.
Complex block 78: cb.top^Aport~2, type: io
	
Passed route at end.
Complex block 79: cb.top^Aport~1, type: io
	
Passed route at end.
Complex block 80: cb.top^Aport~0, type: io
	
Passed route at end.
Complex block 81: cb.n841, type: clb
	.............
Passed route at end.
Complex block 82: cb.top^Aport~4, type: io
	
Passed route at end.
Complex block 83: cb.top^Aport~3, type: io
	
Passed route at end.
Complex block 84: cb.top^Aport~5, type: io
	
Passed route at end.
Complex block 85: cb.top^Aport~7, type: io
	
Passed route at end.
Complex block 86: cb.top^Aport~6, type: io
	
Passed route at end.
Complex block 87: cb.top^Aport~16, type: io
	
Passed route at end.
Complex block 88: cb.top^Aport~15, type: io
	
Passed route at end.
Complex block 89: cb.top^Aport~14, type: io
	
Passed route at end.
Complex block 90: cb.top^Aport~24, type: io
	
Passed route at end.
Complex block 91: cb.top^Aport~21, type: io
	
Passed route at end.
Complex block 92: cb.top^Aport~23, type: io
	
Passed route at end.
Complex block 93: cb.top^Aport~22, type: io
	
Passed route at end.
Complex block 94: cb.top^Aport~17, type: io
	
Passed route at end.
Complex block 95: cb.top^Aport~13, type: io
	
Passed route at end.
Complex block 96: cb.top^Aport~9, type: io
	
Passed route at end.
Complex block 97: cb.top^Aport~8, type: io
	
Passed route at end.
Complex block 98: cb.top^Aport~27, type: io
	
Passed route at end.
Complex block 99: cb.top^Aport~26, type: io
	
Passed route at end.
Complex block 100: cb.top^Aport~28, type: io
	
Passed route at end.
Complex block 101: cb.top^Aport~25, type: io
	
Passed route at end.
Complex block 102: cb.top^Aport~29, type: io
	
Passed route at end.
Complex block 103: cb.top^Aport~11, type: io
	
Passed route at end.
Complex block 104: cb.top^Aport~10, type: io
	
Passed route at end.
Complex block 105: cb.top^Aport~31, type: io
	
Passed route at end.
Complex block 106: cb.top^Aport~20, type: io
	
Passed route at end.
Complex block 107: cb.top^Aport~19, type: io
	
Passed route at end.
Complex block 108: cb.top^Aport~18, type: io
	
Passed route at end.
Complex block 109: cb.top^Aport~30, type: io
	
Passed route at end.
Complex block 110: cb.n1904, type: clb
	.
Passed route at end.
Complex block 111: cb.top^Aport~12, type: io
	
Passed route at end.
Complex block 112: cb.top^Uinport~31, type: io
	
Passed route at end.
Complex block 113: cb.top^reset, type: io
	
Passed route at end.
Complex block 114: cb.top^Xinport~30, type: io
	
Passed route at end.
Complex block 115: cb.top^Uinport~23, type: io
	
Passed route at end.
Complex block 116: cb.top^Uinport~22, type: io
	
Passed route at end.
Complex block 117: cb.top^Uinport~20, type: io
	
Passed route at end.
Complex block 118: cb.top^Uinport~15, type: io
	
Passed route at end.
Complex block 119: cb.top^Uinport~9, type: io
	
Passed route at end.
Complex block 120: cb.top^Uinport~7, type: io
	
Passed route at end.
Complex block 121: cb.top^Uinport~6, type: io
	
Passed route at end.
Complex block 122: cb.top^Uinport~5, type: io
	
Passed route at end.
Complex block 123: cb.top^Uinport~4, type: io
	
Passed route at end.
Complex block 124: cb.top^Uinport~3, type: io
	
Passed route at end.
Complex block 125: cb.top^Uinport~2, type: io
	
Passed route at end.
Complex block 126: cb.top^Uinport~1, type: io
	
Passed route at end.
Complex block 127: cb.top^Yinport~0, type: io
	
Passed route at end.
Complex block 128: cb.top^Uinport~0, type: io
	
Passed route at end.
Complex block 129: cb.top^Xinport~0, type: io
	
Passed route at end.
Complex block 130: cb.top^Yinport~30, type: io
	
Passed route at end.
Complex block 131: cb.top^Yinport~29, type: io
	
Passed route at end.
Complex block 132: cb.top^Yinport~28, type: io
	
Passed route at end.
Complex block 133: cb.top^Xinport~14, type: io
	
Passed route at end.
Complex block 134: cb.top^Yinport~27, type: io
	
Passed route at end.
Complex block 135: cb.top^Xinport~29, type: io
	
Passed route at end.
Complex block 136: cb.top^Yinport~26, type: io
	
Passed route at end.
Complex block 137: cb.top^Yinport~25, type: io
	
Passed route at end.
Complex block 138: cb.top^Xinport~28, type: io
	
Passed route at end.
Complex block 139: cb.top^Yinport~24, type: io
	
Passed route at end.
Complex block 140: cb.top^Xinport~13, type: io
	
Passed route at end.
Complex block 141: cb.top^Xinport~6, type: io
	
Passed route at end.
Complex block 142: cb.top^Yinport~23, type: io
	
Passed route at end.
Complex block 143: cb.top^Xinport~27, type: io
	
Passed route at end.
Complex block 144: cb.top^Yinport~22, type: io
	
Passed route at end.
Complex block 145: cb.top^Yinport~21, type: io
	
Passed route at end.
Complex block 146: cb.top^Xinport~26, type: io
	
Passed route at end.
Complex block 147: cb.top^Yinport~20, type: io
	
Passed route at end.
Complex block 148: cb.top^Xinport~12, type: io
	
Passed route at end.
Complex block 149: cb.top^Yinport~19, type: io
	
Passed route at end.
Complex block 150: cb.top^Xinport~25, type: io
	
Passed route at end.
Complex block 151: cb.top^Yinport~18, type: io
	
Passed route at end.
Complex block 152: cb.top^Yinport~17, type: io
	
Passed route at end.
Complex block 153: cb.top^Xinport~24, type: io
	
Passed route at end.
Complex block 154: cb.top^Yinport~16, type: io
	
Passed route at end.
Complex block 155: cb.top^Xinport~11, type: io
	
Passed route at end.
Complex block 156: cb.top^Xinport~5, type: io
	
Passed route at end.
Complex block 157: cb.top^Yinport~15, type: io
	
Passed route at end.
Complex block 158: cb.top^Xinport~23, type: io
	
Passed route at end.
Complex block 159: cb.top^Xinport~2, type: io
	
Passed route at end.
Complex block 160: cb.top^Uinport~30, type: io
	
Passed route at end.
Complex block 161: cb.top^Yinport~14, type: io
	
Passed route at end.
Complex block 162: cb.top^Uinport~29, type: io
	
Passed route at end.
Complex block 163: cb.top^Uinport~28, type: io
	
Passed route at end.
Complex block 164: cb.top^Yinport~13, type: io
	
Passed route at end.
Complex block 165: cb.top^Uinport~27, type: io
	
Passed route at end.
Complex block 166: cb.top^Xinport~22, type: io
	
Passed route at end.
Complex block 167: cb.top^Uinport~26, type: io
	
Passed route at end.
Complex block 168: cb.top^Yinport~12, type: io
	
Passed route at end.
Complex block 169: cb.top^Uinport~25, type: io
	
Passed route at end.
Complex block 170: cb.top^Xinport~10, type: io
	
Passed route at end.
Complex block 171: cb.top^Uinport~24, type: io
	
Passed route at end.
Complex block 172: cb.top^Yinport~11, type: io
	
Passed route at end.
Complex block 173: cb.top^Xinport~21, type: io
	
Passed route at end.
Complex block 174: cb.top^Yinport~10, type: io
	
Passed route at end.
Complex block 175: cb.top^Uinport~21, type: io
	
Passed route at end.
Complex block 176: cb.top^Yinport~9, type: io
	
Passed route at end.
Complex block 177: cb.top^Uinport~19, type: io
	
Passed route at end.
Complex block 178: cb.top^Xinport~20, type: io
	
Passed route at end.
Complex block 179: cb.top^Xinport~3, type: io
	
Passed route at end.
Complex block 180: cb.top^Uinport~18, type: io
	
Passed route at end.
Complex block 181: cb.top^Xinport~1, type: io
	
Passed route at end.
Complex block 182: cb.top^Yinport~8, type: io
	
Passed route at end.
Complex block 183: cb.top^Uinport~17, type: io
	
Passed route at end.
Complex block 184: cb.top^Xinport~4, type: io
	
Passed route at end.
Complex block 185: cb.top^Uinport~16, type: io
	
Passed route at end.
Complex block 186: cb.top^Xinport~19, type: io
	
Passed route at end.
Complex block 187: cb.top^Yinport~7, type: io
	
Passed route at end.
Complex block 188: cb.top^Xinport~9, type: io
	
Passed route at end.
Complex block 189: cb.top^Uinport~14, type: io
	
Passed route at end.
Complex block 190: cb.top^Uinport~13, type: io
	
Passed route at end.
Complex block 191: cb.top^Yinport~6, type: io
	
Passed route at end.
Complex block 192: cb.top^Uinport~12, type: io
	
Passed route at end.
Complex block 193: cb.top^Uinport~11, type: io
	
Passed route at end.
Complex block 194: cb.top^Yinport~5, type: io
	
Passed route at end.
Complex block 195: cb.top^Xinport~18, type: io
	
Passed route at end.
Complex block 196: cb.top^Uinport~10, type: io
	
Passed route at end.
Complex block 197: cb.top^Yinport~4, type: io
	
Passed route at end.
Complex block 198: cb.top^Uinport~8, type: io
	
Passed route at end.
Complex block 199: cb.top^Yinport~3, type: io
	
Passed route at end.
Complex block 200: cb.top^Xinport~17, type: io
	
Passed route at end.
Complex block 201: cb.top^Xinport~8, type: io
	
Passed route at end.
Complex block 202: cb.top^Yinport~2, type: io
	
Passed route at end.
Complex block 203: cb.top^Yinport~1, type: io
	
Passed route at end.
Complex block 204: cb.top^Xinport~16, type: io
	
Passed route at end.
Complex block 205: cb.top^Xinport~31, type: io
	
Passed route at end.
Complex block 206: cb.top^Yinport~31, type: io
	
Passed route at end.
Complex block 207: cb.top^Xinport~15, type: io
	
Passed route at end.
Complex block 208: cb.top^Xinport~7, type: io
	
Passed route at end.
Complex block 209: cb.out:top^Uoutport~28, type: io
	
Passed route at end.
Complex block 210: cb.out:top^Uoutport~27, type: io
	
Passed route at end.
Complex block 211: cb.out:top^Uoutport~26, type: io
	
Passed route at end.
Complex block 212: cb.out:top^Uoutport~25, type: io
	
Passed route at end.
Complex block 213: cb.out:top^Uoutport~24, type: io
	
Passed route at end.
Complex block 214: cb.out:top^Uoutport~23, type: io
	
Passed route at end.
Complex block 215: cb.out:top^Uoutport~22, type: io
	
Passed route at end.
Complex block 216: cb.out:top^Uoutport~21, type: io
	
Passed route at end.
Complex block 217: cb.out:top^Uoutport~20, type: io
	
Passed route at end.
Complex block 218: cb.out:top^Uoutport~19, type: io
	
Passed route at end.
Complex block 219: cb.out:top^Uoutport~18, type: io
	
Passed route at end.
Complex block 220: cb.out:top^Uoutport~17, type: io
	
Passed route at end.
Complex block 221: cb.out:top^Uoutport~16, type: io
	
Passed route at end.
Complex block 222: cb.out:top^Uoutport~15, type: io
	
Passed route at end.
Complex block 223: cb.out:top^Uoutport~14, type: io
	
Passed route at end.
Complex block 224: cb.out:top^Uoutport~13, type: io
	
Passed route at end.
Complex block 225: cb.out:top^Uoutport~12, type: io
	
Passed route at end.
Complex block 226: cb.out:top^Uoutport~11, type: io
	
Passed route at end.
Complex block 227: cb.out:top^Uoutport~10, type: io
	
Passed route at end.
Complex block 228: cb.out:top^Uoutport~9, type: io
	
Passed route at end.
Complex block 229: cb.out:top^Uoutport~8, type: io
	
Passed route at end.
Complex block 230: cb.out:top^Uoutport~7, type: io
	
Passed route at end.
Complex block 231: cb.out:top^Uoutport~6, type: io
	
Passed route at end.
Complex block 232: cb.out:top^Uoutport~5, type: io
	
Passed route at end.
Complex block 233: cb.out:top^Uoutport~4, type: io
	
Passed route at end.
Complex block 234: cb.out:top^Uoutport~3, type: io
	
Passed route at end.
Complex block 235: cb.out:top^Uoutport~2, type: io
	
Passed route at end.
Complex block 236: cb.out:top^Uoutport~1, type: io
	
Passed route at end.
Complex block 237: cb.out:top^Youtport~31, type: io
	
Passed route at end.
Complex block 238: cb.out:top^Uoutport~0, type: io
	
Passed route at end.
Complex block 239: cb.out:top^Youtport~30, type: io
	
Passed route at end.
Complex block 240: cb.out:top^Youtport~29, type: io
	
Passed route at end.
Complex block 241: cb.out:top^Xoutport~29, type: io
	
Passed route at end.
Complex block 242: cb.out:top^Youtport~28, type: io
	
Passed route at end.
Complex block 243: cb.out:top^Youtport~27, type: io
	
Passed route at end.
Complex block 244: cb.out:top^Youtport~26, type: io
	
Passed route at end.
Complex block 245: cb.out:top^Youtport~25, type: io
	
Passed route at end.
Complex block 246: cb.out:top^Youtport~24, type: io
	
Passed route at end.
Complex block 247: cb.out:top^Youtport~23, type: io
	
Passed route at end.
Complex block 248: cb.out:top^Youtport~22, type: io
	
Passed route at end.
Complex block 249: cb.out:top^Youtport~21, type: io
	
Passed route at end.
Complex block 250: cb.out:top^Youtport~20, type: io
	
Passed route at end.
Complex block 251: cb.out:top^Youtport~19, type: io
	
Passed route at end.
Complex block 252: cb.out:top^Youtport~18, type: io
	
Passed route at end.
Complex block 253: cb.out:top^Youtport~17, type: io
	
Passed route at end.
Complex block 254: cb.out:top^Youtport~16, type: io
	
Passed route at end.
Complex block 255: cb.out:top^Youtport~15, type: io
	
Passed route at end.
Complex block 256: cb.out:top^Youtport~14, type: io
	
Passed route at end.
Complex block 257: cb.out:top^Youtport~13, type: io
	
Passed route at end.
Complex block 258: cb.out:top^Youtport~12, type: io
	
Passed route at end.
Complex block 259: cb.out:top^Youtport~11, type: io
	
Passed route at end.
Complex block 260: cb.out:top^Youtport~10, type: io
	
Passed route at end.
Complex block 261: cb.out:top^Youtport~9, type: io
	
Passed route at end.
Complex block 262: cb.out:top^Youtport~8, type: io
	
Passed route at end.
Complex block 263: cb.out:top^Youtport~7, type: io
	
Passed route at end.
Complex block 264: cb.out:top^Youtport~6, type: io
	
Passed route at end.
Complex block 265: cb.out:top^Youtport~5, type: io
	
Passed route at end.
Complex block 266: cb.out:top^Youtport~4, type: io
	
Passed route at end.
Complex block 267: cb.out:top^Youtport~3, type: io
	
Passed route at end.
Complex block 268: cb.out:top^Youtport~2, type: io
	
Passed route at end.
Complex block 269: cb.out:top^Youtport~1, type: io
	
Passed route at end.
Complex block 270: cb.out:top^Youtport~0, type: io
	
Passed route at end.
Complex block 271: cb.out:top^Xoutport~31, type: io
	
Passed route at end.
Complex block 272: cb.out:top^Xoutport~30, type: io
	
Passed route at end.
Complex block 273: cb.out:top^Xoutport~28, type: io
	
Passed route at end.
Complex block 274: cb.out:top^Xoutport~27, type: io
	
Passed route at end.
Complex block 275: cb.out:top^Xoutport~26, type: io
	
Passed route at end.
Complex block 276: cb.out:top^Xoutport~25, type: io
	
Passed route at end.
Complex block 277: cb.out:top^Xoutport~24, type: io
	
Passed route at end.
Complex block 278: cb.out:top^Xoutport~23, type: io
	
Passed route at end.
Complex block 279: cb.out:top^Xoutport~22, type: io
	
Passed route at end.
Complex block 280: cb.out:top^Xoutport~21, type: io
	
Passed route at end.
Complex block 281: cb.out:top^Xoutport~20, type: io
	
Passed route at end.
Complex block 282: cb.out:top^Xoutport~19, type: io
	
Passed route at end.
Complex block 283: cb.out:top^Xoutport~18, type: io
	
Passed route at end.
Complex block 284: cb.out:top^Xoutport~17, type: io
	
Passed route at end.
Complex block 285: cb.out:top^Xoutport~16, type: io
	
Passed route at end.
Complex block 286: cb.out:top^Xoutport~15, type: io
	
Passed route at end.
Complex block 287: cb.out:top^Xoutport~14, type: io
	
Passed route at end.
Complex block 288: cb.out:top^Xoutport~13, type: io
	
Passed route at end.
Complex block 289: cb.out:top^Xoutport~12, type: io
	
Passed route at end.
Complex block 290: cb.out:top^Xoutport~11, type: io
	
Passed route at end.
Complex block 291: cb.out:top^Xoutport~10, type: io
	
Passed route at end.
Complex block 292: cb.out:top^Xoutport~9, type: io
	
Passed route at end.
Complex block 293: cb.out:top^Xoutport~8, type: io
	
Passed route at end.
Complex block 294: cb.out:top^Xoutport~7, type: io
	
Passed route at end.
Complex block 295: cb.out:top^Xoutport~6, type: io
	
Passed route at end.
Complex block 296: cb.out:top^Xoutport~5, type: io
	
Passed route at end.
Complex block 297: cb.out:top^Xoutport~4, type: io
	
Passed route at end.
Complex block 298: cb.out:top^Xoutport~3, type: io
	
Passed route at end.
Complex block 299: cb.out:top^Xoutport~2, type: io
	
Passed route at end.
Complex block 300: cb.out:top^Xoutport~1, type: io
	
Passed route at end.
Complex block 301: cb.out:top^Uoutport~31, type: io
	
Passed route at end.
Complex block 302: cb.out:top^Uoutport~30, type: io
	
Passed route at end.
Complex block 303: cb.out:top^Uoutport~29, type: io
	
Passed route at end.
Complex block 304: cb.out:top^Xoutport~0, type: io
	
Passed route at end.
Complex block 305: cb.top^clk, type: io
	
Passed route at end.
	<EMPTY>: # blocks: 0, average # input + clock pins used: 0, average # output pins used: 0
	io: # blocks: 258, average # input + clock pins used: 0.372093, average # output pins used: 0.627907
	clb: # blocks: 43, average # input + clock pins used: 18.8605, average # output pins used: 7.72093
	mult_36: # blocks: 5, average # input + clock pins used: 52.8, average # output pins used: 32.8
	memory: # blocks: 0, average # input + clock pins used: 0, average # output pins used: 0
Absorbed logical nets 346 out of 1004 nets, 658 nets not absorbed.

Netlist conversion complete.

Packing took 2.1 seconds.
Packing completed.
Begin parsing packed FPGA netlist file.
Finished parsing packed FPGA netlist file.
Netlist generated from file 'diffeq1.net'.
vcc is a constant generator.

Netlist num_nets: 658
Netlist num_blocks: 306
Netlist <EMPTY> blocks: 0.
Netlist clb blocks: 43.
Netlist mult_36 blocks: 5.
Netlist memory blocks: 0.
Netlist inputs pins: 162
Netlist output pins: 96

Auto-sizing FPGA at x = 17 y = 17
Auto-sizing FPGA at x = 9 y = 9
Auto-sizing FPGA at x = 13 y = 13
Auto-sizing FPGA at x = 15 y = 15
Auto-sizing FPGA at x = 14 y = 14
Auto-sizing FPGA at x = 13 y = 13
FPGA auto-sized to x = 14 y = 14
The circuit will be mapped into a 14 x 14 array of clbs.

Resource usage...
	Netlist      0	blocks of type: <EMPTY>
	Architecture 12	blocks of type: <EMPTY>
	Netlist      258	blocks of type: io
	Architecture 448	blocks of type: io
	Netlist      43	blocks of type: clb
	Architecture 140	blocks of type: clb
	Netlist      5	blocks of type: mult_36
	Architecture 6	blocks of type: mult_36
	Netlist      0	blocks of type: memory
	Architecture 4	blocks of type: memory

Computing delta_io_to_io lookup matrix, may take a few seconds, please wait...
Computing delta_io_to_clb lookup matrix, may take a few seconds, please wait...
Computing delta_clb_to_io lookup matrix, may take a few seconds, please wait...
Computing delta_clb_to_clb lookup matrix, may take a few seconds, please wait...

There are 1125 point to point connections in this circuit.

Initial placement cost: 1 bb_cost: 102.902 td_cost: 2.27672e-07 delay_cost: 5.76534e-07

--------- --------- ----------- ----------- ----------- ----------- -------- -------- ------- ------- ------- --------- -------
        T      Cost  Av BB Cost  Av TD Cost  Av Tot Del  P to P Del    d_max  Ac Rate Std Dev R limit     Exp Tot Moves   Alpha
--------- --------- ----------- ----------- ----------- ----------- -------- -------- ------- ------- ------- --------- -------
100.00000   0.96319     96.3726 2.32125e-07 5.68682e-07 5.12474e-10  23.8185   1.0000  0.0306 15.0000  1.0000    206163  0.7662
 76.61588    1.0251     95.9424 2.30264e-07 5.66751e-07 4.89522e-10  23.6537   1.0000  0.0338 15.0000  1.0000    412326  0.7662
 58.69994   0.98705     96.1202 2.33928e-07 5.67289e-07 5.08937e-10  23.0697   1.0000  0.0324 15.0000  1.0000    618489  0.7662
 44.97347   0.95497     96.2639 2.30598e-07 5.67857e-07 5.20888e-10  24.1498   1.0000  0.0317 15.0000  1.0000    824652  0.7662
 34.45682   0.97943     96.3373 2.31867e-07 5.68334e-07 4.98013e-10  23.7859   1.0000  0.0328 15.0000  1.0000   1030815  0.7662
 26.39940     1.003     96.2645 2.29333e-07 5.68122e-07 5.04703e-10  24.5824   1.0000  0.0337 15.0000  1.0000   1236978  0.7662
 20.22613   0.92881     96.1532 2.29718e-07 5.67262e-07 5.28693e-10  25.0734   1.0000  0.0305 15.0000  1.0000   1443141  0.7662
 15.49643   0.99028     96.2558 2.31095e-07 5.67455e-07 5.03446e-10  24.3364   1.0000  0.0328 15.0000  1.0000   1649304  0.7662
 11.87273   0.99629      96.233  2.3321e-07 5.67977e-07  5.1267e-10  23.3853   1.0000  0.0325 15.0000  1.0000   1855467  0.7662
  9.09639     1.024     96.2816 2.29915e-07 5.67845e-07 4.90211e-10  23.2305   0.9999  0.0339 15.0000  1.0000   2061630  0.7662
  6.96928    1.0311     96.2148 2.33303e-07 5.67921e-07 4.94874e-10  22.7536   0.9999  0.0345 15.0000  1.0000   2267793  0.7662
  5.33958    1.0332     96.0793 2.32044e-07 5.67497e-07 4.84185e-10  23.2396   0.9999  0.0345 15.0000  1.0000   2473956  0.7662
  4.09096    1.0223     96.1323 2.27732e-07 5.68388e-07 4.90934e-10  24.6016   0.9999  0.0349 15.0000  1.0000   2680119  0.7662
  3.13433    1.0773     95.9631 2.35437e-07  5.6692e-07 4.73896e-10  22.2013   0.9998  0.0358 15.0000  1.0000   2886282  0.7662
  2.40139    1.0394     96.1695 2.32732e-07 5.67594e-07  4.8125e-10  23.3058   0.9997  0.0348 15.0000  1.0000   3092445  0.7662
  1.83985    1.0384     96.0837 2.30629e-07 5.67852e-07 4.89991e-10  23.5007   0.9997  0.0342 15.0000  1.0000   3298608  0.7662
  1.40962    1.0019     95.9471 2.34501e-07 5.67075e-07 5.00329e-10  22.8465   0.9995  0.0338 15.0000  1.0000   3504771  0.7662
  1.07999    1.0535     96.0197 2.33916e-07 5.67007e-07 4.90291e-10  22.7824   0.9994  0.0354 15.0000  1.0000   3710934  0.7662
  0.82744    1.0017     95.9413  2.2767e-07 5.66857e-07 4.97796e-10  23.9951   0.9992  0.0319 15.0000  1.0000   3917097  0.7662
  0.63395    1.0361     96.1661 2.34139e-07 5.67535e-07 4.93407e-10  22.7761   0.9990  0.0350 15.0000  1.0000   4123260  0.7662
  0.48571    1.0652     95.9752 2.32609e-07 5.66865e-07 4.82715e-10  22.7243   0.9987  0.0352 15.0000  1.0000   4329423  0.7662
  0.37213   0.94211     96.0152 2.33278e-07 5.67327e-07 5.33261e-10  23.8445   0.9984  0.0314 15.0000  1.0000   4535586  0.7662
  0.28511    1.0406     96.1319 2.32993e-07 5.67225e-07 4.90827e-10  23.0028   0.9975  0.0342 15.0000  1.0000   4741749  0.7662
  0.21844    1.0184     95.5747 2.30574e-07 5.65701e-07 4.91303e-10  23.3426   0.9971  0.0347 15.0000  1.0000   4947912  0.7662
  0.16736   0.99323     95.4702 2.30477e-07 5.64918e-07 5.02817e-10  23.4956   0.9961  0.0316 15.0000  1.0000   5154075  0.7662
  0.12822   0.99663     95.5702 2.30202e-07 5.65073e-07 5.16131e-10  23.5325   0.9951  0.0336 15.0000  1.0000   5360238  0.7662
  0.09824   0.97033     95.3056 2.29066e-07 5.63581e-07  5.0778e-10  23.2531   0.9938  0.0318 15.0000  1.0000   5566401  0.7662
  0.07527   0.98236     94.8991 2.27921e-07 5.62252e-07 5.01615e-10  23.9022   0.9918  0.0324 15.0000  1.0000   5772564  0.7662
  0.05767    1.0023     94.1136  2.3422e-07   5.596e-07 4.96525e-10  22.0432   0.9890  0.0319 15.0000  1.0000   5978727  0.7662
  0.04418   0.99055     94.0062 2.28274e-07 5.59555e-07 5.01955e-10  22.9109   0.9851  0.0309 15.0000  1.0000   6184890  0.7662
  0.03385   0.99054     93.3461 2.19626e-07 5.56352e-07   4.896e-10  24.0805   0.9812  0.0330 15.0000  1.0000   6391053  0.7662
  0.02593    1.0052     92.4616 2.20089e-07 5.53128e-07 4.90063e-10  23.8379   0.9753  0.0315 15.0000  1.0000   6597216  0.7662
  0.01987    0.9732     91.5514 2.20734e-07 5.49382e-07 4.94087e-10  23.9022   0.9692  0.0305 15.0000  1.0000   6803379  0.7662
  0.01522   0.92517     90.0818 2.12747e-07 5.43687e-07 5.05778e-10  24.3553   0.9617  0.0296 15.0000  1.0000   7009542  0.7662
  0.01166   0.99254     87.9439 2.14956e-07 5.34949e-07 4.86766e-10  22.3804   0.9474  0.0260 15.0000  1.0000   7215705  0.7662
  0.00000   0.71346     59.9246 1.62392e-07  3.9115e-07 4.76981e-10            0.0122  0.0738 15.0000  1.0000   7421868

BB estimate of min-dist (placement) wirelength: 5399
bb_cost recomputed from scratch: 53.9892
timing_cost recomputed from scratch: 1.52867e-07
delay_cost recomputed from scratch: 3.62152e-07

Completed placement consistency check successfully.

Swaps called: 7421868

Placement estimated critical path delay: 20.4496 ns
Placement cost: 0.659053, bb_cost: 53.9896, td_cost: 1.52867e-07, delay_cost: 3.62152e-07
Placement total # of swap attempts: 7421868
	Swap reject rate: 0
	Swap accept rate: 0
	Swap abort rate: 0
Placement took 16.99 seconds.
Using low: -1, high: -1, current: 162
Build rr_graph took 0.63 seconds.
Confirming Router Algorithm: TIMING_DRIVEN.

Routing iteration: 1
Wire length after first iteration 8846, total available wire length 68040, ratio 0.130012
Critical path: 22.117 ns
Routing iteration took 0.07 seconds.

Routing iteration: 2
Critical path: 22.1168 ns
Routing iteration took 0.07 seconds.

Routing iteration: 3
Successfully routed after 3 routing iterations.
Completed net delay value cross check successfully.
Using low: -1, high: 162, current: 82
Build rr_graph took 0.2 seconds.
Confirming Router Algorithm: TIMING_DRIVEN.

Routing iteration: 1
Wire length after first iteration 9054, total available wire length 34440, ratio 0.262892
Critical path: 22.1781 ns
Routing iteration took 0.05 seconds.

Routing iteration: 2
Critical path: 22.3422 ns
Routing iteration took 0.06 seconds.

Routing iteration: 3
Critical path: 22.4057 ns
Routing iteration took 0.04 seconds.

Routing iteration: 4
Successfully routed after 4 routing iterations.
Completed net delay value cross check successfully.
Using low: -1, high: 82, current: 42
Build rr_graph took 0.07 seconds.
Confirming Router Algorithm: TIMING_DRIVEN.

Routing iteration: 1
Wire length after first iteration 9454, total available wire length 17640, ratio 0.535941
Critical path: 22.2028 ns
Routing iteration took 0.06 seconds.

Routing iteration: 2
Critical path: 22.3172 ns
Routing iteration took 0.08 seconds.

Routing iteration: 3
Critical path: 22.6643 ns
Routing iteration took 0.07 seconds.

Routing iteration: 4
Critical path: 23.5072 ns
Routing iteration took 0.09 seconds.

Routing iteration: 5
Critical path: 24.7124 ns
Routing iteration took 0.1 seconds.

Routing iteration: 6
Critical path: 25.6597 ns
Routing iteration took 0.1 seconds.

Routing iteration: 7
Critical path: 26.9243 ns
Routing iteration took 0.13 seconds.

Routing iteration: 8
Critical path: 26.7789 ns
Routing iteration took 0.11 seconds.

Routing iteration: 9
Critical path: 26.9663 ns
Routing iteration took 0.08 seconds.

Routing iteration: 10
Critical path: 27.5138 ns
Routing iteration took 0.09 seconds.

Routing iteration: 11
Critical path: 28.168 ns
Routing iteration took 0.1 seconds.

Routing iteration: 12
Critical path: 26.6233 ns
Routing iteration took 0.09 seconds.

Routing iteration: 13
Critical path: 26.7765 ns
Routing iteration took 0.1 seconds.

Routing iteration: 14
Critical path: 27.6873 ns
Routing iteration took 0.11 seconds.

Routing iteration: 15
Critical path: 28.0554 ns
Routing iteration took 0.1 seconds.

Routing iteration: 16
Critical path: 30.0782 ns
Routing iteration took 0.1 seconds.

Routing iteration: 17
Critical path: 29.4618 ns
Routing iteration took 0.08 seconds.

Routing iteration: 18
Critical path: 30.0031 ns
Routing iteration took 0.08 seconds.

Routing iteration: 19
Critical path: 27.6788 ns
Routing iteration took 0.06 seconds.

Routing iteration: 20
Critical path: 26.0981 ns
Routing iteration took 0.09 seconds.

Routing iteration: 21
Critical path: 28.1669 ns
Routing iteration took 0.1 seconds.

Routing iteration: 22
Critical path: 27.1959 ns
Routing iteration took 0.07 seconds.

Routing iteration: 23
Critical path: 27.339 ns
Routing iteration took 0.08 seconds.

Routing iteration: 24
Critical path: 26.978 ns
Routing iteration took 0.08 seconds.

Routing iteration: 25
Critical path: 26.9896 ns
Routing iteration took 0.09 seconds.

Routing iteration: 26
Critical path: 26.8609 ns
Routing iteration took 0.09 seconds.

Routing iteration: 27
Critical path: 26.9903 ns
Routing iteration took 0.07 seconds.

Routing iteration: 28
Critical path: 27.6269 ns
Routing iteration took 0.08 seconds.

Routing iteration: 29
Critical path: 28.1786 ns
Routing iteration took 0.08 seconds.

Routing iteration: 30
Critical path: 29.1237 ns
Routing iteration took 0.08 seconds.

Routing iteration: 31
Critical path: 27.8706 ns
Routing iteration took 0.08 seconds.

Routing iteration: 32
Critical path: 27.3873 ns
Routing iteration took 0.07 seconds.

Routing iteration: 33
Critical path: 27.3854 ns
Routing iteration took 0.09 seconds.

Routing iteration: 34
Critical path: 27.6101 ns
Routing iteration took 0.1 seconds.

Routing iteration: 35
Critical path: 27.9801 ns
Routing iteration took 0.09 seconds.

Routing iteration: 36
Critical path: 31.5202 ns
Routing iteration took 0.1 seconds.

Routing iteration: 37
Critical path: 30.1047 ns
Routing iteration took 0.08 seconds.

Routing iteration: 38
Critical path: 29.1796 ns
Routing iteration took 0.08 seconds.

Routing iteration: 39
Critical path: 28.5252 ns
Routing iteration took 0.08 seconds.

Routing iteration: 40
Critical path: 30.0218 ns
Routing iteration took 0.11 seconds.

Routing iteration: 41
Critical path: 29.1281 ns
Routing iteration took 0.09 seconds.

Routing iteration: 42
Critical path: 29.1845 ns
Routing iteration took 0.07 seconds.

Routing iteration: 43
Critical path: 27.2438 ns
Routing iteration took 0.07 seconds.

Routing iteration: 44
Critical path: 27.7779 ns
Routing iteration took 0.08 seconds.

Routing iteration: 45
Critical path: 29.6253 ns
Routing iteration took 0.07 seconds.

Routing iteration: 46
Critical path: 29.2475 ns
Routing iteration took 0.07 seconds.

Routing iteration: 47
Critical path: 29.3794 ns
Routing iteration took 0.07 seconds.

Routing iteration: 48
Critical path: 30.186 ns
Routing iteration took 0.08 seconds.

Routing iteration: 49
Critical path: 27.8501 ns
Routing iteration took 0.08 seconds.

Routing iteration: 50
Critical path: 28.1629 ns
Routing iteration took 0.08 seconds.
Routing failed.
Using low: 42, high: 82, current: 62
Build rr_graph took 0.12 seconds.
Confirming Router Algorithm: TIMING_DRIVEN.

Routing iteration: 1
Wire length after first iteration 9179, total available wire length 26040, ratio 0.352496
Critical path: 22.2475 ns
Routing iteration took 0.06 seconds.

Routing iteration: 2
Critical path: 22.5565 ns
Routing iteration took 0.06 seconds.

Routing iteration: 3
Critical path: 22.5127 ns
Routing iteration took 0.04 seconds.

Routing iteration: 4
Critical path: 22.7456 ns
Routing iteration took 0.04 seconds.

Routing iteration: 5
Critical path: 22.6653 ns
Routing iteration took 0.04 seconds.

Routing iteration: 6
Critical path: 22.7454 ns
Routing iteration took 0.05 seconds.

Routing iteration: 7
Critical path: 22.6653 ns
Routing iteration took 0.05 seconds.

Routing iteration: 8
Critical path: 22.6429 ns
Routing iteration took 0.03 seconds.

Routing iteration: 9
Critical path: 22.6429 ns
Routing iteration took 0.04 seconds.

Routing iteration: 10
Successfully routed after 10 routing iterations.
Completed net delay value cross check successfully.
Using low: 42, high: 62, current: 52
Build rr_graph took 0.1 seconds.
Confirming Router Algorithm: TIMING_DRIVEN.

Routing iteration: 1
Wire length after first iteration 9270, total available wire length 21840, ratio 0.424451
Critical path: 22.2264 ns
Routing iteration took 0.06 seconds.

Routing iteration: 2
Critical path: 22.3784 ns
Routing iteration took 0.06 seconds.

Routing iteration: 3
Critical path: 22.3582 ns
Routing iteration took 0.05 seconds.

Routing iteration: 4
Critical path: 22.7779 ns
Routing iteration took 0.03 seconds.

Routing iteration: 5
Critical path: 23.2448 ns
Routing iteration took 0.04 seconds.

Routing iteration: 6
Critical path: 23.1319 ns
Routing iteration took 0.06 seconds.

Routing iteration: 7
Critical path: 23.2495 ns
Routing iteration took 0.04 seconds.

Routing iteration: 8
Critical path: 23.1499 ns
Routing iteration took 0.05 seconds.

Routing iteration: 9
Critical path: 23.0904 ns
Routing iteration took 0.03 seconds.

Routing iteration: 10
Critical path: 23.0926 ns
Routing iteration took 0.03 seconds.

Routing iteration: 11
Critical path: 23.0926 ns
Routing iteration took 0.03 seconds.

Routing iteration: 12
Critical path: 23.0926 ns
Routing iteration took 0.04 seconds.

Routing iteration: 13
Critical path: 23.3414 ns
Routing iteration took 0.03 seconds.

Routing iteration: 14
Critical path: 23.1092 ns
Routing iteration took 0.04 seconds.

Routing iteration: 15
Critical path: 23.0926 ns
Routing iteration took 0.03 seconds.

Routing iteration: 16
Critical path: 23.0926 ns
Routing iteration took 0.03 seconds.

Routing iteration: 17
Critical path: 23.0926 ns
Routing iteration took 0.03 seconds.

Routing iteration: 18
Critical path: 23.0926 ns
Routing iteration took 0.04 seconds.

Routing iteration: 19
Critical path: 23.0926 ns
Routing iteration took 0.03 seconds.

Routing iteration: 20
Critical path: 23.1092 ns
Routing iteration took 0.03 seconds.

Routing iteration: 21
Critical path: 23.2849 ns
Routing iteration took 0.03 seconds.

Routing iteration: 22
Critical path: 23.0926 ns
Routing iteration took 0.03 seconds.

Routing iteration: 23
Critical path: 23.0926 ns
Routing iteration took 0.03 seconds.

Routing iteration: 24
Critical path: 23.3785 ns
Routing iteration took 0.03 seconds.

Routing iteration: 25
Critical path: 23.1474 ns
Routing iteration took 0.03 seconds.

Routing iteration: 26
Critical path: 23.3862 ns
Routing iteration took 0.04 seconds.

Routing iteration: 27
Critical path: 23.3862 ns
Routing iteration took 0.03 seconds.

Routing iteration: 28
Critical path: 23.2882 ns
Routing iteration took 0.03 seconds.

Routing iteration: 29
Successfully routed after 29 routing iterations.
Completed net delay value cross check successfully.
Using low: 42, high: 52, current: 48
Build rr_graph took 0.08 seconds.
Confirming Router Algorithm: TIMING_DRIVEN.

Routing iteration: 1
Wire length after first iteration 9389, total available wire length 20160, ratio 0.465724
Critical path: 22.2464 ns
Routing iteration took 0.07 seconds.

Routing iteration: 2
Critical path: 22.4266 ns
Routing iteration took 0.07 seconds.

Routing iteration: 3
Critical path: 23.1077 ns
Routing iteration took 0.06 seconds.

Routing iteration: 4
Critical path: 23.6571 ns
Routing iteration took 0.05 seconds.

Routing iteration: 5
Critical path: 24.1771 ns
Routing iteration took 0.06 seconds.

Routing iteration: 6
Critical path: 24.7762 ns
Routing iteration took 0.07 seconds.

Routing iteration: 7
Critical path: 24.864 ns
Routing iteration took 0.07 seconds.

Routing iteration: 8
Critical path: 24.6088 ns
Routing iteration took 0.05 seconds.

Routing iteration: 9
Critical path: 24.1143 ns
Routing iteration took 0.05 seconds.

Routing iteration: 10
