Timing criticalities have been normalized to be non-negative by relaxing the required times to the maximum arrival time.

Largest timing criticality in design: 1.9969
Smallest timing criticality in design: 0
Total timing criticality in design: 5659.71

Range		0.0e+00 to 4.0e-01	4.0e-01 to 8.0e-01	8.0e-01 to 1.2e+00	1.2e+00 to 1.6e+00	1.6e+00 to 2.0e+00	
Timing criticalities in range		189			0			1534			2199			575			



Net #	Driver_tnode	 to_node	Timing criticality

    0	 3001		    0		1.957541
    1	33223		    1		1.306871
    2	56089		    2		1.199646
			64807		1.080911
    3	63816		    3		1.165309
    4	19810		    4		1.259528
			  761		1.259528
			 1143		1.281242
			 7922		1.291068
			 8269		1.259528
			 8654		1.249702
			 9781		1.249702
			10160		1.296008
			10877		1.235040
			13419		1.271469
			18009		1.325567
			19431		1.254773
			21531		1.244947
			22941		1.286020
			23309		1.254854
			24353		1.279261
			24721		1.254854
			25429		1.244947
			29681		1.269435
			31134		1.244947
			35356		1.266398
			39223		1.305753
    5	 2999		    5		1.811643
    6	18366		    6		1.942961
    7	38895		    7		1.322923
    8	  774		    8		1.996899
			 7906		1.945919
    9	36082		    9		1.078138
   10	 6807		   10		1.970487
   11	27176		   11		1.171803
   12	 9802		   12		1.342921
			 5253		1.423379
			 7560		1.338166
			 8276		1.348073
			 9370		1.328259
			10885		1.356249
			11957		1.338166
			12698		1.338166
			13053		1.344885
			13393		1.333763
			13762		1.338166
			14811		1.348073
			15885		1.336266
			16589		1.338166
			16917		1.333763
			17277		1.338166
			17625		1.338166
			18008		1.352747
			19067		1.328340
			19420		1.338166
			20512		1.338166
			20835		1.346092
			21543		1.338166
			21887		1.338166
			22595		1.348073
			23304		1.338166
			24359		1.362654
			24717		1.338166
			25069		1.338166
			25403		1.328340
			27582		1.338166
			27928		1.328340
			28607		1.346423
			29678		1.370910
			30054		1.356249
			30413		1.346423
			30762		1.336597
			31130		1.356249
			32147		1.348073
			33212		1.346423
			33591		1.346423
			34658		1.346423
			35003		1.356249
			35361		1.370910
			39227		1.389146
   13	36081		   13		1.119292
			 7912		1.078057
   14	25765		   14		1.204482
   15	61476		   15		1.165494
			72117		1.119292
   16	 2998		   16		1.858603
   17	10511		   17		1.219062
			 2979		1.296431
			13765		1.195187
			22951		1.153525
			24726		1.068150
			26468		1.127642
   18	38896		   18		1.332830
			 2983		1.400291
   19	11983		   19		1.996899
			 1134		1.957564
			 9035		1.912667
   20	11586		   20		1.219143
			13773		1.078219
			16913		1.145751
			19781		1.173257
			20495		1.157545
			24354		1.104607
			41229		1.160577
   21	12728		   21		1.214308
			28962		1.116423
			38871		1.129368
   22	72551		   22		1.093773
			  402		1.093854
			  771		1.082047
			 1149		1.085436
			 5252		1.091954
			 6792		1.083948
			 7147		1.093773
			 7555		1.093854
			 7904		1.093854
			 8281		1.074122
			 8655		1.084028
			 9369		1.093854
			 9791		1.093773
			10506		1.091873
			10866		1.092204
			11241		1.074041
			11568		1.083948
			11956		1.103680
			12334		1.123413
			12706		1.130293
			13054		1.120387
			13392		1.110480
			13748		1.093854
			14810		1.093773
			15104		1.085436
			15502		1.093854
			15883		1.083948
			16217		1.103761
			16593		1.074122
			16921		1.110480
			17268		1.113587
			17629		1.083948
			17992		1.093854
			18347		1.152841
			18708		1.074041
			19065		1.074041
			19423		1.103599
			19791		1.074041
			20146		1.085436
			20501		1.093854
			20834		1.100573
			21175		1.100573
			21524		1.103680
			21877		1.100573
			22226		1.110480
			22594		1.103599
			22949		1.084028
			23294		1.130293
			23639		1.074122
			23990		1.103680
			24349		1.093854
			24715		1.093854
			25061		1.075529
			25404		1.083948
			25757		1.134927
			26125		1.074041
			26469		1.120387
			26810		1.120387
			27152		1.115276
			27575		1.093773
			27936		1.075529
			28302		1.064215
			28604		1.113668
			28959		1.103761
			29312		1.110480
			29685		1.083948
			30043		1.083948
			30406		1.089451
			30757		1.093773
			31118		1.092204
			31488		1.064215
			31814		1.054308
			32145		1.113668
			32507		1.084028
			32854		1.103761
			33204		1.113587
			33584		1.113587
			33959		1.064215
			34285		1.064215
			34649		1.113668
			35000		1.092204
			35347		1.093773
			35723		1.074122
			36067		1.093773
			36429		1.065784
			36792		1.075610
			37148		1.093773
			37511		1.072140
			37810		1.083948
			38161		1.120387
			38501		1.110550
			38878		1.093854
			39211		1.075529
			39522		1.103761
			39896		1.083948
			40269		1.070571
			41233		1.074122
			41547		1.064215
			41902		1.093773
			42265		1.095262
			42619		1.063803
			42978		1.120376
			43337		1.044151
			43689		1.062314
			44041		1.062314
			44393		1.052407
			44738		1.098661
			45070		1.072221
			45404		1.053977
			45740		1.073710
			46074		1.082047
			46407		1.072221
			46742		1.072140
			47070		1.053977
			47398		1.072221
			47730		1.050939
			48068		1.083536
			48403		1.044151
			48742		1.070571
			49074		1.097113
			49404		1.050939
			49738		1.062314
			50071		1.044151
			50403		1.073710
			50738		1.098661
			51071		1.073710
			51417		1.110550
			51742		1.075610
			52070		1.083536
			52407		1.072221
			52738		1.108568
			53072		1.098742
			53405		1.063803
			53735		1.055877
			54067		1.098661
			54412		1.083948
			54734		1.083536
			55067		1.083536
			55399		1.098661
			55736		1.091873
			56076		1.092225
			56416		1.103761
			56766		1.101861
			57100		1.082047
			57446		1.103761
			57768		1.090303
			58100		1.083536
			58436		1.093773
			58786		1.090324
			59118		1.108568
			59451		1.101861
			59784		1.093362
			60122		1.113506
			60462		1.118475
			60796		1.070571
			61129		1.093773
			61463		1.075529
			61795		1.072221
			62127		1.063884
			62461		1.044151
			62806		1.052407
			63146		1.105169
			63463		1.120376
			63802		1.055877
			64138		1.054058
			64472		1.093362
			64803		1.083536
			65143		1.101780
			65475		1.044151
			65802		1.063803
			66133		1.093362
			66465		1.091873
			66795		1.098742
			67131		1.088835
			67461		1.082047
			67793		1.054058
			68125		1.054058
			68460		1.108568
			68791		1.093362
			69123		1.091954
			69455		1.101861
			69790		1.073710
			70127		1.090324
			70461		1.091873
			70810		1.065784
   23	16246		   23		1.165494
			  754		1.180156
			 1150		1.155668
			 6783		1.256020
			 7170		1.145761
			 7576		1.238188
			 7921		1.182056
			 8272		1.211615
			 8670		1.411234
			 9377		1.155587
			 9783		1.203390
			10887		1.211615
			11963		1.196741
			12326		1.196741
			12719		1.211696
			13071		1.211696
			13391		1.182056
			13755		1.211696
			14135		1.226381
			14459		1.224892
			14809		1.206648
			15103		1.206567
			15888		1.170249
			16577		1.191882
			16934		1.177653
			17267		1.228281
			17639		1.226462
			18007		1.224811
			19048		1.155587
			19416		1.172149
			19787		1.226300
			20141		1.172149
			20508		1.191882
			20829		1.163945
			21196		1.170249
			21541		1.208467
			21890		1.170249
			22237		1.151264
			22597		1.145761
			22946		1.226300
			23305		1.191963
			23666		1.322822
			24011		1.188735
			24365		1.180156
			24725		1.199888
			25068		1.160342
			25424		1.190063
			26461		1.175401
			26815		1.155668
			27594		1.190063
			28612		1.191963
			28970		1.175401
			29317		1.218374
			29684		1.183738
			30046		1.221441
			30417		1.175482
			30759		1.175482
			31128		1.228281
			32139		1.226712
			32518		1.238269
			32864		1.165575
			33585		1.216555
			34651		1.165575
			35007		1.201870
			35353		1.165575
			36064		1.236537
			40616		1.198641
			63140		1.218374
   24	26819		   24		1.102545
			 1139		1.068231
   25	   25		 1129		1.970487
   26	   26		 1142		1.996899
   27	   27		 9034		1.996899
   28	   28		 1128		1.853704
			 9024		1.808726
			16937		1.102881
			36059		1.068231
			38163		1.122695
   29	   29		 7927		1.970487
   30	72767		   30		0.000000
			  422		0.000000
			  780		0.000000
			 1158		0.000000
			 2623		0.000000
			 3004		0.000000
			 3747		0.000000
			 5275		0.000000
			 5670		0.000000
			 6808		0.000000
			 7189		0.000000
			 7591		0.000000
			 7938		0.000000
			 8296		0.000000
			 8686		0.000000
			 9408		0.000000
			 9809		0.000000
			10525		0.000000
			10900		0.000000
			11260		0.000000
			11593		0.000000
			11984		0.000000
			12366		0.000000
			12730		0.000000
			13082		0.000000
			13428		0.000000
			13785		0.000000
			14827		0.000000
			15129		0.000000
			15521		0.000000
			15900		0.000000
			16251		0.000000
			16604		0.000000
			16943		0.000000
			17288		0.000000
			17652		0.000000
			18019		0.000000
			18369		0.000000
			18724		0.000000
			19082		0.000000
			19445		0.000000
			19815		0.000000
			20166		0.000000
			20521		0.000000
			20850		0.000000
			21202		0.000000
			21554		0.000000
			21905		0.000000
			22257		0.000000
			22614		0.000000
			22968		0.000000
			23318		0.000000
			23676		0.000000
			24024		0.000000
			24378		0.000000
			24738		0.000000
			25081		0.000000
			25438		0.000000
			25773		0.000000
			26146		0.000000
			26479		0.000000
			26828		0.000000
			27178		0.000000
			27607		0.000000
			27955		0.000000
			28311		0.000000
			28632		0.000000
			28988		0.000000
			29333		0.000000
			29705		0.000000
			30066		0.000000
			30425		0.000000
			30781		0.000000
			31145		0.000000
			31498		0.000000
			31836		0.000000
			32168		0.000000
			32533		0.000000
			32878		0.000000
			33232		0.000000
			33609		0.000000
			33978		0.000000
			34305		0.000000
			34673		0.000000
			35028		0.000000
			35371		0.000000
			35743		0.000000
			36087		0.000000
			36449		0.000000
			36811		0.000000
			37167		0.000000
			37521		0.000000
			37829		0.000000
			38184		0.000000
			38520		0.000000
			38897		0.000000
			39237		0.000000
			39548		0.000000
			39915		0.000000
			40286		0.000000
			41254		0.000000
			41566		0.000000
			41922		0.000000
			42284		0.000000
			42639		0.000000
			42997		0.000000
			43352		0.000000
			43704		0.000000
			44056		0.000000
			44408		0.000000
			44750		0.000000
			45082		0.000000
			45424		0.000000
			45756		0.000000
			46087		0.000000
			46419		0.000000
			46759		0.000000
			47085		0.000000
			47413		0.000000
			47746		0.000000
			48084		0.000000
			48421		0.000000
			48754		0.000000
			49086		0.000000
			49420		0.000000
			49753		0.000000
			50083		0.000000
			50418		0.000000
			50752		0.000000
			51085		0.000000
			51422		0.000000
			51755		0.000000
			52086		0.000000
			52418		0.000000
			52751		0.000000
			53084		0.000000
			53420		0.000000
			53750		0.000000
			54080		0.000000
			54417		0.000000
			54748		0.000000
			55081		0.000000
			55416		0.000000
			55750		0.000000
			56091		0.000000
			56433		0.000000
			56780		0.000000
			57115		0.000000
			57451		0.000000
			57781		0.000000
			58113		0.000000
			58453		0.000000
			58798		0.000000
			59131		0.000000
			59464		0.000000
			59798		0.000000
			60137		0.000000
			60476		0.000000
			60809		0.000000
			61144		0.000000
			61478		0.000000
			61807		0.000000
			62143		0.000000
			62482		0.000000
			62818		0.000000
			63153		0.000000
			63479		0.000000
			63819		0.000000
			64152		0.000000
			64485		0.000000
			64819		0.000000
			65158		0.000000
			65486		0.000000
			65816		0.000000
			66146		0.000000
			66478		0.000000
			66808		0.000000
			67141		0.000000
			67472		0.000000
			67805		0.000000
			68138		0.000000
			68471		0.000000
			68804		0.000000
			69136		0.000000
			69469		0.000000
			69804		0.000000
			70144		0.000000
			70477		0.000000
			70822		0.000000
   31	 6802		  395		1.986992
			 8663		1.369991
			 9767		1.315556
			11234		1.317133
			11572		1.117603
			16218		1.396573
			16581		1.373802
			18341		1.406390
			18696		1.204879
			19793		1.302333
			23658		1.349233
			25762		1.139025
			27160		1.281074
			28301		1.371995
			33957		1.202978
			37508		1.319218
			40280		1.401716
			45402		1.193071
			45751		1.202458
			46740		1.193071
			62137		1.246943
			62467		1.239583
			65148		1.246862
			71145		1.297475
   32	 6804		  396		1.996899
			 8662		1.355410
			 9762		1.315556
			11249		1.302552
			11562		1.097871
			16216		1.406399
			16572		1.373721
			18005		1.233271
			18354		1.409641
			18694		1.204879
			19777		1.264437
			23653		1.349153
			25760		1.138944
			26133		1.148851
			27159		1.280993
			28294		1.391728
			31475		1.158757
			31811		1.178490
			33954		1.193152
			35721		1.157107
			37502		1.329125
			40279		1.401635
			41245		1.142877
			42615		1.150951
			43336		1.192331
			43688		1.210575
			44040		1.188316
			44392		1.185360
			45417		1.183083
			45739		1.202377
			46739		1.193071
			48413		1.182140
			62136		1.227210
			62471		1.242620
			65147		1.246862
			71138		1.327114
   33	 7589		  397		1.243047
			 8282		1.262699
			 8661		1.272606
			11242		1.386269
			12336		1.282512
			13401		1.262780
			15113		1.262780
			15492		1.262780
			15886		1.252873
			16228		1.262780
			16579		1.282593
			17272		1.252873
			17624		1.252873
			17993		1.262780
			19050		1.252954
			19425		1.262780
			19803		1.282593
			20149		1.262780
			20837		1.262780
			21191		1.268283
			21537		1.282593
			21884		1.262780
			22228		1.269498
			22593		1.272686
			22958		1.272686
			23311		1.243047
			23651		1.282593
			23999		1.262780
			24360		1.262780
			25063		1.292500
			25410		1.252873
			26454		1.258376
			26814		1.262780
			27946		1.282512
			28614		1.252873
			28960		1.252873
			29314		1.262780
			29680		1.262699
			30047		1.270955
			30408		1.270955
			30751		1.252873
			31120		1.262699
			32141		1.259661
			32501		1.282512
			32855		1.252873
			33206		1.252873
			33587		1.252873
			34650		1.259661
			35001		1.270955
			35350		1.252873
			36065		1.252873
			37506		1.369707
			39526		1.243047
   34	 9803		  398		1.211719
			 1135		1.238107
			 6793		1.242862
			 7571		1.386269
			 7923		1.238107
			 8648		1.315498
			10869		1.201812
			12722		1.211800
			13412		1.219900
			13750		1.211719
			15498		1.211638
			16227		1.272606
			16931		1.219900
			18698		1.252792
			19419		1.201812
			19799		1.277199
			20147		1.218374
			22246		1.246288
			22586		1.218374
			22960		1.277199
			23307		1.201893
			23650		1.349233
			24014		1.201812
			25066		1.218374
			26134		1.206486
			26456		1.271216
			26806		1.259766
			28293		1.252607
			28975		1.263111
			29688		1.247852
			30399		1.238107
			30772		1.228281
			31116		1.254692
			31474		1.226219
			31825		1.226219
			32512		1.232978
			32859		1.238188
			33968		1.206486
			34293		1.232978
			35019		1.244786
			35727		1.206486
			36437		1.242885
			36796		1.232978
			37152		1.231408
			37505		1.254692
			37814		1.232978
			38509		1.241234
			39208		1.233059
			39905		1.252792
			40604		1.294158
			40921		1.284251
			41239		1.264518
			41551		1.251222
			41910		1.233059
			42269		1.242966
			42982		1.262699
			56073		1.234556
			56420		1.262699
			58440		1.242804
			60124		1.242966
			63460		1.226219
			63812		1.226219
			72124		1.242804
   35	40624		  399		1.289006
   36	  776		  400		1.937832
			 1146		1.883050
			 5257		1.870266
			16938		1.127726
			36066		1.058405
			38176		1.116748
   37	11254		  401		1.386269
   38	 8680		  403		1.338247
			 9382		1.357899
			11959		1.357899
			21184		1.348073
			22952		1.318514
			30048		1.318514
			63124		1.391128
   39	18011		  404		1.310508
			 7572		1.402935
			 9383		1.310508
			13416		1.308863
			15891		1.344903
			40595		1.369494
   40	 6798		  405		1.996899
			 8671		1.379897
			11240		1.327040
			11578		1.434608
			16222		1.396654
			18353		1.416296
			19794		1.312240
			25761		1.138944
			27156		1.129199
			37498		1.148851
   41	18017		  406		1.937832
			13405		1.102881
			21895		1.092974
			23660		1.178571
   42	40623		  407		1.289006
   43	15510		  408		1.068231
			 1145		1.906400
			20841		1.093050
			21534		1.078138
			40607		1.133873
   44	16600		  409		1.377045
			 7554		1.376964
			 9374		1.377045
			10875		1.377045
			11966		1.377045
			12696		1.411359
			13061		1.393589
			13397		1.393589
			13758		1.386952
			14812		1.377045
			16918		1.418077
			17278		1.386871
			17626		1.377045
			18691		1.365237
			19054		1.367138
			19418		1.403352
			20143		1.403352
			20494		1.376964
			20830		1.406270
			21185		1.383682
			21525		1.418292
			21879		1.383682
			22227		1.424836
			22599		1.393526
			23306		1.437851
			23656		1.457745
			24004		1.436206
			24356		1.376964
			24711		1.437932
			25070		1.393526
			25405		1.377045
			26467		1.444825
			26813		1.433455
			27593		1.377045
			27937		1.367138
			28608		1.392374
			28965		1.443685
			29694		1.393607
			30040		1.377045
			30401		1.403433
			30773		1.403433
			31115		1.429925
			32148		1.386871
			32506		1.393607
			32871		1.413259
			33209		1.386871
			33588		1.386871
			34643		1.386871
			35018		1.420018
			40618		1.459403
			40916		1.449658
			41231		1.439832
   45	18723		  410		1.107697
			 6791		1.128933
			 7556		1.272340
			 9759		1.280581
			16226		1.178409
			26118		1.122358
			28298		1.148747
			31473		1.122358
			31808		1.122358
			32517		1.119211
			33951		1.092719
			34279		1.139025
			35715		1.122358
			36423		1.137374
			36787		1.129037
			37143		1.138944
			37504		1.131018
			37805		1.138944
			38508		1.138944
			39221		1.138944
			39532		1.154354
			39890		1.138944
			41230		1.102626
			41542		1.107734
			41896		1.139025
			42260		1.158596
			42973		1.165465
			56068		1.130615
			56419		1.158677
			58439		1.138863
			60118		1.158596
			63474		1.132184
			63811		1.122358
			72123		1.158677
			72737		1.096380
   46	  411		 5239		1.964220
			 9386		1.911074
   47	  412		15095		1.643831
			15504		1.078138
			16232		1.153686
			21881		1.112532
			40620		1.140925
   48	  413		15889		1.681787
			16242		1.087964
			21892		1.099518
			72459		1.161612
   49	  414		 1131		1.949373
			 5240		1.969079
			 7918		1.561891
			 9394		1.977085
			10150		1.919184
			10484		1.823249
			10883		1.760917
			11970		1.996818
			12332		1.845998
			17634		1.816674
			19068		1.876129
			19436		1.957484
			20157		1.904603
			20510		1.519021
			22240		1.498230
			22605		1.904603
			24357		1.523372
			24729		1.555316
			25413		1.643349
			27581		1.785816
			28603		1.673710
			28968		1.758114
			29695		1.773870
			30752		1.704485
			38177		1.428822
			38880		1.400291
   50	  415		 6772		1.371995
			 8653		1.365236
			 9766		1.325382
			11229		1.312378
			11580		1.068231
			16229		1.386747
			16570		1.383547
			18003		1.203712
			18340		1.424303
			18693		1.214705
			19779		1.247852
			23649		1.358979
			25759		1.148770
			26138		1.168583
			27153		1.290819
			28288		1.391647
			31476		1.168502
			31824		1.178409
			33953		1.193071
			35717		1.166933
			37500		1.329044
			40267		1.411461
			41240		1.152703
			42621		1.160777
			43341		1.186747
			43693		1.202238
			44045		1.198142
			44397		1.185279
			45408		1.202816
			45744		1.212203
			46737		1.192990
			48405		1.191966
			62129		1.237036
			62470		1.242539
			65141		1.237036
			71143		1.327033
   51	  416		 1136		1.959361
			 5248		1.979066
			 7919		1.561972
			 9376		1.987073
			10151		1.929091
			10485		1.823249
			10884		1.760917
			11948		1.996899
			12340		1.845998
			17635		1.816674
			19057		1.876129
			19429		1.957564
			20151		1.904684
			20503		1.519102
			22234		1.498311
			22587		1.904603
			24363		1.523453
			24724		1.555397
			25421		1.643349
			27591		1.777560
			28616		1.672323
			28976		1.756727
			29690		1.765614
			30754		1.706055
			38164		1.420722
			38881		1.390465
   52	  417		 6769		1.362088
			 8672		1.355329
			 9787		1.325301
			11250		1.302471
			16230		1.204879
			16586		1.383547
			17998		1.193725
			18337		1.424222
			18692		1.214705
			19780		1.237945
			23640		1.358979
			26128		1.158677
			27155		1.280912
			28287		1.381740
			31471		1.168502
			31830		1.168502
			33965		1.212966
			35716		1.176921
			37509		1.328964
			40276		1.411623
			41238		1.152703
			42620		1.160858
			43332		1.182343
			43684		1.197915
			44036		1.188235
			44388		1.175372
			45407		1.192909
			45750		1.212284
			46736		1.192909
			48404		1.190315
			62128		1.247024
			62466		1.242539
			65153		1.237036
			71142		1.317127
   53	  418		 6794		1.459403
			 8651		1.379817
			11239		1.326959
			11577		1.434689
			16221		1.386747
			18351		1.406471
			19797		1.322066
			25758		1.158677
			27157		1.139025
			37512		1.158677
   54	  419		 1140		1.950593
			 5260		1.947635
   55	  420		 6765		1.371995
			 8665		1.355410
			 9774		1.325382
			11233		1.302552
			16237		1.175320
			16590		1.383547
			18010		1.203632
			18349		1.424222
			18690		1.214785
			19778		1.247933
			23667		1.358979
			26136		1.178652
			27154		1.300726
			28300		1.391728
			31468		1.168502
			31817		1.188397
			33963		1.193071
			35730		1.157026
			37501		1.329125
			40266		1.411703
			41227		1.152703
			42626		1.160939
			43340		1.186828
			43692		1.202319
			44044		1.188316
			44396		1.195186
			45400		1.202816
			45749		1.212365
			46745		1.202897
			48412		1.192208
			62125		1.237198
			62458		1.242539
			65145		1.237117
			71134		1.317207
   56	  421		16236		1.411235
   57	 8681		  753		1.186591
			 3378		1.231546
   58	 9808		  755		1.970326
   59	 5267		  756		1.403727
   60	 3390		  757		1.909439
   61	36083		  758		1.152359
   62	 4919		  759		1.882051
			 2995		1.850700
			 6780		1.839054
			18342		1.826212
   63	 3389		  760		1.960581
			 6777		1.960661
			 7557		1.996899
   64	 5268		  762		1.423379
   65	 3002		  763		1.865281
			 6779		1.863461
			18352		1.850781
   66	 8685		  764		1.942095
   67	 4923		  765		1.882051
			 3371		1.893754
			 6797		1.829148
   68	60134		  766		1.283877
			69457		1.090818
   69	 7590		  767		1.996899
   70	 3393		  768		1.996818
			 6773		1.934088
   71	 6803		  769		1.203235
			65801		1.090818
			72121		1.138863
   72	 2996		  770		1.865281
			 6768		1.873368
			18357		1.850700
   73	 7587		  772		1.176765
   74	 3387		  773		1.969079
   75	  775		 6796		1.960500
			 7579		1.996818
   76	  777		 6795		1.970487
			 7578		1.996818
   77	  778		 8676		1.927271
   78	  779		 5238		1.926186
			 7580		1.078219
			16919		1.101419
			22243		1.200853
   79	13423		 1126		1.859207
			 9029		1.814229
			18000		1.137806
			21178		1.106922
			22947		1.200608
			63144		1.205627
   80	15509		 1127		1.906400
			15092		1.607455
			20828		1.081167
   81	20848		 1130		1.916387
			11947		1.638733
			15109		1.088126
   82	 7934		 1132		1.873224
			 5258		1.860440
			16920		1.121008
			22248		1.109385
			36057		1.068231
			38873		1.104526
   83	19444		 1133		1.957564
			 9036		1.912586
   84	15898		 1137		1.843878
			 5259		1.860440
			63143		1.150913
   85	 5272		 1138		1.974208
   86	 9407		 1141		1.987073
			 5244		1.974288
   87	 7937		 1144		1.354891
			10865		1.328340
			12716		1.326771
			13414		1.318595
			13753		1.318514
			16932		1.328421
			20153		1.364636
			22230		1.354810
			22598		1.374542
			23308		1.308689
			25067		1.354891
			26460		1.378006
			26808		1.368287
			28966		1.378163
			29692		1.362985
			30402		1.362985
			30755		1.353159
			31127		1.389477
			32513		1.374623
			32860		1.343333
			35009		1.379570
			40615		1.400954
			40917		1.399384
			41234		1.420848
   88	 5269		 1147		1.979066
			 9391		1.947554
   89	20849		 1148		1.853704
   90	 9807		 1151		1.252769
			 7928		1.252607
			 8647		1.245636
			12697		1.260613
			16224		1.297012
			16915		1.267332
			19417		1.252607
			19798		1.281954
			20142		1.252607
			21179		1.257425
			21529		1.267547
			22236		1.283998
			22584		1.242781
			22956		1.281954
			23299		1.296932
			23647		1.297174
			23998		1.285460
			24714		1.287106
			25065		1.252688
			26466		1.282957
			26804		1.285899
			28969		1.284399
			29687		1.242781
			30058		1.216393
			30400		1.249570
			30770		1.242781
			31133		1.269273
			32521		1.232955
			32863		1.259476
			35008		1.266155
			40608		1.318565
			40909		1.279180
			41223		1.289087
			63139		1.289006
   91	 1152		 9023		1.987073
   92	 1153		 7164		1.955803
			11564		1.982214
   93	 1154		 9028		1.965548
			11579		1.972307
   94	 1155		 4527		1.984034
			 9040		1.945896
   95	 1156		 9021		1.832152
			16936		1.104526
			26811		1.122292
			38870		1.119542
   96	 1157		 9022		1.936093
   97	42994		 1468		1.373053
			64471		1.080992
   98	56432		 1469		1.338820
			57438		1.080992
   99	 4123		 1470		1.926272
			 9777		1.901784
  100	 4126		 1471		1.916365
			 9778		1.891877
  101	 9805		 1472		1.927844
			 3385		1.947658
  102	 3388		 1473		1.968998
			 9795		1.970326
  103	 6089		 1474		1.891877
			 4113		1.916550
			 9797		1.867389
  104	 6091		 1475		1.891877
			 3729		1.979337
  105	25435		 1476		1.280707
  106	 3741		 1477		1.956618
			25407		1.778618
  107	 3392		 1478		1.969079
			 9773		1.960500
  108	29330		 1479		1.324846
			 7907		1.078138
  109	 3746		 1480		1.970326
  110	 4124		 1481		1.990712
			 9796		1.909439
  111	 3745		 1482		1.956699
			24351		1.788605
  112	19805		 1483		1.256138
  113	23315		 1484		1.266045
  114	 1886		 1485		1.959765
			 7908		1.742697
			29308		1.795577
  115	 3743		 1486		1.996899
  116	 1887		 1487		1.938132
			 7905		1.747370
			29322		1.773782
  117	29331		 1488		1.321728
  118	 1883		 1489		1.949939
			24710		1.722883
			29316		1.785670
  119	24373		 1490		1.300359
  120	 1491		 3369		1.969079
			 8675		1.942095
			19800		1.893038
  121	 1492		 3372		1.996899
  122	 1493		23310		1.821672
  123	 1494		23286		1.847407
  124	 1495		25417		1.822838
  125	 1496		 3373		1.948692
			 8673		1.921627
			22948		1.872652
  126	 1497		 9772		1.956779
  127	 1498		19795		1.838419
  128	 1499		 3374		1.959765
			 8668		1.932700
			22943		1.873899
  129	 1500		19786		1.849411
  130	 1501		24352		1.783770
  131	39912		 1861		1.405034
			41545		1.080992
  132	27174		 1862		1.505175
			 6060		1.543208
  133	11259		 1863		1.960581
  134	 5665		 1864		1.925025
			18710		1.918369
  135	41563		 1865		1.405034
			54402		1.080992
  136	10515		 1866		1.942880
			 5648		1.938183
			 6076		1.918369
			 6403		1.942880
  137	10899		 1867		1.931234
			 5649		1.979337
  138	 5668		 1868		1.934851
			18709		1.918369
  139	 8290		 1869		1.348087
  140	 2241		 1870		1.927248
			 8279		1.663874
  141	18718		 1871		1.421435
			41915		1.120458
  142	10524		 1872		1.984034
			 5644		1.979337
			 6071		1.959523
  143	10517		 1873		1.984034
			 5651		1.979337
			 6072		1.959523
  144	 6084		 1874		1.904661
			 5660		1.952764
  145	 6422		 1875		1.926295
			10503		1.898636
  146	 8295		 1876		1.996899
  147	 6083		 1877		1.954313
			 5643		1.996818
			18712		1.947658
  148	 5664		 1878		1.925025
			18713		1.908543
  149	 8289		 1879		1.348168
  150	 8293		 1880		1.959765
  151	 6430		 1881		1.972227
			10507		1.954394
  152	 1882		 6070		1.984034
			11247		1.937809
  153	 1884		 3730		1.996899
  154	 1885		 5655		1.955722
			18699		1.916550
  155	 1888		 8266		1.691401
  156	38516		 2217		1.526808
  157	 6423		 2218		1.935908
			 6077		1.955560
			11251		1.909335
  158	 3742		 2219		1.557893
  159	 2618		 2220		1.996818
  160	 2617		 2221		1.965467
			 6406		1.972227
  161	35369		 2222		1.427437
			30042		1.104526
  162	 6420		 2223		1.940956
  163	 2620		 2224		1.919242
			30052		1.596332
			35355		1.560117
  164	31142		 2225		1.391222
  165	38518		 2226		1.526808
			51407		1.090818
  166	25770		 2227		1.557974
  167	 6428		 2228		1.926082
			 6078		1.955560
			11252		1.919323
  168	30059		 2229		1.417530
  169	 2619		 2230		1.917342
			30051		1.594350
			35349		1.590880
  170	 2621		 2231		1.996899
  171	 6425		 2232		1.937155
  172	 6429		 2233		1.946981
  173	29697		 2234		1.401048
			31121		1.084793
  174	 8288		 2235		1.415629
			42616		1.110632
			72130		1.129199
  175	 2236		29696		1.620923
			31135		1.647311
  176	 2237		31111		1.660073
  177	 2238		 6079		1.996818
			 6411		1.967259
			11232		1.960581
  178	 2239		18006		1.699723
			30045		1.635585
  179	 2240		 8284		1.950674
  180	 2242		 8285		1.996899
  181	 2243		29686		1.643510
			31122		1.635585
  182	25771		 2599		1.610774
  183	 7188		 2600		1.955641
  184	25763		 2601		1.158677
			27163		1.148851
  185	37826		 2602		1.567881
			64801		1.090818
  186	19079		 2603		1.921327
  187	10168		 2604		1.996899
			32502		1.604176
  188	33607		 2605		1.686403
			27940		1.159169
  189	32529		 2606		1.480317
			 9782		1.068231
  190	 4533		 2607		1.972226
  191	 7183		 2608		1.965548
			 6416		1.984034
  192	 7177		 2609		1.700903
			 6415		1.704808
			10488		1.680464
			11950		1.068312
			21539		1.111285
			24001		1.094619
			39226		1.129199
  193	17650		 2610		1.804763
			 6410		1.808668
			 7156		1.816675
  194	10175		 2611		1.894650
			 9784		1.492390
			32510		1.555097
  195	 4535		 2612		1.996818
  196	 7182		 2613		1.965548
  197	32526		 2614		1.470410
  198	 9799		 2615		1.909416
			32509		1.569862
  199	37164		 2616		1.558055
			37808		1.090818
  200	 2622		32504		1.582543
  201	25436		 2975		1.313097
			 4914		1.405335
			17260		1.260910
  202	20518		 2976		1.286709
			33205		1.058405
			38171		1.092974
  203	10512		 2977		1.394370
			13760		1.239570
			17259		1.140844
			19788		1.153686
			28618		1.114352
			28977		1.147714
  204	22256		 2978		1.498311
  205	 4922		 2980		1.830129
			 3381		1.881213
  206	 4925		 2981		1.830129
			 3367		1.871306
  207	 3391		 2982		1.957541
			18350		1.942961
  208	38183		 2984		1.428822
  209	20520		 2985		1.407131
			 4904		1.519102
  210	 4921		 2986		1.830210
  211	 4118		 2987		1.873368
			 4913		1.893754
  212	 7583		 2988		1.313097
			 4893		1.333483
			22244		1.094619
  213	18365		 2989		1.141798
			11565		1.151705
			27158		1.161612
  214	23316		 2990		1.301370
			13759		1.219756
			17271		1.130937
  215	16601		 2991		1.301744
			33207		1.125946
			38874		1.132602
  216	27173		 2992		1.272047
  217	 4918		 2993		1.805722
			 3366		1.856644
  218	18368		 2994		1.213060
  219	 2997		 4910		1.498311
  220	 3000		 5251		1.868447
			 9385		1.735986
  221	 3003		18356		1.850700
  222	25766		 3364		1.317002
  223	 4121		 3365		1.884171
  224	 4120		 3368		1.884090
  225	26476		 3370		1.373926
			 4112		1.426887
  226	 4122		 3375		1.996818
  227	63477		 3376		1.285778
			72131		1.146788
  228	58452		 3377		1.300439
			63459		1.090818
  229	 4920		 3379		1.846737
			 4111		1.869082
  230	22965		 3380		1.205239
			 8674		1.178093
  231	 4125		 3382		1.893997
  232	 4117		 3383		1.912564
  233	36085		 3384		1.305298
  234	19811		 3386		1.205239
			 8659		1.168267
  235	42281		 3727		1.391619
			42976		1.090818
  236	18719		 3728		1.947658
  237	41919		 3731		1.406281
			42263		1.089249
  238	25768		 3732		1.445454
  239	 6086		 3733		1.873310
			 5645		1.964571
  240	27166		 3734		1.139025
  241	 6088		 3735		1.883217
			 4101		1.848800
  242	 5669		 3736		1.939137
  243	 6090		 3737		1.950782
			 4102		1.926191
  244	 5663		 3738		1.996818
  245	 6092		 3739		1.960689
			 4108		1.926272
  246	25767		 3740		1.420966
  247	 3744		 4100		1.996818
			 9769		1.947658
  248	 7932		 4096		1.419043
			10873		1.121039
			17280		1.309886
			29315		1.078138
			31119		1.145630
			34648		1.129368
			36073		1.458215
  249	24736		 4097		1.555397
  250	 7936		 4098		1.512996
			36062		1.552249
  251	23313		 4099		1.419043
			39534		1.058405
  252	 8291		 4103		1.565980
			 4895		1.453275
			10881		1.084712
			17262		1.327887
			27577		1.092638
			63125		1.114352
  253	28631		 4104		1.673710
			 4897		1.561005
  254	27170		 4105		1.386468
  255	25437		 4106		1.549210
			 4903		1.643349
  256	27169		 4107		1.394474
  257	 5667		 4109		1.926272
			 6057		1.979337
  258	28986		 4110		1.455257
			 4900		1.515081
			28611		1.084793
  259	 8292		 4114		1.445350
			 4892		1.539488
			23646		1.153686
			31110		1.111285
			35010		1.094619
  260	 9804		 4115		1.352154
			63803		1.120539
  261	 4917		 4116		1.899780
			 6058		1.962671
  262	 4119		 4908		1.673710
  263	 4127		 9763		1.901703
  264	12363		 4509		1.815324
			 7167		1.841816
			19066		1.798842
  265	20165		 4510		1.904684
			 9026		1.891034
  266	27168		 4511		1.702988
  267	16598		 4512		1.876130
			19070		1.849822
  268	 7181		 4513		1.721289
			 9371		1.078138
			10498		1.704952
			12344		1.768630
			19069		1.694982
			21181		1.101338
			21533		1.121111
			39222		1.119211
  269	10174		 4514		1.839811
			 7148		1.866303
			19055		1.813423
  270	27951		 4515		1.694901
			12351		1.744142
  271	 9400		 4516		1.800743
			13408		1.761610
			18002		1.117722
			30771		1.096145
			39219		1.138944
			63141		1.140925
  272	 9051		 4517		1.980314
			10159		1.982133
  273	27175		 4518		1.661753
  274	10176		 4519		1.929091
			12352		1.848002
  275	25076		 4520		1.702988
			10164		1.729376
  276	12364		 4521		1.837911
  277	22613		 4522		1.904603
  278	19078		 4523		1.711382
			32158		1.087964
			63131		1.084712
  279	10169		 4524		1.996818
			 9793		1.996899
  280	12365		 4525		1.978494
  281	18014		 4526		1.810569
			 9025		1.796919
			13415		1.761610
			21893		1.092974
  282	12360		 4528		1.825230
			10163		1.788935
			10497		1.704952
			20836		1.104526
			21538		1.121031
			39206		1.099478
  283	 4529		 9794		1.980314
			10166		1.876165
  284	 4530		 9790		1.899590
			10156		1.977247
  285	 4531		 9027		1.982133
  286	 4532		 9788		1.868239
			10155		1.945896
  287	 4534		 7163		1.984034
			19051		1.921327
  288	 4536		10147		1.953821
			12341		1.978494
  289	24731		 4889		1.407235
			17275		1.285479
			29310		1.084856
			30766		1.094700
			41235		1.160658
  290	36086		 4890		1.552249
  291	24376		 4891		1.523453
  292	 5662		 4894		1.706136
			 6064		1.734529
  293	 7933		 4896		1.561972
  294	24374		 4898		1.417061
			17274		1.275572
			32861		1.090297
  295	 6087		 4899		1.962671
  296	42638		 4901		1.328809
  297	31143		 4902		1.561203
			 8278		1.360785
			27580		1.078138
  298	21903		 4905		1.410486
  299	28987		 4906		1.673400
			31112		1.758114
  300	24377		 4907		1.521002
  301	29698		 4909		1.551296
			 6082		1.579688
			17640		1.592369
			34665		1.104526
  302	24737		 4911		1.511176
  303	26827		 4912		1.414756
			24358		1.094619
  304	30780		 4915		1.655156
			 6063		1.693375
			17637		1.706055
  305	 4916		 6067		1.643349
  306	 4924		 6061		1.952764
  307	 9405		 5241		1.947554
			39212		1.346561
  308	30779		 5242		1.668444
			 9368		1.078219
  309	15897		 5243		1.885032
			 9393		1.831886
			21188		1.092974
  310	40629		 5245		1.359668
  311	25772		 5246		1.863692
			 9390		1.861445
  312	26141		 5247		1.876210
			 9384		1.755638
			70803		1.097578
  313	13425		 5249		1.916198
			21189		1.094619
			39533		1.134540
			63129		1.160496
  314	27177		 5250		1.853704
  315	18716		 5254		1.793902
			39204		1.163431
  316	15899		 5255		1.894939
			 9378		1.831886
			21878		1.091512
  317	 9399		 5256		1.843647
  318	40628		 5261		1.369494
  319	 5262		 7151		1.843648
			12343		1.304483
  320	 5263		 9392		1.935746
  321	 5264		39228		1.346642
  322	 5265		 7146		1.947796
			11575		1.974289
  323	 5266		 9372		1.947554
  324	 5270		 7160		1.841585
			11558		1.947554
			12347		1.394474
  325	 5271		 9380		1.935746
  326	 5273		15101		1.633924
			15496		1.068231
			16243		1.173419
			21194		1.092719
			40614		1.111285
  327	 5274		15887		1.681706
			16219		1.087964
			21195		1.092719
			72454		1.171438
  328	 6085		 5641		1.960770
			10490		1.984034
			10889		1.979337
  329	34672		 5642		1.549645
  330	10892		 5646		1.575783
			 6055		1.606076
			10495		1.633361
			17619		1.504961
			27939		1.159007
			32503		1.087964
			40599		1.180229
  331	35370		 5647		1.645249
			 6056		1.596251
			17630		1.480554
			19059		1.068312
			30409		1.104526
  332	 6426		 5650		1.969430
			 6074		1.969268
  333	30060		 5652		1.657056
			17628		1.455985
			40927		1.111285
  334	10897		 5653		1.760917
  335	25769		 5654		1.482483
  336	27605		 5656		1.747459
			 6066		1.718193
  337	10898		 5657		1.689470
			 6068		1.719763
			10479		1.747047
  338	33230		 5658		1.536634
			30769		1.102876
  339	17648		 5659		1.706055
  340	 5661		 6059		1.747459
			10874		1.737714
  341	 5666		 6065		1.760917
  342	32875		 6049		1.579769
  343	 6421		 6050		1.984034
			10483		1.942880
  344	31144		 6051		1.758114
  345	25433		 6052		1.488508
			39525		1.068312
  346	32524		 6053		1.594269
			10888		1.604176
			63134		1.104445
  347	22962		 6054		1.661834
			 6413		1.615609
			10486		1.610774
			12327		1.107697
			27933		1.134085
			40910		1.131099
  348	27606		 6062		1.764044
			 9775		1.785816
  349	10514		 6069		1.780276
			 6402		1.750987
  350	 9800		 6073		1.652008
			19058		1.088045
			32505		1.119292
			63130		1.104526
  351	11257		 6075		1.516901
			10509		1.530316
  352	27167		 6080		1.473927
  353	29704		 6081		1.773870
			 6407		1.737552
			10487		1.732716
  354	37520		 6401		1.557893
  355	30062		 6404		1.633361
			40926		1.109554
  356	19437		 6405		1.793353
			10491		1.675628
			24013		1.058324
			40912		1.170403
			63127		1.121031
  357	10522		 6408		1.719389
			20154		1.124178
			22954		1.153525
			25073		1.124259
  358	19080		 6409		1.867654
  359	10516		 6412		1.954394
  360	10523		 6414		1.823249
  361	35027		 6417		1.622639
			10510		1.610774
			31113		1.083143
  362	34666		 6418		1.625435
			35358		1.058324
			40911		1.118074
  363	 9801		 6419		1.785816
			10493		1.764125
  364	 6424		 7168		1.867654
  365	 6427		 8280		1.967259
  366	72143		 6764		1.262618
  367	61143		 6766		1.129118
  368	23668		 6767		1.410039
			40262		1.272363
			48066		1.288016
  369	16603		 6770		1.434689
			28296		1.239061
			31823		1.237410
			33962		1.229235
			34284		1.247317
			35736		1.229154
			36428		1.239061
			36804		1.239061
			37160		1.239061
			37822		1.229235
			38513		1.239142
			39218		1.245739
			39895		1.247317
			40268		1.247317
			41559		1.247317
			41901		1.239061
			42277		1.248968
			42625		1.229235
			42990		1.248968
			44745		1.239061
			45077		1.257143
			45413		1.270589
			45748		1.229235
			46081		1.229235
			46414		1.255574
			46735		1.265553
			47076		1.237410
			47399		1.274990
			47727		1.273809
			48074		1.247317
			48411		1.237410
			48749		1.247317
			49081		1.247398
			49410		1.247317
			49739		1.270772
			50077		1.247317
			50400		1.247317
			50735		1.239061
			51079		1.239061
			51414		1.229235
			51747		1.239061
			52078		1.239142
			52413		1.255574
			52745		1.248968
			53078		1.239142
			53412		1.235994
			53729		1.263983
			54074		1.239061
			54409		1.247317
			54730		1.239061
			55075		1.229235
			55397		1.239061
			55733		1.239061
			56085		1.247317
			56424		1.249049
			56763		1.239142
			57096		1.255574
			57444		1.239142
			57765		1.247317
			58108		1.247398
			58444		1.239142
			58793		1.247398
			59125		1.248968
			59458		1.249049
			59781		1.249049
			60130		1.248887
			60459		1.248887
			60803		1.239061
			61138		1.239061
			61471		1.229154
			61802		1.248887
			62134		1.229235
			62464		1.273809
			62808		1.262333
			63471		1.249049
			63795		1.237410
			64146		1.247317
			64478		1.249049
			64809		1.265553
			65140		1.255808
			65478		1.290343
			65799		1.245820
			66140		1.265715
			66462		1.265553
			66801		1.239142
			67134		1.239142
			67466		1.229235
			67797		1.247317
			68131		1.247398
			68464		1.248968
			68788		1.248968
			69128		1.285124
			69463		1.239142
			69795		1.255646
			70135		1.276356
			70457		1.295274
			70790		1.255646
			71467		1.272240
			71798		1.254077
			72118		1.265634
			72452		1.265472
  370	18363		 6771		1.400110
			28290		1.214308
			31813		1.214308
			33971		1.214308
			34296		1.224214
			35726		1.224214
			36440		1.224214
			36795		1.224214
			37151		1.224295
			37813		1.224295
			38504		1.234202
			39225		1.230974
			39899		1.214308
			40265		1.240910
			41550		1.204401
			41913		1.214469
			42268		1.224376
			42624		1.224295
			42981		1.224376
			44744		1.214469
			45076		1.214308
			45412		1.257393
			45747		1.224214
			46080		1.214388
			46413		1.214308
			46749		1.270520
			47075		1.234121
			47404		1.246303
			47726		1.267402
			48073		1.244109
			48410		1.240910
			48748		1.240910
			49080		1.240991
			49409		1.231003
			49744		1.234644
			50072		1.231003
			50405		1.234121
			50734		1.224295
			51078		1.242378
			51413		1.224295
			51746		1.224295
			52071		1.234202
			52408		1.214308
			52744		1.224376
			53073		1.234202
			53411		1.231055
			53741		1.257576
			54073		1.214469
			54408		1.224133
			54736		1.214469
			55074		1.204562
			55401		1.214469
			55732		1.214469
			56084		1.234202
			56409		1.214469
			56762		1.204562
			57102		1.224133
			57443		1.214388
			57764		1.214308
			58107		1.240991
			58429		1.214469
			58792		1.240991
			59124		1.224376
			59457		1.214469
			59780		1.214469
			60129		1.214388
			60458		1.224295
			60802		1.224214
			61137		1.214388
			61470		1.214388
			61801		1.224133
			62133		1.224214
			62452		1.267402
			62802		1.265832
			63470		1.214388
			63794		1.234121
			64145		1.243947
			64477		1.224295
			64811		1.270439
			65150		1.231135
			65470		1.283935
			65807		1.240880
			66139		1.250868
			66470		1.240800
			66802		1.234202
			67125		1.224295
			67465		1.214388
			67794		1.243947
			68126		1.240991
			68463		1.214469
			68796		1.214469
			69127		1.250706
			69462		1.214469
			69794		1.250706
			70128		1.265913
			70466		1.280508
			70799		1.260613
			71466		1.236112
			71797		1.257576
			72132		1.260694
			72449		1.240881
  371	19808		 6774		1.211638
  372	27172		 6775		1.180179
  373	37519		 6776		1.254692
  374	18361		 6778		1.143780
			 8666		1.327225
			11245		1.190005
			19796		1.315417
			27151		1.180179
			37496		1.252607
  375	19809		 6781		1.191905
  376	18359		 6782		1.300733
			 8270		1.330291
			 9761		1.310559
			11581		1.300733
			18704		1.330291
			26135		1.330291
			28299		1.350105
			31472		1.330291
			31826		1.368268
			33973		1.330291
			34294		1.330291
			35724		1.330291
			36438		1.338548
			36793		1.330291
			37149		1.320465
			37811		1.330291
			38511		1.338629
			39906		1.338548
			41548		1.330291
			41911		1.320465
			42266		1.328722
			42979		1.328722
			56077		1.346804
			56417		1.320465
			58437		1.320465
			60114		1.320465
			61474		1.320465
			63472		1.320465
			63798		1.350024
  377	 8679		 6784		1.358273
			 7567		1.320708
			 7915		1.411234
			 9765		1.364393
			15499		1.267828
			16240		1.348528
			19426		1.267828
			19801		1.371705
			20144		1.277815
			22945		1.303668
			23662		1.405261
			23993		1.277815
			40264		1.336728
			48062		1.342555
  378	27165		 6785		1.208467
  379	 8677		 6786		1.365134
			16574		1.459403
  380	11255		 6787		1.242700
			16575		1.327144
			37503		1.269273
  381	37518		 6788		1.375063
  382	37514		 6789		1.272502
  383	37515		 6790		1.279076
			11230		1.305649
  384	 6799		 9768		1.386269
			11244		1.252688
			16587		1.434608
			18343		1.266015
			18701		1.265765
			23659		1.410039
			28291		1.442789
			33958		1.254039
			40277		1.459403
			45409		1.260666
			45737		1.263183
			46750		1.244051
			62126		1.288016
			62474		1.290563
			65149		1.278190
			71139		1.368268
  385	 6800		 8656		1.396483
			23655		1.322660
  386	 6801		16225		1.267534
			26127		1.257628
			31483		1.307000
			31816		1.297174
			33961		1.267534
			34287		1.297093
			35725		1.297093
			36431		1.277360
			36794		1.267534
			37150		1.267534
			37812		1.267534
			38510		1.275791
			39215		1.257709
			39898		1.307081
			41225		1.257628
			41549		1.315337
			41904		1.265965
			42267		1.277441
			42980		1.295443
			51410		1.275791
			51749		1.267534
			53742		1.267454
			54405		1.315337
			56078		1.285698
			56426		1.277441
			57440		1.277441
			58446		1.267534
			60120		1.267534
			61142		1.267534
			63457		1.277360
			63815		1.287267
			70796		1.287267
  387	 6805		 7558		1.340148
			 7909		1.420848
			 8649		1.391128
			 9779		1.423379
			15500		1.265809
			16241		1.348154
			18004		1.402935
			19427		1.257628
			19784		1.430853
			20158		1.257628
			22942		1.352828
			23645		1.434689
			24002		1.267534
			40274		1.375981
			48067		1.383378
  388	 6806		 8283		1.338459
			 9780		1.348285
			11573		1.338459
			13417		1.328634
			18711		1.328553
			26137		1.348366
			28303		1.358273
			31486		1.358273
			31829		1.358273
			33969		1.338459
			34297		1.358273
			35734		1.358273
			36441		1.348285
			36802		1.348366
			37158		1.348366
			37820		1.338459
			38503		1.338459
			39908		1.348366
			41557		1.358273
			41914		1.328634
			42275		1.328634
			42988		1.325596
			56072		1.355155
			56413		1.318808
			58433		1.328634
			60117		1.328634
			61473		1.328634
			63465		1.318808
			63805		1.348447
  389	21549		 7140		1.582989
  390	11585		 7141		1.858494
			21535		1.360299
			39217		1.394717
  391	11588		 7142		1.868320
			 9033		1.955803
  392	11582		 7143		1.631883
			18706		1.138944
			65812		1.090818
  393	11583		 7144		1.764506
  394	31833		 7145		1.637116
			 9037		1.700111
			11570		1.629294
			33955		1.090899
  395	21547		 7149		1.592814
  396	39233		 7150		1.394717
  397	11584		 7152		1.721451
			 9030		1.747943
  398	 9048		 7153		1.955722
			11557		1.965548
  399	 9047		 7154		1.970407
			10145		1.996899
  400	24019		 7155		1.576333
  401	11589		 7157		1.889764
			24012		1.444369
			39207		1.452456
  402	39236		 7158		1.452456
  403	12358		 7159		1.607395
  404	11591		 7161		1.960581
			 9042		1.996899
  405	24017		 7162		1.576414
  406	 9046		 7165		1.894651
			10144		1.965548
			23997		1.463917
  407	34302		 7166		1.620554
			10141		1.637324
			35719		1.100806
  408	 9050		 7169		1.955722
			10153		1.982133
  409	21548		 7171		1.737955
			10494		1.680464
			16591		1.782176
			23664		1.114433
  410	19081		 7172		1.851642
			16573		1.876130
  411	30419		 7173		1.712814
			35360		1.058324
  412	 7174		10167		1.970407
  413	 7175		10157		1.894650
			22944		1.510222
  414	 7176		 9031		1.960581
			11560		1.889764
  415	 7178		24010		1.437865
  416	 7179		11556		1.955803
  417	 7180		10162		1.694982
  418	 7184		24015		1.478763
  419	 7185		11567		1.445535
  420	 7186		12348		1.392816
  421	 7187		21536		1.371945
  422	26477		 7559		1.208283
  423	21902		 7561		1.191882
  424	24375		 7562		1.172068
			26818		1.094619
  425	23312		 7563		1.198457
			 7910		1.518917
			14457		1.125999
			36074		1.068231
			38884		1.129118
  426	39540		 7564		1.198457
			14458		1.124430
			23296		1.084793
  427	14477		 7565		1.681787
			23300		1.568124
  428	20516		 7566		1.232955
  429	20515		 7568		1.181975
			21885		1.099518
			33583		1.078219
  430	26826		 7569		1.197304
  431	24735		 7570		1.198457
			26464		1.104526
  432	28627		 7573		1.228448
			14451		1.255021
			23287		1.090297
			28979		1.090297
  433	28985		 7574		1.232851
			14450		1.259263
			23288		1.094700
  434	16250		 7575		1.125779
			 8273		1.117522
			 8652		1.117522
			 9760		1.241116
			12350		1.087883
			13398		1.114415
			15105		1.058324
			15503		1.097709
			15890		1.107697
			16588		1.078057
			17263		1.097790
			17621		1.097790
			17991		1.097790
			19047		1.078057
			19432		1.107697
			19792		1.087883
			20148		1.068231
			20838		1.063827
			21182		1.068231
			21526		1.087883
			21899		1.115878
			22225		1.115878
			22602		1.087883
			22950		1.087883
			23297		1.097790
			23652		1.087883
			24008		1.107697
			24366		1.107697
			25058		1.068231
			25418		1.087964
			26463		1.112765
			26812		1.114415
			27944		1.058324
			28619		1.115953
			28971		1.115953
			29309		1.114415
			29691		1.106046
			30057		1.106046
			30407		1.106046
			30750		1.115872
			31131		1.115872
			32159		1.115872
			32500		1.087883
			32865		1.115953
			33203		1.106046
			33594		1.115872
			34646		1.115872
			35015		1.115872
			35351		1.115872
			36068		1.097790
			39530		1.154273
			72734		1.125654
  435	20517		 7577		1.155506
			12714		1.135669
			22238		1.442242
			33214		1.058405
  436	 7581		12710		1.673781
			20505		1.647393
  437	 7582		26807		1.590213
  438	 7584		12715		1.145495
			20513		1.232955
  439	 7585		 8274		1.393028
			 8660		1.402935
			12333		1.393109
			13400		1.373296
			15112		1.383202
			15489		1.383202
			15884		1.383283
			16238		1.383202
			16582		1.393109
			17264		1.373296
			17622		1.363470
			17994		1.373296
			19053		1.393109
			19424		1.383202
			19802		1.393028
			20145		1.383202
			20842		1.383202
			21190		1.383202
			21532		1.393109
			21882		1.388706
			22232		1.388706
			22588		1.393109
			22957		1.393028
			23298		1.363389
			23661		1.402935
			24009		1.383202
			24367		1.363389
			25062		1.393190
			25430		1.363470
			26459		1.373296
			26817		1.373296
			27943		1.393109
			28606		1.373296
			28972		1.373296
			29311		1.373296
			29693		1.393028
			30055		1.393028
			30403		1.393028
			30758		1.373376
			31108		1.393028
			32146		1.383283
			32515		1.393028
			32853		1.373376
			33213		1.373296
			33586		1.373296
			34644		1.383202
			35016		1.393028
			35348		1.383202
			36058		1.373376
			39524		1.373376
  440	 7586		21891		1.653498
  441	 7588		16584		1.681787
  442	17286		 7911		1.656201
  443	39539		 7913		1.104445
			13772		1.220801
			24707		1.117206
  444	39541		 7914		1.271862
			14800		1.092969
			24722		1.107300
  445	28629		 7916		1.291594
			14808		1.094538
			25419		1.068231
  446	14826		 7917		1.748549
			25408		1.525186
  447	24732		 7920		1.437932
  448	23317		 7924		1.437851
  449	13778		 7925		1.094619
			24355		1.470491
			24705		1.119211
			39535		1.058324
			41237		1.160658
  450	24733		 7926		1.262036
			14799		1.111396
			26458		1.117821
			33592		1.058405
  451	 7929		13756		1.271781
  452	 7930		14139		1.225042
			23292		1.104445
			24718		1.127032
			38887		1.109385
			39529		1.078057
  453	 7931		14798		1.111213
			23290		1.094619
			25425		1.068231
			33596		1.066661
			41236		1.140844
  454	 7935		13770		1.748549
			24708		1.644955
  455	53418		 8264		1.139186
  456	23675		 8265		1.343002
  457	31139		 8267		1.370610
  458	17651		 8268		1.761686
			27584		1.439573
			31114		1.502361
  459	51421		 8271		1.144609
  460	72142		 8275		1.252873
  461	39910		 8277		1.252792
  462	31138		 8286		1.370610
			27583		1.068231
  463	 8287		39893		1.119292
  464	 8294		10876		1.526767
			17281		1.761685
			27576		1.534693
  465	18367		 8646		1.416296
			11246		1.315290
			11569		1.127217
			19782		1.308820
			27162		1.147031
			71136		1.331892
  466	18364		 8650		1.424303
			45741		1.205913
			46073		1.205913
			46409		1.214008
			48079		1.225646
			50073		1.215739
			51073		1.205832
			52079		1.205832
			52406		1.214008
			53746		1.205751
			55069		1.205832
			55407		1.215739
			55739		1.215739
			56767		1.166448
			57776		1.195925
			58103		1.235553
			59461		1.176355
			59787		1.176355
			60463		1.215739
			60795		1.225646
			61797		1.205751
			62803		1.240662
			71802		1.222499
			72137		1.232405
  467	28308		 8657		1.442789
			31822		1.204666
			33967		1.214573
			34292		1.204666
			35712		1.214492
			36436		1.214573
			36784		1.224399
			37140		1.244051
			37802		1.224399
			38507		1.234306
			39220		1.240903
			39904		1.204666
			41539		1.204666
			41909		1.244051
			42257		1.252307
			42630		1.224480
			42970		1.252307
			51404		1.232656
			51745		1.232656
			53732		1.212923
			54399		1.212923
			57433		1.244051
			60125		1.244051
			63466		1.244051
			63814		1.214573
			64470		1.252307
			64812		1.222830
			65804		1.231158
			69460		1.244051
			72458		1.270543
  468	40282		 8658		1.459403
			36788		1.231026
			37144		1.231026
			37806		1.231026
			41543		1.240933
			42261		1.270734
			42974		1.270734
			46082		1.231026
			47073		1.211374
			48065		1.211374
			48401		1.211374
			48752		1.211374
			49084		1.216877
			50070		1.211374
			51408		1.231026
			52068		1.221200
			53739		1.211374
			54403		1.231188
			55737		1.247721
			56083		1.221200
			56774		1.260827
			58796		1.216877
			59454		1.270734
			59785		1.270734
			60470		1.270734
			60804		1.221200
			62124		1.221200
			66142		1.267506
			69130		1.306971
			69792		1.237785
			70464		1.287239
  469	18362		 8664		1.416296
  470	37517		 8667		1.399919
  471	11587		 8669		1.337213
			16580		1.434689
			27161		1.351868
			37510		1.399919
			71135		1.358442
  472	 8678		37507		1.375063
  473	 8682		11231		1.327144
			16239		1.255858
			17995		1.284251
			19783		1.289087
			26123		1.209818
			28297		1.219482
			31477		1.209818
			31818		1.219725
			35722		1.208087
			37499		1.252607
			41221		1.203845
			42627		1.202012
			43329		1.234770
			43681		1.250261
			44033		1.236259
			44385		1.233383
			48414		1.249896
			71140		1.269273
  474	 8683		19804		1.924798
  475	 8684		16929		1.208979
			20499		1.114404
			21886		1.166110
			22229		1.164209
			33218		1.232823
			41220		1.150751
  476	21200		 9032		1.841978
  477	33976		 9038		1.699949
			11571		1.619388
			34298		1.090818
  478	11592		 9039		1.965548
  479	27171		 9041		1.757850
  480	22609		 9043		1.757850
			63138		1.121111
  481	24021		 9044		1.772431
  482	23672		 9045		1.793983
  483	 9049		11576		1.996899
  484	 9052		11563		1.868239
  485	28309		 9373		1.845044
			72128		1.137205
  486	21552		 9375		1.208467
  487	39234		 9379		1.322235
  488	18018		 9381		1.224811
  489	39235		 9387		1.389146
  490	18013		 9388		1.699865
  491	16249		 9389		1.297012
  492	13422		 9395		1.735905
  493	40630		 9396		1.287106
  494	 9397		17997		1.274284
  495	 9398		13418		1.213501
  496	 9401		11969		1.934111
			15490		1.740368
			21180		1.092974
			21544		1.068231
			40610		1.109385
  497	 9402		15488		1.748549
			17999		1.056679
			40612		1.143699
			63142		1.150751
  498	 9403		15116		1.643750
			15501		1.058405
			16233		1.129118
			38883		1.082893
  499	 9404		15111		1.068312
			15893		1.670154
			38876		1.091074
  500	 9406		17996		1.223408
  501	57450		 9764		1.178490
  502	72575		 9770		1.110086
			41897		1.103820
			57774		1.118092
			58443		1.086721
			58791		1.068639
			63813		1.098278
  503	18717		 9771		1.236126
			26139		1.236126
			31831		1.216393
			33974		1.216393
			34299		1.226300
			35728		1.226300
			36443		1.236126
			36797		1.246032
			37153		1.255858
			37815		1.246032
			38497		1.246032
			39891		1.242885
			41552		1.206486
			41916		1.264196
			42270		1.265684
			42983		1.265684
			56075		1.255939
			56422		1.255777
			58442		1.245952
			60121		1.265765
			63468		1.255777
			63800		1.226300
			72114		1.262618
  504	32530		 9776		1.556021
  505	36446		 9785		1.543105
			10161		1.630587
			36790		1.100725
  506	36808		 9786		1.533279
			10148		1.610935
			37146		1.100806
  507	10521		 9789		1.761685
			32511		1.334782
  508	10171		 9792		1.909416
  509	 9798		17620		1.761686
  510	 9806		10158		1.996899
  511	20160		10142		1.876210
			15495		1.699318
			25060		1.104445
  512	35740		10143		1.637324
			36442		1.090818
  513	25079		10146		1.886117
			15106		1.543980
  514	25080		10149		1.876291
			11967		1.575015
			28624		1.107697
  515	22963		10152		1.523372
  516	25764		10154		1.714796
  517	22961		10165		1.513465
  518	10170		22953		1.513077
  519	10172		22955		1.505071
  520	10173		22959		1.524907
  521	22964		10477		1.524907
  522	17643		10478		1.760462
			14813		1.504163
			30041		1.094619
			35352		1.068231
			40928		1.121192
  523	30065		10480		1.770368
			14126		1.394806
			35354		1.066581
  524	30063		10481		1.770368
			14461		1.403152
			35359		1.058324
			40925		1.109554
  525	20159		10482		1.631570
  526	16596		10489		1.680464
			21540		1.121031
  527	19438		10492		1.655977
  528	21545		10496		1.680464
  529	21551		10499		1.704952
  530	12356		10500		1.607001
  531	21553		10501		1.704952
  532	13421		10502		1.761685
			21528		1.197577
  533	19806		10504		1.849411
  534	22966		10505		1.873899
  535	35025		10508		1.607223
  536	10513		12328		1.279047
  537	10518		16592		1.228252
			21527		1.268371
  538	10519		19433		1.267968
  539	10520		20155		1.244814
  540	31140		10867		1.502361
  541	31141		10868		1.428025
  542	23674		10870		1.428025
  543	32528		10871		1.604176
  544	36076		10872		1.480035
  545	36079		10878		1.461955
  546	32531		10879		1.568043
  547	32164		10880		1.696641
			14112		1.310130
  548	39543		10882		1.121060
			17269		1.299979
			27574		1.082812
  549	34669		10886		1.094700
			17270		1.316674
  550	32165		10890		1.476617
  551	10891		14455		1.341063
			32150		1.100975
			32514		1.150913
			34663		1.066581
  552	10893		14790		1.429049
			29682		1.084744
			31126		1.084744
			35013		1.119461
  553	10894		14791		1.411350
			34656		1.116343
			36069		1.139113
  554	10895		14111		1.337574
			35017		1.089600
			36070		1.129206
			39536		1.068150
  555	10896		14439		1.361228
			35002		1.083143
			36072		1.086394
  556	19814		11235		1.269169
			71144		1.322066
  557	71156		11236		1.262514
  558	71151		11237		1.269273
  559	71149		11238		1.289006
  560	18360		11243		1.315290
  561	71147		11248		1.289006
  562	37513		11253		1.289087
  563	11256		37497		1.242781
			71137		1.312159
  564	11258		19785		1.298913
			71141		1.312240
  565	18721		11559		1.252792
  566	31492		11561		1.752910
			18702		1.147362
			72119		1.117391
  567	47083		11566		1.155558
  568	19813		11574		1.924798
  569	11590		21542		1.445535
  570	20164		11944		1.614164
			24003		1.084712
  571	21201		11945		1.638652
  572	24022		11946		1.604338
  573	19443		11949		1.614164
			23654		1.114271
  574	20847		11951		1.638652
  575	15896		11952		1.681787
			20843		1.142210
  576	19077		11953		1.526039
			40919		1.141006
			63122		1.082893
  577	32167		11954		1.536027
  578	22612		11955		1.589676
			26470		1.096226
  579	21546		11958		1.268371
  580	40627		11960		1.287106
  581	27952		11961		1.540701
			12330		1.783211
  582	27949		11962		1.540701
  583	23673		11964		1.633897
  584	22608		11965		1.579770
  585	25075		11968		1.575015
  586	40626		11971		1.277280
  587	11972		19060		1.284704
  588	11973		27929		1.260297
  589	11974		24005		1.203315
  590	11975		21186		1.186834
  591	11976		15508		1.733713
			20156		1.851803
			21530		1.078138
			24007		1.114514
			40613		1.109466
  592	11977		15090		1.617362
			15494		1.058405
			21187		1.091074
			40601		1.109385
  593	11978		15100		1.078057
			21176		1.109263
  594	11979		14449		1.681787
  595	11980		25064		1.211403
  596	11981		22603		1.186915
  597	11982		23657		1.218293
  598	27954		12329		1.783291
			15115		1.519411
  599	27950		12331		1.579711
  600	39232		12335		1.394474
  601	19072		12337		1.565049
			30411		1.110110
			35357		1.068312
			40920		1.131099
  602	40937		12338		1.430006
  603	15520		12339		1.748549
			22596		1.178268
  604	19073		12342		1.614106
			25059		1.092800
			32508		1.058324
			63137		1.094700
  605	25078		12345		1.614025
  606	19074		12346		1.555143
  607	22610		12349		1.628606
  608	17646		12353		1.599525
			27938		1.149262
			40603		1.170484
  609	12354		27945		1.268397
  610	12355		39210		1.394474
  611	12357		22590		1.084712
			27934		1.084712
			40918		1.140925
  612	12359		25074		1.243909
  613	12361		14806		1.748549
			17633		1.312618
  614	12362		19062		1.288211
  615	33228		12699		1.084793
  616	33603		12700		1.152429
			20502		1.094619
  617	13779		12701		1.152510
			20491		1.109281
			24369		1.470572
			33589		1.078219
  618	28984		12702		1.443685
  619	33222		12703		1.176998
			13769		1.160517
			20497		1.084793
  620	33225		12704		1.111101
			16583		1.114352
			20504		1.094619
  621	33227		12705		1.102800
			13058		1.119362
  622	13780		12707		1.185179
			20506		1.083067
			22233		1.450423
			33216		1.066586
  623	26823		12708		1.433455
  624	33226		12709		1.111182
			16576		1.124259
  625	13781		12711		1.152429
			20509		1.466140
			21883		1.117525
			33215		1.086319
  626	13079		12712		1.092974
			29320		1.073374
			38888		1.345765
  627	14143		12713		1.643831
			20498		1.600602
			24370		1.574214
  628	13080		12717		1.104526
			28963		1.129449
			38170		1.082893
			38875		1.270123
  629	24372		12718		1.152510
			20493		1.109281
  630	13078		12720		1.094619
			26805		1.108178
			38172		1.357934
  631	26820		12721		1.094619
			13062		1.111182
  632	13081		12723		1.094619
			29319		1.058405
			38168		1.235984
  633	28982		12724		1.092974
  634	12725		13056		1.643831
  635	12726		16595		1.114352
			20511		1.084793
			26816		1.124615
			38160		1.364465
  636	12727		16594		1.124178
			33211		1.076406
			38869		1.347411
  637	12729		33220		1.194906
			38165		1.091324
  638	13426		13055		1.084793
			29321		1.058405
			38169		1.091149
			38889		1.270042
  639	26824		13057		1.426737
  640	16942		13059		1.094700
			13399		1.111182
			29306		1.058405
			38158		1.245891
  641	13782		13060		1.748549
  642	16940		13063		1.098230
			13420		1.106778
			26809		1.120400
			38865		1.266935
  643	16941		13064		1.189731
			13751		1.104526
			23991		1.134272
			29307		1.058405
			33217		1.187038
			38866		1.347411
  644	29323		13065		1.090297
  645	28983		13066		1.092974
  646	22254		13067		1.169646
			13771		1.129014
  647	13777		13068		1.160517
  648	33602		13069		1.167920
			13776		1.117462
  649	33221		13070		1.167920
			13749		1.092974
  650	29326		13072		1.084793
			13406		1.111182
  651	26821		13073		1.080390
			13407		1.116685
  652	33224		13074		1.190946
			13752		1.084793
  653	13427		13075		1.084793
			29318		1.058405
			38167		1.244241
  654	16939		13076		1.175150
			13757		1.108384
			29313		1.063908
			38166		1.373345
  655	13077		13396		1.748549
  656	29325		13394		1.094619
  657	33231		13395		1.187038
  658	23670		13402		1.457745
  659	39547		13403		1.154354
  660	29324		13404		1.084793
  661	18016		13409		1.761685
  662	63151		13410		1.391128
  663	18015		13411		1.751778
  664	22967		13413		1.344955
  665	13424		18001		1.142210
			39528		1.134702
			63145		1.156173
  666	24016		13754		1.436206
  667	33601		13761		1.219756
			17261		1.130937
  668	39538		13763		1.068231
			16930		1.162806
			20496		1.147557
  669	41248		13764		1.429925
  670	33599		13766		1.195268
			24723		1.078138
  671	33600		13767		1.219756
			17266		1.121111
  672	17287		13768		1.761685
  673	20514		13774		1.210975
			21896		1.102881
			22231		1.076493
			24716		1.092800
			41222		1.170484
  674	26472		13775		1.217693
			24706		1.099518
  675	13783		24727		1.651233
  676	13784		16933		1.761685
			20500		1.755128
  677	36078		14113		1.327748
  678	32166		14114		1.303261
  679	27599		14115		1.311517
			32151		1.137624
			40924		1.101298
			41244		1.140925
			63119		1.112452
  680	30776		14116		1.278773
  681	27603		14117		1.336005
			36063		1.117810
			40923		1.117810
			63135		1.177002
  682	32161		14118		1.311598
			27585		1.068312
  683	36080		14119		1.336005
			27590		1.082812
  684	14818		14120		1.229797
			23301		1.094619
			24713		1.117206
			28605		1.609455
			39523		1.058324
  685	28628		14121		1.247961
			25427		1.076487
  686	30778		14122		1.278773
  687	35363		14123		1.393500
  688	26473		14124		1.212098
			24709		1.099507
  689	29702		14125		1.368851
  690	25431		14127		1.239704
			28620		1.094619
			38882		1.138944
			41226		1.160658
  691	28980		14128		1.261074
			32870		1.091501
  692	32876		14129		1.254285
  693	30422		14130		1.416541
			19071		1.824681
  694	30423		14131		1.411038
  695	17644		14132		1.435606
			33593		1.129037
			34641		1.082893
			40929		1.101379
  696	33605		14133		1.435606
  697	15128		14134		1.643831
			33590		1.327436
  698	36084		14136		1.213566
			23293		1.084712
			24719		1.107300
  699	29701		14137		1.362062
			34654		1.082812
			35021		1.101298
  700	24734		14138		1.213566
			26465		1.091068
  701	28626		14140		1.236586
			23302		1.109670
			24720		1.107381
  702	14141		30036		1.386238
  703	14142		30763		1.464456
  704	14144		30418		1.327355
  705	14145		29679		1.376331
  706	14146		27595		1.425387
			36071		1.461955
  707	14147		27596		1.425387
			32144		1.476617
  708	14148		32856		1.471244
  709	14149		25428		1.498931
			28613		1.522201
  710	14150		23295		1.549726
			24730		1.572314
  711	29703		14438		1.378664
			34655		1.099507
			40915		1.108086
  712	27600		14440		1.331237
			32157		1.056755
			32519		1.150994
			40914		1.101379
			63120		1.112532
  713	35024		14441		1.357214
  714	32877		14442		1.279428
			28974		1.692574
  715	35365		14443		1.378745
			34659		1.055287
  716	32525		14444		1.351051
  717	27604		14445		1.355644
			35014		1.102876
			36056		1.058324
			63126		1.158838
  718	35026		14446		1.357214
  719	17645		14447		1.453595
			33597		1.076406
			34642		1.100894
  720	33606		14448		1.452127
  721	30424		14452		1.436342
			19056		1.824681
  722	32874		14453		1.273924
  723	30777		14454		1.295375
			33219		1.065113
  724	34670		14456		1.328484
			32522		1.156497
  725	25432		14460		1.257693
			28615		1.076406
			38885		1.137293
			41228		1.168914
  726	30061		14462		1.404700
  727	35362		14463		1.427639
  728	39542		14464		1.257693
			25423		1.100975
  729	33229		14465		1.305201
  730	14466		33598		1.342634
  731	14467		30414		1.368671
  732	14468		33208		1.489561
  733	14469		28961		1.545588
  734	14470		26462		1.572931
  735	14471		30034		1.370240
  736	14472		34652		1.390406
  737	14473		35006		1.445685
  738	14474		32520		1.536293
  739	14475		32857		1.488357
  740	14476		25426		1.541736
  741	27602		14789		1.445280
			30056		1.058324
			31132		1.121031
  742	29700		14792		1.427581
  743	30775		14793		1.347329
  744	39546		14794		1.404561
			36075		1.119380
  745	35364		14795		1.445280
  746	36077		14796		1.394735
			27597		1.056755
  747	32162		14797		1.368780
			27587		1.065113
  748	32872		14801		1.322842
			28978		1.058324
  749	29699		14802		1.469768
			30398		1.091501
			34645		1.091501
			35346		1.058324
  750	30421		14803		1.476637
  751	17282		14804		1.380073
			27592		1.076487
			30761		1.641698
			32140		1.092969
			41243		1.168833
  752	17283		14805		1.378606
			28967		1.693859
			32156		1.091501
			32862		1.091501
			39527		1.058324
  753	27601		14807		1.394735
			36061		1.119380
			39531		1.066581
			40922		1.107985
			63133		1.139304
  754	33604		14814		1.501044
			17632		1.075019
  755	17284		14815		1.331098
			28621		1.610922
			28973		1.116343
			33595		1.066581
  756	17285		14816		1.365492
			25416		1.590468
			30764		1.102876
			39537		1.058405
  757	32163		14817		1.371817
  758	14819		30044		1.402666
  759	14820		30410		1.360479
  760	14821		29677		1.402666
  761	14822		27579		1.427235
			36060		1.480035
  762	14823		27588		1.451642
			32153		1.484819
  763	14824		30760		1.482918
  764	14825		28964		1.510443
  765	20163		15091		1.583049
			23995		1.102626
  766	20162		15093		1.583049
  767	27948		15094		1.519411
  768	19442		15096		1.592875
			23644		1.112452
  769	19441		15097		1.583049
  770	22611		15098		1.568387
  771	16248		15099		1.633924
			40597		1.121111
  772	19076		15102		1.495004
  773	28630		15107		1.552236
  774	26478		15108		1.588201
  775	16247		15110		1.633924
			40609		1.121111
  776	19075		15114		1.504830
			40908		1.131099
			63136		1.082893
  777	15117		16234		1.119211
  778	15118		20833		1.153686
  779	15119		20831		1.090818
  780	15120		40602		1.109385
  781	15121		40605		1.186753
  782	15122		20150		1.186730
  783	15123		22592		1.196660
  784	15124		25072		1.219143
  785	15125		27942		1.233724
  786	15126		19428		1.162162
  787	15127		19049		1.253457
  788	40625		15491		1.429844
  789	16602		15493		1.733632
			19435		1.914429
			23665		1.094619
			40619		1.130937
  790	21550		15497		1.418292
  791	19440		15505		1.689492
  792	19439		15506		1.699318
			22604		1.841816
			40913		1.160577
			63128		1.121031
  793	20161		15507		1.699318
  794	15511		40596		1.133792
  795	15512		40617		1.143699
  796	15513		40611		1.109304
  797	15514		40600		1.162521
  798	15515		40606		1.111205
  799	15516		40621		1.109385
  800	15517		40598		1.175201
  801	15518		20152		1.194830
  802	15519		19422		1.160436
  803	72460		15892		1.171438
  804	15894		72455		1.151786
  805	15895		72450		1.161612
  806	72650		16220		1.062314
  807	46758		16223		1.078057
  808	72647		16231		1.070602
			18697		1.100242
			21894		1.044151
			70812		1.090497
  809	72548		16235		1.109924
			28304		1.105184
			40259		1.088372
			46744		1.104957
			62469		1.085305
			62796		1.093561
			64134		1.088372
			71471		1.085305
			72125		1.114783
			72453		1.124528
  810	16244		62799		1.154354
  811	16245		26119		1.318808
			31478		1.338621
			31815		1.338621
			33960		1.328714
			34291		1.338540
			35718		1.328714
			36435		1.338540
			36789		1.328714
			37145		1.318888
			37807		1.328714
			38506		1.338540
			39214		1.318808
			39897		1.348447
			41241		1.328714
			41544		1.348528
			41908		1.318888
			42262		1.328714
			42975		1.328714
			51403		1.335503
			51748		1.328714
			53734		1.328634
			54398		1.348528
			56069		1.338540
			56418		1.318888
			57448		1.308982
			58438		1.318888
			60126		1.318888
			61141		1.318888
			63476		1.318888
			63809		1.328634
			70806		1.328634
  812	71154		16571		1.356864
  813	19807		16578		1.315417
  814	37516		16585		1.346957
			18346		1.342042
  815	16597		19789		1.325486
  816	16599		19790		1.325567
  817	22255		16914		1.168961
  818	26822		16916		1.084793
  819	22251		16922		1.145751
			20507		1.076412
  820	22253		16923		1.200853
  821	26825		16924		1.432240
  822	29327		16925		1.090297
  823	22252		16926		1.084793
  824	29329		16927		1.116685
  825	29328		16928		1.111182
  826	22250		16935		1.424836
  827	39545		17265		1.251003
  828	28981		17273		1.442136
  829	39544		17276		1.275572
  830	41252		17279		1.429925
  831	40939		17623		1.430006
  832	40622		17627		1.459403
  833	35368		17631		1.480473
  834	33608		17636		1.327436
  835	35367		17638		1.455985
  836	35366		17641		1.431497
  837	40938		17642		1.420018
  838	17647		19061		1.410331
  839	17649		29683		1.449399
  840	18012		30049		1.699723
  841	71153		18338		1.358442
  842	27164		18339		1.351868
  843	71148		18344		1.331892
  844	71152		18345		1.315388
  845	71155		18348		1.329992
  846	71150		18355		1.368268
  847	71146		18358		1.322066
  848	72653		18695		1.059561
  849	54416		18700		1.099559
  850	72596		18703		1.132255
			31470		1.078796
			47396		1.106218
			47735		1.103387
			48398		1.068639
			62789		1.099065
			65473		1.085305
			65811		1.113294
  851	72605		18705		1.105763
			41912		1.115589
			53414		1.093956
			54740		1.113770
			55073		1.103863
			68132		1.078546
			70467		1.137062
  852	62809		18707		1.154354
  853	72623		18714		1.118423
			39224		1.123039
			47074		1.086802
			47407		1.123282
			62792		1.120164
			64141		1.076895
			65482		1.086802
			70124		1.100350
  854	72572		18715		1.125182
			31827		1.080446
			47400		1.095212
			47732		1.078546
			48747		1.098359
			71461		1.097597
			71801		1.092093
			72135		1.115026
  855	18720		31485		1.251222
  856	18722		20840		1.107777
			21193		1.127510
			21897		1.117684
			22242		1.117684
			22591		1.097871
			23283		1.144136
			23642		1.068312
			23996		1.127510
			24350		1.144136
			25055		1.078138
			25422		1.087964
			26471		1.144217
			27941		1.078138
			28609		1.106127
			30050		1.078138
			30405		1.084926
			30753		1.096220
			31117		1.058405
			32154		1.106127
			32858		1.106127
			34653		1.075019
			35012		1.075019
			38175		1.149720
			38886		1.154042
			63118		1.078138
			70801		1.066411
  857	40935		19052		1.430006
  858	40934		19063		1.439832
  859	32532		19064		1.334782
  860	24023		19421		1.452375
  861	24018		19430		1.478763
  862	40936		19434		1.449658
  863	19812		26129		1.418867
			31820		1.409041
			42628		1.411061
			48402		1.430853
  864	41249		20492		1.439832
  865	20519		22245		1.755128
  866	21904		20832		1.058405
			21192		1.084856
			22235		1.058405
			22600		1.087964
			23291		1.088045
			23641		1.097790
			23992		1.068231
			24364		1.087964
			25054		1.087964
			25406		1.097871
			26457		1.073815
			27935		1.087964
			28623		1.084926
			30053		1.097790
			30404		1.104659
			30768		1.087964
			31129		1.097790
			32142		1.104578
			32868		1.084926
			34664		1.104578
			35011		1.104659
			38174		1.073815
			38879		1.087964
			63117		1.087964
			72740		1.068036
  867	21198		20839		1.084793
			21889		1.084793
			22241		1.084793
			22585		1.109263
			23289		1.122695
			23663		1.120990
			24006		1.101338
			24362		1.122695
			25071		1.121071
			25411		1.131058
			26455		1.127763
			27932		1.155819
			28617		1.122614
			30038		1.140884
			30412		1.149141
			30767		1.137847
			31109		1.149141
			32152		1.135946
			32867		1.122614
			34647		1.175633
			35005		1.149141
			38162		1.119506
			38872		1.137299
			63121		1.165476
  868	20844		21183		1.101419
			21888		1.101419
			22239		1.101419
			22606		1.102707
			23285		1.124340
			23648		1.114433
			24000		1.094700
			24361		1.104607
			25057		1.094700
			25415		1.124340
			26453		1.122695
			27931		1.149262
			28622		1.124340
			30037		1.148006
			30416		1.139750
			30756		1.124340
			31124		1.156445
			32143		1.137849
			32866		1.124340
			34660		1.156335
			35004		1.149657
			38173		1.122695
			38868		1.139025
			63132		1.158919
  869	20845		21177		1.084793
			21880		1.084793
			22247		1.084793
			22589		1.112532
			23284		1.104526
			23643		1.134166
			23994		1.094619
			24368		1.104526
			25056		1.114514
			25420		1.153980
			26452		1.104607
			27930		1.159088
			28610		1.114433
			30035		1.172062
			30415		1.150942
			30765		1.172062
			31123		1.160768
			32149		1.164452
			32869		1.114433
			34657		1.177434
			35020		1.160768
			38159		1.104607
			38867		1.138944
			63123		1.168745
  870	20846		72722		1.031678
  871	21197		72764		1.047089
  872	21199		72719		1.081213
  873	72656		21898		1.044151
  874	21900		72728		1.100622
  875	21901		72758		1.047089
  876	22249		72755		1.047089
  877	63148		22601		1.140925
  878	22607		72710		1.069493
  879	38894		23303		1.129199
  880	23314		72662		1.058130
  881	23669		28292		1.410699
			31479		1.400954
			35731		1.389477
			41224		1.394981
			43335		1.429105
			43687		1.434689
			44039		1.420686
			44391		1.417730
  882	23671		72716		1.066902
  883	24020		72713		1.049766
  884	24371		72761		1.051411
  885	29332		24712		1.795577
  886	26474		24728		1.444825
  887	25077		72707		1.061318
  888	38893		25409		1.139025
  889	41250		25412		1.420099
  890	41251		25414		1.420099
  891	25434		72668		1.059592
  892	72462		26117		1.270543
  893	72635		26120		1.100260
			40271		1.078546
			45398		1.088452
			50066		1.068639
			62472		1.095131
			63804		1.080446
			70807		1.114945
			72457		1.134677
  894	72584		26121		1.100179
			32516		1.126671
			40270		1.086802
			45401		1.076895
			45738		1.098359
			46751		1.124851
			53745		1.103468
			62788		1.068639
			70808		1.114945
  895	65815		26122		1.235994
  896	31495		26124		1.092719
			45410		1.090818
  897	45421		26126		1.068231
  898	50082		26130		1.102626
  899	72461		26131		1.260636
  900	39231		26132		1.245739
  901	26140		31807		1.389227
			33950		1.389227
			34278		1.389227
			35713		1.389227
			36422		1.389227
			36785		1.379401
			37141		1.389227
			37803		1.387658
			38496		1.387658
			39889		1.399134
			41540		1.399134
			41895		1.389227
			42258		1.409041
			42629		1.379401
			42971		1.418867
			51401		1.387658
			51740		1.389227
			53743		1.399134
			54396		1.405923
			57431		1.399215
			60131		1.399053
			63475		1.399053
			63810		1.389308
			64480		1.399053
			64802		1.389227
			65805		1.379401
			69453		1.399215
  902	26142		31481		1.092719
			65474		1.087700
  903	26143		47066		1.155558
			65471		1.097607
  904	26144		62462		1.099075
			62805		1.133052
  905	26145		70802		1.107484
  906	26475		72659		1.034063
  907	41253		27578		1.420099
  908	40930		27586		1.420018
  909	31137		27589		1.429925
  910	40931		27598		1.428275
  911	27947		34640		1.159169
  912	27953		72704		1.049842
  913	53748		28289		1.109385
  914	44052		28295		1.080992
  915	28305		44736		1.407661
			45068		1.379570
			45742		1.381221
			46071		1.381221
			46411		1.378001
			47402		1.369744
			49742		1.369744
			50078		1.369744
			51068		1.400873
			52076		1.400873
			52405		1.378001
			55064		1.400873
			55400		1.400873
			55745		1.400873
			56764		1.410699
			57772		1.381140
			58098		1.389477
			59793		1.410699
			60460		1.410699
			60793		1.381221
			61799		1.379570
  916	28306		44740		1.242481
			45072		1.212923
			45735		1.234306
			46077		1.224399
			46415		1.221179
			47403		1.212923
			49743		1.212923
			50080		1.212923
			51075		1.234225
			52077		1.242481
			52409		1.212923
			53730		1.249403
			55071		1.234225
			55404		1.242481
			55741		1.242481
			56769		1.253958
			57769		1.214492
			58105		1.232736
			59789		1.244051
			60465		1.244051
			60799		1.214573
			61803		1.212923
			71458		1.237845
  917	28307		44737		1.244132
			45069		1.229435
			46410		1.229435
			50075		1.212923
			50746		1.254039
			51072		1.224399
			52412		1.229435
			52746		1.254039
			53074		1.249351
			53403		1.224318
			54075		1.244132
			54733		1.244132
			55068		1.234225
			57773		1.222749
			58099		1.232656
			59126		1.254039
			61131		1.244132
			61464		1.224318
			61798		1.221179
			62460		1.235092
			62801		1.219682
			71469		1.235092
			71793		1.219682
  918	28310		71460		1.105915
  919	28625		72665		1.037182
  920	35022		29689		1.420018
  921	40933		30039		1.428275
  922	30064		72692		1.039935
  923	30420		72695		1.062418
  924	30774		72674		1.053796
  925	63152		31125		1.177002
  926	31136		72686		1.048293
  927	47742		31469		1.273809
  928	62481		31480		1.273809
  929	48420		31482		1.092800
			62800		1.111418
  930	72147		31484		1.255646
  931	46756		31487		1.270520
  932	72146		31489		1.255646
  933	47745		31490		1.058405
  934	31491		44747		1.391047
			45079		1.379651
			46741		1.371314
			47068		1.369744
			47737		1.359838
			49411		1.359838
			50407		1.381140
			50736		1.391047
			51750		1.381221
			52735		1.400954
			53075		1.381221
			53400		1.371314
			54064		1.391047
			54732		1.391047
			56414		1.390966
			57106		1.381221
			58434		1.381140
			59115		1.400954
			61132		1.390966
			61459		1.381221
  935	31493		45406		1.122428
			56088		1.101056
  936	31494		45403		1.080992
			63807		1.082893
  937	31496		45399		1.080992
			53728		1.109385
  938	31497		47739		1.089249
  939	72644		31809		1.105398
			33970		1.115305
			47729		1.103497
			49079		1.065520
			62454		1.115760
			71456		1.117045
			71786		1.113927
  940	72139		31810		1.255646
  941	47743		31812		1.082893
  942	48753		31819		1.102626
			71791		1.107565
  943	47744		31821		1.078138
  944	72140		31828		1.255727
  945	31832		33972		1.369494
			34288		1.359668
			35732		1.369494
			36432		1.369575
			36800		1.379401
			37156		1.397484
			37818		1.387658
			38514		1.387658
			39209		1.379320
			39909		1.369575
			41555		1.359668
			41905		1.389227
			42273		1.407310
			42614		1.369494
			42986		1.407310
			51412		1.387658
			53733		1.359668
			54407		1.369575
			57436		1.409041
			60127		1.399053
			63467		1.399053
			63797		1.369575
			64475		1.399053
			64804		1.369575
			65806		1.379401
			69461		1.409041
  946	31834		72456		1.136881
  947	31835		48743		1.099155
  948	34671		32155		1.177434
  949	32160		72677		1.047008
  950	32523		34662		1.536293
  951	32527		53738		1.232978
  952	32873		72671		1.031678
  953	38182		33210		1.306871
  954	72620		33952		1.116955
			34295		1.136688
			49414		1.134787
			49747		1.161361
			65480		1.177813
			69125		1.131478
			71457		1.157038
			71795		1.161361
  955	47740		33956		1.082893
  956	49085		33964		1.102626
			71784		1.114354
  957	47741		33966		1.058324
  958	33975		34282		1.204585
			35733		1.204585
			36426		1.224399
			36801		1.224318
			37157		1.234306
			37819		1.244132
			38499		1.244132
			39205		1.214492
			39894		1.224399
			41556		1.224399
			41899		1.234306
			42274		1.244132
			42631		1.224318
			42987		1.250920
			51405		1.244132
			54400		1.224399
			57441		1.254039
			63461		1.244132
			63796		1.214492
			64482		1.244132
			64810		1.224399
			65800		1.224318
			69458		1.244132
			70795		1.231158
			72133		1.250891
  959	33977		49075		1.107594
  960	72638		34280		1.097031
			45414		1.085253
			56067		1.094023
			61800		1.099459
			62139		1.095160
			64814		1.111826
			72120		1.111745
  961	72614		34281		1.144840
			35735		1.126354
			49406		1.126354
			49736		1.156597
			66138		1.143020
			71785		1.159715
  962	35739		34283		1.351581
			36427		1.361488
			36791		1.361488
			37147		1.371314
			37809		1.369744
			39900		1.371395
			40273		1.361488
			41546		1.371395
			41900		1.371314
			42264		1.389477
			42977		1.389477
			46078		1.361488
			47065		1.361488
			48064		1.369744
			48415		1.361488
			48751		1.361488
			49083		1.369744
			50068		1.357085
			51415		1.369744
			52080		1.379570
			53744		1.351581
			54410		1.371395
			55740		1.379570
			56066		1.369744
			56768		1.381302
			58795		1.369744
			59448		1.381140
			59788		1.381140
			60464		1.381140
			60800		1.361488
			62138		1.361488
  963	49419		34286		1.058324
  964	69134		34289		1.306971
  965	49418		34290		1.092719
  966	34300		63799		1.232978
  967	34301		35714		1.232897
  968	34303		71803		1.105915
  969	34304		65472		1.089249
  970	40932		34661		1.426807
  971	34667		72689		1.062418
  972	34668		72698		1.081132
  973	35023		72683		1.062418
  974	66145		35720		1.267506
  975	49417		35729		1.078219
  976	72602		35737		1.090191
			36439		1.090272
			49412		1.088372
			49740		1.100350
			50412		1.088372
			66474		1.114864
			69788		1.104957
			71794		1.105038
  977	49416		35738		1.092719
  978	35741		71788		1.104366
  979	35742		66132		1.090899
  980	72641		36424		1.105369
			45405		1.119981
			56082		1.085151
			58097		1.091940
			64805		1.076895
			70134		1.082187
			72115		1.125021
  981	72590		36425		1.106938
			36803		1.098278
			50404		1.088452
			66471		1.124771
			71468		1.103468
			72136		1.124932
  982	49415		36430		1.068231
  983	69802		36433		1.255646
  984	50417		36434		1.082893
			49413		1.087781
  985	36444		56074		1.242885
  986	36445		36786		1.242804
  987	36447		71800		1.125567
  988	36448		66475		1.090737
  989	50415		36798		1.068150
  990	69801		36799		1.080992
  991	72578		36805		1.105207
			37159		1.094977
			50410		1.086721
			50748		1.094977
			51077		1.076895
			65136		1.106454
  992	50416		36806		1.102545
  993	36807		37142		1.232978
  994	36809		72122		1.127298
  995	36810		66464		1.090818
  996	50751		37154		1.058405
  997	65157		37155		1.090818
  998	72566		37161		1.095381
			37821		1.086721
			45752		1.085334
			50744		1.068639
			66804		1.075427
  999	50414		37162		1.102545
			50737		1.107433
 1000	37163		37804		1.231409
 1001	37165		51080		1.099075
 1002	37166		65138		1.080992
 1003	50750		37816		1.065113
 1004	66807		37817		1.090899
 1005	72557		37823		1.105207
			48078		1.076895
			51074		1.086721
			51751		1.086721
			52081		1.094977
			64144		1.068639
			64813		1.076895
 1006	50749		37824		1.092719
 1007	37825		51744		1.232978
 1008	37827		45736		1.090818
 1009	37828		66793		1.089249
 1010	38891		38178		1.129530
 1011	38179		72746		1.055011
 1012	38180		72752		1.030028
 1013	38181		72743		1.051904
 1014	72629		38498		1.097031
			44743		1.068639
			51402		1.088372
			55398		1.098278
			67129		1.068639
 1015	51754		38500		1.115910
 1016	53082		38502		1.058324
 1017	53083		38505		1.089681
 1018	72632		38512		1.077328
			52072		1.075427
			53067		1.075427
			66798		1.068639
			67138		1.068639
			70131		1.093480
 1019	52083		38515		1.079774
 1020	38517		51411		1.241234
 1021	38519		67127		1.087700
 1022	63147		38877		1.150913
 1023	38890		72725		1.064806
 1024	38892		72749		1.055269
 1025	47084		39213		1.078057
 1026	72554		39216		1.136416
			60801		1.076895
			61468		1.108023
			65808		1.124690
			69787		1.088291
			72116		1.126590
 1027	39229		47067		1.148689
 1028	39230		70809		1.233059
 1029	72611		39892		1.093811
			41558		1.078546
			45415		1.086802
			46412		1.085151
			57098		1.076895
			67796		1.088452
 1030	57113		39901		1.082893
 1031	57114		39902		1.058405
 1032	70476		39903		1.295274
 1033	72617		39907		1.136659
			52402		1.108266
			57105		1.108266
			67463		1.088372
			70470		1.134758
 1034	39911		41541		1.241315
 1035	39913		52403		1.087598
 1036	39914		67467		1.120458
 1037	62475		40258		1.274829
			42613		1.221200
			48076		1.290563
			48744		1.207051
			49076		1.216958
			57439		1.251001
			58788		1.216958
			63455		1.251001
			64136		1.216958
			64469		1.251001
			64808		1.253276
			65146		1.231188
			65477		1.207051
			65803		1.221200
			66134		1.241094
			66463		1.241094
			66796		1.236691
			67133		1.236691
			67460		1.231188
			67795		1.216958
			68123		1.216958
			68462		1.260827
			68795		1.260827
			69456		1.251001
			70130		1.221281
			70800		1.237947
 1038	62140		40260		1.272282
			48077		1.288016
			48750		1.214411
			49082		1.221200
			58794		1.214411
			59453		1.224156
			64139		1.221200
			64476		1.234063
			65142		1.214330
			65479		1.231078
			65810		1.240903
			66143		1.214330
			66467		1.230997
			66797		1.214411
			67126		1.214411
			67457		1.204504
			67802		1.210008
			68130		1.221200
			68457		1.234063
			68789		1.234063
			69126		1.234063
			69454		1.224156
			70139		1.214411
			70804		1.240903
 1039	64150		40261		1.087781
 1040	62141		40263		1.282270
			48070		1.214411
			48408		1.214492
			48741		1.214492
			49073		1.214492
			58785		1.214492
			59459		1.243970
			64142		1.214411
			64473		1.243970
			65137		1.224237
			65481		1.267344
			66130		1.224237
			66466		1.224237
			66792		1.214411
			67128		1.214411
			67459		1.214411
			67789		1.214411
			68128		1.214492
			68455		1.243970
			68797		1.243970
			69133		1.243970
			69464		1.234063
			69785		1.204585
			70123		1.246203
			70460		1.257599
			70791		1.231078
 1041	70820		40272		1.090818
 1042	48081		40275		1.087781
 1043	65155		40278		1.214492
			46076		1.204666
			47072		1.214492
			48075		1.278190
			48407		1.214492
			48745		1.219996
			49077		1.210170
			55744		1.194840
			56081		1.204666
			58789		1.204666
			59450		1.214492
			59792		1.214492
			60798		1.214492
			62131		1.204666
			66137		1.184934
			66473		1.211345
			66799		1.194759
			67136		1.194759
			67791		1.214492
			68122		1.210170
			68459		1.204666
			69122		1.214492
			69786		1.204585
			70137		1.229508
			70458		1.184934
 1044	40281		46072		1.336516
			47071		1.336597
			48063		1.333559
			48406		1.333559
			48739		1.323653
			49071		1.333559
			55738		1.364505
			56080		1.336678
			58783		1.333559
			59447		1.366075
			59786		1.366075
			60794		1.326690
			62130		1.326690
			65151		1.346423
			66141		1.336516
			66803		1.336597
			67132		1.346504
			67799		1.323653
			68121		1.333559
			68465		1.374331
			69124		1.375981
			69791		1.326690
			70465		1.346423
 1045	40283		50067		1.087781
 1046	40284		53731		1.080992
 1047	40285		62804		1.130379
 1048	72626		41232		1.100098
			42623		1.098197
			46079		1.108104
			53410		1.114864
			67468		1.108104
			72129		1.116845
 1049	53419		41242		1.257680
 1050	41246		45411		1.371314
			46738		1.371314
			47079		1.381140
			47738		1.379570
			49408		1.369663
			50399		1.381140
			50747		1.379570
			51418		1.379570
			51735		1.381140
			52747		1.389477
			53080		1.379570
			54076		1.379570
			54413		1.389477
			54743		1.379570
			56086		1.379570
			56428		1.381140
			57109		1.381221
			57447		1.381140
			58448		1.371314
			59127		1.394981
			60132		1.381140
			61136		1.371314
			61469		1.371314
 1051	41247		53413		1.139106
 1052	45423		41553		1.068312
 1053	67804		41554		1.107594
 1054	72608		41560		1.103718
			45075		1.078465
			54397		1.075427
			55402		1.118011
			67800		1.084049
			68134		1.105148
 1055	57112		41561		1.082893
			45416		1.099155
 1056	41562		54406		1.251222
 1057	41564		46408		1.089249
 1058	41565		67792		1.109062
 1059	72599		41898		1.095381
			42276		1.075427
			52743		1.068639
			55409		1.076895
			55746		1.076895
			68468		1.076895
 1060	54747		41903		1.066581
 1061	70475		41906		1.255646
 1062	54746		41907		1.081242
 1063	41917		58447		1.233059
 1064	41918		42259		1.232978
 1065	41920		55076		1.090818
 1066	41921		68127		1.108901
 1067	52750		42271		1.055287
 1068	68470		42272		1.087781
 1069	72593		42278		1.097031
			42989		1.078546
			54072		1.068639
			55410		1.076895
			68466		1.068639
			68799		1.076895
			70462		1.076895
 1070	52749		42279		1.079774
 1071	42280		42972		1.242966
 1072	42282		55403		1.087781
 1073	42283		68456		1.087700
 1074	70816		42617		1.250787
 1075	70815		42618		1.250787
 1076	64816		42622		1.270439
 1077	42632		48740		1.396016
			49072		1.404272
			57445		1.408960
			58784		1.411061
			62463		1.396016
			63454		1.399053
			64148		1.396016
			64468		1.399053
			65152		1.389227
			65469		1.396016
			65809		1.379401
			66131		1.389227
			66469		1.389227
			66794		1.386190
			67137		1.386190
			67458		1.379401
			67798		1.396016
			68133		1.404272
			68467		1.407310
			68798		1.407310
			69459		1.408960
			70125		1.399134
 1078	42633		53407		1.139186
 1079	42634		62135		1.090818
 1080	42635		70805		1.117310
 1081	42636		70793		1.103081
 1082	42637		67469		1.090818
 1083	54079		42984		1.065113
 1084	70474		42985		1.097607
 1085	72587		42991		1.106938
			55070		1.085334
			55742		1.075427
			56423		1.095241
			56776		1.095241
			64481		1.078546
 1086	54078		42992		1.089681
 1087	42993		56427		1.262699
 1088	42995		55411		1.097607
 1089	42996		68790		1.077874
 1090	62478		43326		1.269487
 1091	62477		43327		1.263983
 1092	62816		43328		1.257576
 1093	62813		43330		1.253172
 1094	71474		43331		1.269487
 1095	71475		43333		1.263983
 1096	71476		43334		1.259580
 1097	71807		43338		1.257576
 1098	71806		43339		1.254458
 1099	43342		44734		1.419198
			45066		1.381221
			46404		1.389477
			50079		1.371395
			50740		1.419198
			51076		1.401116
			52410		1.389477
			52742		1.424701
			53070		1.409291
			53416		1.397997
			54071		1.419198
			54742		1.429105
			55072		1.429105
			57777		1.389477
			58111		1.399465
			59122		1.429024
			61135		1.429105
			61467		1.407904
			61792		1.381221
			62807		1.371395
 1100	43343		71454		1.100043
 1101	43344		71799		1.097658
 1102	43345		71787		1.094540
 1103	43346		71792		1.104366
 1104	43347		62456		1.103162
 1105	43348		46747		1.107404
 1106	43349		62790		1.091604
 1107	43350		62793		1.097658
 1108	43351		71465		1.100043
 1109	71482		43678		1.259580
 1110	71483		43679		1.263983
 1111	47412		43680		1.269487
 1112	47411		43682		1.274990
 1113	49752		43683		1.263983
 1114	71479		43685		1.263983
 1115	47410		43686		1.269487
 1116	49751		43690		1.260865
 1117	49750		43691		1.270772
 1118	43694		44742		1.424782
			45074		1.378183
			45743		1.399465
			46083		1.399465
			46403		1.378183
			50074		1.381302
			51082		1.407823
			52069		1.409372
			52414		1.388009
			52736		1.434689
			53069		1.409372
			54065		1.424782
			55078		1.417649
			56775		1.427475
			57766		1.388009
			58104		1.399465
			59116		1.434689
			60471		1.427475
			60805		1.389558
			61791		1.371395
 1119	43695		71470		1.105915
 1120	43696		71796		1.094540
 1121	43697		71790		1.103162
 1122	43698		71463		1.103162
 1123	43699		62455		1.118207
 1124	43700		62468		1.103162
 1125	43701		62798		1.103162
 1126	43702		62794		1.093255
 1127	43703		71462		1.098758
 1128	71812		44030		1.254458
 1129	62810		44031		1.257576
 1130	62811		44032		1.264364
 1131	62812		44034		1.265832
 1132	71811		44035		1.257576
 1133	72148		44037		1.265634
 1134	71813		44038		1.257576
 1135	71808		44042		1.254458
 1136	71804		44043		1.257495
 1137	44046		45745		1.391047
			46070		1.391047
			46405		1.371314
			48072		1.381302
			50069		1.371395
			51070		1.391128
			52075		1.391128
			52404		1.371314
			53736		1.371395
			55066		1.400873
			55406		1.400954
			55734		1.410780
			56770		1.420686
			57770		1.371314
			58106		1.381302
			59460		1.410699
			59782		1.420606
			60466		1.410780
			60792		1.381221
			61793		1.361488
 1138	44047		71464		1.102796
 1139	44048		49741		1.080992
 1140	44049		49737		1.090818
 1141	44050		49748		1.080992
 1142	44051		71473		1.094540
 1143	44053		47408		1.087781
 1144	44054		47397		1.080992
 1145	44055		47401		1.087781
 1146	62479		44382		1.263983
 1147	46755		44383		1.250707
 1148	62815		44384		1.255925
 1149	62814		44386		1.257576
 1150	71810		44387		1.254458
 1151	71478		44389		1.270772
 1152	71477		44390		1.270772
 1153	71809		44394		1.257576
 1154	71805		44395		1.257576
 1155	44398		44735		1.407823
			45067		1.371395
			46416		1.371395
			46748		1.371314
			50411		1.371395
			50742		1.400954
			51752		1.381221
			52415		1.381221
			52734		1.417730
			53079		1.388009
			53409		1.381140
			54063		1.407823
			54739		1.400873
			56411		1.410699
			57108		1.381221
			58110		1.381221
			58431		1.400873
			59114		1.417730
			61126		1.400873
			61458		1.381140
			61804		1.371395
			62457		1.361488
 1156	44399		50409		1.100725
 1157	44400		50413		1.090899
 1158	44401		49407		1.087781
 1159	44402		49402		1.080992
 1160	44403		62459		1.101329
 1161	44404		46743		1.090818
 1162	44405		47069		1.090899
 1163	44406		47734		1.107484
 1164	44407		47728		1.090818
 1165	55414		44739		1.077874
 1166	46753		44741		1.231107
			45073		1.214573
			46417		1.214573
			50402		1.224318
			50739		1.241014
			51743		1.214492
			52411		1.214573
			52737		1.240933
			53081		1.221281
			53406		1.204585
			54066		1.240933
			54741		1.224318
			56421		1.244051
			57099		1.214573
			58109		1.214492
			58441		1.224318
			59117		1.240933
			61134		1.224318
			61462		1.224318
			61805		1.214492
			62453		1.221333
			62787		1.221333
			71459		1.228040
			71789		1.221252
 1167	45753		44746		1.214411
			45078		1.234225
			46084		1.204585
			46406		1.234225
			47405		1.263183
			49745		1.254561
			50076		1.221200
			51069		1.214411
			52074		1.214411
			52416		1.234225
			52740		1.231026
			53071		1.214492
			54069		1.221200
			55065		1.224318
			56771		1.234144
			57771		1.244051
			58101		1.221200
			59120		1.231026
			60467		1.224237
			60806		1.214411
			61794		1.241014
			71472		1.257680
 1168	46754		44748		1.241014
			45080		1.224399
			47081		1.204585
			47733		1.231078
			49403		1.204585
			50408		1.214492
			50741		1.241014
			51737		1.214492
			52741		1.231107
			53077		1.211455
			53401		1.204585
			54070		1.241014
			54731		1.224318
			56430		1.234225
			57097		1.224399
			58450		1.224318
			59121		1.241014
			61133		1.224318
			61466		1.214492
			62465		1.231078
			72126		1.221252
 1169	44749		51406		1.144609
 1170	55413		45071		1.130365
 1171	45081		54401		1.099559
 1172	45418		46752		1.231107
			47080		1.229537
			47736		1.229537
			49405		1.229537
			50401		1.229537
			50743		1.249189
			51409		1.239363
			51736		1.231107
			52748		1.259015
			53076		1.239363
			53404		1.257680
			54077		1.249189
			54404		1.239444
			54744		1.240933
			56429		1.260666
			57110		1.249270
			57432		1.260666
			58449		1.250840
			59128		1.259015
			60119		1.250759
			61127		1.240933
			61475		1.250840
 1173	45419		56087		1.270589
 1174	45420		63808		1.058405
 1175	45422		53737		1.066661
 1176	53749		45746		1.263983
 1177	45754		62797		1.107514
 1178	45755		50745		1.100725
 1179	67471		46075		1.090818
 1180	46085		53408		1.129280
 1181	46086		53402		1.080992
 1182	46418		57104		1.080911
 1183	62817		46746		1.090899
 1184	46757		62791		1.124876
 1185	48080		47077		1.328340
			48400		1.328340
			48738		1.328340
			49070		1.326690
			56070		1.336597
			58782		1.326690
			59455		1.377875
			62123		1.338166
			64140		1.328340
			64474		1.377875
			65135		1.358061
			66129		1.348154
			66472		1.358061
			66791		1.346504
			67135		1.346504
			67462		1.347992
			67788		1.328340
			68124		1.326690
			68454		1.383378
			68792		1.377875
			69129		1.367968
			69465		1.358061
			69789		1.338166
			70132		1.336597
			70797		1.338247
 1186	70142		47078		1.276356
 1187	47082		62795		1.111235
 1188	71481		47406		1.263983
 1189	47409		71453		1.098758
 1190	62480		47731		1.260865
 1191	64151		48069		1.079342
 1192	70819		48071		1.260613
 1193	48082		51738		1.115910
 1194	48083		52082		1.089168
 1195	70818		48399		1.256210
 1196	65484		48409		1.254077
 1197	70817		48416		1.260613
 1198	48417		48746		1.386088
			49078		1.392877
			58790		1.392877
			59449		1.415566
			62132		1.387658
			64143		1.386088
			64479		1.415566
			65144		1.405740
			65476		1.376181
			66135		1.397484
			66468		1.397484
			66800		1.402783
			67124		1.402783
			67464		1.395914
			67801		1.386088
			68129		1.392877
			68461		1.422597
			68787		1.430853
			69131		1.407229
			69466		1.415566
			69798		1.387658
			70136		1.392877
 1199	48418		70792		1.086415
 1200	48419		70794		1.117310
 1201	71480		49746		1.272240
 1202	49749		71455		1.104447
 1203	50081		62473		1.076589
 1204	51084		50406		1.090818
 1205	52085		51081		1.090818
 1206	51083		51739		1.079342
 1207	67139		51416		1.080911
 1208	51419		55405		1.087700
 1209	51420		67130		1.077874
 1210	64818		51741		1.089168
 1211	51753		64135		1.095956
 1212	69800		52073		1.090818
 1213	52084		53068		1.077874
 1214	52417		57101		1.089249
 1215	55749		52739		1.087781
 1216	55080		53415		1.100644
 1217	53417		54735		1.090818
 1218	70814		53740		1.250707
 1219	53747		70811		1.097578
 1220	55415		54068		1.080992
 1221	68137		54411		1.107594
 1222	54414		55408		1.130365
 1223	54415		67790		1.107594
 1224	72563		54737		1.096547
			59790		1.076820
			60133		1.095775
			60472		1.086721
			63473		1.080365
			68794		1.076820
			72134		1.139938
 1225	60475		54738		1.089168
 1226	54745		60115		1.092719
 1227	56779		55077		1.100806
 1228	55079		56410		1.090818
 1229	55412		55735		1.077874
 1230	64483		55743		1.089168
 1231	55747		56412		1.092719
 1232	55748		56765		1.100725
 1233	70143		56071		1.258193
 1234	64815		56079		1.081242
			70129		1.086130
 1235	56090		58102		1.079342
 1236	72581		56415		1.133541
			56772		1.105148
			57107		1.106297
			57442		1.105148
			57778		1.106297
			69132		1.105148
 1237	64484		56425		1.082893
 1238	56431		57435		1.262699
 1239	69135		56773		1.089173
 1240	56777		57434		1.139106
 1241	56778		57767		1.130284
 1242	57780		57103		1.089168
 1243	57111		57437		1.178490
 1244	57449		69120		1.080911
 1245	58797		57775		1.120539
			58432		1.102545
 1246	57779		58430		1.120458
 1247	58112		72138		1.127217
 1248	72569		58435		1.106857
			59123		1.074142
			59456		1.084049
			59794		1.084049
			63456		1.084049
 1249	63818		58445		1.102545
			58787		1.096037
 1250	58451		63458		1.242804
 1251	59797		59119		1.089249
 1252	59129		63462		1.082893
 1253	59130		63469		1.058405
 1254	63478		59452		1.080911
 1255	59462		63464		1.082893
 1256	59463		59783		1.080992
 1257	68802		59791		1.089173
 1258	59795		60116		1.092719
 1259	59796		60461		1.089168
 1260	72560		60123		1.106938
			60468		1.088452
			61125		1.098278
			65154		1.115026
			69452		1.088452
 1261	72141		60128		1.265472
 1262	60135		61128		1.242966
 1263	60136		68800		1.089168
 1264	70473		60469		1.090818
 1265	60473		61140		1.129118
 1266	60474		61130		1.090818
 1267	69803		60797		1.090899
 1268	60807		61472		1.102707
 1269	60808		61460		1.100806
 1270	69468		61139		1.129118
 1271	70813		61457		1.102626
 1272	72144		61461		1.252792
 1273	65814		61465		1.092800
 1274	61477		70798		1.078219
 1275	62142		61796		1.110632
			63806		1.092800
 1276	61806		72127		1.127217
 1277	62476		64137		1.090899
 1278	63149		72680		1.059667
 1279	63150		72701		1.094730
 1280	64817		63801		1.091149
 1281	63817		72451		1.137124
 1282	65485		64147		1.086496
 1283	64149		70126		1.120960
 1284	72145		64806		1.255646
 1285	69467		65139		1.107565
 1286	65156		70469		1.255808
 1287	65483		69121		1.290343
 1288	65813		69799		1.245820
 1289	66477		66136		1.255808
 1290	66144		69793		1.090899
 1291	66476		69796		1.265553
 1292	67140		66805		1.086496
 1293	66806		70133		1.086496
 1294	67470		70471		1.090818
 1295	67803		68135		1.080992
 1296	68136		70463		1.137676
 1297	68803		68458		1.077874
 1298	68469		68793		1.079342
 1299	68801		70468		1.090737
 1300	70141		69797		1.269487
 1301	70472		70138		1.272342
 1302	70140		70459		1.090818
 1303	70821		72731		1.059667