Node: 735  TN_FF_SOURCE Block #1 (n9520)
Pin: ff.Q[0] pb (top.resultinterface+ri^FF_NODE~643)
T_arr: 4.243e-11  T_req: -6.41773e-09  Tdel: 1.24e-10
Internal Net: #3395 (top.resultinterface+ri^FF_NODE~643).  Pins on net: 33.

Node: 734  TN_FF_OPIN Block #1 (n9520)
Pin: ff.Q[0] pb (top.resultinterface+ri^FF_NODE~643)
T_arr: 1.6643e-10  T_req: -6.29373e-09  Tdel: 4.5e-11
Internal Net: #3395 (top.resultinterface+ri^FF_NODE~643).  Pins on net: 33.

Node: 722  TN_INTERMEDIATE_NODE Block #1 (n9520)
Pin: ble5.out[0] pb (n9520)
T_arr: 2.1143e-10  T_req: -6.24873e-09  Tdel: 0
Internal Net: #3395 (top.resultinterface+ri^FF_NODE~643).  Pins on net: 33.

Node: 699  TN_INTERMEDIATE_NODE Block #1 (n9520)
Pin: lut5inter.out[1] pb (n9520)
T_arr: 2.1143e-10  T_req: -6.24873e-09  Tdel: 0
Internal Net: #3395 (top.resultinterface+ri^FF_NODE~643).  Pins on net: 33.

Node: 692  TN_INTERMEDIATE_NODE Block #1 (n9520)
Pin: fle.out[1] pb (n9520)
T_arr: 2.1143e-10  T_req: -6.24873e-09  Tdel: 0
Internal Net: #3395 (top.resultinterface+ri^FF_NODE~643).  Pins on net: 33.

Node: 398  TN_CB_OPIN Block #1 (n9520)
Pin: clb.O[19] pb (n9520)
T_arr: 2.1143e-10  T_req: -6.24873e-09  Tdel: 3.43528e-10
External-to-Block Net: #10 (top.resultinterface+ri^FF_NODE~643).  Pins on net: 18.

Node: 1143  TN_CB_IPIN Block #3 (n8475)
Pin: clb.I[37] pb (n8475)
T_arr: 5.54958e-10  T_req: -5.9052e-09  Tdel: 9.5e-11
Internal Net: #3395 (top.resultinterface+ri^FF_NODE~643).  Pins on net: 33.

Node: 1186  TN_INTERMEDIATE_NODE Block #3 (n8475)
Pin: fle.in[5] pb (n7846_1)
T_arr: 6.49958e-10  T_req: -5.8102e-09  Tdel: 0
Internal Net: #3395 (top.resultinterface+ri^FF_NODE~643).  Pins on net: 33.

Node: 1193  TN_INTERMEDIATE_NODE Block #3 (n8475)
Pin: ble6.in[5] pb (n7846_1)
T_arr: 6.49958e-10  T_req: -5.8102e-09  Tdel: 0
Internal Net: #3395 (top.resultinterface+ri^FF_NODE~643).  Pins on net: 33.

Node: 1200  TN_INTERMEDIATE_NODE Block #3 (n8475)
Pin: lut6.in[5] pb (n7846_1)
T_arr: 6.49958e-10  T_req: -5.8102e-09  Tdel: 0
Internal Net: #3395 (top.resultinterface+ri^FF_NODE~643).  Pins on net: 33.

Node: 1207  TN_PRIMITIVE_IPIN Block #3 (n8475)
Pin: lut.in[5] pb (n7846_1)
T_arr: 6.49958e-10  T_req: -5.8102e-09  Tdel: 2.61e-10
Internal Net: #3395 (top.resultinterface+ri^FF_NODE~643).  Pins on net: 33.

Node: 1208  TN_PRIMITIVE_OPIN Block #3 (n8475)
Pin: lut.out[0] pb (n7846_1)
T_arr: 9.10958e-10  T_req: -5.5492e-09  Tdel: 0
Internal Net: #4647 (n7846_1).  Pins on net: 2.

Node: 1201  TN_INTERMEDIATE_NODE Block #3 (n8475)
Pin: lut6.out[0] pb (n7846_1)
T_arr: 9.10958e-10  T_req: -5.5492e-09  Tdel: 2.49999e-11
Internal Net: #4647 (n7846_1).  Pins on net: 2.

Node: 1194  TN_INTERMEDIATE_NODE Block #3 (n8475)
Pin: ble6.out[0] pb (n7846_1)
T_arr: 9.35958e-10  T_req: -5.5242e-09  Tdel: 0
Internal Net: #4647 (n7846_1).  Pins on net: 2.

Node: 1187  TN_INTERMEDIATE_NODE Block #3 (n8475)
Pin: fle.out[0] pb (n7846_1)
T_arr: 9.35958e-10  T_req: -5.5242e-09  Tdel: 7.5e-11
Internal Net: #4647 (n7846_1).  Pins on net: 2.

Node: 1213  TN_INTERMEDIATE_NODE Block #3 (n8475)
Pin: fle.in[4] pb (n7844)
T_arr: 1.01096e-09  T_req: -5.4492e-09  Tdel: 0
Internal Net: #4647 (n7846_1).  Pins on net: 2.

Node: 1220  TN_INTERMEDIATE_NODE Block #3 (n8475)
Pin: ble6.in[4] pb (n7844)
T_arr: 1.01096e-09  T_req: -5.4492e-09  Tdel: 0
Internal Net: #4647 (n7846_1).  Pins on net: 2.

Node: 1227  TN_INTERMEDIATE_NODE Block #3 (n8475)
Pin: lut6.in[4] pb (n7844)
T_arr: 1.01096e-09  T_req: -5.4492e-09  Tdel: 0
Internal Net: #4647 (n7846_1).  Pins on net: 2.

Node: 1234  TN_PRIMITIVE_IPIN Block #3 (n8475)
Pin: lut.in[4] pb (n7844)
T_arr: 1.01096e-09  T_req: -5.4492e-09  Tdel: 2.61e-10
Internal Net: #4647 (n7846_1).  Pins on net: 2.

Node: 1236  TN_PRIMITIVE_OPIN Block #3 (n8475)
Pin: lut.out[0] pb (n7844)
T_arr: 1.27196e-09  T_req: -5.1882e-09  Tdel: 0
Internal Net: #4640 (n7844).  Pins on net: 5.

Node: 1229  TN_INTERMEDIATE_NODE Block #3 (n8475)
Pin: lut6.out[0] pb (n7844)
T_arr: 1.27196e-09  T_req: -5.1882e-09  Tdel: 2.5e-11
Internal Net: #4640 (n7844).  Pins on net: 5.

Node: 1222  TN_INTERMEDIATE_NODE Block #3 (n8475)
Pin: ble6.out[0] pb (n7844)
T_arr: 1.29696e-09  T_req: -5.1632e-09  Tdel: 0
Internal Net: #4640 (n7844).  Pins on net: 5.

Node: 1215  TN_INTERMEDIATE_NODE Block #3 (n8475)
Pin: fle.out[0] pb (n7844)
T_arr: 1.29696e-09  T_req: -5.1632e-09  Tdel: 0
Internal Net: #4640 (n7844).  Pins on net: 5.

Node: 1146  TN_CB_OPIN Block #3 (n8475)
Pin: clb.O[2] pb (n8475)
T_arr: 1.29696e-09  T_req: -5.1632e-09  Tdel: 4.54264e-10
External-to-Block Net: #73 (n7844).  Pins on net: 4.

Node: 18643  TN_CB_IPIN Block #51 (n8270)
Pin: clb.I[9] pb (n8270)
T_arr: 1.75122e-09  T_req: -4.70894e-09  Tdel: 9.5e-11
Internal Net: #4640 (n7844).  Pins on net: 5.

Node: 18667  TN_INTERMEDIATE_NODE Block #51 (n8270)
Pin: fle.in[1] pb (n7861)
T_arr: 1.84622e-09  T_req: -4.61394e-09  Tdel: 0
Internal Net: #4640 (n7844).  Pins on net: 5.

Node: 18674  TN_INTERMEDIATE_NODE Block #51 (n8270)
Pin: lut5inter.in[1] pb (n7861)
T_arr: 1.84622e-09  T_req: -4.61394e-09  Tdel: 0
Internal Net: #4640 (n7844).  Pins on net: 5.

Node: 18696  TN_INTERMEDIATE_NODE Block #51 (n8270)
Pin: ble5.in[1] pb (n7861)
T_arr: 1.84622e-09  T_req: -4.61394e-09  Tdel: 0
Internal Net: #4640 (n7844).  Pins on net: 5.

Node: 18701  TN_INTERMEDIATE_NODE Block #51 (n8270)
Pin: lut5.in[1] pb (n7861)
T_arr: 1.84622e-09  T_req: -4.61394e-09  Tdel: 0
Internal Net: #4640 (n7844).  Pins on net: 5.

Node: 18706  TN_PRIMITIVE_IPIN Block #51 (n8270)
Pin: lut.in[1] pb (n7861)
T_arr: 1.84622e-09  T_req: -4.61394e-09  Tdel: 2.35e-10
Internal Net: #4640 (n7844).  Pins on net: 5.

Node: 18709  TN_PRIMITIVE_OPIN Block #51 (n8270)
Pin: lut.out[0] pb (n7861)
T_arr: 2.08122e-09  T_req: -4.37894e-09  Tdel: 0
Internal Net: #4654 (n7861).  Pins on net: 2.

Node: 18704  TN_INTERMEDIATE_NODE Block #51 (n8270)
Pin: lut5.out[0] pb (n7861)
T_arr: 2.08122e-09  T_req: -4.37894e-09  Tdel: 2.5e-11
Internal Net: #4654 (n7861).  Pins on net: 2.

Node: 18699  TN_INTERMEDIATE_NODE Block #51 (n8270)
Pin: ble5.out[0] pb (n7861)
T_arr: 2.10622e-09  T_req: -4.35394e-09  Tdel: 0
Internal Net: #4654 (n7861).  Pins on net: 2.

Node: 18679  TN_INTERMEDIATE_NODE Block #51 (n8270)
Pin: lut5inter.out[1] pb (n7861)
T_arr: 2.10622e-09  T_req: -4.35394e-09  Tdel: 0
Internal Net: #4654 (n7861).  Pins on net: 2.

Node: 18672  TN_INTERMEDIATE_NODE Block #51 (n8270)
Pin: fle.out[1] pb (n7861)
T_arr: 2.10622e-09  T_req: -4.35394e-09  Tdel: 0
Internal Net: #4654 (n7861).  Pins on net: 2.

Node: 18663  TN_CB_OPIN Block #51 (n8270)
Pin: clb.O[10] pb (n8270)
T_arr: 2.10622e-09  T_req: -4.35394e-09  Tdel: 4.75736e-10
External-to-Block Net: #234 (n7861).  Pins on net: 2.

Node: 4718  TN_CB_IPIN Block #13 (n2840)
Pin: clb.I[28] pb (n2840)
T_arr: 2.58196e-09  T_req: -3.8782e-09  Tdel: 9.5e-11
Internal Net: #4654 (n7861).  Pins on net: 2.

Node: 4737  TN_INTERMEDIATE_NODE Block #13 (n2840)
Pin: fle.in[0] pb (n7860)
T_arr: 2.67696e-09  T_req: -3.7832e-09  Tdel: 0
Internal Net: #4654 (n7861).  Pins on net: 2.

Node: 4744  TN_INTERMEDIATE_NODE Block #13 (n2840)
Pin: ble6.in[0] pb (n7860)
T_arr: 2.67696e-09  T_req: -3.7832e-09  Tdel: 0
Internal Net: #4654 (n7861).  Pins on net: 2.

Node: 4751  TN_INTERMEDIATE_NODE Block #13 (n2840)
Pin: lut6.in[0] pb (n7860)
T_arr: 2.67696e-09  T_req: -3.7832e-09  Tdel: 0
Internal Net: #4654 (n7861).  Pins on net: 2.

Node: 4758  TN_PRIMITIVE_IPIN Block #13 (n2840)
Pin: lut.in[0] pb (n7860)
T_arr: 2.67696e-09  T_req: -3.7832e-09  Tdel: 2.61e-10
Internal Net: #4654 (n7861).  Pins on net: 2.

Node: 4764  TN_PRIMITIVE_OPIN Block #13 (n2840)
Pin: lut.out[0] pb (n7860)
T_arr: 2.93796e-09  T_req: -3.5222e-09  Tdel: 0
Internal Net: #4653 (n7860).  Pins on net: 2.

Node: 4757  TN_INTERMEDIATE_NODE Block #13 (n2840)
Pin: lut6.out[0] pb (n7860)
T_arr: 2.93796e-09  T_req: -3.5222e-09  Tdel: 2.5e-11
Internal Net: #4653 (n7860).  Pins on net: 2.

Node: 4750  TN_INTERMEDIATE_NODE Block #13 (n2840)
Pin: ble6.out[0] pb (n7860)
T_arr: 2.96296e-09  T_req: -3.4972e-09  Tdel: 0
Internal Net: #4653 (n7860).  Pins on net: 2.

Node: 4743  TN_INTERMEDIATE_NODE Block #13 (n2840)
Pin: fle.out[0] pb (n7860)
T_arr: 2.96296e-09  T_req: -3.4972e-09  Tdel: 7.5e-11
Internal Net: #4653 (n7860).  Pins on net: 2.

Node: 4769  TN_INTERMEDIATE_NODE Block #13 (n2840)
Pin: fle.in[4] pb (n7857)
T_arr: 3.03796e-09  T_req: -3.4222e-09  Tdel: 0
Internal Net: #4653 (n7860).  Pins on net: 2.

Node: 4775  TN_INTERMEDIATE_NODE Block #13 (n2840)
Pin: lut5inter.in[4] pb (n7857)
T_arr: 3.03796e-09  T_req: -3.4222e-09  Tdel: 0
Internal Net: #4653 (n7860).  Pins on net: 2.

Node: 4781  TN_INTERMEDIATE_NODE Block #13 (n2840)
Pin: ble5.in[4] pb (n7857)
T_arr: 3.03796e-09  T_req: -3.4222e-09  Tdel: 0
Internal Net: #4653 (n7860).  Pins on net: 2.

Node: 4787  TN_INTERMEDIATE_NODE Block #13 (n2840)
Pin: lut5.in[4] pb (n7857)
T_arr: 3.03796e-09  T_req: -3.4222e-09  Tdel: 0
Internal Net: #4653 (n7860).  Pins on net: 2.

Node: 4793  TN_PRIMITIVE_IPIN Block #13 (n2840)
Pin: lut.in[4] pb (n7857)
T_arr: 3.03796e-09  T_req: -3.4222e-09  Tdel: 2.35e-10
Internal Net: #4653 (n7860).  Pins on net: 2.

Node: 4794  TN_PRIMITIVE_OPIN Block #13 (n2840)
Pin: lut.out[0] pb (n7857)
T_arr: 3.27296e-09  T_req: -3.1872e-09  Tdel: 0
Internal Net: #4481 (n7857).  Pins on net: 5.

Node: 4788  TN_INTERMEDIATE_NODE Block #13 (n2840)
Pin: lut5.out[0] pb (n7857)
T_arr: 3.27296e-09  T_req: -3.1872e-09  Tdel: 2.5e-11
Internal Net: #4481 (n7857).  Pins on net: 5.

Node: 4782  TN_INTERMEDIATE_NODE Block #13 (n2840)
Pin: ble5.out[0] pb (n7857)
T_arr: 3.29796e-09  T_req: -3.1622e-09  Tdel: 0
Internal Net: #4481 (n7857).  Pins on net: 5.

Node: 4776  TN_INTERMEDIATE_NODE Block #13 (n2840)
Pin: lut5inter.out[1] pb (n7857)
T_arr: 3.29796e-09  T_req: -3.1622e-09  Tdel: 0
Internal Net: #4481 (n7857).  Pins on net: 5.

Node: 4770  TN_INTERMEDIATE_NODE Block #13 (n2840)
Pin: fle.out[1] pb (n7857)
T_arr: 3.29796e-09  T_req: -3.1622e-09  Tdel: 0
Internal Net: #4481 (n7857).  Pins on net: 5.

Node: 4734  TN_CB_OPIN Block #13 (n2840)
Pin: clb.O[11] pb (n2840)
T_arr: 3.29796e-09  T_req: -3.1622e-09  Tdel: 3.42421e-10
External-to-Block Net: #241 (n7857).  Pins on net: 2.

Node: 11610  TN_CB_IPIN Block #32 (n3230)
Pin: clb.I[22] pb (n3230)
T_arr: 3.64038e-09  T_req: -2.81978e-09  Tdel: 9.5e-11
Internal Net: #4481 (n7857).  Pins on net: 5.

Node: 11676  TN_INTERMEDIATE_NODE Block #32 (n3230)
Pin: fle.in[2] pb (n7880_1)
T_arr: 3.73538e-09  T_req: -2.72478e-09  Tdel: 0
Internal Net: #4481 (n7857).  Pins on net: 5.

Node: 11683  TN_INTERMEDIATE_NODE Block #32 (n3230)
Pin: ble6.in[2] pb (n7880_1)
T_arr: 3.73538e-09  T_req: -2.72478e-09  Tdel: 0
Internal Net: #4481 (n7857).  Pins on net: 5.

Node: 11690  TN_INTERMEDIATE_NODE Block #32 (n3230)
Pin: lut6.in[2] pb (n7880_1)
T_arr: 3.73538e-09  T_req: -2.72478e-09  Tdel: 0
Internal Net: #4481 (n7857).  Pins on net: 5.

Node: 11697  TN_PRIMITIVE_IPIN Block #32 (n3230)
Pin: lut.in[2] pb (n7880_1)
T_arr: 3.73538e-09  T_req: -2.72478e-09  Tdel: 2.61e-10
Internal Net: #4481 (n7857).  Pins on net: 5.

Node: 11701  TN_PRIMITIVE_OPIN Block #32 (n3230)
Pin: lut.out[0] pb (n7880_1)
T_arr: 3.99638e-09  T_req: -2.46378e-09  Tdel: 0
Internal Net: #4668 (n7880_1).  Pins on net: 15.

Node: 11694  TN_INTERMEDIATE_NODE Block #32 (n3230)
Pin: lut6.out[0] pb (n7880_1)
T_arr: 3.99638e-09  T_req: -2.46378e-09  Tdel: 2.5e-11
Internal Net: #4668 (n7880_1).  Pins on net: 15.

Node: 11687  TN_INTERMEDIATE_NODE Block #32 (n3230)
Pin: ble6.out[0] pb (n7880_1)
T_arr: 4.02138e-09  T_req: -2.43878e-09  Tdel: 0
Internal Net: #4668 (n7880_1).  Pins on net: 15.

Node: 11680  TN_INTERMEDIATE_NODE Block #32 (n3230)
Pin: fle.out[0] pb (n7880_1)
T_arr: 4.02138e-09  T_req: -2.43878e-09  Tdel: 0
Internal Net: #4668 (n7880_1).  Pins on net: 15.

Node: 11620  TN_CB_OPIN Block #32 (n3230)
Pin: clb.O[1] pb (n3230)
T_arr: 4.02138e-09  T_req: -2.43878e-09  Tdel: 3.42421e-10
External-to-Block Net: #229 (n7880_1).  Pins on net: 14.

Node: 4708  TN_CB_IPIN Block #13 (n2840)
Pin: clb.I[12] pb (n2840)
T_arr: 4.3638e-09  T_req: -2.09636e-09  Tdel: 9.5e-11
Internal Net: #4668 (n7880_1).  Pins on net: 15.

Node: 4799  TN_INTERMEDIATE_NODE Block #13 (n2840)
Pin: fle.in[4] pb (n7886_1)
T_arr: 4.4588e-09  T_req: -2.00136e-09  Tdel: 0
Internal Net: #4668 (n7880_1).  Pins on net: 15.

Node: 4806  TN_INTERMEDIATE_NODE Block #13 (n2840)
Pin: ble6.in[4] pb (n7886_1)
T_arr: 4.4588e-09  T_req: -2.00136e-09  Tdel: 0
Internal Net: #4668 (n7880_1).  Pins on net: 15.

Node: 4813  TN_INTERMEDIATE_NODE Block #13 (n2840)
Pin: lut6.in[4] pb (n7886_1)
T_arr: 4.4588e-09  T_req: -2.00136e-09  Tdel: 0
Internal Net: #4668 (n7880_1).  Pins on net: 15.

Node: 4820  TN_PRIMITIVE_IPIN Block #13 (n2840)
Pin: lut.in[4] pb (n7886_1)
T_arr: 4.4588e-09  T_req: -2.00136e-09  Tdel: 2.61e-10
Internal Net: #4668 (n7880_1).  Pins on net: 15.

Node: 4822  TN_PRIMITIVE_OPIN Block #13 (n2840)
Pin: lut.out[0] pb (n7886_1)
T_arr: 4.7198e-09  T_req: -1.74036e-09  Tdel: 0
Internal Net: #4672 (n7886_1).  Pins on net: 80.

Node: 4815  TN_INTERMEDIATE_NODE Block #13 (n2840)
Pin: lut6.out[0] pb (n7886_1)
T_arr: 4.7198e-09  T_req: -1.74036e-09  Tdel: 2.5e-11
Internal Net: #4672 (n7886_1).  Pins on net: 80.

Node: 4808  TN_INTERMEDIATE_NODE Block #13 (n2840)
Pin: ble6.out[0] pb (n7886_1)
T_arr: 4.7448e-09  T_req: -1.71536e-09  Tdel: 0
Internal Net: #4672 (n7886_1).  Pins on net: 80.

Node: 4801  TN_INTERMEDIATE_NODE Block #13 (n2840)
Pin: fle.out[0] pb (n7886_1)
T_arr: 4.7448e-09  T_req: -1.71536e-09  Tdel: 0
Internal Net: #4672 (n7886_1).  Pins on net: 80.

Node: 4728  TN_CB_OPIN Block #13 (n2840)
Pin: clb.O[2] pb (n2840)
T_arr: 4.7448e-09  T_req: -1.71536e-09  Tdel: 4.76843e-10
External-to-Block Net: #14 (n7886_1).  Pins on net: 50.

Node: 4362  TN_CB_IPIN Block #12 (n6865)
Pin: clb.I[10] pb (n6865)
T_arr: 5.22164e-09  T_req: -1.23852e-09  Tdel: 9.5e-11
Internal Net: #4672 (n7886_1).  Pins on net: 80.

Node: 4610  TN_INTERMEDIATE_NODE Block #12 (n6865)
Pin: fle.in[2] pb (n7899)
T_arr: 5.31664e-09  T_req: -1.14352e-09  Tdel: 0
Internal Net: #4672 (n7886_1).  Pins on net: 80.

Node: 4617  TN_INTERMEDIATE_NODE Block #12 (n6865)
Pin: ble6.in[2] pb (n7899)
T_arr: 5.31664e-09  T_req: -1.14352e-09  Tdel: 0
Internal Net: #4672 (n7886_1).  Pins on net: 80.

Node: 4624  TN_INTERMEDIATE_NODE Block #12 (n6865)
Pin: lut6.in[2] pb (n7899)
T_arr: 5.31664e-09  T_req: -1.14352e-09  Tdel: 0
Internal Net: #4672 (n7886_1).  Pins on net: 80.

Node: 4631  TN_PRIMITIVE_IPIN Block #12 (n6865)
Pin: lut.in[2] pb (n7899)
T_arr: 5.31664e-09  T_req: -1.14352e-09  Tdel: 2.61e-10
Internal Net: #4672 (n7886_1).  Pins on net: 80.

Node: 4635  TN_PRIMITIVE_OPIN Block #12 (n6865)
Pin: lut.out[0] pb (n7899)
T_arr: 5.57764e-09  T_req: -8.8252e-10  Tdel: 0
Internal Net: #4680 (n7899).  Pins on net: 14.

Node: 4628  TN_INTERMEDIATE_NODE Block #12 (n6865)
Pin: lut6.out[0] pb (n7899)
T_arr: 5.57764e-09  T_req: -8.8252e-10  Tdel: 2.5e-11
Internal Net: #4680 (n7899).  Pins on net: 14.

Node: 4621  TN_INTERMEDIATE_NODE Block #12 (n6865)
Pin: ble6.out[0] pb (n7899)
T_arr: 5.60264e-09  T_req: -8.5752e-10  Tdel: 0
Internal Net: #4680 (n7899).  Pins on net: 14.

Node: 4614  TN_INTERMEDIATE_NODE Block #12 (n6865)
Pin: fle.out[0] pb (n7899)
T_arr: 5.60264e-09  T_req: -8.5752e-10  Tdel: 0
Internal Net: #4680 (n7899).  Pins on net: 14.

Node: 4381  TN_CB_OPIN Block #12 (n6865)
Pin: clb.O[7] pb (n6865)
T_arr: 5.60264e-09  T_req: -8.5752e-10  Tdel: 4.7795e-10
External-to-Block Net: #223 (n7899).  Pins on net: 8.

Node: 4719  TN_CB_IPIN Block #13 (n2840)
Pin: clb.I[29] pb (n2840)
T_arr: 6.08059e-09  T_req: -3.7957e-10  Tdel: 9.5e-11
Internal Net: #4680 (n7899).  Pins on net: 14.

Node: 5009  TN_INTERMEDIATE_NODE Block #13 (n2840)
Pin: fle.in[3] pb (n2840)
T_arr: 6.17559e-09  T_req: -2.8457e-10  Tdel: 0
Internal Net: #4680 (n7899).  Pins on net: 14.

Node: 5017  TN_INTERMEDIATE_NODE Block #13 (n2840)
Pin: ble6.in[3] pb (n2840)
T_arr: 6.17559e-09  T_req: -2.8457e-10  Tdel: 0
Internal Net: #4680 (n7899).  Pins on net: 14.

Node: 5025  TN_INTERMEDIATE_NODE Block #13 (n2840)
Pin: lut6.in[3] pb (n2840)
T_arr: 6.17559e-09  T_req: -2.8457e-10  Tdel: 0
Internal Net: #4680 (n7899).  Pins on net: 14.

Node: 5032  TN_PRIMITIVE_IPIN Block #13 (n2840)
Pin: lut.in[3] pb (n2840)
T_arr: 6.17559e-09  T_req: -2.8457e-10  Tdel: 2.61e-10
Internal Net: #4680 (n7899).  Pins on net: 14.

Node: 5035  TN_PRIMITIVE_OPIN Block #13 (n2840)
Pin: lut.out[0] pb (n2840)
T_arr: 6.43659e-09  T_req: -2.357e-11  Tdel: 0
Internal Net: #1212 (n2840).  Pins on net: 2.

Node: 5028  TN_INTERMEDIATE_NODE Block #13 (n2840)
Pin: lut6.out[0] pb (n2840)
T_arr: 6.43659e-09  T_req: -2.357e-11  Tdel: 0
Internal Net: #1212 (n2840).  Pins on net: 2.

Node: 5036  TN_FF_IPIN Block #13 (n2840)
Pin: ff.D[0] pb (top.sortedstack+st^FF_NODE~4070)
T_arr: 6.43659e-09  T_req: -2.357e-11  Tdel: 6.60001e-11
Internal Net: #1212 (n2840).  Pins on net: 2.

Node: 5037  TN_FF_SINK Block #13 (n2840)
Pin: ff.D[0] pb (top.sortedstack+st^FF_NODE~4070)
T_arr: 6.50259e-09  T_req: 4.243e-11  
Internal Net: #1212 (n2840).  Pins on net: 2.


Tnodes on critical path: 95  Non-global nets on critical path: 7.
Global nets on critical path: 0.
Total logic delay: 3.547e-09 (s)  Total net delay: 2.91316e-09 (s)
