
/home/xuchang/nas/project/daTuner/experiment/vtr_release/vtr_flow/../ODIN_II/odin_II.exe -c odin_config.xml
Preprocessing verilog.
-------------------------
Odin has decided you may fail ... WARNINGS:

WARNING (1): (File: boundtop.v) (Line number: 16) This output is undriven (top^globalreset) and will be removed
--------------------------------------------------------------------
Welcome to ODIN II version 0.1 - the better High level synthesis tools++ targetting FPGAs (mainly VPR)
Email: jamieson.peter@gmail.com and ken@unb.ca for support issues

Reading Configuration file
Reading FPGA Architecture file
--------------------------------------------------------------------
High-level synthesis Begin
Parser starting - we'll create an abstract syntax tree.  Note this tree can be viewed using GraphViz (see documentation)
Optimizing module by AST based optimizations
Converting AST into a Netlist. Note this netlist can be viewed using GraphViz (see documentation)
Performing Optimizations of the Netlist

Hard Logical Memory Distribution
============================
SPRAM: 32 width 10 depth

Total Logical Memory Blocks = 1 
Total Logical Memory bits = 32768 
Max Memory Width = 32 
Max Memory Depth = 10 

Performing Partial Map to target device
Outputting the netlist to the specified output format
Successful High-level synthesis by Odin in 517.9ms
--------------------------------------------------------------------

Hard Multiplier Distribution
============================


Total # of multipliers = 0
